[0.521s] Invoking command in '/home/arms/ros2_ws/build/yolobot_control': CMAKE_PREFIX_PATH=${CMAKE_PREFIX_PATH}:/home/arms/ros2_ws/install/learning_tf2_py:/home/arms/ros2_ws/install/my_package:/home/arms/install/my_package:/opt/ros/humble /usr/bin/cmake --build /home/arms/ros2_ws/build/yolobot_control -- -j20 -l20
[0.538s] -- Found ament_cmake: 1.3.5 (/opt/ros/humble/share/ament_cmake/cmake)
[0.707s] -- Found ament_lint_auto: 0.12.8 (/opt/ros/humble/share/ament_lint_auto/cmake)
[0.769s] -- Added test 'copyright' to check source files copyright and LICENSE
[0.770s] -- Added test 'flake8' to check Python code syntax and style conventions
[0.770s] -- Added test 'lint_cmake' to check CMake code style
[0.770s] -- Added test 'pep257' to check Python code against some of the docstring style conventions in PEP 257
[0.770s] -- Added test 'xmllint' to check XML markup files
[0.771s] -- Configuring done
[0.774s] -- Generating done
[0.774s] -- Build files have been written to: /home/arms/ros2_ws/build/yolobot_control
[0.909s] Invoked command in '/home/arms/ros2_ws/build/yolobot_control' returned '0': CMAKE_PREFIX_PATH=${CMAKE_PREFIX_PATH}:/home/arms/ros2_ws/install/learning_tf2_py:/home/arms/ros2_ws/install/my_package:/home/arms/install/my_package:/opt/ros/humble /usr/bin/cmake --build /home/arms/ros2_ws/build/yolobot_control -- -j20 -l20
[0.988s] Invoking command in '/home/arms/ros2_ws/build/yolobot_control': CMAKE_PREFIX_PATH=${CMAKE_PREFIX_PATH}:/home/arms/ros2_ws/install/learning_tf2_py:/home/arms/ros2_ws/install/my_package:/home/arms/install/my_package:/opt/ros/humble /usr/bin/cmake --install /home/arms/ros2_ws/build/yolobot_control
[0.993s] -- Install configuration: ""
[0.993s] -- Up-to-date: /home/arms/ros2_ws/install/yolobot_control/share/yolobot_control//scripts
[0.994s] -- Up-to-date: /home/arms/ros2_ws/install/yolobot_control/share/yolobot_control//scripts/robot_control.py
[0.994s] -- Installing: /home/arms/ros2_ws/install/yolobot_control/share/yolobot_control//scripts/follow_me.py
[0.994s] -- Up-to-date: /home/arms/ros2_ws/install/yolobot_control/share/yolobot_control//launch
[0.995s] -- Up-to-date: /home/arms/ros2_ws/install/yolobot_control/share/yolobot_control//launch/yolobot_control.launch.py
[0.995s] -- Up-to-date: /home/arms/ros2_ws/install/yolobot_control/lib/yolobot_control/robot_control.py
[0.995s] -- Installing: /home/arms/ros2_ws/install/yolobot_control/lib/yolobot_control/follow_me.py
[0.995s] -- Up-to-date: /home/arms/ros2_ws/install/yolobot_control/lib/yolobot_control/yolobot_control.launch.py
[0.995s] -- Up-to-date: /home/arms/ros2_ws/install/yolobot_control/share/ament_index/resource_index/package_run_dependencies/yolobot_control
[0.996s] -- Up-to-date: /home/arms/ros2_ws/install/yolobot_control/share/ament_index/resource_index/parent_prefix_path/yolobot_control
[0.996s] -- Up-to-date: /home/arms/ros2_ws/install/yolobot_control/share/yolobot_control/environment/ament_prefix_path.sh
[0.996s] -- Installing: /home/arms/ros2_ws/install/yolobot_control/share/yolobot_control/environment/ament_prefix_path.dsv
[0.996s] -- Up-to-date: /home/arms/ros2_ws/install/yolobot_control/share/yolobot_control/environment/path.sh
[0.996s] -- Installing: /home/arms/ros2_ws/install/yolobot_control/share/yolobot_control/environment/path.dsv
[0.997s] -- Up-to-date: /home/arms/ros2_ws/install/yolobot_control/share/yolobot_control/local_setup.bash
[0.997s] -- Up-to-date: /home/arms/ros2_ws/install/yolobot_control/share/yolobot_control/local_setup.sh
[0.997s] -- Up-to-date: /home/arms/ros2_ws/install/yolobot_control/share/yolobot_control/local_setup.zsh
[0.998s] -- Installing: /home/arms/ros2_ws/install/yolobot_control/share/yolobot_control/local_setup.dsv
[0.998s] -- Installing: /home/arms/ros2_ws/install/yolobot_control/share/yolobot_control/package.dsv
[0.999s] -- Up-to-date: /home/arms/ros2_ws/install/yolobot_control/share/ament_index/resource_index/packages/yolobot_control
[0.999s] -- Up-to-date: /home/arms/ros2_ws/install/yolobot_control/share/yolobot_control/cmake/yolobot_controlConfig.cmake
[0.999s] -- Up-to-date: /home/arms/ros2_ws/install/yolobot_control/share/yolobot_control/cmake/yolobot_controlConfig-version.cmake
[0.999s] -- Up-to-date: /home/arms/ros2_ws/install/yolobot_control/share/yolobot_control/package.xml
[1.091s] Invoked command in '/home/arms/ros2_ws/build/yolobot_control' returned '0': CMAKE_PREFIX_PATH=${CMAKE_PREFIX_PATH}:/home/arms/ros2_ws/install/learning_tf2_py:/home/arms/ros2_ws/install/my_package:/home/arms/install/my_package:/opt/ros/humble /usr/bin/cmake --install /home/arms/ros2_ws/build/yolobot_control
