running egg_info
creating ../../build/my_package/my_package.egg-info
writing ../../build/my_package/my_package.egg-info/PKG-INFO
writing dependency_links to ../../build/my_package/my_package.egg-info/dependency_links.txt
writing entry points to ../../build/my_package/my_package.egg-info/entry_points.txt
writing requirements to ../../build/my_package/my_package.egg-info/requires.txt
writing top-level names to ../../build/my_package/my_package.egg-info/top_level.txt
writing manifest file '../../build/my_package/my_package.egg-info/SOURCES.txt'
reading manifest file '../../build/my_package/my_package.egg-info/SOURCES.txt'
writing manifest file '../../build/my_package/my_package.egg-info/SOURCES.txt'
running build
running build_py
creating /home/arms/ros2_ws/build/my_package/build
creating /home/arms/ros2_ws/build/my_package/build/lib
creating /home/arms/ros2_ws/build/my_package/build/lib/my_package
copying my_package/assignment_pub.py -> /home/arms/ros2_ws/build/my_package/build/lib/my_package
copying my_package/assignment_sub.py -> /home/arms/ros2_ws/build/my_package/build/lib/my_package
copying my_package/subscriber_member_function.py -> /home/arms/ros2_ws/build/my_package/build/lib/my_package
copying my_package/__init__.py -> /home/arms/ros2_ws/build/my_package/build/lib/my_package
copying my_package/add_three_ints_client.py -> /home/arms/ros2_ws/build/my_package/build/lib/my_package
copying my_package/my_node.py -> /home/arms/ros2_ws/build/my_package/build/lib/my_package
copying my_package/publisher_member_function.py -> /home/arms/ros2_ws/build/my_package/build/lib/my_package
copying my_package/time_request_server.py -> /home/arms/ros2_ws/build/my_package/build/lib/my_package
copying my_package/add_three_ints_server.py -> /home/arms/ros2_ws/build/my_package/build/lib/my_package
copying my_package/time_request_client.py -> /home/arms/ros2_ws/build/my_package/build/lib/my_package
running install
running install_lib
creating /home/arms/ros2_ws/install/my_package/lib/python3.10/site-packages/my_package
copying /home/arms/ros2_ws/build/my_package/build/lib/my_package/assignment_pub.py -> /home/arms/ros2_ws/install/my_package/lib/python3.10/site-packages/my_package
copying /home/arms/ros2_ws/build/my_package/build/lib/my_package/assignment_sub.py -> /home/arms/ros2_ws/install/my_package/lib/python3.10/site-packages/my_package
copying /home/arms/ros2_ws/build/my_package/build/lib/my_package/subscriber_member_function.py -> /home/arms/ros2_ws/install/my_package/lib/python3.10/site-packages/my_package
copying /home/arms/ros2_ws/build/my_package/build/lib/my_package/__init__.py -> /home/arms/ros2_ws/install/my_package/lib/python3.10/site-packages/my_package
copying /home/arms/ros2_ws/build/my_package/build/lib/my_package/add_three_ints_client.py -> /home/arms/ros2_ws/install/my_package/lib/python3.10/site-packages/my_package
copying /home/arms/ros2_ws/build/my_package/build/lib/my_package/my_node.py -> /home/arms/ros2_ws/install/my_package/lib/python3.10/site-packages/my_package
copying /home/arms/ros2_ws/build/my_package/build/lib/my_package/publisher_member_function.py -> /home/arms/ros2_ws/install/my_package/lib/python3.10/site-packages/my_package
copying /home/arms/ros2_ws/build/my_package/build/lib/my_package/time_request_server.py -> /home/arms/ros2_ws/install/my_package/lib/python3.10/site-packages/my_package
copying /home/arms/ros2_ws/build/my_package/build/lib/my_package/add_three_ints_server.py -> /home/arms/ros2_ws/install/my_package/lib/python3.10/site-packages/my_package
copying /home/arms/ros2_ws/build/my_package/build/lib/my_package/time_request_client.py -> /home/arms/ros2_ws/install/my_package/lib/python3.10/site-packages/my_package
byte-compiling /home/arms/ros2_ws/install/my_package/lib/python3.10/site-packages/my_package/assignment_pub.py to assignment_pub.cpython-310.pyc
byte-compiling /home/arms/ros2_ws/install/my_package/lib/python3.10/site-packages/my_package/assignment_sub.py to assignment_sub.cpython-310.pyc
byte-compiling /home/arms/ros2_ws/install/my_package/lib/python3.10/site-packages/my_package/subscriber_member_function.py to subscriber_member_function.cpython-310.pyc
byte-compiling /home/arms/ros2_ws/install/my_package/lib/python3.10/site-packages/my_package/__init__.py to __init__.cpython-310.pyc
byte-compiling /home/arms/ros2_ws/install/my_package/lib/python3.10/site-packages/my_package/add_three_ints_client.py to add_three_ints_client.cpython-310.pyc
byte-compiling /home/arms/ros2_ws/install/my_package/lib/python3.10/site-packages/my_package/my_node.py to my_node.cpython-310.pyc
byte-compiling /home/arms/ros2_ws/install/my_package/lib/python3.10/site-packages/my_package/publisher_member_function.py to publisher_member_function.cpython-310.pyc
byte-compiling /home/arms/ros2_ws/install/my_package/lib/python3.10/site-packages/my_package/time_request_server.py to time_request_server.cpython-310.pyc
byte-compiling /home/arms/ros2_ws/install/my_package/lib/python3.10/site-packages/my_package/add_three_ints_server.py to add_three_ints_server.cpython-310.pyc
byte-compiling /home/arms/ros2_ws/install/my_package/lib/python3.10/site-packages/my_package/time_request_client.py to time_request_client.cpython-310.pyc
running install_data
creating /home/arms/ros2_ws/install/my_package/share/ament_index
creating /home/arms/ros2_ws/install/my_package/share/ament_index/resource_index
creating /home/arms/ros2_ws/install/my_package/share/ament_index/resource_index/packages
copying resource/my_package -> /home/arms/ros2_ws/install/my_package/share/ament_index/resource_index/packages
copying package.xml -> /home/arms/ros2_ws/install/my_package/share/my_package
running install_egg_info
Copying ../../build/my_package/my_package.egg-info to /home/arms/ros2_ws/install/my_package/lib/python3.10/site-packages/my_package-0.0.0-py3.10.egg-info
running install_scripts
Installing client script to /home/arms/ros2_ws/install/my_package/lib/my_package
Installing client2 script to /home/arms/ros2_ws/install/my_package/lib/my_package
Installing listener script to /home/arms/ros2_ws/install/my_package/lib/my_package
Installing listener2 script to /home/arms/ros2_ws/install/my_package/lib/my_package
Installing my_node script to /home/arms/ros2_ws/install/my_package/lib/my_package
Installing server script to /home/arms/ros2_ws/install/my_package/lib/my_package
Installing server2 script to /home/arms/ros2_ws/install/my_package/lib/my_package
Installing talker script to /home/arms/ros2_ws/install/my_package/lib/my_package
Installing talker2 script to /home/arms/ros2_ws/install/my_package/lib/my_package
writing list of installed files to '/home/arms/ros2_ws/build/my_package/install.log'
