[0.761s] Invoking command in '/home/arms/ros2_ws/src/my_package': PYTHONPATH=/home/arms/ros2_ws/build/my_package/prefix_override:/home/arms/ros2_ws/install/my_package/lib/python3.10/site-packages:${PYTHONPATH} /usr/bin/python3 setup.py egg_info --egg-base ../../build/my_package build --build-base /home/arms/ros2_ws/build/my_package/build install --record /home/arms/ros2_ws/build/my_package/install.log --single-version-externally-managed
[0.908s] running egg_info
[0.908s] creating ../../build/my_package/my_package.egg-info
[0.908s] writing ../../build/my_package/my_package.egg-info/PKG-INFO
[0.908s] writing dependency_links to ../../build/my_package/my_package.egg-info/dependency_links.txt
[0.908s] writing entry points to ../../build/my_package/my_package.egg-info/entry_points.txt
[0.908s] writing requirements to ../../build/my_package/my_package.egg-info/requires.txt
[0.908s] writing top-level names to ../../build/my_package/my_package.egg-info/top_level.txt
[0.909s] writing manifest file '../../build/my_package/my_package.egg-info/SOURCES.txt'
[0.909s] reading manifest file '../../build/my_package/my_package.egg-info/SOURCES.txt'
[0.910s] writing manifest file '../../build/my_package/my_package.egg-info/SOURCES.txt'
[0.910s] running build
[0.910s] running build_py
[0.910s] creating /home/arms/ros2_ws/build/my_package/build
[0.910s] creating /home/arms/ros2_ws/build/my_package/build/lib
[0.910s] creating /home/arms/ros2_ws/build/my_package/build/lib/my_package
[0.910s] copying my_package/assignment_pub.py -> /home/arms/ros2_ws/build/my_package/build/lib/my_package
[0.910s] copying my_package/assignment_sub.py -> /home/arms/ros2_ws/build/my_package/build/lib/my_package
[0.910s] copying my_package/subscriber_member_function.py -> /home/arms/ros2_ws/build/my_package/build/lib/my_package
[0.910s] copying my_package/__init__.py -> /home/arms/ros2_ws/build/my_package/build/lib/my_package
[0.911s] copying my_package/add_three_ints_client.py -> /home/arms/ros2_ws/build/my_package/build/lib/my_package
[0.911s] copying my_package/my_node.py -> /home/arms/ros2_ws/build/my_package/build/lib/my_package
[0.911s] copying my_package/publisher_member_function.py -> /home/arms/ros2_ws/build/my_package/build/lib/my_package
[0.911s] copying my_package/time_request_server.py -> /home/arms/ros2_ws/build/my_package/build/lib/my_package
[0.911s] copying my_package/add_three_ints_server.py -> /home/arms/ros2_ws/build/my_package/build/lib/my_package
[0.911s] copying my_package/time_request_client.py -> /home/arms/ros2_ws/build/my_package/build/lib/my_package
[0.911s] running install
[0.911s] running install_lib
[0.912s] creating /home/arms/ros2_ws/install/my_package/lib/python3.10/site-packages/my_package
[0.912s] copying /home/arms/ros2_ws/build/my_package/build/lib/my_package/assignment_pub.py -> /home/arms/ros2_ws/install/my_package/lib/python3.10/site-packages/my_package
[0.912s] copying /home/arms/ros2_ws/build/my_package/build/lib/my_package/assignment_sub.py -> /home/arms/ros2_ws/install/my_package/lib/python3.10/site-packages/my_package
[0.912s] copying /home/arms/ros2_ws/build/my_package/build/lib/my_package/subscriber_member_function.py -> /home/arms/ros2_ws/install/my_package/lib/python3.10/site-packages/my_package
[0.912s] copying /home/arms/ros2_ws/build/my_package/build/lib/my_package/__init__.py -> /home/arms/ros2_ws/install/my_package/lib/python3.10/site-packages/my_package
[0.912s] copying /home/arms/ros2_ws/build/my_package/build/lib/my_package/add_three_ints_client.py -> /home/arms/ros2_ws/install/my_package/lib/python3.10/site-packages/my_package
[0.912s] copying /home/arms/ros2_ws/build/my_package/build/lib/my_package/my_node.py -> /home/arms/ros2_ws/install/my_package/lib/python3.10/site-packages/my_package
[0.912s] copying /home/arms/ros2_ws/build/my_package/build/lib/my_package/publisher_member_function.py -> /home/arms/ros2_ws/install/my_package/lib/python3.10/site-packages/my_package
[0.912s] copying /home/arms/ros2_ws/build/my_package/build/lib/my_package/time_request_server.py -> /home/arms/ros2_ws/install/my_package/lib/python3.10/site-packages/my_package
[0.912s] copying /home/arms/ros2_ws/build/my_package/build/lib/my_package/add_three_ints_server.py -> /home/arms/ros2_ws/install/my_package/lib/python3.10/site-packages/my_package
[0.912s] copying /home/arms/ros2_ws/build/my_package/build/lib/my_package/time_request_client.py -> /home/arms/ros2_ws/install/my_package/lib/python3.10/site-packages/my_package
[0.912s] byte-compiling /home/arms/ros2_ws/install/my_package/lib/python3.10/site-packages/my_package/assignment_pub.py to assignment_pub.cpython-310.pyc
[0.913s] byte-compiling /home/arms/ros2_ws/install/my_package/lib/python3.10/site-packages/my_package/assignment_sub.py to assignment_sub.cpython-310.pyc
[0.913s] byte-compiling /home/arms/ros2_ws/install/my_package/lib/python3.10/site-packages/my_package/subscriber_member_function.py to subscriber_member_function.cpython-310.pyc
[0.913s] byte-compiling /home/arms/ros2_ws/install/my_package/lib/python3.10/site-packages/my_package/__init__.py to __init__.cpython-310.pyc
[0.913s] byte-compiling /home/arms/ros2_ws/install/my_package/lib/python3.10/site-packages/my_package/add_three_ints_client.py to add_three_ints_client.cpython-310.pyc
[0.913s] byte-compiling /home/arms/ros2_ws/install/my_package/lib/python3.10/site-packages/my_package/my_node.py to my_node.cpython-310.pyc
[0.913s] byte-compiling /home/arms/ros2_ws/install/my_package/lib/python3.10/site-packages/my_package/publisher_member_function.py to publisher_member_function.cpython-310.pyc
[0.913s] byte-compiling /home/arms/ros2_ws/install/my_package/lib/python3.10/site-packages/my_package/time_request_server.py to time_request_server.cpython-310.pyc
[0.914s] byte-compiling /home/arms/ros2_ws/install/my_package/lib/python3.10/site-packages/my_package/add_three_ints_server.py to add_three_ints_server.cpython-310.pyc
[0.914s] byte-compiling /home/arms/ros2_ws/install/my_package/lib/python3.10/site-packages/my_package/time_request_client.py to time_request_client.cpython-310.pyc
[0.914s] running install_data
[0.914s] creating /home/arms/ros2_ws/install/my_package/share/ament_index
[0.914s] creating /home/arms/ros2_ws/install/my_package/share/ament_index/resource_index
[0.914s] creating /home/arms/ros2_ws/install/my_package/share/ament_index/resource_index/packages
[0.914s] copying resource/my_package -> /home/arms/ros2_ws/install/my_package/share/ament_index/resource_index/packages
[0.915s] copying package.xml -> /home/arms/ros2_ws/install/my_package/share/my_package
[0.915s] running install_egg_info
[0.915s] Copying ../../build/my_package/my_package.egg-info to /home/arms/ros2_ws/install/my_package/lib/python3.10/site-packages/my_package-0.0.0-py3.10.egg-info
[0.916s] running install_scripts
[0.928s] Installing client script to /home/arms/ros2_ws/install/my_package/lib/my_package
[0.928s] Installing client2 script to /home/arms/ros2_ws/install/my_package/lib/my_package
[0.928s] Installing listener script to /home/arms/ros2_ws/install/my_package/lib/my_package
[0.928s] Installing listener2 script to /home/arms/ros2_ws/install/my_package/lib/my_package
[0.928s] Installing my_node script to /home/arms/ros2_ws/install/my_package/lib/my_package
[0.928s] Installing server script to /home/arms/ros2_ws/install/my_package/lib/my_package
[0.928s] Installing server2 script to /home/arms/ros2_ws/install/my_package/lib/my_package
[0.929s] Installing talker script to /home/arms/ros2_ws/install/my_package/lib/my_package
[0.929s] Installing talker2 script to /home/arms/ros2_ws/install/my_package/lib/my_package
[0.929s] writing list of installed files to '/home/arms/ros2_ws/build/my_package/install.log'
[0.946s] Invoked command in '/home/arms/ros2_ws/src/my_package' returned '0': PYTHONPATH=/home/arms/ros2_ws/build/my_package/prefix_override:/home/arms/ros2_ws/install/my_package/lib/python3.10/site-packages:${PYTHONPATH} /usr/bin/python3 setup.py egg_info --egg-base ../../build/my_package build --build-base /home/arms/ros2_ws/build/my_package/build install --record /home/arms/ros2_ws/build/my_package/install.log --single-version-externally-managed
