[1.586s] Invoking command in '/home/arms/ros2_ws/build/yolobot_control': CMAKE_PREFIX_PATH=${CMAKE_PREFIX_PATH}:/home/arms/ros2_ws/install/learning_tf2_py:/home/arms/ros2_ws/install/my_package:/home/arms/install/my_package:/opt/ros/humble /usr/bin/cmake --build /home/arms/ros2_ws/build/yolobot_control -- -j20 -l20
[1.658s] Invoked command in '/home/arms/ros2_ws/build/yolobot_control' returned '0': CMAKE_PREFIX_PATH=${CMAKE_PREFIX_PATH}:/home/arms/ros2_ws/install/learning_tf2_py:/home/arms/ros2_ws/install/my_package:/home/arms/install/my_package:/opt/ros/humble /usr/bin/cmake --build /home/arms/ros2_ws/build/yolobot_control -- -j20 -l20
[1.745s] Invoking command in '/home/arms/ros2_ws/build/yolobot_control': CMAKE_PREFIX_PATH=${CMAKE_PREFIX_PATH}:/home/arms/ros2_ws/install/learning_tf2_py:/home/arms/ros2_ws/install/my_package:/home/arms/install/my_package:/opt/ros/humble /usr/bin/cmake --install /home/arms/ros2_ws/build/yolobot_control
[1.770s] -- Install configuration: ""
[1.770s] -- Up-to-date: /home/arms/ros2_ws/install/yolobot_control/share/yolobot_control//scripts
[1.770s] -- Up-to-date: /home/arms/ros2_ws/install/yolobot_control/share/yolobot_control//scripts/robot_control.py
[1.771s] -- Installing: /home/arms/ros2_ws/install/yolobot_control/share/yolobot_control//scripts/follow_me.py
[1.771s] -- Up-to-date: /home/arms/ros2_ws/install/yolobot_control/share/yolobot_control//launch
[1.771s] -- Up-to-date: /home/arms/ros2_ws/install/yolobot_control/share/yolobot_control//launch/yolobot_control.launch.py
[1.772s] -- Up-to-date: /home/arms/ros2_ws/install/yolobot_control/lib/yolobot_control/robot_control.py
[1.772s] -- Installing: /home/arms/ros2_ws/install/yolobot_control/lib/yolobot_control/follow_me.py
[1.781s] -- Up-to-date: /home/arms/ros2_ws/install/yolobot_control/lib/yolobot_control/yolobot_control.launch.py
[1.785s] -- Up-to-date: /home/arms/ros2_ws/install/yolobot_control/share/ament_index/resource_index/package_run_dependencies/yolobot_control
[1.786s] -- Up-to-date: /home/arms/ros2_ws/install/yolobot_control/share/ament_index/resource_index/parent_prefix_path/yolobot_control
[1.786s] -- Up-to-date: /home/arms/ros2_ws/install/yolobot_control/share/yolobot_control/environment/ament_prefix_path.sh
[1.786s] -- Up-to-date: /home/arms/ros2_ws/install/yolobot_control/share/yolobot_control/environment/ament_prefix_path.dsv
[1.787s] -- Up-to-date: /home/arms/ros2_ws/install/yolobot_control/share/yolobot_control/environment/path.sh
[1.788s] -- Up-to-date: /home/arms/ros2_ws/install/yolobot_control/share/yolobot_control/environment/path.dsv
[1.788s] -- Up-to-date: /home/arms/ros2_ws/install/yolobot_control/share/yolobot_control/local_setup.bash
[1.788s] -- Up-to-date: /home/arms/ros2_ws/install/yolobot_control/share/yolobot_control/local_setup.sh
[1.788s] -- Up-to-date: /home/arms/ros2_ws/install/yolobot_control/share/yolobot_control/local_setup.zsh
[1.789s] -- Up-to-date: /home/arms/ros2_ws/install/yolobot_control/share/yolobot_control/local_setup.dsv
[1.818s] -- Installing: /home/arms/ros2_ws/install/yolobot_control/share/yolobot_control/package.dsv
[1.819s] -- Up-to-date: /home/arms/ros2_ws/install/yolobot_control/share/ament_index/resource_index/packages/yolobot_control
[1.819s] -- Up-to-date: /home/arms/ros2_ws/install/yolobot_control/share/yolobot_control/cmake/yolobot_controlConfig.cmake
[1.820s] -- Up-to-date: /home/arms/ros2_ws/install/yolobot_control/share/yolobot_control/cmake/yolobot_controlConfig-version.cmake
[1.820s] -- Up-to-date: /home/arms/ros2_ws/install/yolobot_control/share/yolobot_control/package.xml
[1.820s] Invoked command in '/home/arms/ros2_ws/build/yolobot_control' returned '0': CMAKE_PREFIX_PATH=${CMAKE_PREFIX_PATH}:/home/arms/ros2_ws/install/learning_tf2_py:/home/arms/ros2_ws/install/my_package:/home/arms/install/my_package:/opt/ros/humble /usr/bin/cmake --install /home/arms/ros2_ws/build/yolobot_control
