[0.335s] Invoking command in '/home/arms/ros2_ws/build/my_interfaces': CMAKE_PREFIX_PATH=${CMAKE_PREFIX_PATH}:/home/arms/ros2_ws/install/learning_tf2_py:/home/arms/ros2_ws/install/my_package:/home/arms/install/my_package:/opt/ros/humble /usr/bin/cmake --build /home/arms/ros2_ws/build/my_interfaces -- -j20 -l20
[0.657s] [  1%] Built target my_interfaces__cpp
[0.658s] [ 12%] Built target my_interfaces__rosidl_generator_c
[0.658s] [ 12%] Built target ament_cmake_python_copy_my_interfaces
[0.658s] [ 23%] Built target my_interfaces__rosidl_typesupport_introspection_cpp
[0.658s] [ 34%] Built target my_interfaces__rosidl_typesupport_cpp
[0.658s] [ 45%] Built target my_interfaces__rosidl_typesupport_fastrtps_cpp
[0.658s] [ 56%] Built target my_interfaces__rosidl_typesupport_fastrtps_c
[0.658s] [ 67%] Built target my_interfaces__rosidl_typesupport_introspection_c
[0.658s] [ 78%] Built target my_interfaces__rosidl_typesupport_c
[0.659s] [ 78%] Built target my_interfaces
[0.659s] [ 80%] Built target my_interfaces__py
[0.659s] [ 89%] Built target my_interfaces__rosidl_generator_py
[0.659s] [ 92%] Built target my_interfaces__rosidl_typesupport_fastrtps_c__pyext
[0.659s] [ 96%] Built target my_interfaces__rosidl_typesupport_c__pyext
[0.659s] [100%] Built target my_interfaces__rosidl_typesupport_introspection_c__pyext
[0.670s] running egg_info
[0.670s] writing my_interfaces.egg-info/PKG-INFO
[0.671s] writing dependency_links to my_interfaces.egg-info/dependency_links.txt
[0.671s] writing top-level names to my_interfaces.egg-info/top_level.txt
[0.673s] reading manifest file 'my_interfaces.egg-info/SOURCES.txt'
[0.673s] writing manifest file 'my_interfaces.egg-info/SOURCES.txt'
[0.700s] [100%] Built target ament_cmake_python_build_my_interfaces_egg
[0.834s] Invoked command in '/home/arms/ros2_ws/build/my_interfaces' returned '0': CMAKE_PREFIX_PATH=${CMAKE_PREFIX_PATH}:/home/arms/ros2_ws/install/learning_tf2_py:/home/arms/ros2_ws/install/my_package:/home/arms/install/my_package:/opt/ros/humble /usr/bin/cmake --build /home/arms/ros2_ws/build/my_interfaces -- -j20 -l20
[1.069s] Invoking command in '/home/arms/ros2_ws/build/my_interfaces': CMAKE_PREFIX_PATH=${CMAKE_PREFIX_PATH}:/home/arms/ros2_ws/install/learning_tf2_py:/home/arms/ros2_ws/install/my_package:/home/arms/install/my_package:/opt/ros/humble /usr/bin/cmake --install /home/arms/ros2_ws/build/my_interfaces
