[1.184s] Invoking command in '/home/arms/ros2_ws/src/my_package': PYTHONPATH=/home/arms/ros2_ws/build/my_package/prefix_override:/home/arms/ros2_ws/install/my_package/lib/python3.10/site-packages:${PYTHONPATH} /usr/bin/python3 setup.py egg_info --egg-base ../../build/my_package build --build-base /home/arms/ros2_ws/build/my_package/build install --record /home/arms/ros2_ws/build/my_package/install.log --single-version-externally-managed
[1.409s] running egg_info
[1.409s] writing ../../build/my_package/my_package.egg-info/PKG-INFO
[1.410s] writing dependency_links to ../../build/my_package/my_package.egg-info/dependency_links.txt
[1.410s] writing entry points to ../../build/my_package/my_package.egg-info/entry_points.txt
[1.411s] writing requirements to ../../build/my_package/my_package.egg-info/requires.txt
[1.411s] writing top-level names to ../../build/my_package/my_package.egg-info/top_level.txt
[1.411s] reading manifest file '../../build/my_package/my_package.egg-info/SOURCES.txt'
[1.412s] writing manifest file '../../build/my_package/my_package.egg-info/SOURCES.txt'
[1.412s] running build
[1.414s] running build_py
[1.414s] running install
[1.416s] running install_lib
[1.417s] running install_data
[1.418s] running install_egg_info
[1.419s] removing '/home/arms/ros2_ws/install/my_package/lib/python3.10/site-packages/my_package-0.0.0-py3.10.egg-info' (and everything under it)
[1.419s] Copying ../../build/my_package/my_package.egg-info to /home/arms/ros2_ws/install/my_package/lib/python3.10/site-packages/my_package-0.0.0-py3.10.egg-info
[1.422s] running install_scripts
[1.437s] Installing client script to /home/arms/ros2_ws/install/my_package/lib/my_package
[1.438s] Installing client2 script to /home/arms/ros2_ws/install/my_package/lib/my_package
[1.438s] Installing listener script to /home/arms/ros2_ws/install/my_package/lib/my_package
[1.439s] Installing listener2 script to /home/arms/ros2_ws/install/my_package/lib/my_package
[1.439s] Installing my_node script to /home/arms/ros2_ws/install/my_package/lib/my_package
[1.439s] Installing server script to /home/arms/ros2_ws/install/my_package/lib/my_package
[1.439s] Installing server2 script to /home/arms/ros2_ws/install/my_package/lib/my_package
[1.439s] Installing talker script to /home/arms/ros2_ws/install/my_package/lib/my_package
[1.439s] Installing talker2 script to /home/arms/ros2_ws/install/my_package/lib/my_package
[1.441s] writing list of installed files to '/home/arms/ros2_ws/build/my_package/install.log'
[1.601s] Invoked command in '/home/arms/ros2_ws/src/my_package' returned '0': PYTHONPATH=/home/arms/ros2_ws/build/my_package/prefix_override:/home/arms/ros2_ws/install/my_package/lib/python3.10/site-packages:${PYTHONPATH} /usr/bin/python3 setup.py egg_info --egg-base ../../build/my_package build --build-base /home/arms/ros2_ws/build/my_package/build install --record /home/arms/ros2_ws/build/my_package/install.log --single-version-externally-managed
