[0.295s] Invoking command in '/home/arms/ros2_ws/build/yolov8_msgs': CMAKE_PREFIX_PATH=${CMAKE_PREFIX_PATH}:/home/arms/ros2_ws/install/learning_tf2_py:/home/arms/ros2_ws/install/my_package:/home/arms/install/my_package:/opt/ros/humble /usr/bin/cmake --build /home/arms/ros2_ws/build/yolov8_msgs -- -j20 -l20
[0.324s] [  2%] Built target yolov8_msgs__cpp
[0.325s] [ 12%] Built target yolov8_msgs__rosidl_generator_c
[0.333s] [ 12%] Built target ament_cmake_python_copy_yolov8_msgs
[0.340s] [ 23%] Built target yolov8_msgs__rosidl_typesupport_fastrtps_cpp
[0.340s] [ 33%] Built target yolov8_msgs__rosidl_typesupport_c
[0.340s] [ 43%] Built target yolov8_msgs__rosidl_typesupport_cpp
[0.342s] [ 53%] Built target yolov8_msgs__rosidl_typesupport_fastrtps_c
[0.342s] [ 64%] Built target yolov8_msgs__rosidl_typesupport_introspection_c
[0.342s] [ 74%] Built target yolov8_msgs__rosidl_typesupport_introspection_cpp
[0.355s] [ 74%] Built target yolov8_msgs
[0.366s] [ 76%] Built target yolov8_msgs__py
[0.381s] [ 84%] Built target yolov8_msgs__rosidl_generator_py
[0.394s] [ 89%] Built target yolov8_msgs__rosidl_typesupport_c__pyext
[0.394s] [ 94%] Built target yolov8_msgs__rosidl_typesupport_fastrtps_c__pyext
[0.395s] [100%] Built target yolov8_msgs__rosidl_typesupport_introspection_c__pyext
[0.485s] running egg_info
[0.485s] writing yolov8_msgs.egg-info/PKG-INFO
[0.485s] writing dependency_links to yolov8_msgs.egg-info/dependency_links.txt
[0.485s] writing top-level names to yolov8_msgs.egg-info/top_level.txt
[0.486s] reading manifest file 'yolov8_msgs.egg-info/SOURCES.txt'
[0.486s] writing manifest file 'yolov8_msgs.egg-info/SOURCES.txt'
[0.501s] [100%] Built target ament_cmake_python_build_yolov8_msgs_egg
