[0.367s] Invoking command in '/home/arms/ros2_ws/build/action_tutorials_interfaces': CMAKE_PREFIX_PATH=${CMAKE_PREFIX_PATH}:/home/arms/ros2_ws/install/learning_tf2_py:/home/arms/ros2_ws/install/my_package:/home/arms/install/my_package:/opt/ros/humble /usr/bin/cmake --build /home/arms/ros2_ws/build/action_tutorials_interfaces -- -j20 -l20
[0.600s] [35m[1mConsolidate compiler generated dependencies of target action_tutorials_interfaces__rosidl_generator_c[0m
[0.600s] [  3%] Built target action_tutorials_interfaces__cpp
[0.600s] [35m[1mConsolidate compiler generated dependencies of target action_tutorials_interfaces__rosidl_typesupport_cpp[0m
[0.600s] [35m[1mConsolidate compiler generated dependencies of target action_tutorials_interfaces__rosidl_typesupport_fastrtps_cpp[0m
[0.601s] [ 12%] Built target action_tutorials_interfaces__rosidl_generator_c
[0.601s] [ 12%] Built target ament_cmake_python_copy_action_tutorials_interfaces
[0.601s] [35m[1mConsolidate compiler generated dependencies of target action_tutorials_interfaces__rosidl_typesupport_introspection_cpp[0m
[0.602s] [35m[1mConsolidate compiler generated dependencies of target action_tutorials_interfaces__rosidl_typesupport_introspection_c[0m
[0.602s] [35m[1mConsolidate compiler generated dependencies of target action_tutorials_interfaces__rosidl_typesupport_c[0m
[0.602s] [35m[1mConsolidate compiler generated dependencies of target action_tutorials_interfaces__rosidl_typesupport_fastrtps_c[0m
[0.602s] [ 22%] Built target action_tutorials_interfaces__rosidl_typesupport_introspection_cpp
[0.602s] [ 32%] Built target action_tutorials_interfaces__rosidl_typesupport_fastrtps_cpp
[0.602s] [ 41%] Built target action_tutorials_interfaces__rosidl_typesupport_cpp
[0.603s] [ 51%] Built target action_tutorials_interfaces__rosidl_typesupport_introspection_c
[0.603s] [ 61%] Built target action_tutorials_interfaces__rosidl_typesupport_c
[0.603s] [ 70%] Built target action_tutorials_interfaces__rosidl_typesupport_fastrtps_c
[0.603s] [ 70%] Built target action_tutorials_interfaces
[0.603s] [ 74%] Built target action_tutorials_interfaces__py
[0.603s] [35m[1mConsolidate compiler generated dependencies of target action_tutorials_interfaces__rosidl_generator_py[0m
[0.603s] [ 80%] Built target action_tutorials_interfaces__rosidl_generator_py
[0.603s] [35m[1mConsolidate compiler generated dependencies of target action_tutorials_interfaces__rosidl_typesupport_fastrtps_c__pyext[0m
[0.604s] [35m[1mConsolidate compiler generated dependencies of target action_tutorials_interfaces__rosidl_typesupport_c__pyext[0m
[0.604s] [35m[1mConsolidate compiler generated dependencies of target action_tutorials_interfaces__rosidl_typesupport_introspection_c__pyext[0m
[0.604s] [ 87%] Built target action_tutorials_interfaces__rosidl_typesupport_fastrtps_c__pyext
[0.604s] [100%] Built target action_tutorials_interfaces__rosidl_typesupport_c__pyext
[0.604s] [100%] Built target action_tutorials_interfaces__rosidl_typesupport_introspection_c__pyext
[0.605s] running egg_info
[0.605s] writing action_tutorials_interfaces.egg-info/PKG-INFO
[0.605s] writing dependency_links to action_tutorials_interfaces.egg-info/dependency_links.txt
[0.605s] writing top-level names to action_tutorials_interfaces.egg-info/top_level.txt
[0.606s] reading manifest file 'action_tutorials_interfaces.egg-info/SOURCES.txt'
[0.606s] writing manifest file 'action_tutorials_interfaces.egg-info/SOURCES.txt'
[0.606s] [100%] Built target ament_cmake_python_build_action_tutorials_interfaces_egg
[0.611s] Invoked command in '/home/arms/ros2_ws/build/action_tutorials_interfaces' returned '0': CMAKE_PREFIX_PATH=${CMAKE_PREFIX_PATH}:/home/arms/ros2_ws/install/learning_tf2_py:/home/arms/ros2_ws/install/my_package:/home/arms/install/my_package:/opt/ros/humble /usr/bin/cmake --build /home/arms/ros2_ws/build/action_tutorials_interfaces -- -j20 -l20
[0.692s] Invoking command in '/home/arms/ros2_ws/build/action_tutorials_interfaces': CMAKE_PREFIX_PATH=${CMAKE_PREFIX_PATH}:/home/arms/ros2_ws/install/learning_tf2_py:/home/arms/ros2_ws/install/my_package:/home/arms/install/my_package:/opt/ros/humble /usr/bin/cmake --install /home/arms/ros2_ws/build/action_tutorials_interfaces
[0.697s] -- Install configuration: ""
[0.697s] -- Up-to-date: /home/arms/ros2_ws/install/action_tutorials_interfaces/share/ament_index/resource_index/rosidl_interfaces/action_tutorials_interfaces
[0.697s] -- Up-to-date: /home/arms/ros2_ws/install/action_tutorials_interfaces/include/action_tutorials_interfaces/action_tutorials_interfaces
[0.697s] -- Up-to-date: /home/arms/ros2_ws/install/action_tutorials_interfaces/include/action_tutorials_interfaces/action_tutorials_interfaces/action
[0.698s] -- Up-to-date: /home/arms/ros2_ws/install/action_tutorials_interfaces/include/action_tutorials_interfaces/action_tutorials_interfaces/action/fibonacci.h
[0.698s] -- Up-to-date: /home/arms/ros2_ws/install/action_tutorials_interfaces/include/action_tutorials_interfaces/action_tutorials_interfaces/action/detail
[0.698s] -- Up-to-date: /home/arms/ros2_ws/install/action_tutorials_interfaces/include/action_tutorials_interfaces/action_tutorials_interfaces/action/detail/fibonacci__struct.h
[0.698s] -- Up-to-date: /home/arms/ros2_ws/install/action_tutorials_interfaces/include/action_tutorials_interfaces/action_tutorials_interfaces/action/detail/fibonacci__functions.c
[0.699s] -- Up-to-date: /home/arms/ros2_ws/install/action_tutorials_interfaces/include/action_tutorials_interfaces/action_tutorials_interfaces/action/detail/fibonacci__functions.h
[0.699s] -- Up-to-date: /home/arms/ros2_ws/install/action_tutorials_interfaces/include/action_tutorials_interfaces/action_tutorials_interfaces/action/detail/fibonacci__type_support.h
[0.699s] -- Up-to-date: /home/arms/ros2_ws/install/action_tutorials_interfaces/include/action_tutorials_interfaces/action_tutorials_interfaces/msg
[0.699s] -- Up-to-date: /home/arms/ros2_ws/install/action_tutorials_interfaces/include/action_tutorials_interfaces/action_tutorials_interfaces/msg/rosidl_generator_c__visibility_control.h
[0.699s] -- Up-to-date: /home/arms/ros2_ws/install/action_tutorials_interfaces/share/action_tutorials_interfaces/environment/library_path.sh
[0.699s] -- Up-to-date: /home/arms/ros2_ws/install/action_tutorials_interfaces/share/action_tutorials_interfaces/environment/library_path.dsv
[0.700s] -- Up-to-date: /home/arms/ros2_ws/install/action_tutorials_interfaces/lib/libaction_tutorials_interfaces__rosidl_generator_c.so
[0.700s] -- Up-to-date: /home/arms/ros2_ws/install/action_tutorials_interfaces/include/action_tutorials_interfaces/action_tutorials_interfaces
[0.700s] -- Up-to-date: /home/arms/ros2_ws/install/action_tutorials_interfaces/include/action_tutorials_interfaces/action_tutorials_interfaces/action
[0.702s] -- Up-to-date: /home/arms/ros2_ws/install/action_tutorials_interfaces/include/action_tutorials_interfaces/action_tutorials_interfaces/action/detail
[0.702s] -- Up-to-date: /home/arms/ros2_ws/install/action_tutorials_interfaces/include/action_tutorials_interfaces/action_tutorials_interfaces/action/detail/fibonacci__rosidl_typesupport_fastrtps_c.h
[0.702s] -- Up-to-date: /home/arms/ros2_ws/install/action_tutorials_interfaces/include/action_tutorials_interfaces/action_tutorials_interfaces/msg
[0.702s] -- Up-to-date: /home/arms/ros2_ws/install/action_tutorials_interfaces/include/action_tutorials_interfaces/action_tutorials_interfaces/msg/rosidl_typesupport_fastrtps_c__visibility_control.h
[0.702s] -- Up-to-date: /home/arms/ros2_ws/install/action_tutorials_interfaces/lib/libaction_tutorials_interfaces__rosidl_typesupport_fastrtps_c.so
[0.702s] -- Up-to-date: /home/arms/ros2_ws/install/action_tutorials_interfaces/include/action_tutorials_interfaces/action_tutorials_interfaces
[0.703s] -- Up-to-date: /home/arms/ros2_ws/install/action_tutorials_interfaces/include/action_tutorials_interfaces/action_tutorials_interfaces/action
[0.703s] -- Up-to-date: /home/arms/ros2_ws/install/action_tutorials_interfaces/include/action_tutorials_interfaces/action_tutorials_interfaces/action/detail
[0.703s] -- Up-to-date: /home/arms/ros2_ws/install/action_tutorials_interfaces/include/action_tutorials_interfaces/action_tutorials_interfaces/action/detail/fibonacci__type_support.c
[0.703s] -- Up-to-date: /home/arms/ros2_ws/install/action_tutorials_interfaces/include/action_tutorials_interfaces/action_tutorials_interfaces/action/detail/fibonacci__rosidl_typesupport_introspection_c.h
[0.703s] -- Up-to-date: /home/arms/ros2_ws/install/action_tutorials_interfaces/include/action_tutorials_interfaces/action_tutorials_interfaces/msg
[0.703s] -- Up-to-date: /home/arms/ros2_ws/install/action_tutorials_interfaces/include/action_tutorials_interfaces/action_tutorials_interfaces/msg/rosidl_typesupport_introspection_c__visibility_control.h
[0.703s] -- Up-to-date: /home/arms/ros2_ws/install/action_tutorials_interfaces/lib/libaction_tutorials_interfaces__rosidl_typesupport_introspection_c.so
[0.704s] -- Up-to-date: /home/arms/ros2_ws/install/action_tutorials_interfaces/lib/libaction_tutorials_interfaces__rosidl_typesupport_c.so
[0.704s] -- Up-to-date: /home/arms/ros2_ws/install/action_tutorials_interfaces/include/action_tutorials_interfaces/action_tutorials_interfaces
[0.704s] -- Up-to-date: /home/arms/ros2_ws/install/action_tutorials_interfaces/include/action_tutorials_interfaces/action_tutorials_interfaces/action
[0.704s] -- Up-to-date: /home/arms/ros2_ws/install/action_tutorials_interfaces/include/action_tutorials_interfaces/action_tutorials_interfaces/action/fibonacci.hpp
[0.704s] -- Up-to-date: /home/arms/ros2_ws/install/action_tutorials_interfaces/include/action_tutorials_interfaces/action_tutorials_interfaces/action/detail
[0.704s] -- Up-to-date: /home/arms/ros2_ws/install/action_tutorials_interfaces/include/action_tutorials_interfaces/action_tutorials_interfaces/action/detail/fibonacci__builder.hpp
[0.704s] -- Up-to-date: /home/arms/ros2_ws/install/action_tutorials_interfaces/include/action_tutorials_interfaces/action_tutorials_interfaces/action/detail/fibonacci__traits.hpp
[0.704s] -- Up-to-date: /home/arms/ros2_ws/install/action_tutorials_interfaces/include/action_tutorials_interfaces/action_tutorials_interfaces/action/detail/fibonacci__struct.hpp
[0.704s] -- Up-to-date: /home/arms/ros2_ws/install/action_tutorials_interfaces/include/action_tutorials_interfaces/action_tutorials_interfaces
[0.705s] -- Up-to-date: /home/arms/ros2_ws/install/action_tutorials_interfaces/include/action_tutorials_interfaces/action_tutorials_interfaces/action
[0.705s] -- Up-to-date: /home/arms/ros2_ws/install/action_tutorials_interfaces/include/action_tutorials_interfaces/action_tutorials_interfaces/action/detail
[0.705s] -- Up-to-date: /home/arms/ros2_ws/install/action_tutorials_interfaces/include/action_tutorials_interfaces/action_tutorials_interfaces/action/detail/dds_fastrtps
[0.705s] -- Up-to-date: /home/arms/ros2_ws/install/action_tutorials_interfaces/include/action_tutorials_interfaces/action_tutorials_interfaces/action/detail/fibonacci__rosidl_typesupport_fastrtps_cpp.hpp
[0.705s] -- Up-to-date: /home/arms/ros2_ws/install/action_tutorials_interfaces/include/action_tutorials_interfaces/action_tutorials_interfaces/msg
[0.705s] -- Up-to-date: /home/arms/ros2_ws/install/action_tutorials_interfaces/include/action_tutorials_interfaces/action_tutorials_interfaces/msg/rosidl_typesupport_fastrtps_cpp__visibility_control.h
[0.705s] -- Up-to-date: /home/arms/ros2_ws/install/action_tutorials_interfaces/lib/libaction_tutorials_interfaces__rosidl_typesupport_fastrtps_cpp.so
[0.706s] -- Up-to-date: /home/arms/ros2_ws/install/action_tutorials_interfaces/include/action_tutorials_interfaces/action_tutorials_interfaces
[0.706s] -- Up-to-date: /home/arms/ros2_ws/install/action_tutorials_interfaces/include/action_tutorials_interfaces/action_tutorials_interfaces/action
[0.706s] -- Up-to-date: /home/arms/ros2_ws/install/action_tutorials_interfaces/include/action_tutorials_interfaces/action_tutorials_interfaces/action/detail
[0.706s] -- Up-to-date: /home/arms/ros2_ws/install/action_tutorials_interfaces/include/action_tutorials_interfaces/action_tutorials_interfaces/action/detail/fibonacci__type_support.cpp
[0.707s] -- Up-to-date: /home/arms/ros2_ws/install/action_tutorials_interfaces/include/action_tutorials_interfaces/action_tutorials_interfaces/action/detail/fibonacci__rosidl_typesupport_introspection_cpp.hpp
[0.707s] -- Up-to-date: /home/arms/ros2_ws/install/action_tutorials_interfaces/lib/libaction_tutorials_interfaces__rosidl_typesupport_introspection_cpp.so
[0.707s] -- Up-to-date: /home/arms/ros2_ws/install/action_tutorials_interfaces/lib/libaction_tutorials_interfaces__rosidl_typesupport_cpp.so
[0.707s] -- Up-to-date: /home/arms/ros2_ws/install/action_tutorials_interfaces/share/action_tutorials_interfaces/environment/pythonpath.sh
[0.707s] -- Up-to-date: /home/arms/ros2_ws/install/action_tutorials_interfaces/share/action_tutorials_interfaces/environment/pythonpath.dsv
[0.707s] -- Up-to-date: /home/arms/ros2_ws/install/action_tutorials_interfaces/local/lib/python3.10/dist-packages/action_tutorials_interfaces-0.0.0-py3.10.egg-info
[0.707s] -- Installing: /home/arms/ros2_ws/install/action_tutorials_interfaces/local/lib/python3.10/dist-packages/action_tutorials_interfaces-0.0.0-py3.10.egg-info/SOURCES.txt
[0.707s] -- Installing: /home/arms/ros2_ws/install/action_tutorials_interfaces/local/lib/python3.10/dist-packages/action_tutorials_interfaces-0.0.0-py3.10.egg-info/dependency_links.txt
[0.707s] -- Installing: /home/arms/ros2_ws/install/action_tutorials_interfaces/local/lib/python3.10/dist-packages/action_tutorials_interfaces-0.0.0-py3.10.egg-info/PKG-INFO
[0.707s] -- Installing: /home/arms/ros2_ws/install/action_tutorials_interfaces/local/lib/python3.10/dist-packages/action_tutorials_interfaces-0.0.0-py3.10.egg-info/top_level.txt
[0.707s] -- Up-to-date: /home/arms/ros2_ws/install/action_tutorials_interfaces/local/lib/python3.10/dist-packages/action_tutorials_interfaces
[0.707s] -- Up-to-date: /home/arms/ros2_ws/install/action_tutorials_interfaces/local/lib/python3.10/dist-packages/action_tutorials_interfaces/_action_tutorials_interfaces_s.ep.rosidl_typesupport_fastrtps_c.c
[0.707s] -- Up-to-date: /home/arms/ros2_ws/install/action_tutorials_interfaces/local/lib/python3.10/dist-packages/action_tutorials_interfaces/action_tutorials_interfaces_s__rosidl_typesupport_fastrtps_c.cpython-310-x86_64-linux-gnu.so
[0.707s] -- Up-to-date: /home/arms/ros2_ws/install/action_tutorials_interfaces/local/lib/python3.10/dist-packages/action_tutorials_interfaces/libaction_tutorials_interfaces__rosidl_generator_py.so
[0.708s] -- Up-to-date: /home/arms/ros2_ws/install/action_tutorials_interfaces/local/lib/python3.10/dist-packages/action_tutorials_interfaces/action_tutorials_interfaces_s__rosidl_typesupport_c.cpython-310-x86_64-linux-gnu.so
[0.708s] -- Up-to-date: /home/arms/ros2_ws/install/action_tutorials_interfaces/local/lib/python3.10/dist-packages/action_tutorials_interfaces/action_tutorials_interfaces_s__rosidl_typesupport_introspection_c.cpython-310-x86_64-linux-gnu.so
[0.708s] -- Up-to-date: /home/arms/ros2_ws/install/action_tutorials_interfaces/local/lib/python3.10/dist-packages/action_tutorials_interfaces/_action_tutorials_interfaces_s.ep.rosidl_typesupport_c.c
[0.708s] -- Up-to-date: /home/arms/ros2_ws/install/action_tutorials_interfaces/local/lib/python3.10/dist-packages/action_tutorials_interfaces/__init__.py
[0.708s] -- Up-to-date: /home/arms/ros2_ws/install/action_tutorials_interfaces/local/lib/python3.10/dist-packages/action_tutorials_interfaces/_action_tutorials_interfaces_s.ep.rosidl_typesupport_introspection_c.c
[0.708s] -- Up-to-date: /home/arms/ros2_ws/install/action_tutorials_interfaces/local/lib/python3.10/dist-packages/action_tutorials_interfaces/action
[0.708s] -- Up-to-date: /home/arms/ros2_ws/install/action_tutorials_interfaces/local/lib/python3.10/dist-packages/action_tutorials_interfaces/action/__init__.py
[0.708s] -- Up-to-date: /home/arms/ros2_ws/install/action_tutorials_interfaces/local/lib/python3.10/dist-packages/action_tutorials_interfaces/action/_fibonacci_s.c
[0.708s] -- Up-to-date: /home/arms/ros2_ws/install/action_tutorials_interfaces/local/lib/python3.10/dist-packages/action_tutorials_interfaces/action/_fibonacci.py
[0.720s] Listing '/home/arms/ros2_ws/install/action_tutorials_interfaces/local/lib/python3.10/dist-packages/action_tutorials_interfaces'...
[0.720s] Listing '/home/arms/ros2_ws/install/action_tutorials_interfaces/local/lib/python3.10/dist-packages/action_tutorials_interfaces/action'...
[0.722s] -- Up-to-date: /home/arms/ros2_ws/install/action_tutorials_interfaces/local/lib/python3.10/dist-packages/action_tutorials_interfaces/action_tutorials_interfaces_s__rosidl_typesupport_fastrtps_c.cpython-310-x86_64-linux-gnu.so
[0.724s] -- Up-to-date: /home/arms/ros2_ws/install/action_tutorials_interfaces/local/lib/python3.10/dist-packages/action_tutorials_interfaces/action_tutorials_interfaces_s__rosidl_typesupport_introspection_c.cpython-310-x86_64-linux-gnu.so
[0.724s] -- Up-to-date: /home/arms/ros2_ws/install/action_tutorials_interfaces/local/lib/python3.10/dist-packages/action_tutorials_interfaces/action_tutorials_interfaces_s__rosidl_typesupport_c.cpython-310-x86_64-linux-gnu.so
[0.724s] -- Up-to-date: /home/arms/ros2_ws/install/action_tutorials_interfaces/lib/libaction_tutorials_interfaces__rosidl_generator_py.so
[0.724s] -- Up-to-date: /home/arms/ros2_ws/install/action_tutorials_interfaces/share/action_tutorials_interfaces/action/Fibonacci.idl
[0.724s] -- Up-to-date: /home/arms/ros2_ws/install/action_tutorials_interfaces/share/action_tutorials_interfaces/action/Fibonacci.action
[0.724s] -- Up-to-date: /home/arms/ros2_ws/install/action_tutorials_interfaces/share/ament_index/resource_index/package_run_dependencies/action_tutorials_interfaces
[0.724s] -- Up-to-date: /home/arms/ros2_ws/install/action_tutorials_interfaces/share/ament_index/resource_index/parent_prefix_path/action_tutorials_interfaces
[0.724s] -- Up-to-date: /home/arms/ros2_ws/install/action_tutorials_interfaces/share/action_tutorials_interfaces/environment/ament_prefix_path.sh
[0.724s] -- Up-to-date: /home/arms/ros2_ws/install/action_tutorials_interfaces/share/action_tutorials_interfaces/environment/ament_prefix_path.dsv
[0.724s] -- Up-to-date: /home/arms/ros2_ws/install/action_tutorials_interfaces/share/action_tutorials_interfaces/environment/path.sh
[0.724s] -- Up-to-date: /home/arms/ros2_ws/install/action_tutorials_interfaces/share/action_tutorials_interfaces/environment/path.dsv
[0.724s] -- Up-to-date: /home/arms/ros2_ws/install/action_tutorials_interfaces/share/action_tutorials_interfaces/local_setup.bash
[0.724s] -- Up-to-date: /home/arms/ros2_ws/install/action_tutorials_interfaces/share/action_tutorials_interfaces/local_setup.sh
[0.725s] -- Up-to-date: /home/arms/ros2_ws/install/action_tutorials_interfaces/share/action_tutorials_interfaces/local_setup.zsh
[0.725s] -- Up-to-date: /home/arms/ros2_ws/install/action_tutorials_interfaces/share/action_tutorials_interfaces/local_setup.dsv
[0.725s] -- Installing: /home/arms/ros2_ws/install/action_tutorials_interfaces/share/action_tutorials_interfaces/package.dsv
[0.725s] -- Up-to-date: /home/arms/ros2_ws/install/action_tutorials_interfaces/share/ament_index/resource_index/packages/action_tutorials_interfaces
[0.725s] -- Up-to-date: /home/arms/ros2_ws/install/action_tutorials_interfaces/share/action_tutorials_interfaces/cmake/export_action_tutorials_interfaces__rosidl_generator_cExport.cmake
[0.725s] -- Up-to-date: /home/arms/ros2_ws/install/action_tutorials_interfaces/share/action_tutorials_interfaces/cmake/export_action_tutorials_interfaces__rosidl_generator_cExport-noconfig.cmake
[0.725s] -- Up-to-date: /home/arms/ros2_ws/install/action_tutorials_interfaces/share/action_tutorials_interfaces/cmake/export_action_tutorials_interfaces__rosidl_typesupport_fastrtps_cExport.cmake
[0.725s] -- Up-to-date: /home/arms/ros2_ws/install/action_tutorials_interfaces/share/action_tutorials_interfaces/cmake/export_action_tutorials_interfaces__rosidl_typesupport_fastrtps_cExport-noconfig.cmake
[0.725s] -- Up-to-date: /home/arms/ros2_ws/install/action_tutorials_interfaces/share/action_tutorials_interfaces/cmake/action_tutorials_interfaces__rosidl_typesupport_introspection_cExport.cmake
[0.725s] -- Up-to-date: /home/arms/ros2_ws/install/action_tutorials_interfaces/share/action_tutorials_interfaces/cmake/action_tutorials_interfaces__rosidl_typesupport_introspection_cExport-noconfig.cmake
[0.725s] -- Up-to-date: /home/arms/ros2_ws/install/action_tutorials_interfaces/share/action_tutorials_interfaces/cmake/action_tutorials_interfaces__rosidl_typesupport_cExport.cmake
[0.725s] -- Up-to-date: /home/arms/ros2_ws/install/action_tutorials_interfaces/share/action_tutorials_interfaces/cmake/action_tutorials_interfaces__rosidl_typesupport_cExport-noconfig.cmake
[0.726s] -- Up-to-date: /home/arms/ros2_ws/install/action_tutorials_interfaces/share/action_tutorials_interfaces/cmake/export_action_tutorials_interfaces__rosidl_generator_cppExport.cmake
[0.726s] -- Up-to-date: /home/arms/ros2_ws/install/action_tutorials_interfaces/share/action_tutorials_interfaces/cmake/export_action_tutorials_interfaces__rosidl_typesupport_fastrtps_cppExport.cmake
[0.726s] -- Up-to-date: /home/arms/ros2_ws/install/action_tutorials_interfaces/share/action_tutorials_interfaces/cmake/export_action_tutorials_interfaces__rosidl_typesupport_fastrtps_cppExport-noconfig.cmake
[0.726s] -- Up-to-date: /home/arms/ros2_ws/install/action_tutorials_interfaces/share/action_tutorials_interfaces/cmake/action_tutorials_interfaces__rosidl_typesupport_introspection_cppExport.cmake
[0.726s] -- Up-to-date: /home/arms/ros2_ws/install/action_tutorials_interfaces/share/action_tutorials_interfaces/cmake/action_tutorials_interfaces__rosidl_typesupport_introspection_cppExport-noconfig.cmake
[0.726s] -- Up-to-date: /home/arms/ros2_ws/install/action_tutorials_interfaces/share/action_tutorials_interfaces/cmake/action_tutorials_interfaces__rosidl_typesupport_cppExport.cmake
[0.726s] -- Up-to-date: /home/arms/ros2_ws/install/action_tutorials_interfaces/share/action_tutorials_interfaces/cmake/action_tutorials_interfaces__rosidl_typesupport_cppExport-noconfig.cmake
[0.726s] -- Up-to-date: /home/arms/ros2_ws/install/action_tutorials_interfaces/share/action_tutorials_interfaces/cmake/export_action_tutorials_interfaces__rosidl_generator_pyExport.cmake
[0.726s] -- Up-to-date: /home/arms/ros2_ws/install/action_tutorials_interfaces/share/action_tutorials_interfaces/cmake/export_action_tutorials_interfaces__rosidl_generator_pyExport-noconfig.cmake
[0.726s] -- Up-to-date: /home/arms/ros2_ws/install/action_tutorials_interfaces/share/action_tutorials_interfaces/cmake/rosidl_cmake-extras.cmake
[0.726s] -- Up-to-date: /home/arms/ros2_ws/install/action_tutorials_interfaces/share/action_tutorials_interfaces/cmake/ament_cmake_export_dependencies-extras.cmake
[0.726s] -- Up-to-date: /home/arms/ros2_ws/install/action_tutorials_interfaces/share/action_tutorials_interfaces/cmake/ament_cmake_export_include_directories-extras.cmake
[0.726s] -- Up-to-date: /home/arms/ros2_ws/install/action_tutorials_interfaces/share/action_tutorials_interfaces/cmake/ament_cmake_export_libraries-extras.cmake
[0.726s] -- Up-to-date: /home/arms/ros2_ws/install/action_tutorials_interfaces/share/action_tutorials_interfaces/cmake/ament_cmake_export_targets-extras.cmake
[0.726s] -- Up-to-date: /home/arms/ros2_ws/install/action_tutorials_interfaces/share/action_tutorials_interfaces/cmake/rosidl_cmake_export_typesupport_targets-extras.cmake
[0.726s] -- Up-to-date: /home/arms/ros2_ws/install/action_tutorials_interfaces/share/action_tutorials_interfaces/cmake/rosidl_cmake_export_typesupport_libraries-extras.cmake
[0.726s] -- Up-to-date: /home/arms/ros2_ws/install/action_tutorials_interfaces/share/action_tutorials_interfaces/cmake/action_tutorials_interfacesConfig.cmake
[0.726s] -- Up-to-date: /home/arms/ros2_ws/install/action_tutorials_interfaces/share/action_tutorials_interfaces/cmake/action_tutorials_interfacesConfig-version.cmake
[0.726s] -- Up-to-date: /home/arms/ros2_ws/install/action_tutorials_interfaces/share/action_tutorials_interfaces/package.xml
[0.903s] Invoked command in '/home/arms/ros2_ws/build/action_tutorials_interfaces' returned '0': CMAKE_PREFIX_PATH=${CMAKE_PREFIX_PATH}:/home/arms/ros2_ws/install/learning_tf2_py:/home/arms/ros2_ws/install/my_package:/home/arms/install/my_package:/opt/ros/humble /usr/bin/cmake --install /home/arms/ros2_ws/build/action_tutorials_interfaces
