[1.559s] Invoking command in '/home/arms/ros2_ws/build/yolobot_control': CMAKE_PREFIX_PATH=${CMAKE_PREFIX_PATH}:/home/arms/ros2_ws/install/learning_tf2_py:/home/arms/ros2_ws/install/my_package:/home/arms/install/my_package:/opt/ros/humble /usr/bin/cmake --build /home/arms/ros2_ws/build/yolobot_control -- -j20 -l20
[1.661s] Invoked command in '/home/arms/ros2_ws/build/yolobot_control' returned '0': CMAKE_PREFIX_PATH=${CMAKE_PREFIX_PATH}:/home/arms/ros2_ws/install/learning_tf2_py:/home/arms/ros2_ws/install/my_package:/home/arms/install/my_package:/opt/ros/humble /usr/bin/cmake --build /home/arms/ros2_ws/build/yolobot_control -- -j20 -l20
[1.736s] Invoking command in '/home/arms/ros2_ws/build/yolobot_control': CMAKE_PREFIX_PATH=${CMAKE_PREFIX_PATH}:/home/arms/ros2_ws/install/learning_tf2_py:/home/arms/ros2_ws/install/my_package:/home/arms/install/my_package:/opt/ros/humble /usr/bin/cmake --install /home/arms/ros2_ws/build/yolobot_control
[1.765s] -- Install configuration: ""
[1.766s] -- Up-to-date: /home/arms/ros2_ws/install/yolobot_control/share/yolobot_control//scripts
[1.766s] -- Up-to-date: /home/arms/ros2_ws/install/yolobot_control/share/yolobot_control//scripts/robot_control.py
[1.766s] -- Installing: /home/arms/ros2_ws/install/yolobot_control/share/yolobot_control//scripts/follow_me.py
[1.766s] -- Up-to-date: /home/arms/ros2_ws/install/yolobot_control/share/yolobot_control//launch
[1.767s] -- Up-to-date: /home/arms/ros2_ws/install/yolobot_control/share/yolobot_control//launch/yolobot_control.launch.py
[1.767s] -- Up-to-date: /home/arms/ros2_ws/install/yolobot_control/lib/yolobot_control/robot_control.py
[1.767s] -- Installing: /home/arms/ros2_ws/install/yolobot_control/lib/yolobot_control/follow_me.py
[1.767s] -- Up-to-date: /home/arms/ros2_ws/install/yolobot_control/lib/yolobot_control/yolobot_control.launch.py
[1.770s] -- Up-to-date: /home/arms/ros2_ws/install/yolobot_control/share/ament_index/resource_index/package_run_dependencies/yolobot_control
[1.773s] -- Up-to-date: /home/arms/ros2_ws/install/yolobot_control/share/ament_index/resource_index/parent_prefix_path/yolobot_control
[1.776s] -- Up-to-date: /home/arms/ros2_ws/install/yolobot_control/share/yolobot_control/environment/ament_prefix_path.sh
[1.778s] -- Up-to-date: /home/arms/ros2_ws/install/yolobot_control/share/yolobot_control/environment/ament_prefix_path.dsv
[1.779s] -- Up-to-date: /home/arms/ros2_ws/install/yolobot_control/share/yolobot_control/environment/path.sh
[1.780s] -- Up-to-date: /home/arms/ros2_ws/install/yolobot_control/share/yolobot_control/environment/path.dsv
[1.781s] -- Up-to-date: /home/arms/ros2_ws/install/yolobot_control/share/yolobot_control/local_setup.bash
[1.782s] -- Up-to-date: /home/arms/ros2_ws/install/yolobot_control/share/yolobot_control/local_setup.sh
[1.784s] -- Up-to-date: /home/arms/ros2_ws/install/yolobot_control/share/yolobot_control/local_setup.zsh
[1.786s] -- Up-to-date: /home/arms/ros2_ws/install/yolobot_control/share/yolobot_control/local_setup.dsv
[1.788s] -- Installing: /home/arms/ros2_ws/install/yolobot_control/share/yolobot_control/package.dsv
[1.789s] -- Up-to-date: /home/arms/ros2_ws/install/yolobot_control/share/ament_index/resource_index/packages/yolobot_control
[1.789s] -- Up-to-date: /home/arms/ros2_ws/install/yolobot_control/share/yolobot_control/cmake/yolobot_controlConfig.cmake
[1.791s] -- Up-to-date: /home/arms/ros2_ws/install/yolobot_control/share/yolobot_control/cmake/yolobot_controlConfig-version.cmake
[1.793s] -- Up-to-date: /home/arms/ros2_ws/install/yolobot_control/share/yolobot_control/package.xml
[1.807s] Invoked command in '/home/arms/ros2_ws/build/yolobot_control' returned '0': CMAKE_PREFIX_PATH=${CMAKE_PREFIX_PATH}:/home/arms/ros2_ws/install/learning_tf2_py:/home/arms/ros2_ws/install/my_package:/home/arms/install/my_package:/opt/ros/humble /usr/bin/cmake --install /home/arms/ros2_ws/build/yolobot_control
