[0.459s] Invoking command in '/home/arms/ros2_ws/build/camera_calibration_parsers': /usr/bin/cmake /home/arms/ros2_ws/src/image_common/camera_calibration_parsers -DCATKIN_INSTALL_INTO_PREFIX_ROOT=0 -DCMAKE_INSTALL_PREFIX=/home/arms/ros2_ws/install/camera_calibration_parsers
[0.711s] -- The C compiler identification is GNU 11.4.0
[0.711s] -- The CXX compiler identification is GNU 11.4.0
[0.711s] -- Detecting C compiler ABI info
[0.711s] -- Detecting C compiler ABI info - done
[0.711s] -- Check for working C compiler: /usr/bin/cc - skipped
[0.711s] -- Detecting C compile features
[0.711s] -- Detecting C compile features - done
[0.711s] -- Detecting CXX compiler ABI info
[0.711s] -- Detecting CXX compiler ABI info - done
[0.712s] -- Check for working CXX compiler: /usr/bin/c++ - skipped
[0.712s] -- Detecting CXX compile features
[0.712s] -- Detecting CXX compile features - done
[0.712s] -- Configuring incomplete, errors occurred!
[0.712s] See also "/home/arms/ros2_ws/build/camera_calibration_parsers/CMakeFiles/CMakeOutput.log".
[0.713s] [31mCMake Error at CMakeLists.txt:4 (find_package):
[0.713s]   By not providing "Findcatkin.cmake" in CMAKE_MODULE_PATH this project has
[0.713s]   asked CMake to find a package configuration file provided by "catkin", but
[0.713s]   CMake did not find one.
[0.713s] 
[0.713s]   Could not find a package configuration file provided by "catkin" with any
[0.713s]   of the following names:
[0.713s] 
[0.713s]     catkinConfig.cmake
[0.713s]     catkin-config.cmake
[0.713s] 
[0.713s]   Add the installation prefix of "catkin" to CMAKE_PREFIX_PATH or set
[0.713s]   "catkin_DIR" to a directory containing one of the above files.  If "catkin"
[0.713s]   provides a separate development package or SDK, be sure it has been
[0.713s]   installed.
[0.713s] 
[0.714s] [0m
[0.718s] Invoked command in '/home/arms/ros2_ws/build/camera_calibration_parsers' returned '1': /usr/bin/cmake /home/arms/ros2_ws/src/image_common/camera_calibration_parsers -DCATKIN_INSTALL_INTO_PREFIX_ROOT=0 -DCMAKE_INSTALL_PREFIX=/home/arms/ros2_ws/install/camera_calibration_parsers
