[1.171s] Invoking command in '/home/arms/ros2_ws/build/turtlesim': CMAKE_PREFIX_PATH=${CMAKE_PREFIX_PATH}:/home/arms/ros2_ws/install/learning_tf2_py:/home/arms/ros2_ws/install/my_package:/home/arms/install/my_package:/opt/ros/humble /usr/bin/cmake --build /home/arms/ros2_ws/build/turtlesim -- -j20 -l20
[2.065s] [  1%] Built target turtlesim__cpp
[2.067s] [ 11%] Built target turtlesim__rosidl_generator_c
[2.069s] [ 11%] Built target ament_cmake_python_copy_turtlesim
[2.071s] [ 22%] Built target turtlesim__rosidl_typesupport_cpp
[2.074s] [ 31%] Built target turtlesim__rosidl_typesupport_introspection_cpp
[2.075s] [ 41%] Built target turtlesim__rosidl_typesupport_introspection_c
[2.076s] [ 51%] Built target turtlesim__rosidl_typesupport_c
[2.077s] [ 61%] Built target turtlesim__rosidl_typesupport_fastrtps_cpp
[2.077s] [ 71%] Built target turtlesim__rosidl_typesupport_fastrtps_c
[2.077s] [ 71%] Built target turtlesim
[2.078s] [ 73%] Built target turtle_teleop_key
[2.078s] [ 75%] Built target mimic
[2.079s] [ 77%] Built target draw_square
[2.081s] [ 83%] Built target turtlesim_node
[2.082s] [ 84%] Built target turtlesim__py
[2.085s] [ 93%] Built target turtlesim__rosidl_generator_py
[2.086s] [ 95%] Built target turtlesim__rosidl_typesupport_fastrtps_c__pyext
[2.086s] [ 97%] Built target turtlesim__rosidl_typesupport_introspection_c__pyext
[2.088s] [100%] Built target turtlesim__rosidl_typesupport_c__pyext
[2.088s] running egg_info
[2.089s] writing turtlesim.egg-info/PKG-INFO
[2.089s] writing dependency_links to turtlesim.egg-info/dependency_links.txt
[2.089s] writing top-level names to turtlesim.egg-info/top_level.txt
[2.089s] reading manifest file 'turtlesim.egg-info/SOURCES.txt'
[2.092s] writing manifest file 'turtlesim.egg-info/SOURCES.txt'
[2.093s] [100%] Built target ament_cmake_python_build_turtlesim_egg
[2.118s] Invoked command in '/home/arms/ros2_ws/build/turtlesim' returned '0': CMAKE_PREFIX_PATH=${CMAKE_PREFIX_PATH}:/home/arms/ros2_ws/install/learning_tf2_py:/home/arms/ros2_ws/install/my_package:/home/arms/install/my_package:/opt/ros/humble /usr/bin/cmake --build /home/arms/ros2_ws/build/turtlesim -- -j20 -l20
[2.944s] Invoking command in '/home/arms/ros2_ws/build/turtlesim': CMAKE_PREFIX_PATH=${CMAKE_PREFIX_PATH}:/home/arms/ros2_ws/install/learning_tf2_py:/home/arms/ros2_ws/install/my_package:/home/arms/install/my_package:/opt/ros/humble /usr/bin/cmake --install /home/arms/ros2_ws/build/turtlesim
[3.371s] -- Install configuration: ""
[3.371s] -- Up-to-date: /home/arms/ros2_ws/install/turtlesim/share/ament_index/resource_index/rosidl_interfaces/turtlesim
[3.372s] -- Up-to-date: /home/arms/ros2_ws/install/turtlesim/include/turtlesim/turtlesim
[3.372s] -- Up-to-date: /home/arms/ros2_ws/install/turtlesim/include/turtlesim/turtlesim/srv
[3.373s] -- Up-to-date: /home/arms/ros2_ws/install/turtlesim/include/turtlesim/turtlesim/srv/set_pen.h
[3.373s] -- Up-to-date: /home/arms/ros2_ws/install/turtlesim/include/turtlesim/turtlesim/srv/kill.h
[3.374s] -- Up-to-date: /home/arms/ros2_ws/install/turtlesim/include/turtlesim/turtlesim/srv/teleport_absolute.h
[3.374s] -- Up-to-date: /home/arms/ros2_ws/install/turtlesim/include/turtlesim/turtlesim/srv/spawn.h
[3.375s] -- Up-to-date: /home/arms/ros2_ws/install/turtlesim/include/turtlesim/turtlesim/srv/detail
[3.376s] -- Up-to-date: /home/arms/ros2_ws/install/turtlesim/include/turtlesim/turtlesim/srv/detail/teleport_absolute__struct.h
[3.376s] -- Up-to-date: /home/arms/ros2_ws/install/turtlesim/include/turtlesim/turtlesim/srv/detail/spawn__functions.h
[3.377s] -- Up-to-date: /home/arms/ros2_ws/install/turtlesim/include/turtlesim/turtlesim/srv/detail/kill__struct.h
[3.377s] -- Up-to-date: /home/arms/ros2_ws/install/turtlesim/include/turtlesim/turtlesim/srv/detail/set_pen__functions.c
[3.378s] -- Up-to-date: /home/arms/ros2_ws/install/turtlesim/include/turtlesim/turtlesim/srv/detail/teleport_absolute__type_support.h
[3.378s] -- Up-to-date: /home/arms/ros2_ws/install/turtlesim/include/turtlesim/turtlesim/srv/detail/set_pen__struct.h
[3.379s] -- Up-to-date: /home/arms/ros2_ws/install/turtlesim/include/turtlesim/turtlesim/srv/detail/teleport_relative__struct.h
[3.379s] -- Up-to-date: /home/arms/ros2_ws/install/turtlesim/include/turtlesim/turtlesim/srv/detail/kill__type_support.h
[3.380s] -- Up-to-date: /home/arms/ros2_ws/install/turtlesim/include/turtlesim/turtlesim/srv/detail/kill__functions.c
[3.381s] -- Up-to-date: /home/arms/ros2_ws/install/turtlesim/include/turtlesim/turtlesim/srv/detail/teleport_absolute__functions.c
[3.381s] -- Up-to-date: /home/arms/ros2_ws/install/turtlesim/include/turtlesim/turtlesim/srv/detail/teleport_relative__type_support.h
[3.382s] -- Up-to-date: /home/arms/ros2_ws/install/turtlesim/include/turtlesim/turtlesim/srv/detail/kill__functions.h
[3.383s] -- Up-to-date: /home/arms/ros2_ws/install/turtlesim/include/turtlesim/turtlesim/srv/detail/spawn__functions.c
[3.383s] -- Up-to-date: /home/arms/ros2_ws/install/turtlesim/include/turtlesim/turtlesim/srv/detail/set_pen__functions.h
[3.383s] -- Up-to-date: /home/arms/ros2_ws/install/turtlesim/include/turtlesim/turtlesim/srv/detail/spawn__type_support.h
[3.383s] -- Up-to-date: /home/arms/ros2_ws/install/turtlesim/include/turtlesim/turtlesim/srv/detail/teleport_relative__functions.h
[3.383s] -- Up-to-date: /home/arms/ros2_ws/install/turtlesim/include/turtlesim/turtlesim/srv/detail/set_pen__type_support.h
[3.384s] -- Up-to-date: /home/arms/ros2_ws/install/turtlesim/include/turtlesim/turtlesim/srv/detail/spawn__struct.h
[3.384s] -- Up-to-date: /home/arms/ros2_ws/install/turtlesim/include/turtlesim/turtlesim/srv/detail/teleport_relative__functions.c
[3.384s] -- Up-to-date: /home/arms/ros2_ws/install/turtlesim/include/turtlesim/turtlesim/srv/detail/teleport_absolute__functions.h
[3.385s] -- Up-to-date: /home/arms/ros2_ws/install/turtlesim/include/turtlesim/turtlesim/srv/teleport_relative.h
[3.385s] -- Up-to-date: /home/arms/ros2_ws/install/turtlesim/include/turtlesim/turtlesim/action
[3.385s] -- Up-to-date: /home/arms/ros2_ws/install/turtlesim/include/turtlesim/turtlesim/action/rotate_absolute.h
[3.385s] -- Up-to-date: /home/arms/ros2_ws/install/turtlesim/include/turtlesim/turtlesim/action/detail
[3.385s] -- Up-to-date: /home/arms/ros2_ws/install/turtlesim/include/turtlesim/turtlesim/action/detail/rotate_absolute__type_support.h
[3.385s] -- Up-to-date: /home/arms/ros2_ws/install/turtlesim/include/turtlesim/turtlesim/action/detail/rotate_absolute__functions.c
[3.385s] -- Up-to-date: /home/arms/ros2_ws/install/turtlesim/include/turtlesim/turtlesim/action/detail/rotate_absolute__struct.h
[3.385s] -- Up-to-date: /home/arms/ros2_ws/install/turtlesim/include/turtlesim/turtlesim/action/detail/rotate_absolute__functions.h
[3.385s] -- Up-to-date: /home/arms/ros2_ws/install/turtlesim/include/turtlesim/turtlesim/msg
[3.386s] -- Up-to-date: /home/arms/ros2_ws/install/turtlesim/include/turtlesim/turtlesim/msg/detail
[3.386s] -- Up-to-date: /home/arms/ros2_ws/install/turtlesim/include/turtlesim/turtlesim/msg/detail/color__functions.c
[3.386s] -- Up-to-date: /home/arms/ros2_ws/install/turtlesim/include/turtlesim/turtlesim/msg/detail/pose__functions.c
[3.386s] -- Up-to-date: /home/arms/ros2_ws/install/turtlesim/include/turtlesim/turtlesim/msg/detail/pose__struct.h
[3.386s] -- Up-to-date: /home/arms/ros2_ws/install/turtlesim/include/turtlesim/turtlesim/msg/detail/color__type_support.h
[3.386s] -- Up-to-date: /home/arms/ros2_ws/install/turtlesim/include/turtlesim/turtlesim/msg/detail/color__struct.h
[3.386s] -- Up-to-date: /home/arms/ros2_ws/install/turtlesim/include/turtlesim/turtlesim/msg/detail/color__functions.h
[3.386s] -- Up-to-date: /home/arms/ros2_ws/install/turtlesim/include/turtlesim/turtlesim/msg/detail/pose__functions.h
[3.387s] -- Up-to-date: /home/arms/ros2_ws/install/turtlesim/include/turtlesim/turtlesim/msg/detail/pose__type_support.h
[3.387s] -- Up-to-date: /home/arms/ros2_ws/install/turtlesim/include/turtlesim/turtlesim/msg/color.h
[3.387s] -- Up-to-date: /home/arms/ros2_ws/install/turtlesim/include/turtlesim/turtlesim/msg/pose.h
[3.387s] -- Up-to-date: /home/arms/ros2_ws/install/turtlesim/include/turtlesim/turtlesim/msg/rosidl_generator_c__visibility_control.h
[3.387s] -- Up-to-date: /home/arms/ros2_ws/install/turtlesim/share/turtlesim/environment/library_path.sh
[3.388s] -- Up-to-date: /home/arms/ros2_ws/install/turtlesim/share/turtlesim/environment/library_path.dsv
[3.388s] -- Up-to-date: /home/arms/ros2_ws/install/turtlesim/lib/libturtlesim__rosidl_generator_c.so
[3.388s] -- Up-to-date: /home/arms/ros2_ws/install/turtlesim/include/turtlesim/turtlesim
[3.388s] -- Up-to-date: /home/arms/ros2_ws/install/turtlesim/include/turtlesim/turtlesim/srv
[3.388s] -- Up-to-date: /home/arms/ros2_ws/install/turtlesim/include/turtlesim/turtlesim/srv/detail
[3.388s] -- Up-to-date: /home/arms/ros2_ws/install/turtlesim/include/turtlesim/turtlesim/srv/detail/kill__rosidl_typesupport_fastrtps_c.h
[3.388s] -- Up-to-date: /home/arms/ros2_ws/install/turtlesim/include/turtlesim/turtlesim/srv/detail/teleport_relative__rosidl_typesupport_fastrtps_c.h
[3.388s] -- Up-to-date: /home/arms/ros2_ws/install/turtlesim/include/turtlesim/turtlesim/srv/detail/spawn__rosidl_typesupport_fastrtps_c.h
[3.388s] -- Up-to-date: /home/arms/ros2_ws/install/turtlesim/include/turtlesim/turtlesim/srv/detail/set_pen__rosidl_typesupport_fastrtps_c.h
[3.389s] -- Up-to-date: /home/arms/ros2_ws/install/turtlesim/include/turtlesim/turtlesim/srv/detail/teleport_absolute__rosidl_typesupport_fastrtps_c.h
[3.389s] -- Up-to-date: /home/arms/ros2_ws/install/turtlesim/include/turtlesim/turtlesim/action
[3.389s] -- Up-to-date: /home/arms/ros2_ws/install/turtlesim/include/turtlesim/turtlesim/action/detail
[3.389s] -- Up-to-date: /home/arms/ros2_ws/install/turtlesim/include/turtlesim/turtlesim/action/detail/rotate_absolute__rosidl_typesupport_fastrtps_c.h
[3.389s] -- Up-to-date: /home/arms/ros2_ws/install/turtlesim/include/turtlesim/turtlesim/msg
[3.389s] -- Up-to-date: /home/arms/ros2_ws/install/turtlesim/include/turtlesim/turtlesim/msg/rosidl_typesupport_fastrtps_c__visibility_control.h
[3.389s] -- Up-to-date: /home/arms/ros2_ws/install/turtlesim/include/turtlesim/turtlesim/msg/detail
[3.389s] -- Up-to-date: /home/arms/ros2_ws/install/turtlesim/include/turtlesim/turtlesim/msg/detail/pose__rosidl_typesupport_fastrtps_c.h
[3.389s] -- Up-to-date: /home/arms/ros2_ws/install/turtlesim/include/turtlesim/turtlesim/msg/detail/color__rosidl_typesupport_fastrtps_c.h
[3.390s] -- Up-to-date: /home/arms/ros2_ws/install/turtlesim/lib/libturtlesim__rosidl_typesupport_fastrtps_c.so
[3.390s] -- Up-to-date: /home/arms/ros2_ws/install/turtlesim/include/turtlesim/turtlesim
[3.390s] -- Up-to-date: /home/arms/ros2_ws/install/turtlesim/include/turtlesim/turtlesim/srv
[3.390s] -- Up-to-date: /home/arms/ros2_ws/install/turtlesim/include/turtlesim/turtlesim/srv/set_pen.hpp
[3.390s] -- Up-to-date: /home/arms/ros2_ws/install/turtlesim/include/turtlesim/turtlesim/srv/spawn.hpp
[3.390s] -- Up-to-date: /home/arms/ros2_ws/install/turtlesim/include/turtlesim/turtlesim/srv/teleport_absolute.hpp
[3.390s] -- Up-to-date: /home/arms/ros2_ws/install/turtlesim/include/turtlesim/turtlesim/srv/kill.hpp
[3.390s] -- Up-to-date: /home/arms/ros2_ws/install/turtlesim/include/turtlesim/turtlesim/srv/teleport_relative.hpp
[3.390s] -- Up-to-date: /home/arms/ros2_ws/install/turtlesim/include/turtlesim/turtlesim/srv/detail
[3.391s] -- Up-to-date: /home/arms/ros2_ws/install/turtlesim/include/turtlesim/turtlesim/srv/detail/kill__struct.hpp
[3.391s] -- Up-to-date: /home/arms/ros2_ws/install/turtlesim/include/turtlesim/turtlesim/srv/detail/set_pen__builder.hpp
[3.391s] -- Up-to-date: /home/arms/ros2_ws/install/turtlesim/include/turtlesim/turtlesim/srv/detail/teleport_absolute__struct.hpp
[3.391s] -- Up-to-date: /home/arms/ros2_ws/install/turtlesim/include/turtlesim/turtlesim/srv/detail/teleport_relative__builder.hpp
[3.391s] -- Up-to-date: /home/arms/ros2_ws/install/turtlesim/include/turtlesim/turtlesim/srv/detail/teleport_absolute__builder.hpp
[3.391s] -- Up-to-date: /home/arms/ros2_ws/install/turtlesim/include/turtlesim/turtlesim/srv/detail/spawn__struct.hpp
[3.391s] -- Up-to-date: /home/arms/ros2_ws/install/turtlesim/include/turtlesim/turtlesim/srv/detail/set_pen__struct.hpp
[3.394s] -- Up-to-date: /home/arms/ros2_ws/install/turtlesim/include/turtlesim/turtlesim/srv/detail/set_pen__traits.hpp
[3.394s] -- Up-to-date: /home/arms/ros2_ws/install/turtlesim/include/turtlesim/turtlesim/srv/detail/teleport_relative__traits.hpp
[3.395s] -- Up-to-date: /home/arms/ros2_ws/install/turtlesim/include/turtlesim/turtlesim/srv/detail/spawn__traits.hpp
[3.395s] -- Up-to-date: /home/arms/ros2_ws/install/turtlesim/include/turtlesim/turtlesim/srv/detail/teleport_relative__struct.hpp
[3.396s] -- Up-to-date: /home/arms/ros2_ws/install/turtlesim/include/turtlesim/turtlesim/srv/detail/kill__traits.hpp
[3.396s] -- Up-to-date: /home/arms/ros2_ws/install/turtlesim/include/turtlesim/turtlesim/srv/detail/spawn__builder.hpp
[3.396s] -- Up-to-date: /home/arms/ros2_ws/install/turtlesim/include/turtlesim/turtlesim/srv/detail/kill__builder.hpp
[3.396s] -- Up-to-date: /home/arms/ros2_ws/install/turtlesim/include/turtlesim/turtlesim/srv/detail/teleport_absolute__traits.hpp
[3.397s] -- Up-to-date: /home/arms/ros2_ws/install/turtlesim/include/turtlesim/turtlesim/action
[3.397s] -- Up-to-date: /home/arms/ros2_ws/install/turtlesim/include/turtlesim/turtlesim/action/rotate_absolute.hpp
[3.397s] -- Up-to-date: /home/arms/ros2_ws/install/turtlesim/include/turtlesim/turtlesim/action/detail
[3.398s] -- Up-to-date: /home/arms/ros2_ws/install/turtlesim/include/turtlesim/turtlesim/action/detail/rotate_absolute__builder.hpp
[3.399s] -- Up-to-date: /home/arms/ros2_ws/install/turtlesim/include/turtlesim/turtlesim/action/detail/rotate_absolute__traits.hpp
[3.400s] -- Up-to-date: /home/arms/ros2_ws/install/turtlesim/include/turtlesim/turtlesim/action/detail/rotate_absolute__struct.hpp
[3.400s] -- Up-to-date: /home/arms/ros2_ws/install/turtlesim/include/turtlesim/turtlesim/msg
[3.401s] -- Up-to-date: /home/arms/ros2_ws/install/turtlesim/include/turtlesim/turtlesim/msg/pose.hpp
[3.401s] -- Up-to-date: /home/arms/ros2_ws/install/turtlesim/include/turtlesim/turtlesim/msg/color.hpp
[3.402s] -- Up-to-date: /home/arms/ros2_ws/install/turtlesim/include/turtlesim/turtlesim/msg/detail
[3.402s] -- Up-to-date: /home/arms/ros2_ws/install/turtlesim/include/turtlesim/turtlesim/msg/detail/pose__traits.hpp
[3.403s] -- Up-to-date: /home/arms/ros2_ws/install/turtlesim/include/turtlesim/turtlesim/msg/detail/pose__builder.hpp
[3.403s] -- Up-to-date: /home/arms/ros2_ws/install/turtlesim/include/turtlesim/turtlesim/msg/detail/color__struct.hpp
[3.404s] -- Up-to-date: /home/arms/ros2_ws/install/turtlesim/include/turtlesim/turtlesim/msg/detail/color__traits.hpp
[3.404s] -- Up-to-date: /home/arms/ros2_ws/install/turtlesim/include/turtlesim/turtlesim/msg/detail/color__builder.hpp
[3.405s] -- Up-to-date: /home/arms/ros2_ws/install/turtlesim/include/turtlesim/turtlesim/msg/detail/pose__struct.hpp
[3.405s] -- Up-to-date: /home/arms/ros2_ws/install/turtlesim/include/turtlesim/turtlesim
[3.406s] -- Up-to-date: /home/arms/ros2_ws/install/turtlesim/include/turtlesim/turtlesim/srv
[3.406s] -- Up-to-date: /home/arms/ros2_ws/install/turtlesim/include/turtlesim/turtlesim/srv/detail
[3.407s] -- Up-to-date: /home/arms/ros2_ws/install/turtlesim/include/turtlesim/turtlesim/srv/detail/spawn__rosidl_typesupport_fastrtps_cpp.hpp
[3.407s] -- Up-to-date: /home/arms/ros2_ws/install/turtlesim/include/turtlesim/turtlesim/srv/detail/teleport_relative__rosidl_typesupport_fastrtps_cpp.hpp
[3.408s] -- Up-to-date: /home/arms/ros2_ws/install/turtlesim/include/turtlesim/turtlesim/srv/detail/teleport_absolute__rosidl_typesupport_fastrtps_cpp.hpp
[3.408s] -- Up-to-date: /home/arms/ros2_ws/install/turtlesim/include/turtlesim/turtlesim/srv/detail/dds_fastrtps
[3.408s] -- Up-to-date: /home/arms/ros2_ws/install/turtlesim/include/turtlesim/turtlesim/srv/detail/kill__rosidl_typesupport_fastrtps_cpp.hpp
[3.408s] -- Up-to-date: /home/arms/ros2_ws/install/turtlesim/include/turtlesim/turtlesim/srv/detail/set_pen__rosidl_typesupport_fastrtps_cpp.hpp
[3.408s] -- Up-to-date: /home/arms/ros2_ws/install/turtlesim/include/turtlesim/turtlesim/action
[3.408s] -- Up-to-date: /home/arms/ros2_ws/install/turtlesim/include/turtlesim/turtlesim/action/detail
[3.409s] -- Up-to-date: /home/arms/ros2_ws/install/turtlesim/include/turtlesim/turtlesim/action/detail/dds_fastrtps
[3.409s] -- Up-to-date: /home/arms/ros2_ws/install/turtlesim/include/turtlesim/turtlesim/action/detail/rotate_absolute__rosidl_typesupport_fastrtps_cpp.hpp
[3.409s] -- Up-to-date: /home/arms/ros2_ws/install/turtlesim/include/turtlesim/turtlesim/msg
[3.409s] -- Up-to-date: /home/arms/ros2_ws/install/turtlesim/include/turtlesim/turtlesim/msg/rosidl_typesupport_fastrtps_cpp__visibility_control.h
[3.409s] -- Up-to-date: /home/arms/ros2_ws/install/turtlesim/include/turtlesim/turtlesim/msg/detail
[3.409s] -- Up-to-date: /home/arms/ros2_ws/install/turtlesim/include/turtlesim/turtlesim/msg/detail/dds_fastrtps
[3.409s] -- Up-to-date: /home/arms/ros2_ws/install/turtlesim/include/turtlesim/turtlesim/msg/detail/color__rosidl_typesupport_fastrtps_cpp.hpp
[3.409s] -- Up-to-date: /home/arms/ros2_ws/install/turtlesim/include/turtlesim/turtlesim/msg/detail/pose__rosidl_typesupport_fastrtps_cpp.hpp
[3.410s] -- Up-to-date: /home/arms/ros2_ws/install/turtlesim/lib/libturtlesim__rosidl_typesupport_fastrtps_cpp.so
[3.410s] -- Up-to-date: /home/arms/ros2_ws/install/turtlesim/include/turtlesim/turtlesim
[3.410s] -- Up-to-date: /home/arms/ros2_ws/install/turtlesim/include/turtlesim/turtlesim/srv
[3.410s] -- Up-to-date: /home/arms/ros2_ws/install/turtlesim/include/turtlesim/turtlesim/srv/detail
[3.410s] -- Up-to-date: /home/arms/ros2_ws/install/turtlesim/include/turtlesim/turtlesim/srv/detail/teleport_relative__rosidl_typesupport_introspection_c.h
[3.410s] -- Up-to-date: /home/arms/ros2_ws/install/turtlesim/include/turtlesim/turtlesim/srv/detail/kill__type_support.c
[3.410s] -- Up-to-date: /home/arms/ros2_ws/install/turtlesim/include/turtlesim/turtlesim/srv/detail/set_pen__type_support.c
[3.410s] -- Up-to-date: /home/arms/ros2_ws/install/turtlesim/include/turtlesim/turtlesim/srv/detail/teleport_relative__type_support.c
[3.411s] -- Up-to-date: /home/arms/ros2_ws/install/turtlesim/include/turtlesim/turtlesim/srv/detail/spawn__type_support.c
[3.411s] -- Up-to-date: /home/arms/ros2_ws/install/turtlesim/include/turtlesim/turtlesim/srv/detail/kill__rosidl_typesupport_introspection_c.h
[3.412s] -- Up-to-date: /home/arms/ros2_ws/install/turtlesim/include/turtlesim/turtlesim/srv/detail/teleport_absolute__rosidl_typesupport_introspection_c.h
[3.412s] -- Up-to-date: /home/arms/ros2_ws/install/turtlesim/include/turtlesim/turtlesim/srv/detail/teleport_absolute__type_support.c
[3.412s] -- Up-to-date: /home/arms/ros2_ws/install/turtlesim/include/turtlesim/turtlesim/srv/detail/spawn__rosidl_typesupport_introspection_c.h
[3.412s] -- Up-to-date: /home/arms/ros2_ws/install/turtlesim/include/turtlesim/turtlesim/srv/detail/set_pen__rosidl_typesupport_introspection_c.h
[3.412s] -- Up-to-date: /home/arms/ros2_ws/install/turtlesim/include/turtlesim/turtlesim/action
[3.412s] -- Up-to-date: /home/arms/ros2_ws/install/turtlesim/include/turtlesim/turtlesim/action/detail
[3.413s] -- Up-to-date: /home/arms/ros2_ws/install/turtlesim/include/turtlesim/turtlesim/action/detail/rotate_absolute__rosidl_typesupport_introspection_c.h
[3.413s] -- Up-to-date: /home/arms/ros2_ws/install/turtlesim/include/turtlesim/turtlesim/action/detail/rotate_absolute__type_support.c
[3.413s] -- Up-to-date: /home/arms/ros2_ws/install/turtlesim/include/turtlesim/turtlesim/msg
[3.413s] -- Up-to-date: /home/arms/ros2_ws/install/turtlesim/include/turtlesim/turtlesim/msg/rosidl_typesupport_introspection_c__visibility_control.h
[3.413s] -- Up-to-date: /home/arms/ros2_ws/install/turtlesim/include/turtlesim/turtlesim/msg/detail
[3.413s] -- Up-to-date: /home/arms/ros2_ws/install/turtlesim/include/turtlesim/turtlesim/msg/detail/color__type_support.c
[3.413s] -- Up-to-date: /home/arms/ros2_ws/install/turtlesim/include/turtlesim/turtlesim/msg/detail/color__rosidl_typesupport_introspection_c.h
[3.413s] -- Up-to-date: /home/arms/ros2_ws/install/turtlesim/include/turtlesim/turtlesim/msg/detail/pose__type_support.c
[3.414s] -- Up-to-date: /home/arms/ros2_ws/install/turtlesim/include/turtlesim/turtlesim/msg/detail/pose__rosidl_typesupport_introspection_c.h
[3.415s] -- Up-to-date: /home/arms/ros2_ws/install/turtlesim/lib/libturtlesim__rosidl_typesupport_introspection_c.so
[3.415s] -- Up-to-date: /home/arms/ros2_ws/install/turtlesim/lib/libturtlesim__rosidl_typesupport_c.so
[3.416s] -- Up-to-date: /home/arms/ros2_ws/install/turtlesim/include/turtlesim/turtlesim
[3.417s] -- Up-to-date: /home/arms/ros2_ws/install/turtlesim/include/turtlesim/turtlesim/srv
[3.418s] -- Up-to-date: /home/arms/ros2_ws/install/turtlesim/include/turtlesim/turtlesim/srv/detail
[3.419s] -- Up-to-date: /home/arms/ros2_ws/install/turtlesim/include/turtlesim/turtlesim/srv/detail/spawn__rosidl_typesupport_introspection_cpp.hpp
[3.421s] -- Up-to-date: /home/arms/ros2_ws/install/turtlesim/include/turtlesim/turtlesim/srv/detail/kill__type_support.cpp
[3.422s] -- Up-to-date: /home/arms/ros2_ws/install/turtlesim/include/turtlesim/turtlesim/srv/detail/set_pen__type_support.cpp
[3.422s] -- Up-to-date: /home/arms/ros2_ws/install/turtlesim/include/turtlesim/turtlesim/srv/detail/spawn__type_support.cpp
[3.423s] -- Up-to-date: /home/arms/ros2_ws/install/turtlesim/include/turtlesim/turtlesim/srv/detail/set_pen__rosidl_typesupport_introspection_cpp.hpp
[3.424s] -- Up-to-date: /home/arms/ros2_ws/install/turtlesim/include/turtlesim/turtlesim/srv/detail/teleport_relative__type_support.cpp
[3.424s] -- Up-to-date: /home/arms/ros2_ws/install/turtlesim/include/turtlesim/turtlesim/srv/detail/teleport_absolute__rosidl_typesupport_introspection_cpp.hpp
[3.425s] -- Up-to-date: /home/arms/ros2_ws/install/turtlesim/include/turtlesim/turtlesim/srv/detail/teleport_relative__rosidl_typesupport_introspection_cpp.hpp
[3.425s] -- Up-to-date: /home/arms/ros2_ws/install/turtlesim/include/turtlesim/turtlesim/srv/detail/teleport_absolute__type_support.cpp
[3.426s] -- Up-to-date: /home/arms/ros2_ws/install/turtlesim/include/turtlesim/turtlesim/srv/detail/kill__rosidl_typesupport_introspection_cpp.hpp
[3.426s] -- Up-to-date: /home/arms/ros2_ws/install/turtlesim/include/turtlesim/turtlesim/action
[3.426s] -- Up-to-date: /home/arms/ros2_ws/install/turtlesim/include/turtlesim/turtlesim/action/detail
[3.427s] -- Up-to-date: /home/arms/ros2_ws/install/turtlesim/include/turtlesim/turtlesim/action/detail/rotate_absolute__type_support.cpp
[3.428s] -- Up-to-date: /home/arms/ros2_ws/install/turtlesim/include/turtlesim/turtlesim/action/detail/rotate_absolute__rosidl_typesupport_introspection_cpp.hpp
[3.428s] -- Up-to-date: /home/arms/ros2_ws/install/turtlesim/include/turtlesim/turtlesim/msg
[3.429s] -- Up-to-date: /home/arms/ros2_ws/install/turtlesim/include/turtlesim/turtlesim/msg/detail
[3.430s] -- Up-to-date: /home/arms/ros2_ws/install/turtlesim/include/turtlesim/turtlesim/msg/detail/color__type_support.cpp
[3.430s] -- Up-to-date: /home/arms/ros2_ws/install/turtlesim/include/turtlesim/turtlesim/msg/detail/color__rosidl_typesupport_introspection_cpp.hpp
[3.431s] -- Up-to-date: /home/arms/ros2_ws/install/turtlesim/include/turtlesim/turtlesim/msg/detail/pose__rosidl_typesupport_introspection_cpp.hpp
[3.431s] -- Up-to-date: /home/arms/ros2_ws/install/turtlesim/include/turtlesim/turtlesim/msg/detail/pose__type_support.cpp
[3.432s] -- Up-to-date: /home/arms/ros2_ws/install/turtlesim/lib/libturtlesim__rosidl_typesupport_introspection_cpp.so
[3.432s] -- Up-to-date: /home/arms/ros2_ws/install/turtlesim/lib/libturtlesim__rosidl_typesupport_cpp.so
[3.433s] -- Up-to-date: /home/arms/ros2_ws/install/turtlesim/share/turtlesim/environment/pythonpath.sh
[3.433s] -- Up-to-date: /home/arms/ros2_ws/install/turtlesim/share/turtlesim/environment/pythonpath.dsv
[3.434s] -- Up-to-date: /home/arms/ros2_ws/install/turtlesim/local/lib/python3.10/dist-packages/turtlesim-1.4.2-py3.10.egg-info
[3.435s] -- Installing: /home/arms/ros2_ws/install/turtlesim/local/lib/python3.10/dist-packages/turtlesim-1.4.2-py3.10.egg-info/SOURCES.txt
[3.435s] -- Installing: /home/arms/ros2_ws/install/turtlesim/local/lib/python3.10/dist-packages/turtlesim-1.4.2-py3.10.egg-info/dependency_links.txt
[3.435s] -- Installing: /home/arms/ros2_ws/install/turtlesim/local/lib/python3.10/dist-packages/turtlesim-1.4.2-py3.10.egg-info/PKG-INFO
[3.436s] -- Installing: /home/arms/ros2_ws/install/turtlesim/local/lib/python3.10/dist-packages/turtlesim-1.4.2-py3.10.egg-info/top_level.txt
[3.438s] -- Up-to-date: /home/arms/ros2_ws/install/turtlesim/local/lib/python3.10/dist-packages/turtlesim
[3.439s] -- Up-to-date: /home/arms/ros2_ws/install/turtlesim/local/lib/python3.10/dist-packages/turtlesim/_turtlesim_s.ep.rosidl_typesupport_fastrtps_c.c
[3.439s] -- Up-to-date: /home/arms/ros2_ws/install/turtlesim/local/lib/python3.10/dist-packages/turtlesim/libturtlesim__rosidl_generator_py.so
[3.440s] -- Up-to-date: /home/arms/ros2_ws/install/turtlesim/local/lib/python3.10/dist-packages/turtlesim/__init__.py
[3.442s] -- Up-to-date: /home/arms/ros2_ws/install/turtlesim/local/lib/python3.10/dist-packages/turtlesim/turtlesim_s__rosidl_typesupport_introspection_c.cpython-310-x86_64-linux-gnu.so
[3.443s] -- Up-to-date: /home/arms/ros2_ws/install/turtlesim/local/lib/python3.10/dist-packages/turtlesim/srv
[3.444s] -- Up-to-date: /home/arms/ros2_ws/install/turtlesim/local/lib/python3.10/dist-packages/turtlesim/srv/_teleport_absolute.py
[3.445s] -- Up-to-date: /home/arms/ros2_ws/install/turtlesim/local/lib/python3.10/dist-packages/turtlesim/srv/_kill.py
[3.447s] -- Up-to-date: /home/arms/ros2_ws/install/turtlesim/local/lib/python3.10/dist-packages/turtlesim/srv/_spawn.py
[3.447s] -- Up-to-date: /home/arms/ros2_ws/install/turtlesim/local/lib/python3.10/dist-packages/turtlesim/srv/_set_pen_s.c
[3.448s] -- Up-to-date: /home/arms/ros2_ws/install/turtlesim/local/lib/python3.10/dist-packages/turtlesim/srv/_teleport_relative_s.c
[3.451s] -- Up-to-date: /home/arms/ros2_ws/install/turtlesim/local/lib/python3.10/dist-packages/turtlesim/srv/__init__.py
[3.452s] -- Up-to-date: /home/arms/ros2_ws/install/turtlesim/local/lib/python3.10/dist-packages/turtlesim/srv/_teleport_relative.py
[3.453s] -- Up-to-date: /home/arms/ros2_ws/install/turtlesim/local/lib/python3.10/dist-packages/turtlesim/srv/_spawn_s.c
[3.454s] -- Up-to-date: /home/arms/ros2_ws/install/turtlesim/local/lib/python3.10/dist-packages/turtlesim/srv/_teleport_absolute_s.c
[3.455s] -- Up-to-date: /home/arms/ros2_ws/install/turtlesim/local/lib/python3.10/dist-packages/turtlesim/srv/_kill_s.c
[3.456s] -- Up-to-date: /home/arms/ros2_ws/install/turtlesim/local/lib/python3.10/dist-packages/turtlesim/srv/_set_pen.py
[3.456s] -- Up-to-date: /home/arms/ros2_ws/install/turtlesim/local/lib/python3.10/dist-packages/turtlesim/turtlesim_s__rosidl_typesupport_c.cpython-310-x86_64-linux-gnu.so
[3.456s] -- Up-to-date: /home/arms/ros2_ws/install/turtlesim/local/lib/python3.10/dist-packages/turtlesim/_turtlesim_s.ep.rosidl_typesupport_introspection_c.c
[3.458s] -- Up-to-date: /home/arms/ros2_ws/install/turtlesim/local/lib/python3.10/dist-packages/turtlesim/action
[3.459s] -- Up-to-date: /home/arms/ros2_ws/install/turtlesim/local/lib/python3.10/dist-packages/turtlesim/action/__init__.py
[3.459s] -- Up-to-date: /home/arms/ros2_ws/install/turtlesim/local/lib/python3.10/dist-packages/turtlesim/action/_rotate_absolute_s.c
[3.459s] -- Up-to-date: /home/arms/ros2_ws/install/turtlesim/local/lib/python3.10/dist-packages/turtlesim/action/_rotate_absolute.py
[3.459s] -- Up-to-date: /home/arms/ros2_ws/install/turtlesim/local/lib/python3.10/dist-packages/turtlesim/turtlesim_s__rosidl_typesupport_fastrtps_c.cpython-310-x86_64-linux-gnu.so
[3.459s] -- Up-to-date: /home/arms/ros2_ws/install/turtlesim/local/lib/python3.10/dist-packages/turtlesim/_turtlesim_s.ep.rosidl_typesupport_c.c
[3.459s] -- Up-to-date: /home/arms/ros2_ws/install/turtlesim/local/lib/python3.10/dist-packages/turtlesim/msg
[3.460s] -- Up-to-date: /home/arms/ros2_ws/install/turtlesim/local/lib/python3.10/dist-packages/turtlesim/msg/_pose.py
[3.460s] -- Up-to-date: /home/arms/ros2_ws/install/turtlesim/local/lib/python3.10/dist-packages/turtlesim/msg/_color.py
[3.460s] -- Up-to-date: /home/arms/ros2_ws/install/turtlesim/local/lib/python3.10/dist-packages/turtlesim/msg/__init__.py
[3.460s] -- Up-to-date: /home/arms/ros2_ws/install/turtlesim/local/lib/python3.10/dist-packages/turtlesim/msg/_pose_s.c
[3.460s] -- Up-to-date: /home/arms/ros2_ws/install/turtlesim/local/lib/python3.10/dist-packages/turtlesim/msg/_color_s.c
[3.460s] Listing '/home/arms/ros2_ws/install/turtlesim/local/lib/python3.10/dist-packages/turtlesim'...
[3.460s] Listing '/home/arms/ros2_ws/install/turtlesim/local/lib/python3.10/dist-packages/turtlesim/action'...
[3.460s] Listing '/home/arms/ros2_ws/install/turtlesim/local/lib/python3.10/dist-packages/turtlesim/msg'...
[3.461s] Listing '/home/arms/ros2_ws/install/turtlesim/local/lib/python3.10/dist-packages/turtlesim/srv'...
[3.461s] -- Up-to-date: /home/arms/ros2_ws/install/turtlesim/local/lib/python3.10/dist-packages/turtlesim/turtlesim_s__rosidl_typesupport_fastrtps_c.cpython-310-x86_64-linux-gnu.so
[3.461s] -- Up-to-date: /home/arms/ros2_ws/install/turtlesim/local/lib/python3.10/dist-packages/turtlesim/turtlesim_s__rosidl_typesupport_introspection_c.cpython-310-x86_64-linux-gnu.so
[3.461s] -- Up-to-date: /home/arms/ros2_ws/install/turtlesim/local/lib/python3.10/dist-packages/turtlesim/turtlesim_s__rosidl_typesupport_c.cpython-310-x86_64-linux-gnu.so
[3.461s] -- Up-to-date: /home/arms/ros2_ws/install/turtlesim/lib/libturtlesim__rosidl_generator_py.so
[3.461s] -- Up-to-date: /home/arms/ros2_ws/install/turtlesim/share/turtlesim/action/RotateAbsolute.idl
[3.461s] -- Up-to-date: /home/arms/ros2_ws/install/turtlesim/share/turtlesim/msg/Color.idl
[3.461s] -- Up-to-date: /home/arms/ros2_ws/install/turtlesim/share/turtlesim/msg/Pose.idl
[3.461s] -- Up-to-date: /home/arms/ros2_ws/install/turtlesim/share/turtlesim/srv/Kill.idl
[3.461s] -- Up-to-date: /home/arms/ros2_ws/install/turtlesim/share/turtlesim/srv/SetPen.idl
[3.462s] -- Up-to-date: /home/arms/ros2_ws/install/turtlesim/share/turtlesim/srv/Spawn.idl
[3.462s] -- Up-to-date: /home/arms/ros2_ws/install/turtlesim/share/turtlesim/srv/TeleportAbsolute.idl
[3.462s] -- Up-to-date: /home/arms/ros2_ws/install/turtlesim/share/turtlesim/srv/TeleportRelative.idl
[3.462s] -- Up-to-date: /home/arms/ros2_ws/install/turtlesim/share/turtlesim/action/RotateAbsolute.action
[3.462s] -- Up-to-date: /home/arms/ros2_ws/install/turtlesim/share/turtlesim/msg/Color.msg
[3.462s] -- Up-to-date: /home/arms/ros2_ws/install/turtlesim/share/turtlesim/msg/Pose.msg
[3.462s] -- Up-to-date: /home/arms/ros2_ws/install/turtlesim/share/turtlesim/srv/Kill.srv
[3.462s] -- Up-to-date: /home/arms/ros2_ws/install/turtlesim/share/turtlesim/srv/Kill_Request.msg
[3.463s] -- Up-to-date: /home/arms/ros2_ws/install/turtlesim/share/turtlesim/srv/Kill_Response.msg
[3.463s] -- Up-to-date: /home/arms/ros2_ws/install/turtlesim/share/turtlesim/srv/SetPen.srv
[3.463s] -- Up-to-date: /home/arms/ros2_ws/install/turtlesim/share/turtlesim/srv/SetPen_Request.msg
[3.463s] -- Up-to-date: /home/arms/ros2_ws/install/turtlesim/share/turtlesim/srv/SetPen_Response.msg
[3.463s] -- Up-to-date: /home/arms/ros2_ws/install/turtlesim/share/turtlesim/srv/Spawn.srv
[3.463s] -- Up-to-date: /home/arms/ros2_ws/install/turtlesim/share/turtlesim/srv/Spawn_Request.msg
[3.463s] -- Up-to-date: /home/arms/ros2_ws/install/turtlesim/share/turtlesim/srv/Spawn_Response.msg
[3.463s] -- Up-to-date: /home/arms/ros2_ws/install/turtlesim/share/turtlesim/srv/TeleportAbsolute.srv
[3.464s] -- Up-to-date: /home/arms/ros2_ws/install/turtlesim/share/turtlesim/srv/TeleportAbsolute_Request.msg
[3.464s] -- Up-to-date: /home/arms/ros2_ws/install/turtlesim/share/turtlesim/srv/TeleportAbsolute_Response.msg
[3.464s] -- Up-to-date: /home/arms/ros2_ws/install/turtlesim/share/turtlesim/srv/TeleportRelative.srv
[3.464s] -- Up-to-date: /home/arms/ros2_ws/install/turtlesim/share/turtlesim/srv/TeleportRelative_Request.msg
[3.464s] -- Up-to-date: /home/arms/ros2_ws/install/turtlesim/share/turtlesim/srv/TeleportRelative_Response.msg
[3.464s] -- Up-to-date: /home/arms/ros2_ws/install/turtlesim/lib/turtlesim/turtlesim_node
[3.464s] -- Up-to-date: /home/arms/ros2_ws/install/turtlesim/lib/turtlesim/turtle_teleop_key
[3.464s] -- Up-to-date: /home/arms/ros2_ws/install/turtlesim/lib/turtlesim/draw_square
[3.465s] -- Up-to-date: /home/arms/ros2_ws/install/turtlesim/lib/turtlesim/mimic
[3.465s] -- Up-to-date: /home/arms/ros2_ws/install/turtlesim/share/turtlesim/images
[3.465s] -- Up-to-date: /home/arms/ros2_ws/install/turtlesim/share/turtlesim/images/crystal.png
[3.465s] -- Up-to-date: /home/arms/ros2_ws/install/turtlesim/share/turtlesim/images/ardent.png
[3.465s] -- Up-to-date: /home/arms/ros2_ws/install/turtlesim/share/turtlesim/images/bouncy.png
[3.465s] -- Up-to-date: /home/arms/ros2_ws/install/turtlesim/share/turtlesim/images/rolling.png
[3.465s] -- Up-to-date: /home/arms/ros2_ws/install/turtlesim/share/turtlesim/images/dashing.png
[3.465s] -- Up-to-date: /home/arms/ros2_ws/install/turtlesim/share/turtlesim/images/eloquent.png
[3.465s] -- Up-to-date: /home/arms/ros2_ws/install/turtlesim/share/turtlesim/images/foxy.png
[3.465s] -- Up-to-date: /home/arms/ros2_ws/install/turtlesim/share/turtlesim/images/humble.png
[3.465s] -- Up-to-date: /home/arms/ros2_ws/install/turtlesim/share/turtlesim/images/galactic.png
[3.466s] -- Up-to-date: /home/arms/ros2_ws/install/turtlesim/share/turtlesim/launch
[3.466s] -- Up-to-date: /home/arms/ros2_ws/install/turtlesim/share/turtlesim/launch/multisim.launch.py
[3.466s] -- Up-to-date: /home/arms/ros2_ws/install/turtlesim/share/ament_index/resource_index/package_run_dependencies/turtlesim
[3.466s] -- Up-to-date: /home/arms/ros2_ws/install/turtlesim/share/ament_index/resource_index/parent_prefix_path/turtlesim
[3.466s] -- Up-to-date: /home/arms/ros2_ws/install/turtlesim/share/turtlesim/environment/ament_prefix_path.sh
[3.466s] -- Up-to-date: /home/arms/ros2_ws/install/turtlesim/share/turtlesim/environment/ament_prefix_path.dsv
[3.466s] -- Up-to-date: /home/arms/ros2_ws/install/turtlesim/share/turtlesim/environment/path.sh
[3.466s] -- Up-to-date: /home/arms/ros2_ws/install/turtlesim/share/turtlesim/environment/path.dsv
[3.466s] -- Up-to-date: /home/arms/ros2_ws/install/turtlesim/share/turtlesim/local_setup.bash
[3.466s] -- Up-to-date: /home/arms/ros2_ws/install/turtlesim/share/turtlesim/local_setup.sh
[3.467s] -- Up-to-date: /home/arms/ros2_ws/install/turtlesim/share/turtlesim/local_setup.zsh
[3.467s] -- Up-to-date: /home/arms/ros2_ws/install/turtlesim/share/turtlesim/local_setup.dsv
[3.467s] -- Installing: /home/arms/ros2_ws/install/turtlesim/share/turtlesim/package.dsv
[3.467s] -- Up-to-date: /home/arms/ros2_ws/install/turtlesim/share/ament_index/resource_index/packages/turtlesim
[3.467s] -- Up-to-date: /home/arms/ros2_ws/install/turtlesim/share/turtlesim/cmake/export_turtlesim__rosidl_generator_cExport.cmake
[3.467s] -- Up-to-date: /home/arms/ros2_ws/install/turtlesim/share/turtlesim/cmake/export_turtlesim__rosidl_generator_cExport-noconfig.cmake
[3.467s] -- Up-to-date: /home/arms/ros2_ws/install/turtlesim/share/turtlesim/cmake/export_turtlesim__rosidl_typesupport_fastrtps_cExport.cmake
[3.468s] -- Up-to-date: /home/arms/ros2_ws/install/turtlesim/share/turtlesim/cmake/export_turtlesim__rosidl_typesupport_fastrtps_cExport-noconfig.cmake
[3.468s] -- Up-to-date: /home/arms/ros2_ws/install/turtlesim/share/turtlesim/cmake/export_turtlesim__rosidl_generator_cppExport.cmake
[3.468s] -- Up-to-date: /home/arms/ros2_ws/install/turtlesim/share/turtlesim/cmake/export_turtlesim__rosidl_typesupport_fastrtps_cppExport.cmake
[3.468s] -- Up-to-date: /home/arms/ros2_ws/install/turtlesim/share/turtlesim/cmake/export_turtlesim__rosidl_typesupport_fastrtps_cppExport-noconfig.cmake
[3.468s] -- Up-to-date: /home/arms/ros2_ws/install/turtlesim/share/turtlesim/cmake/turtlesim__rosidl_typesupport_introspection_cExport.cmake
[3.468s] -- Up-to-date: /home/arms/ros2_ws/install/turtlesim/share/turtlesim/cmake/turtlesim__rosidl_typesupport_introspection_cExport-noconfig.cmake
[3.468s] -- Up-to-date: /home/arms/ros2_ws/install/turtlesim/share/turtlesim/cmake/turtlesim__rosidl_typesupport_cExport.cmake
[3.468s] -- Up-to-date: /home/arms/ros2_ws/install/turtlesim/share/turtlesim/cmake/turtlesim__rosidl_typesupport_cExport-noconfig.cmake
[3.468s] -- Up-to-date: /home/arms/ros2_ws/install/turtlesim/share/turtlesim/cmake/turtlesim__rosidl_typesupport_introspection_cppExport.cmake
[3.469s] -- Up-to-date: /home/arms/ros2_ws/install/turtlesim/share/turtlesim/cmake/turtlesim__rosidl_typesupport_introspection_cppExport-noconfig.cmake
[3.469s] -- Up-to-date: /home/arms/ros2_ws/install/turtlesim/share/turtlesim/cmake/turtlesim__rosidl_typesupport_cppExport.cmake
[3.469s] -- Up-to-date: /home/arms/ros2_ws/install/turtlesim/share/turtlesim/cmake/turtlesim__rosidl_typesupport_cppExport-noconfig.cmake
[3.469s] -- Up-to-date: /home/arms/ros2_ws/install/turtlesim/share/turtlesim/cmake/export_turtlesim__rosidl_generator_pyExport.cmake
[3.469s] -- Up-to-date: /home/arms/ros2_ws/install/turtlesim/share/turtlesim/cmake/export_turtlesim__rosidl_generator_pyExport-noconfig.cmake
[3.469s] -- Up-to-date: /home/arms/ros2_ws/install/turtlesim/share/turtlesim/cmake/rosidl_cmake-extras.cmake
[3.470s] -- Up-to-date: /home/arms/ros2_ws/install/turtlesim/share/turtlesim/cmake/ament_cmake_export_dependencies-extras.cmake
[3.470s] -- Up-to-date: /home/arms/ros2_ws/install/turtlesim/share/turtlesim/cmake/ament_cmake_export_include_directories-extras.cmake
[3.470s] -- Up-to-date: /home/arms/ros2_ws/install/turtlesim/share/turtlesim/cmake/ament_cmake_export_libraries-extras.cmake
[3.470s] -- Up-to-date: /home/arms/ros2_ws/install/turtlesim/share/turtlesim/cmake/ament_cmake_export_targets-extras.cmake
[3.470s] -- Up-to-date: /home/arms/ros2_ws/install/turtlesim/share/turtlesim/cmake/rosidl_cmake_export_typesupport_targets-extras.cmake
[3.470s] -- Up-to-date: /home/arms/ros2_ws/install/turtlesim/share/turtlesim/cmake/rosidl_cmake_export_typesupport_libraries-extras.cmake
[3.470s] -- Up-to-date: /home/arms/ros2_ws/install/turtlesim/share/turtlesim/cmake/turtlesimConfig.cmake
[3.470s] -- Up-to-date: /home/arms/ros2_ws/install/turtlesim/share/turtlesim/cmake/turtlesimConfig-version.cmake
[3.471s] -- Up-to-date: /home/arms/ros2_ws/install/turtlesim/share/turtlesim/package.xml
[3.849s] Invoked command in '/home/arms/ros2_ws/build/turtlesim' returned '0': CMAKE_PREFIX_PATH=${CMAKE_PREFIX_PATH}:/home/arms/ros2_ws/install/learning_tf2_py:/home/arms/ros2_ws/install/my_package:/home/arms/install/my_package:/opt/ros/humble /usr/bin/cmake --install /home/arms/ros2_ws/build/turtlesim
