[1.267s] Invoking command in '/home/arms/ros2_ws/build/turtlesim': CMAKE_PREFIX_PATH=${CMAKE_PREFIX_PATH}:/home/arms/ros2_ws/install/learning_tf2_py:/home/arms/ros2_ws/install/my_package:/home/arms/install/my_package:/opt/ros/humble /usr/bin/cmake --build /home/arms/ros2_ws/build/turtlesim -- -j20 -l20
[2.137s] [  1%] Built target turtlesim__cpp
[2.138s] [ 11%] Built target turtlesim__rosidl_generator_c
[2.140s] [ 11%] Built target ament_cmake_python_copy_turtlesim
[2.140s] [ 21%] Built target turtlesim__rosidl_typesupport_cpp
[2.141s] [ 31%] Built target turtlesim__rosidl_typesupport_fastrtps_cpp
[2.141s] [ 41%] Built target turtlesim__rosidl_typesupport_introspection_cpp
[2.141s] [ 51%] Built target turtlesim__rosidl_typesupport_c
[2.142s] [ 61%] Built target turtlesim__rosidl_typesupport_fastrtps_c
[2.142s] [ 71%] Built target turtlesim__rosidl_typesupport_introspection_c
[2.143s] [ 73%] Built target draw_square
[2.144s] [ 75%] Built target turtle_teleop_key
[2.145s] [ 77%] Built target mimic
[2.147s] [ 77%] Built target turtlesim
[2.148s] [ 83%] Built target turtlesim_node
[2.149s] [ 84%] Built target turtlesim__py
[2.149s] [ 93%] Built target turtlesim__rosidl_generator_py
[2.152s] [ 95%] Built target turtlesim__rosidl_typesupport_fastrtps_c__pyext
[2.152s] [ 97%] Built target turtlesim__rosidl_typesupport_c__pyext
[2.152s] [100%] Built target turtlesim__rosidl_typesupport_introspection_c__pyext
[2.152s] running egg_info
[2.153s] writing turtlesim.egg-info/PKG-INFO
[2.154s] writing dependency_links to turtlesim.egg-info/dependency_links.txt
[2.154s] writing top-level names to turtlesim.egg-info/top_level.txt
[2.154s] reading manifest file 'turtlesim.egg-info/SOURCES.txt'
[2.154s] writing manifest file 'turtlesim.egg-info/SOURCES.txt'
[2.154s] [100%] Built target ament_cmake_python_build_turtlesim_egg
[2.179s] Invoked command in '/home/arms/ros2_ws/build/turtlesim' returned '0': CMAKE_PREFIX_PATH=${CMAKE_PREFIX_PATH}:/home/arms/ros2_ws/install/learning_tf2_py:/home/arms/ros2_ws/install/my_package:/home/arms/install/my_package:/opt/ros/humble /usr/bin/cmake --build /home/arms/ros2_ws/build/turtlesim -- -j20 -l20
[2.824s] Invoking command in '/home/arms/ros2_ws/build/turtlesim': CMAKE_PREFIX_PATH=${CMAKE_PREFIX_PATH}:/home/arms/ros2_ws/install/learning_tf2_py:/home/arms/ros2_ws/install/my_package:/home/arms/install/my_package:/opt/ros/humble /usr/bin/cmake --install /home/arms/ros2_ws/build/turtlesim
[3.137s] -- Install configuration: ""
[3.138s] -- Up-to-date: /home/arms/ros2_ws/install/turtlesim/share/ament_index/resource_index/rosidl_interfaces/turtlesim
[3.139s] -- Up-to-date: /home/arms/ros2_ws/install/turtlesim/include/turtlesim/turtlesim
[3.140s] -- Up-to-date: /home/arms/ros2_ws/install/turtlesim/include/turtlesim/turtlesim/srv
[3.140s] -- Up-to-date: /home/arms/ros2_ws/install/turtlesim/include/turtlesim/turtlesim/srv/set_pen.h
[3.141s] -- Up-to-date: /home/arms/ros2_ws/install/turtlesim/include/turtlesim/turtlesim/srv/kill.h
[3.141s] -- Up-to-date: /home/arms/ros2_ws/install/turtlesim/include/turtlesim/turtlesim/srv/teleport_absolute.h
[3.141s] -- Up-to-date: /home/arms/ros2_ws/install/turtlesim/include/turtlesim/turtlesim/srv/spawn.h
[3.141s] -- Up-to-date: /home/arms/ros2_ws/install/turtlesim/include/turtlesim/turtlesim/srv/detail
[3.141s] -- Up-to-date: /home/arms/ros2_ws/install/turtlesim/include/turtlesim/turtlesim/srv/detail/teleport_absolute__struct.h
[3.142s] -- Up-to-date: /home/arms/ros2_ws/install/turtlesim/include/turtlesim/turtlesim/srv/detail/spawn__functions.h
[3.142s] -- Up-to-date: /home/arms/ros2_ws/install/turtlesim/include/turtlesim/turtlesim/srv/detail/kill__struct.h
[3.142s] -- Up-to-date: /home/arms/ros2_ws/install/turtlesim/include/turtlesim/turtlesim/srv/detail/set_pen__functions.c
[3.142s] -- Up-to-date: /home/arms/ros2_ws/install/turtlesim/include/turtlesim/turtlesim/srv/detail/teleport_absolute__type_support.h
[3.142s] -- Up-to-date: /home/arms/ros2_ws/install/turtlesim/include/turtlesim/turtlesim/srv/detail/set_pen__struct.h
[3.142s] -- Up-to-date: /home/arms/ros2_ws/install/turtlesim/include/turtlesim/turtlesim/srv/detail/teleport_relative__struct.h
[3.143s] -- Up-to-date: /home/arms/ros2_ws/install/turtlesim/include/turtlesim/turtlesim/srv/detail/kill__type_support.h
[3.143s] -- Up-to-date: /home/arms/ros2_ws/install/turtlesim/include/turtlesim/turtlesim/srv/detail/kill__functions.c
[3.143s] -- Up-to-date: /home/arms/ros2_ws/install/turtlesim/include/turtlesim/turtlesim/srv/detail/teleport_absolute__functions.c
[3.143s] -- Up-to-date: /home/arms/ros2_ws/install/turtlesim/include/turtlesim/turtlesim/srv/detail/teleport_relative__type_support.h
[3.143s] -- Up-to-date: /home/arms/ros2_ws/install/turtlesim/include/turtlesim/turtlesim/srv/detail/kill__functions.h
[3.144s] -- Up-to-date: /home/arms/ros2_ws/install/turtlesim/include/turtlesim/turtlesim/srv/detail/spawn__functions.c
[3.144s] -- Up-to-date: /home/arms/ros2_ws/install/turtlesim/include/turtlesim/turtlesim/srv/detail/set_pen__functions.h
[3.144s] -- Up-to-date: /home/arms/ros2_ws/install/turtlesim/include/turtlesim/turtlesim/srv/detail/spawn__type_support.h
[3.144s] -- Up-to-date: /home/arms/ros2_ws/install/turtlesim/include/turtlesim/turtlesim/srv/detail/teleport_relative__functions.h
[3.144s] -- Up-to-date: /home/arms/ros2_ws/install/turtlesim/include/turtlesim/turtlesim/srv/detail/set_pen__type_support.h
[3.144s] -- Up-to-date: /home/arms/ros2_ws/install/turtlesim/include/turtlesim/turtlesim/srv/detail/spawn__struct.h
[3.145s] -- Up-to-date: /home/arms/ros2_ws/install/turtlesim/include/turtlesim/turtlesim/srv/detail/teleport_relative__functions.c
[3.145s] -- Up-to-date: /home/arms/ros2_ws/install/turtlesim/include/turtlesim/turtlesim/srv/detail/teleport_absolute__functions.h
[3.145s] -- Up-to-date: /home/arms/ros2_ws/install/turtlesim/include/turtlesim/turtlesim/srv/teleport_relative.h
[3.145s] -- Up-to-date: /home/arms/ros2_ws/install/turtlesim/include/turtlesim/turtlesim/action
[3.145s] -- Up-to-date: /home/arms/ros2_ws/install/turtlesim/include/turtlesim/turtlesim/action/rotate_absolute.h
[3.146s] -- Up-to-date: /home/arms/ros2_ws/install/turtlesim/include/turtlesim/turtlesim/action/detail
[3.146s] -- Up-to-date: /home/arms/ros2_ws/install/turtlesim/include/turtlesim/turtlesim/action/detail/rotate_absolute__type_support.h
[3.146s] -- Up-to-date: /home/arms/ros2_ws/install/turtlesim/include/turtlesim/turtlesim/action/detail/rotate_absolute__functions.c
[3.146s] -- Up-to-date: /home/arms/ros2_ws/install/turtlesim/include/turtlesim/turtlesim/action/detail/rotate_absolute__struct.h
[3.146s] -- Up-to-date: /home/arms/ros2_ws/install/turtlesim/include/turtlesim/turtlesim/action/detail/rotate_absolute__functions.h
[3.146s] -- Up-to-date: /home/arms/ros2_ws/install/turtlesim/include/turtlesim/turtlesim/msg
[3.147s] -- Up-to-date: /home/arms/ros2_ws/install/turtlesim/include/turtlesim/turtlesim/msg/detail
[3.147s] -- Up-to-date: /home/arms/ros2_ws/install/turtlesim/include/turtlesim/turtlesim/msg/detail/color__functions.c
[3.147s] -- Up-to-date: /home/arms/ros2_ws/install/turtlesim/include/turtlesim/turtlesim/msg/detail/pose__functions.c
[3.147s] -- Up-to-date: /home/arms/ros2_ws/install/turtlesim/include/turtlesim/turtlesim/msg/detail/pose__struct.h
[3.147s] -- Up-to-date: /home/arms/ros2_ws/install/turtlesim/include/turtlesim/turtlesim/msg/detail/color__type_support.h
[3.147s] -- Up-to-date: /home/arms/ros2_ws/install/turtlesim/include/turtlesim/turtlesim/msg/detail/color__struct.h
[3.148s] -- Up-to-date: /home/arms/ros2_ws/install/turtlesim/include/turtlesim/turtlesim/msg/detail/color__functions.h
[3.148s] -- Up-to-date: /home/arms/ros2_ws/install/turtlesim/include/turtlesim/turtlesim/msg/detail/pose__functions.h
[3.148s] -- Up-to-date: /home/arms/ros2_ws/install/turtlesim/include/turtlesim/turtlesim/msg/detail/pose__type_support.h
[3.148s] -- Up-to-date: /home/arms/ros2_ws/install/turtlesim/include/turtlesim/turtlesim/msg/color.h
[3.148s] -- Up-to-date: /home/arms/ros2_ws/install/turtlesim/include/turtlesim/turtlesim/msg/pose.h
[3.148s] -- Up-to-date: /home/arms/ros2_ws/install/turtlesim/include/turtlesim/turtlesim/msg/rosidl_generator_c__visibility_control.h
[3.149s] -- Up-to-date: /home/arms/ros2_ws/install/turtlesim/share/turtlesim/environment/library_path.sh
[3.149s] -- Up-to-date: /home/arms/ros2_ws/install/turtlesim/share/turtlesim/environment/library_path.dsv
[3.149s] -- Up-to-date: /home/arms/ros2_ws/install/turtlesim/lib/libturtlesim__rosidl_generator_c.so
[3.149s] -- Up-to-date: /home/arms/ros2_ws/install/turtlesim/include/turtlesim/turtlesim
[3.150s] -- Up-to-date: /home/arms/ros2_ws/install/turtlesim/include/turtlesim/turtlesim/srv
[3.150s] -- Up-to-date: /home/arms/ros2_ws/install/turtlesim/include/turtlesim/turtlesim/srv/detail
[3.150s] -- Up-to-date: /home/arms/ros2_ws/install/turtlesim/include/turtlesim/turtlesim/srv/detail/kill__rosidl_typesupport_fastrtps_c.h
[3.150s] -- Up-to-date: /home/arms/ros2_ws/install/turtlesim/include/turtlesim/turtlesim/srv/detail/teleport_relative__rosidl_typesupport_fastrtps_c.h
[3.150s] -- Up-to-date: /home/arms/ros2_ws/install/turtlesim/include/turtlesim/turtlesim/srv/detail/spawn__rosidl_typesupport_fastrtps_c.h
[3.151s] -- Up-to-date: /home/arms/ros2_ws/install/turtlesim/include/turtlesim/turtlesim/srv/detail/set_pen__rosidl_typesupport_fastrtps_c.h
[3.151s] -- Up-to-date: /home/arms/ros2_ws/install/turtlesim/include/turtlesim/turtlesim/srv/detail/teleport_absolute__rosidl_typesupport_fastrtps_c.h
[3.151s] -- Up-to-date: /home/arms/ros2_ws/install/turtlesim/include/turtlesim/turtlesim/action
[3.151s] -- Up-to-date: /home/arms/ros2_ws/install/turtlesim/include/turtlesim/turtlesim/action/detail
[3.151s] -- Up-to-date: /home/arms/ros2_ws/install/turtlesim/include/turtlesim/turtlesim/action/detail/rotate_absolute__rosidl_typesupport_fastrtps_c.h
[3.152s] -- Up-to-date: /home/arms/ros2_ws/install/turtlesim/include/turtlesim/turtlesim/msg
[3.152s] -- Up-to-date: /home/arms/ros2_ws/install/turtlesim/include/turtlesim/turtlesim/msg/rosidl_typesupport_fastrtps_c__visibility_control.h
[3.152s] -- Up-to-date: /home/arms/ros2_ws/install/turtlesim/include/turtlesim/turtlesim/msg/detail
[3.152s] -- Up-to-date: /home/arms/ros2_ws/install/turtlesim/include/turtlesim/turtlesim/msg/detail/pose__rosidl_typesupport_fastrtps_c.h
[3.152s] -- Up-to-date: /home/arms/ros2_ws/install/turtlesim/include/turtlesim/turtlesim/msg/detail/color__rosidl_typesupport_fastrtps_c.h
[3.152s] -- Up-to-date: /home/arms/ros2_ws/install/turtlesim/lib/libturtlesim__rosidl_typesupport_fastrtps_c.so
[3.152s] -- Up-to-date: /home/arms/ros2_ws/install/turtlesim/include/turtlesim/turtlesim
[3.153s] -- Up-to-date: /home/arms/ros2_ws/install/turtlesim/include/turtlesim/turtlesim/srv
[3.153s] -- Up-to-date: /home/arms/ros2_ws/install/turtlesim/include/turtlesim/turtlesim/srv/set_pen.hpp
[3.153s] -- Up-to-date: /home/arms/ros2_ws/install/turtlesim/include/turtlesim/turtlesim/srv/spawn.hpp
[3.154s] -- Up-to-date: /home/arms/ros2_ws/install/turtlesim/include/turtlesim/turtlesim/srv/teleport_absolute.hpp
[3.154s] -- Up-to-date: /home/arms/ros2_ws/install/turtlesim/include/turtlesim/turtlesim/srv/kill.hpp
[3.154s] -- Up-to-date: /home/arms/ros2_ws/install/turtlesim/include/turtlesim/turtlesim/srv/teleport_relative.hpp
[3.154s] -- Up-to-date: /home/arms/ros2_ws/install/turtlesim/include/turtlesim/turtlesim/srv/detail
[3.154s] -- Up-to-date: /home/arms/ros2_ws/install/turtlesim/include/turtlesim/turtlesim/srv/detail/kill__struct.hpp
[3.154s] -- Up-to-date: /home/arms/ros2_ws/install/turtlesim/include/turtlesim/turtlesim/srv/detail/set_pen__builder.hpp
[3.154s] -- Up-to-date: /home/arms/ros2_ws/install/turtlesim/include/turtlesim/turtlesim/srv/detail/teleport_absolute__struct.hpp
[3.154s] -- Up-to-date: /home/arms/ros2_ws/install/turtlesim/include/turtlesim/turtlesim/srv/detail/teleport_relative__builder.hpp
[3.154s] -- Up-to-date: /home/arms/ros2_ws/install/turtlesim/include/turtlesim/turtlesim/srv/detail/teleport_absolute__builder.hpp
[3.154s] -- Up-to-date: /home/arms/ros2_ws/install/turtlesim/include/turtlesim/turtlesim/srv/detail/spawn__struct.hpp
[3.154s] -- Up-to-date: /home/arms/ros2_ws/install/turtlesim/include/turtlesim/turtlesim/srv/detail/set_pen__struct.hpp
[3.155s] -- Up-to-date: /home/arms/ros2_ws/install/turtlesim/include/turtlesim/turtlesim/srv/detail/set_pen__traits.hpp
[3.155s] -- Up-to-date: /home/arms/ros2_ws/install/turtlesim/include/turtlesim/turtlesim/srv/detail/teleport_relative__traits.hpp
[3.155s] -- Up-to-date: /home/arms/ros2_ws/install/turtlesim/include/turtlesim/turtlesim/srv/detail/spawn__traits.hpp
[3.155s] -- Up-to-date: /home/arms/ros2_ws/install/turtlesim/include/turtlesim/turtlesim/srv/detail/teleport_relative__struct.hpp
[3.155s] -- Up-to-date: /home/arms/ros2_ws/install/turtlesim/include/turtlesim/turtlesim/srv/detail/kill__traits.hpp
[3.155s] -- Up-to-date: /home/arms/ros2_ws/install/turtlesim/include/turtlesim/turtlesim/srv/detail/spawn__builder.hpp
[3.155s] -- Up-to-date: /home/arms/ros2_ws/install/turtlesim/include/turtlesim/turtlesim/srv/detail/kill__builder.hpp
[3.155s] -- Up-to-date: /home/arms/ros2_ws/install/turtlesim/include/turtlesim/turtlesim/srv/detail/teleport_absolute__traits.hpp
[3.155s] -- Up-to-date: /home/arms/ros2_ws/install/turtlesim/include/turtlesim/turtlesim/action
[3.155s] -- Up-to-date: /home/arms/ros2_ws/install/turtlesim/include/turtlesim/turtlesim/action/rotate_absolute.hpp
[3.155s] -- Up-to-date: /home/arms/ros2_ws/install/turtlesim/include/turtlesim/turtlesim/action/detail
[3.156s] -- Up-to-date: /home/arms/ros2_ws/install/turtlesim/include/turtlesim/turtlesim/action/detail/rotate_absolute__builder.hpp
[3.156s] -- Up-to-date: /home/arms/ros2_ws/install/turtlesim/include/turtlesim/turtlesim/action/detail/rotate_absolute__traits.hpp
[3.156s] -- Up-to-date: /home/arms/ros2_ws/install/turtlesim/include/turtlesim/turtlesim/action/detail/rotate_absolute__struct.hpp
[3.156s] -- Up-to-date: /home/arms/ros2_ws/install/turtlesim/include/turtlesim/turtlesim/msg
[3.156s] -- Up-to-date: /home/arms/ros2_ws/install/turtlesim/include/turtlesim/turtlesim/msg/pose.hpp
[3.156s] -- Up-to-date: /home/arms/ros2_ws/install/turtlesim/include/turtlesim/turtlesim/msg/color.hpp
[3.156s] -- Up-to-date: /home/arms/ros2_ws/install/turtlesim/include/turtlesim/turtlesim/msg/detail
[3.156s] -- Up-to-date: /home/arms/ros2_ws/install/turtlesim/include/turtlesim/turtlesim/msg/detail/pose__traits.hpp
[3.156s] -- Up-to-date: /home/arms/ros2_ws/install/turtlesim/include/turtlesim/turtlesim/msg/detail/pose__builder.hpp
[3.157s] -- Up-to-date: /home/arms/ros2_ws/install/turtlesim/include/turtlesim/turtlesim/msg/detail/color__struct.hpp
[3.157s] -- Up-to-date: /home/arms/ros2_ws/install/turtlesim/include/turtlesim/turtlesim/msg/detail/color__traits.hpp
[3.157s] -- Up-to-date: /home/arms/ros2_ws/install/turtlesim/include/turtlesim/turtlesim/msg/detail/color__builder.hpp
[3.157s] -- Up-to-date: /home/arms/ros2_ws/install/turtlesim/include/turtlesim/turtlesim/msg/detail/pose__struct.hpp
[3.157s] -- Up-to-date: /home/arms/ros2_ws/install/turtlesim/include/turtlesim/turtlesim
[3.157s] -- Up-to-date: /home/arms/ros2_ws/install/turtlesim/include/turtlesim/turtlesim/srv
[3.157s] -- Up-to-date: /home/arms/ros2_ws/install/turtlesim/include/turtlesim/turtlesim/srv/detail
[3.157s] -- Up-to-date: /home/arms/ros2_ws/install/turtlesim/include/turtlesim/turtlesim/srv/detail/spawn__rosidl_typesupport_fastrtps_cpp.hpp
[3.157s] -- Up-to-date: /home/arms/ros2_ws/install/turtlesim/include/turtlesim/turtlesim/srv/detail/teleport_relative__rosidl_typesupport_fastrtps_cpp.hpp
[3.157s] -- Up-to-date: /home/arms/ros2_ws/install/turtlesim/include/turtlesim/turtlesim/srv/detail/teleport_absolute__rosidl_typesupport_fastrtps_cpp.hpp
[3.157s] -- Up-to-date: /home/arms/ros2_ws/install/turtlesim/include/turtlesim/turtlesim/srv/detail/dds_fastrtps
[3.158s] -- Up-to-date: /home/arms/ros2_ws/install/turtlesim/include/turtlesim/turtlesim/srv/detail/kill__rosidl_typesupport_fastrtps_cpp.hpp
[3.158s] -- Up-to-date: /home/arms/ros2_ws/install/turtlesim/include/turtlesim/turtlesim/srv/detail/set_pen__rosidl_typesupport_fastrtps_cpp.hpp
[3.158s] -- Up-to-date: /home/arms/ros2_ws/install/turtlesim/include/turtlesim/turtlesim/action
[3.158s] -- Up-to-date: /home/arms/ros2_ws/install/turtlesim/include/turtlesim/turtlesim/action/detail
[3.158s] -- Up-to-date: /home/arms/ros2_ws/install/turtlesim/include/turtlesim/turtlesim/action/detail/dds_fastrtps
[3.158s] -- Up-to-date: /home/arms/ros2_ws/install/turtlesim/include/turtlesim/turtlesim/action/detail/rotate_absolute__rosidl_typesupport_fastrtps_cpp.hpp
[3.158s] -- Up-to-date: /home/arms/ros2_ws/install/turtlesim/include/turtlesim/turtlesim/msg
[3.158s] -- Up-to-date: /home/arms/ros2_ws/install/turtlesim/include/turtlesim/turtlesim/msg/rosidl_typesupport_fastrtps_cpp__visibility_control.h
[3.158s] -- Up-to-date: /home/arms/ros2_ws/install/turtlesim/include/turtlesim/turtlesim/msg/detail
[3.159s] -- Up-to-date: /home/arms/ros2_ws/install/turtlesim/include/turtlesim/turtlesim/msg/detail/dds_fastrtps
[3.159s] -- Up-to-date: /home/arms/ros2_ws/install/turtlesim/include/turtlesim/turtlesim/msg/detail/color__rosidl_typesupport_fastrtps_cpp.hpp
[3.159s] -- Up-to-date: /home/arms/ros2_ws/install/turtlesim/include/turtlesim/turtlesim/msg/detail/pose__rosidl_typesupport_fastrtps_cpp.hpp
[3.159s] -- Up-to-date: /home/arms/ros2_ws/install/turtlesim/lib/libturtlesim__rosidl_typesupport_fastrtps_cpp.so
[3.159s] -- Up-to-date: /home/arms/ros2_ws/install/turtlesim/include/turtlesim/turtlesim
[3.159s] -- Up-to-date: /home/arms/ros2_ws/install/turtlesim/include/turtlesim/turtlesim/srv
[3.159s] -- Up-to-date: /home/arms/ros2_ws/install/turtlesim/include/turtlesim/turtlesim/srv/detail
[3.159s] -- Up-to-date: /home/arms/ros2_ws/install/turtlesim/include/turtlesim/turtlesim/srv/detail/teleport_relative__rosidl_typesupport_introspection_c.h
[3.159s] -- Up-to-date: /home/arms/ros2_ws/install/turtlesim/include/turtlesim/turtlesim/srv/detail/kill__type_support.c
[3.159s] -- Up-to-date: /home/arms/ros2_ws/install/turtlesim/include/turtlesim/turtlesim/srv/detail/set_pen__type_support.c
[3.159s] -- Up-to-date: /home/arms/ros2_ws/install/turtlesim/include/turtlesim/turtlesim/srv/detail/teleport_relative__type_support.c
[3.159s] -- Up-to-date: /home/arms/ros2_ws/install/turtlesim/include/turtlesim/turtlesim/srv/detail/spawn__type_support.c
[3.160s] -- Up-to-date: /home/arms/ros2_ws/install/turtlesim/include/turtlesim/turtlesim/srv/detail/kill__rosidl_typesupport_introspection_c.h
[3.160s] -- Up-to-date: /home/arms/ros2_ws/install/turtlesim/include/turtlesim/turtlesim/srv/detail/teleport_absolute__rosidl_typesupport_introspection_c.h
[3.160s] -- Up-to-date: /home/arms/ros2_ws/install/turtlesim/include/turtlesim/turtlesim/srv/detail/teleport_absolute__type_support.c
[3.160s] -- Up-to-date: /home/arms/ros2_ws/install/turtlesim/include/turtlesim/turtlesim/srv/detail/spawn__rosidl_typesupport_introspection_c.h
[3.160s] -- Up-to-date: /home/arms/ros2_ws/install/turtlesim/include/turtlesim/turtlesim/srv/detail/set_pen__rosidl_typesupport_introspection_c.h
[3.160s] -- Up-to-date: /home/arms/ros2_ws/install/turtlesim/include/turtlesim/turtlesim/action
[3.160s] -- Up-to-date: /home/arms/ros2_ws/install/turtlesim/include/turtlesim/turtlesim/action/detail
[3.160s] -- Up-to-date: /home/arms/ros2_ws/install/turtlesim/include/turtlesim/turtlesim/action/detail/rotate_absolute__rosidl_typesupport_introspection_c.h
[3.160s] -- Up-to-date: /home/arms/ros2_ws/install/turtlesim/include/turtlesim/turtlesim/action/detail/rotate_absolute__type_support.c
[3.160s] -- Up-to-date: /home/arms/ros2_ws/install/turtlesim/include/turtlesim/turtlesim/msg
[3.161s] -- Up-to-date: /home/arms/ros2_ws/install/turtlesim/include/turtlesim/turtlesim/msg/rosidl_typesupport_introspection_c__visibility_control.h
[3.161s] -- Up-to-date: /home/arms/ros2_ws/install/turtlesim/include/turtlesim/turtlesim/msg/detail
[3.161s] -- Up-to-date: /home/arms/ros2_ws/install/turtlesim/include/turtlesim/turtlesim/msg/detail/color__type_support.c
[3.161s] -- Up-to-date: /home/arms/ros2_ws/install/turtlesim/include/turtlesim/turtlesim/msg/detail/color__rosidl_typesupport_introspection_c.h
[3.161s] -- Up-to-date: /home/arms/ros2_ws/install/turtlesim/include/turtlesim/turtlesim/msg/detail/pose__type_support.c
[3.161s] -- Up-to-date: /home/arms/ros2_ws/install/turtlesim/include/turtlesim/turtlesim/msg/detail/pose__rosidl_typesupport_introspection_c.h
[3.161s] -- Up-to-date: /home/arms/ros2_ws/install/turtlesim/lib/libturtlesim__rosidl_typesupport_introspection_c.so
[3.161s] -- Up-to-date: /home/arms/ros2_ws/install/turtlesim/lib/libturtlesim__rosidl_typesupport_c.so
[3.161s] -- Up-to-date: /home/arms/ros2_ws/install/turtlesim/include/turtlesim/turtlesim
[3.162s] -- Up-to-date: /home/arms/ros2_ws/install/turtlesim/include/turtlesim/turtlesim/srv
[3.162s] -- Up-to-date: /home/arms/ros2_ws/install/turtlesim/include/turtlesim/turtlesim/srv/detail
[3.162s] -- Up-to-date: /home/arms/ros2_ws/install/turtlesim/include/turtlesim/turtlesim/srv/detail/spawn__rosidl_typesupport_introspection_cpp.hpp
[3.162s] -- Up-to-date: /home/arms/ros2_ws/install/turtlesim/include/turtlesim/turtlesim/srv/detail/kill__type_support.cpp
[3.162s] -- Up-to-date: /home/arms/ros2_ws/install/turtlesim/include/turtlesim/turtlesim/srv/detail/set_pen__type_support.cpp
[3.162s] -- Up-to-date: /home/arms/ros2_ws/install/turtlesim/include/turtlesim/turtlesim/srv/detail/spawn__type_support.cpp
[3.162s] -- Up-to-date: /home/arms/ros2_ws/install/turtlesim/include/turtlesim/turtlesim/srv/detail/set_pen__rosidl_typesupport_introspection_cpp.hpp
[3.162s] -- Up-to-date: /home/arms/ros2_ws/install/turtlesim/include/turtlesim/turtlesim/srv/detail/teleport_relative__type_support.cpp
[3.162s] -- Up-to-date: /home/arms/ros2_ws/install/turtlesim/include/turtlesim/turtlesim/srv/detail/teleport_absolute__rosidl_typesupport_introspection_cpp.hpp
[3.162s] -- Up-to-date: /home/arms/ros2_ws/install/turtlesim/include/turtlesim/turtlesim/srv/detail/teleport_relative__rosidl_typesupport_introspection_cpp.hpp
[3.162s] -- Up-to-date: /home/arms/ros2_ws/install/turtlesim/include/turtlesim/turtlesim/srv/detail/teleport_absolute__type_support.cpp
[3.162s] -- Up-to-date: /home/arms/ros2_ws/install/turtlesim/include/turtlesim/turtlesim/srv/detail/kill__rosidl_typesupport_introspection_cpp.hpp
[3.163s] -- Up-to-date: /home/arms/ros2_ws/install/turtlesim/include/turtlesim/turtlesim/action
[3.163s] -- Up-to-date: /home/arms/ros2_ws/install/turtlesim/include/turtlesim/turtlesim/action/detail
[3.163s] -- Up-to-date: /home/arms/ros2_ws/install/turtlesim/include/turtlesim/turtlesim/action/detail/rotate_absolute__type_support.cpp
[3.163s] -- Up-to-date: /home/arms/ros2_ws/install/turtlesim/include/turtlesim/turtlesim/action/detail/rotate_absolute__rosidl_typesupport_introspection_cpp.hpp
[3.163s] -- Up-to-date: /home/arms/ros2_ws/install/turtlesim/include/turtlesim/turtlesim/msg
[3.163s] -- Up-to-date: /home/arms/ros2_ws/install/turtlesim/include/turtlesim/turtlesim/msg/detail
[3.163s] -- Up-to-date: /home/arms/ros2_ws/install/turtlesim/include/turtlesim/turtlesim/msg/detail/color__type_support.cpp
[3.164s] -- Up-to-date: /home/arms/ros2_ws/install/turtlesim/include/turtlesim/turtlesim/msg/detail/color__rosidl_typesupport_introspection_cpp.hpp
[3.164s] -- Up-to-date: /home/arms/ros2_ws/install/turtlesim/include/turtlesim/turtlesim/msg/detail/pose__rosidl_typesupport_introspection_cpp.hpp
[3.164s] -- Up-to-date: /home/arms/ros2_ws/install/turtlesim/include/turtlesim/turtlesim/msg/detail/pose__type_support.cpp
[3.164s] -- Up-to-date: /home/arms/ros2_ws/install/turtlesim/lib/libturtlesim__rosidl_typesupport_introspection_cpp.so
[3.164s] -- Up-to-date: /home/arms/ros2_ws/install/turtlesim/lib/libturtlesim__rosidl_typesupport_cpp.so
[3.164s] -- Up-to-date: /home/arms/ros2_ws/install/turtlesim/share/turtlesim/environment/pythonpath.sh
[3.164s] -- Up-to-date: /home/arms/ros2_ws/install/turtlesim/share/turtlesim/environment/pythonpath.dsv
[3.164s] -- Up-to-date: /home/arms/ros2_ws/install/turtlesim/local/lib/python3.10/dist-packages/turtlesim-1.4.2-py3.10.egg-info
[3.164s] -- Installing: /home/arms/ros2_ws/install/turtlesim/local/lib/python3.10/dist-packages/turtlesim-1.4.2-py3.10.egg-info/SOURCES.txt
[3.164s] -- Installing: /home/arms/ros2_ws/install/turtlesim/local/lib/python3.10/dist-packages/turtlesim-1.4.2-py3.10.egg-info/dependency_links.txt
[3.164s] -- Installing: /home/arms/ros2_ws/install/turtlesim/local/lib/python3.10/dist-packages/turtlesim-1.4.2-py3.10.egg-info/PKG-INFO
[3.165s] -- Installing: /home/arms/ros2_ws/install/turtlesim/local/lib/python3.10/dist-packages/turtlesim-1.4.2-py3.10.egg-info/top_level.txt
[3.165s] -- Up-to-date: /home/arms/ros2_ws/install/turtlesim/local/lib/python3.10/dist-packages/turtlesim
[3.165s] -- Up-to-date: /home/arms/ros2_ws/install/turtlesim/local/lib/python3.10/dist-packages/turtlesim/_turtlesim_s.ep.rosidl_typesupport_fastrtps_c.c
[3.165s] -- Up-to-date: /home/arms/ros2_ws/install/turtlesim/local/lib/python3.10/dist-packages/turtlesim/libturtlesim__rosidl_generator_py.so
[3.165s] -- Up-to-date: /home/arms/ros2_ws/install/turtlesim/local/lib/python3.10/dist-packages/turtlesim/__init__.py
[3.165s] -- Up-to-date: /home/arms/ros2_ws/install/turtlesim/local/lib/python3.10/dist-packages/turtlesim/turtlesim_s__rosidl_typesupport_introspection_c.cpython-310-x86_64-linux-gnu.so
[3.165s] -- Up-to-date: /home/arms/ros2_ws/install/turtlesim/local/lib/python3.10/dist-packages/turtlesim/srv
[3.165s] -- Up-to-date: /home/arms/ros2_ws/install/turtlesim/local/lib/python3.10/dist-packages/turtlesim/srv/_teleport_absolute.py
[3.165s] -- Up-to-date: /home/arms/ros2_ws/install/turtlesim/local/lib/python3.10/dist-packages/turtlesim/srv/_kill.py
[3.165s] -- Up-to-date: /home/arms/ros2_ws/install/turtlesim/local/lib/python3.10/dist-packages/turtlesim/srv/_spawn.py
[3.166s] -- Up-to-date: /home/arms/ros2_ws/install/turtlesim/local/lib/python3.10/dist-packages/turtlesim/srv/_set_pen_s.c
[3.166s] -- Up-to-date: /home/arms/ros2_ws/install/turtlesim/local/lib/python3.10/dist-packages/turtlesim/srv/_teleport_relative_s.c
[3.166s] -- Up-to-date: /home/arms/ros2_ws/install/turtlesim/local/lib/python3.10/dist-packages/turtlesim/srv/__init__.py
[3.166s] -- Up-to-date: /home/arms/ros2_ws/install/turtlesim/local/lib/python3.10/dist-packages/turtlesim/srv/_teleport_relative.py
[3.166s] -- Up-to-date: /home/arms/ros2_ws/install/turtlesim/local/lib/python3.10/dist-packages/turtlesim/srv/_spawn_s.c
[3.166s] -- Up-to-date: /home/arms/ros2_ws/install/turtlesim/local/lib/python3.10/dist-packages/turtlesim/srv/_teleport_absolute_s.c
[3.166s] -- Up-to-date: /home/arms/ros2_ws/install/turtlesim/local/lib/python3.10/dist-packages/turtlesim/srv/_kill_s.c
[3.166s] -- Up-to-date: /home/arms/ros2_ws/install/turtlesim/local/lib/python3.10/dist-packages/turtlesim/srv/_set_pen.py
[3.166s] -- Up-to-date: /home/arms/ros2_ws/install/turtlesim/local/lib/python3.10/dist-packages/turtlesim/turtlesim_s__rosidl_typesupport_c.cpython-310-x86_64-linux-gnu.so
[3.166s] -- Up-to-date: /home/arms/ros2_ws/install/turtlesim/local/lib/python3.10/dist-packages/turtlesim/_turtlesim_s.ep.rosidl_typesupport_introspection_c.c
[3.166s] -- Up-to-date: /home/arms/ros2_ws/install/turtlesim/local/lib/python3.10/dist-packages/turtlesim/action
[3.167s] -- Up-to-date: /home/arms/ros2_ws/install/turtlesim/local/lib/python3.10/dist-packages/turtlesim/action/__init__.py
[3.167s] -- Up-to-date: /home/arms/ros2_ws/install/turtlesim/local/lib/python3.10/dist-packages/turtlesim/action/_rotate_absolute_s.c
[3.167s] -- Up-to-date: /home/arms/ros2_ws/install/turtlesim/local/lib/python3.10/dist-packages/turtlesim/action/_rotate_absolute.py
[3.167s] -- Up-to-date: /home/arms/ros2_ws/install/turtlesim/local/lib/python3.10/dist-packages/turtlesim/turtlesim_s__rosidl_typesupport_fastrtps_c.cpython-310-x86_64-linux-gnu.so
[3.167s] -- Up-to-date: /home/arms/ros2_ws/install/turtlesim/local/lib/python3.10/dist-packages/turtlesim/_turtlesim_s.ep.rosidl_typesupport_c.c
[3.167s] -- Up-to-date: /home/arms/ros2_ws/install/turtlesim/local/lib/python3.10/dist-packages/turtlesim/msg
[3.167s] -- Up-to-date: /home/arms/ros2_ws/install/turtlesim/local/lib/python3.10/dist-packages/turtlesim/msg/_pose.py
[3.167s] -- Up-to-date: /home/arms/ros2_ws/install/turtlesim/local/lib/python3.10/dist-packages/turtlesim/msg/_color.py
[3.167s] -- Up-to-date: /home/arms/ros2_ws/install/turtlesim/local/lib/python3.10/dist-packages/turtlesim/msg/__init__.py
[3.167s] -- Up-to-date: /home/arms/ros2_ws/install/turtlesim/local/lib/python3.10/dist-packages/turtlesim/msg/_pose_s.c
[3.168s] -- Up-to-date: /home/arms/ros2_ws/install/turtlesim/local/lib/python3.10/dist-packages/turtlesim/msg/_color_s.c
[3.202s] Listing '/home/arms/ros2_ws/install/turtlesim/local/lib/python3.10/dist-packages/turtlesim'...
[3.203s] Listing '/home/arms/ros2_ws/install/turtlesim/local/lib/python3.10/dist-packages/turtlesim/action'...
[3.203s] Listing '/home/arms/ros2_ws/install/turtlesim/local/lib/python3.10/dist-packages/turtlesim/msg'...
[3.203s] Listing '/home/arms/ros2_ws/install/turtlesim/local/lib/python3.10/dist-packages/turtlesim/srv'...
[3.211s] -- Up-to-date: /home/arms/ros2_ws/install/turtlesim/local/lib/python3.10/dist-packages/turtlesim/turtlesim_s__rosidl_typesupport_fastrtps_c.cpython-310-x86_64-linux-gnu.so
[3.211s] -- Up-to-date: /home/arms/ros2_ws/install/turtlesim/local/lib/python3.10/dist-packages/turtlesim/turtlesim_s__rosidl_typesupport_introspection_c.cpython-310-x86_64-linux-gnu.so
[3.212s] -- Up-to-date: /home/arms/ros2_ws/install/turtlesim/local/lib/python3.10/dist-packages/turtlesim/turtlesim_s__rosidl_typesupport_c.cpython-310-x86_64-linux-gnu.so
[3.212s] -- Up-to-date: /home/arms/ros2_ws/install/turtlesim/lib/libturtlesim__rosidl_generator_py.so
[3.212s] -- Up-to-date: /home/arms/ros2_ws/install/turtlesim/share/turtlesim/action/RotateAbsolute.idl
[3.212s] -- Up-to-date: /home/arms/ros2_ws/install/turtlesim/share/turtlesim/msg/Color.idl
[3.212s] -- Up-to-date: /home/arms/ros2_ws/install/turtlesim/share/turtlesim/msg/Pose.idl
[3.212s] -- Up-to-date: /home/arms/ros2_ws/install/turtlesim/share/turtlesim/srv/Kill.idl
[3.212s] -- Up-to-date: /home/arms/ros2_ws/install/turtlesim/share/turtlesim/srv/SetPen.idl
[3.213s] -- Up-to-date: /home/arms/ros2_ws/install/turtlesim/share/turtlesim/srv/Spawn.idl
[3.213s] -- Up-to-date: /home/arms/ros2_ws/install/turtlesim/share/turtlesim/srv/TeleportAbsolute.idl
[3.213s] -- Up-to-date: /home/arms/ros2_ws/install/turtlesim/share/turtlesim/srv/TeleportRelative.idl
[3.213s] -- Up-to-date: /home/arms/ros2_ws/install/turtlesim/share/turtlesim/action/RotateAbsolute.action
[3.213s] -- Up-to-date: /home/arms/ros2_ws/install/turtlesim/share/turtlesim/msg/Color.msg
[3.214s] -- Up-to-date: /home/arms/ros2_ws/install/turtlesim/share/turtlesim/msg/Pose.msg
[3.214s] -- Up-to-date: /home/arms/ros2_ws/install/turtlesim/share/turtlesim/srv/Kill.srv
[3.214s] -- Up-to-date: /home/arms/ros2_ws/install/turtlesim/share/turtlesim/srv/Kill_Request.msg
[3.214s] -- Up-to-date: /home/arms/ros2_ws/install/turtlesim/share/turtlesim/srv/Kill_Response.msg
[3.214s] -- Up-to-date: /home/arms/ros2_ws/install/turtlesim/share/turtlesim/srv/SetPen.srv
[3.214s] -- Up-to-date: /home/arms/ros2_ws/install/turtlesim/share/turtlesim/srv/SetPen_Request.msg
[3.214s] -- Up-to-date: /home/arms/ros2_ws/install/turtlesim/share/turtlesim/srv/SetPen_Response.msg
[3.214s] -- Up-to-date: /home/arms/ros2_ws/install/turtlesim/share/turtlesim/srv/Spawn.srv
[3.214s] -- Up-to-date: /home/arms/ros2_ws/install/turtlesim/share/turtlesim/srv/Spawn_Request.msg
[3.214s] -- Up-to-date: /home/arms/ros2_ws/install/turtlesim/share/turtlesim/srv/Spawn_Response.msg
[3.214s] -- Up-to-date: /home/arms/ros2_ws/install/turtlesim/share/turtlesim/srv/TeleportAbsolute.srv
[3.215s] -- Up-to-date: /home/arms/ros2_ws/install/turtlesim/share/turtlesim/srv/TeleportAbsolute_Request.msg
[3.215s] -- Up-to-date: /home/arms/ros2_ws/install/turtlesim/share/turtlesim/srv/TeleportAbsolute_Response.msg
[3.215s] -- Up-to-date: /home/arms/ros2_ws/install/turtlesim/share/turtlesim/srv/TeleportRelative.srv
[3.215s] -- Up-to-date: /home/arms/ros2_ws/install/turtlesim/share/turtlesim/srv/TeleportRelative_Request.msg
[3.215s] -- Up-to-date: /home/arms/ros2_ws/install/turtlesim/share/turtlesim/srv/TeleportRelative_Response.msg
[3.215s] -- Up-to-date: /home/arms/ros2_ws/install/turtlesim/lib/turtlesim/turtlesim_node
[3.215s] -- Up-to-date: /home/arms/ros2_ws/install/turtlesim/lib/turtlesim/turtle_teleop_key
[3.215s] -- Up-to-date: /home/arms/ros2_ws/install/turtlesim/lib/turtlesim/draw_square
[3.216s] -- Up-to-date: /home/arms/ros2_ws/install/turtlesim/lib/turtlesim/mimic
[3.216s] -- Up-to-date: /home/arms/ros2_ws/install/turtlesim/share/turtlesim/images
[3.216s] -- Up-to-date: /home/arms/ros2_ws/install/turtlesim/share/turtlesim/images/crystal.png
[3.216s] -- Up-to-date: /home/arms/ros2_ws/install/turtlesim/share/turtlesim/images/ardent.png
[3.216s] -- Up-to-date: /home/arms/ros2_ws/install/turtlesim/share/turtlesim/images/bouncy.png
[3.216s] -- Up-to-date: /home/arms/ros2_ws/install/turtlesim/share/turtlesim/images/rolling.png
[3.216s] -- Up-to-date: /home/arms/ros2_ws/install/turtlesim/share/turtlesim/images/dashing.png
[3.217s] -- Up-to-date: /home/arms/ros2_ws/install/turtlesim/share/turtlesim/images/eloquent.png
[3.217s] -- Up-to-date: /home/arms/ros2_ws/install/turtlesim/share/turtlesim/images/foxy.png
[3.217s] -- Up-to-date: /home/arms/ros2_ws/install/turtlesim/share/turtlesim/images/humble.png
[3.217s] -- Up-to-date: /home/arms/ros2_ws/install/turtlesim/share/turtlesim/images/galactic.png
[3.217s] -- Up-to-date: /home/arms/ros2_ws/install/turtlesim/share/turtlesim/launch
[3.217s] -- Up-to-date: /home/arms/ros2_ws/install/turtlesim/share/turtlesim/launch/multisim.launch.py
[3.217s] -- Up-to-date: /home/arms/ros2_ws/install/turtlesim/share/ament_index/resource_index/package_run_dependencies/turtlesim
[3.218s] -- Up-to-date: /home/arms/ros2_ws/install/turtlesim/share/ament_index/resource_index/parent_prefix_path/turtlesim
[3.218s] -- Up-to-date: /home/arms/ros2_ws/install/turtlesim/share/turtlesim/environment/ament_prefix_path.sh
[3.218s] -- Up-to-date: /home/arms/ros2_ws/install/turtlesim/share/turtlesim/environment/ament_prefix_path.dsv
[3.218s] -- Up-to-date: /home/arms/ros2_ws/install/turtlesim/share/turtlesim/environment/path.sh
[3.218s] -- Up-to-date: /home/arms/ros2_ws/install/turtlesim/share/turtlesim/environment/path.dsv
[3.218s] -- Up-to-date: /home/arms/ros2_ws/install/turtlesim/share/turtlesim/local_setup.bash
[3.218s] -- Up-to-date: /home/arms/ros2_ws/install/turtlesim/share/turtlesim/local_setup.sh
[3.218s] -- Up-to-date: /home/arms/ros2_ws/install/turtlesim/share/turtlesim/local_setup.zsh
[3.218s] -- Up-to-date: /home/arms/ros2_ws/install/turtlesim/share/turtlesim/local_setup.dsv
[3.218s] -- Installing: /home/arms/ros2_ws/install/turtlesim/share/turtlesim/package.dsv
[3.219s] -- Up-to-date: /home/arms/ros2_ws/install/turtlesim/share/ament_index/resource_index/packages/turtlesim
[3.219s] -- Up-to-date: /home/arms/ros2_ws/install/turtlesim/share/turtlesim/cmake/export_turtlesim__rosidl_generator_cExport.cmake
[3.219s] -- Up-to-date: /home/arms/ros2_ws/install/turtlesim/share/turtlesim/cmake/export_turtlesim__rosidl_generator_cExport-noconfig.cmake
[3.219s] -- Up-to-date: /home/arms/ros2_ws/install/turtlesim/share/turtlesim/cmake/export_turtlesim__rosidl_typesupport_fastrtps_cExport.cmake
[3.219s] -- Up-to-date: /home/arms/ros2_ws/install/turtlesim/share/turtlesim/cmake/export_turtlesim__rosidl_typesupport_fastrtps_cExport-noconfig.cmake
[3.219s] -- Up-to-date: /home/arms/ros2_ws/install/turtlesim/share/turtlesim/cmake/export_turtlesim__rosidl_generator_cppExport.cmake
[3.219s] -- Up-to-date: /home/arms/ros2_ws/install/turtlesim/share/turtlesim/cmake/export_turtlesim__rosidl_typesupport_fastrtps_cppExport.cmake
[3.219s] -- Up-to-date: /home/arms/ros2_ws/install/turtlesim/share/turtlesim/cmake/export_turtlesim__rosidl_typesupport_fastrtps_cppExport-noconfig.cmake
[3.220s] -- Up-to-date: /home/arms/ros2_ws/install/turtlesim/share/turtlesim/cmake/turtlesim__rosidl_typesupport_introspection_cExport.cmake
[3.220s] -- Up-to-date: /home/arms/ros2_ws/install/turtlesim/share/turtlesim/cmake/turtlesim__rosidl_typesupport_introspection_cExport-noconfig.cmake
[3.220s] -- Up-to-date: /home/arms/ros2_ws/install/turtlesim/share/turtlesim/cmake/turtlesim__rosidl_typesupport_cExport.cmake
[3.220s] -- Up-to-date: /home/arms/ros2_ws/install/turtlesim/share/turtlesim/cmake/turtlesim__rosidl_typesupport_cExport-noconfig.cmake
[3.220s] -- Up-to-date: /home/arms/ros2_ws/install/turtlesim/share/turtlesim/cmake/turtlesim__rosidl_typesupport_introspection_cppExport.cmake
[3.224s] -- Up-to-date: /home/arms/ros2_ws/install/turtlesim/share/turtlesim/cmake/turtlesim__rosidl_typesupport_introspection_cppExport-noconfig.cmake
[3.224s] -- Up-to-date: /home/arms/ros2_ws/install/turtlesim/share/turtlesim/cmake/turtlesim__rosidl_typesupport_cppExport.cmake
[3.225s] -- Up-to-date: /home/arms/ros2_ws/install/turtlesim/share/turtlesim/cmake/turtlesim__rosidl_typesupport_cppExport-noconfig.cmake
[3.225s] -- Up-to-date: /home/arms/ros2_ws/install/turtlesim/share/turtlesim/cmake/export_turtlesim__rosidl_generator_pyExport.cmake
[3.225s] -- Up-to-date: /home/arms/ros2_ws/install/turtlesim/share/turtlesim/cmake/export_turtlesim__rosidl_generator_pyExport-noconfig.cmake
[3.225s] -- Up-to-date: /home/arms/ros2_ws/install/turtlesim/share/turtlesim/cmake/rosidl_cmake-extras.cmake
[3.225s] -- Up-to-date: /home/arms/ros2_ws/install/turtlesim/share/turtlesim/cmake/ament_cmake_export_dependencies-extras.cmake
[3.225s] -- Up-to-date: /home/arms/ros2_ws/install/turtlesim/share/turtlesim/cmake/ament_cmake_export_include_directories-extras.cmake
[3.225s] -- Up-to-date: /home/arms/ros2_ws/install/turtlesim/share/turtlesim/cmake/ament_cmake_export_libraries-extras.cmake
[3.225s] -- Up-to-date: /home/arms/ros2_ws/install/turtlesim/share/turtlesim/cmake/ament_cmake_export_targets-extras.cmake
[3.226s] -- Up-to-date: /home/arms/ros2_ws/install/turtlesim/share/turtlesim/cmake/rosidl_cmake_export_typesupport_targets-extras.cmake
[3.226s] -- Up-to-date: /home/arms/ros2_ws/install/turtlesim/share/turtlesim/cmake/rosidl_cmake_export_typesupport_libraries-extras.cmake
[3.226s] -- Up-to-date: /home/arms/ros2_ws/install/turtlesim/share/turtlesim/cmake/turtlesimConfig.cmake
[3.226s] -- Up-to-date: /home/arms/ros2_ws/install/turtlesim/share/turtlesim/cmake/turtlesimConfig-version.cmake
[3.226s] -- Up-to-date: /home/arms/ros2_ws/install/turtlesim/share/turtlesim/package.xml
[3.643s] Invoked command in '/home/arms/ros2_ws/build/turtlesim' returned '0': CMAKE_PREFIX_PATH=${CMAKE_PREFIX_PATH}:/home/arms/ros2_ws/install/learning_tf2_py:/home/arms/ros2_ws/install/my_package:/home/arms/install/my_package:/opt/ros/humble /usr/bin/cmake --install /home/arms/ros2_ws/build/turtlesim
