[1.041s] Invoking command in '/home/arms/ros2_ws/src/my_package': PYTHONPATH=/home/arms/ros2_ws/build/my_package/prefix_override:/home/arms/ros2_ws/install/my_package/lib/python3.10/site-packages:${PYTHONPATH} /usr/bin/python3 setup.py egg_info --egg-base ../../build/my_package build --build-base /home/arms/ros2_ws/build/my_package/build install --record /home/arms/ros2_ws/build/my_package/install.log --single-version-externally-managed
[1.183s] running egg_info
[1.183s] writing ../../build/my_package/my_package.egg-info/PKG-INFO
[1.183s] writing dependency_links to ../../build/my_package/my_package.egg-info/dependency_links.txt
[1.183s] writing entry points to ../../build/my_package/my_package.egg-info/entry_points.txt
[1.183s] writing requirements to ../../build/my_package/my_package.egg-info/requires.txt
[1.183s] writing top-level names to ../../build/my_package/my_package.egg-info/top_level.txt
[1.184s] reading manifest file '../../build/my_package/my_package.egg-info/SOURCES.txt'
[1.185s] writing manifest file '../../build/my_package/my_package.egg-info/SOURCES.txt'
[1.185s] running build
[1.185s] running build_py
[1.185s] running install
[1.185s] running install_lib
[1.186s] running install_data
[1.186s] running install_egg_info
[1.189s] removing '/home/arms/ros2_ws/install/my_package/lib/python3.10/site-packages/my_package-0.0.0-py3.10.egg-info' (and everything under it)
[1.190s] Copying ../../build/my_package/my_package.egg-info to /home/arms/ros2_ws/install/my_package/lib/python3.10/site-packages/my_package-0.0.0-py3.10.egg-info
[1.191s] running install_scripts
[1.201s] Installing client script to /home/arms/ros2_ws/install/my_package/lib/my_package
[1.201s] Installing client2 script to /home/arms/ros2_ws/install/my_package/lib/my_package
[1.201s] Installing listener script to /home/arms/ros2_ws/install/my_package/lib/my_package
[1.201s] Installing listener2 script to /home/arms/ros2_ws/install/my_package/lib/my_package
[1.201s] Installing my_node script to /home/arms/ros2_ws/install/my_package/lib/my_package
[1.201s] Installing server script to /home/arms/ros2_ws/install/my_package/lib/my_package
[1.201s] Installing server2 script to /home/arms/ros2_ws/install/my_package/lib/my_package
[1.201s] Installing talker script to /home/arms/ros2_ws/install/my_package/lib/my_package
[1.201s] Installing talker2 script to /home/arms/ros2_ws/install/my_package/lib/my_package
[1.201s] writing list of installed files to '/home/arms/ros2_ws/build/my_package/install.log'
[1.232s] Invoked command in '/home/arms/ros2_ws/src/my_package' returned '0': PYTHONPATH=/home/arms/ros2_ws/build/my_package/prefix_override:/home/arms/ros2_ws/install/my_package/lib/python3.10/site-packages:${PYTHONPATH} /usr/bin/python3 setup.py egg_info --egg-base ../../build/my_package build --build-base /home/arms/ros2_ws/build/my_package/build install --record /home/arms/ros2_ws/build/my_package/install.log --single-version-externally-managed
