[0.946s] Invoking command in '/home/arms/ros2_ws/build/my_interfaces': CMAKE_PREFIX_PATH=${CMAKE_PREFIX_PATH}:/home/arms/ros2_ws/install/learning_tf2_py:/home/arms/ros2_ws/install/my_package:/home/arms/install/my_package:/opt/ros/humble /usr/bin/cmake --build /home/arms/ros2_ws/build/my_interfaces -- -j20 -l20
[1.860s] [  1%] Built target my_interfaces__cpp
[1.861s] [ 12%] Built target my_interfaces__rosidl_generator_c
[1.864s] [ 12%] Built target ament_cmake_python_copy_my_interfaces
[1.868s] [ 23%] Built target my_interfaces__rosidl_typesupport_cpp
[1.868s] [ 43%] Built target my_interfaces__rosidl_typesupport_fastrtps_cpp
[1.868s] [ 50%] Built target my_interfaces__rosidl_typesupport_introspection_c
[1.868s] [ 56%] Built target my_interfaces__rosidl_typesupport_introspection_cpp
[1.869s] [ 67%] Built target my_interfaces__rosidl_typesupport_c
[1.869s] [ 78%] Built target my_interfaces__rosidl_typesupport_fastrtps_c
[1.869s] [ 78%] Built target my_interfaces
[1.869s] [ 80%] Built target my_interfaces__py
[1.869s] [ 89%] Built target my_interfaces__rosidl_generator_py
[1.869s] [ 92%] Built target my_interfaces__rosidl_typesupport_fastrtps_c__pyext
[1.870s] [100%] Built target my_interfaces__rosidl_typesupport_c__pyext
[1.870s] [100%] Built target my_interfaces__rosidl_typesupport_introspection_c__pyext
[1.870s] running egg_info
[1.870s] writing my_interfaces.egg-info/PKG-INFO
[1.871s] writing dependency_links to my_interfaces.egg-info/dependency_links.txt
[1.871s] writing top-level names to my_interfaces.egg-info/top_level.txt
[1.871s] reading manifest file 'my_interfaces.egg-info/SOURCES.txt'
[1.871s] writing manifest file 'my_interfaces.egg-info/SOURCES.txt'
[1.871s] [100%] Built target ament_cmake_python_build_my_interfaces_egg
[1.878s] Invoked command in '/home/arms/ros2_ws/build/my_interfaces' returned '0': CMAKE_PREFIX_PATH=${CMAKE_PREFIX_PATH}:/home/arms/ros2_ws/install/learning_tf2_py:/home/arms/ros2_ws/install/my_package:/home/arms/install/my_package:/opt/ros/humble /usr/bin/cmake --build /home/arms/ros2_ws/build/my_interfaces -- -j20 -l20
[2.431s] Invoking command in '/home/arms/ros2_ws/build/my_interfaces': CMAKE_PREFIX_PATH=${CMAKE_PREFIX_PATH}:/home/arms/ros2_ws/install/learning_tf2_py:/home/arms/ros2_ws/install/my_package:/home/arms/install/my_package:/opt/ros/humble /usr/bin/cmake --install /home/arms/ros2_ws/build/my_interfaces
[2.560s] -- Install configuration: ""
[2.560s] -- Up-to-date: /home/arms/ros2_ws/install/my_interfaces/share/ament_index/resource_index/rosidl_interfaces/my_interfaces
[2.562s] -- Up-to-date: /home/arms/ros2_ws/install/my_interfaces/include/my_interfaces/my_interfaces
[2.563s] -- Up-to-date: /home/arms/ros2_ws/install/my_interfaces/include/my_interfaces/my_interfaces/srv
[2.565s] -- Up-to-date: /home/arms/ros2_ws/install/my_interfaces/include/my_interfaces/my_interfaces/srv/time_req.h
[2.566s] -- Up-to-date: /home/arms/ros2_ws/install/my_interfaces/include/my_interfaces/my_interfaces/srv/detail
[2.566s] -- Up-to-date: /home/arms/ros2_ws/install/my_interfaces/include/my_interfaces/my_interfaces/srv/detail/time_req__functions.h
[2.567s] -- Up-to-date: /home/arms/ros2_ws/install/my_interfaces/include/my_interfaces/my_interfaces/srv/detail/time_req__type_support.h
[2.569s] -- Up-to-date: /home/arms/ros2_ws/install/my_interfaces/include/my_interfaces/my_interfaces/srv/detail/add_three_ints__type_support.h
[2.570s] -- Up-to-date: /home/arms/ros2_ws/install/my_interfaces/include/my_interfaces/my_interfaces/srv/detail/add_three_ints__struct.h
[2.573s] -- Up-to-date: /home/arms/ros2_ws/install/my_interfaces/include/my_interfaces/my_interfaces/srv/detail/add_three_ints__functions.c
[2.573s] -- Up-to-date: /home/arms/ros2_ws/install/my_interfaces/include/my_interfaces/my_interfaces/srv/detail/time_req__struct.h
[2.573s] -- Up-to-date: /home/arms/ros2_ws/install/my_interfaces/include/my_interfaces/my_interfaces/srv/detail/time_req__functions.c
[2.574s] -- Up-to-date: /home/arms/ros2_ws/install/my_interfaces/include/my_interfaces/my_interfaces/srv/detail/add_three_ints__functions.h
[2.574s] -- Up-to-date: /home/arms/ros2_ws/install/my_interfaces/include/my_interfaces/my_interfaces/srv/add_three_ints.h
[2.575s] -- Up-to-date: /home/arms/ros2_ws/install/my_interfaces/include/my_interfaces/my_interfaces/msg
[2.575s] -- Up-to-date: /home/arms/ros2_ws/install/my_interfaces/include/my_interfaces/my_interfaces/msg/sphere.h
[2.576s] -- Up-to-date: /home/arms/ros2_ws/install/my_interfaces/include/my_interfaces/my_interfaces/msg/num.h
[2.576s] -- Up-to-date: /home/arms/ros2_ws/install/my_interfaces/include/my_interfaces/my_interfaces/msg/detail
[2.576s] -- Up-to-date: /home/arms/ros2_ws/install/my_interfaces/include/my_interfaces/my_interfaces/msg/detail/num__functions.c
[2.576s] -- Up-to-date: /home/arms/ros2_ws/install/my_interfaces/include/my_interfaces/my_interfaces/msg/detail/sphere__functions.h
[2.577s] -- Up-to-date: /home/arms/ros2_ws/install/my_interfaces/include/my_interfaces/my_interfaces/msg/detail/num__struct.h
[2.577s] -- Up-to-date: /home/arms/ros2_ws/install/my_interfaces/include/my_interfaces/my_interfaces/msg/detail/sphere__type_support.h
[2.577s] -- Up-to-date: /home/arms/ros2_ws/install/my_interfaces/include/my_interfaces/my_interfaces/msg/detail/num__functions.h
[2.577s] -- Up-to-date: /home/arms/ros2_ws/install/my_interfaces/include/my_interfaces/my_interfaces/msg/detail/sphere__functions.c
[2.577s] -- Up-to-date: /home/arms/ros2_ws/install/my_interfaces/include/my_interfaces/my_interfaces/msg/detail/sphere__struct.h
[2.577s] -- Up-to-date: /home/arms/ros2_ws/install/my_interfaces/include/my_interfaces/my_interfaces/msg/detail/num__type_support.h
[2.578s] -- Up-to-date: /home/arms/ros2_ws/install/my_interfaces/include/my_interfaces/my_interfaces/msg/rosidl_generator_c__visibility_control.h
[2.578s] -- Up-to-date: /home/arms/ros2_ws/install/my_interfaces/share/my_interfaces/environment/library_path.sh
[2.578s] -- Up-to-date: /home/arms/ros2_ws/install/my_interfaces/share/my_interfaces/environment/library_path.dsv
[2.578s] -- Up-to-date: /home/arms/ros2_ws/install/my_interfaces/lib/libmy_interfaces__rosidl_generator_c.so
[2.578s] -- Up-to-date: /home/arms/ros2_ws/install/my_interfaces/include/my_interfaces/my_interfaces
[2.578s] -- Up-to-date: /home/arms/ros2_ws/install/my_interfaces/include/my_interfaces/my_interfaces/srv
[2.578s] -- Up-to-date: /home/arms/ros2_ws/install/my_interfaces/include/my_interfaces/my_interfaces/srv/detail
[2.579s] -- Up-to-date: /home/arms/ros2_ws/install/my_interfaces/include/my_interfaces/my_interfaces/srv/detail/add_three_ints__rosidl_typesupport_fastrtps_c.h
[2.579s] -- Up-to-date: /home/arms/ros2_ws/install/my_interfaces/include/my_interfaces/my_interfaces/srv/detail/time_req__rosidl_typesupport_fastrtps_c.h
[2.579s] -- Up-to-date: /home/arms/ros2_ws/install/my_interfaces/include/my_interfaces/my_interfaces/msg
[2.579s] -- Up-to-date: /home/arms/ros2_ws/install/my_interfaces/include/my_interfaces/my_interfaces/msg/rosidl_typesupport_fastrtps_c__visibility_control.h
[2.581s] -- Up-to-date: /home/arms/ros2_ws/install/my_interfaces/include/my_interfaces/my_interfaces/msg/detail
[2.582s] -- Up-to-date: /home/arms/ros2_ws/install/my_interfaces/include/my_interfaces/my_interfaces/msg/detail/sphere__rosidl_typesupport_fastrtps_c.h
[2.582s] -- Up-to-date: /home/arms/ros2_ws/install/my_interfaces/include/my_interfaces/my_interfaces/msg/detail/num__rosidl_typesupport_fastrtps_c.h
[2.582s] -- Up-to-date: /home/arms/ros2_ws/install/my_interfaces/lib/libmy_interfaces__rosidl_typesupport_fastrtps_c.so
[2.582s] -- Up-to-date: /home/arms/ros2_ws/install/my_interfaces/include/my_interfaces/my_interfaces
[2.582s] -- Up-to-date: /home/arms/ros2_ws/install/my_interfaces/include/my_interfaces/my_interfaces/srv
[2.582s] -- Up-to-date: /home/arms/ros2_ws/install/my_interfaces/include/my_interfaces/my_interfaces/srv/add_three_ints.hpp
[2.582s] -- Up-to-date: /home/arms/ros2_ws/install/my_interfaces/include/my_interfaces/my_interfaces/srv/time_req.hpp
[2.582s] -- Up-to-date: /home/arms/ros2_ws/install/my_interfaces/include/my_interfaces/my_interfaces/srv/detail
[2.583s] -- Up-to-date: /home/arms/ros2_ws/install/my_interfaces/include/my_interfaces/my_interfaces/srv/detail/time_req__traits.hpp
[2.583s] -- Up-to-date: /home/arms/ros2_ws/install/my_interfaces/include/my_interfaces/my_interfaces/srv/detail/add_three_ints__struct.hpp
[2.583s] -- Up-to-date: /home/arms/ros2_ws/install/my_interfaces/include/my_interfaces/my_interfaces/srv/detail/add_three_ints__builder.hpp
[2.583s] -- Up-to-date: /home/arms/ros2_ws/install/my_interfaces/include/my_interfaces/my_interfaces/srv/detail/time_req__builder.hpp
[2.583s] -- Up-to-date: /home/arms/ros2_ws/install/my_interfaces/include/my_interfaces/my_interfaces/srv/detail/add_three_ints__traits.hpp
[2.583s] -- Up-to-date: /home/arms/ros2_ws/install/my_interfaces/include/my_interfaces/my_interfaces/srv/detail/time_req__struct.hpp
[2.583s] -- Up-to-date: /home/arms/ros2_ws/install/my_interfaces/include/my_interfaces/my_interfaces/msg
[2.584s] -- Up-to-date: /home/arms/ros2_ws/install/my_interfaces/include/my_interfaces/my_interfaces/msg/num.hpp
[2.585s] -- Up-to-date: /home/arms/ros2_ws/install/my_interfaces/include/my_interfaces/my_interfaces/msg/sphere.hpp
[2.586s] -- Up-to-date: /home/arms/ros2_ws/install/my_interfaces/include/my_interfaces/my_interfaces/msg/detail
[2.587s] -- Up-to-date: /home/arms/ros2_ws/install/my_interfaces/include/my_interfaces/my_interfaces/msg/detail/sphere__builder.hpp
[2.588s] -- Up-to-date: /home/arms/ros2_ws/install/my_interfaces/include/my_interfaces/my_interfaces/msg/detail/sphere__struct.hpp
[2.589s] -- Up-to-date: /home/arms/ros2_ws/install/my_interfaces/include/my_interfaces/my_interfaces/msg/detail/num__traits.hpp
[2.589s] -- Up-to-date: /home/arms/ros2_ws/install/my_interfaces/include/my_interfaces/my_interfaces/msg/detail/sphere__traits.hpp
[2.590s] -- Up-to-date: /home/arms/ros2_ws/install/my_interfaces/include/my_interfaces/my_interfaces/msg/detail/num__builder.hpp
[2.590s] -- Up-to-date: /home/arms/ros2_ws/install/my_interfaces/include/my_interfaces/my_interfaces/msg/detail/num__struct.hpp
[2.591s] -- Up-to-date: /home/arms/ros2_ws/install/my_interfaces/include/my_interfaces/my_interfaces
[2.592s] -- Up-to-date: /home/arms/ros2_ws/install/my_interfaces/include/my_interfaces/my_interfaces/srv
[2.592s] -- Up-to-date: /home/arms/ros2_ws/install/my_interfaces/include/my_interfaces/my_interfaces/srv/detail
[2.593s] -- Up-to-date: /home/arms/ros2_ws/install/my_interfaces/include/my_interfaces/my_interfaces/srv/detail/time_req__rosidl_typesupport_fastrtps_cpp.hpp
[2.593s] -- Up-to-date: /home/arms/ros2_ws/install/my_interfaces/include/my_interfaces/my_interfaces/srv/detail/dds_fastrtps
[2.594s] -- Up-to-date: /home/arms/ros2_ws/install/my_interfaces/include/my_interfaces/my_interfaces/srv/detail/add_three_ints__rosidl_typesupport_fastrtps_cpp.hpp
[2.594s] -- Up-to-date: /home/arms/ros2_ws/install/my_interfaces/include/my_interfaces/my_interfaces/msg
[2.595s] -- Up-to-date: /home/arms/ros2_ws/install/my_interfaces/include/my_interfaces/my_interfaces/msg/rosidl_typesupport_fastrtps_cpp__visibility_control.h
[2.596s] -- Up-to-date: /home/arms/ros2_ws/install/my_interfaces/include/my_interfaces/my_interfaces/msg/detail
[2.596s] -- Up-to-date: /home/arms/ros2_ws/install/my_interfaces/include/my_interfaces/my_interfaces/msg/detail/num__rosidl_typesupport_fastrtps_cpp.hpp
[2.596s] -- Up-to-date: /home/arms/ros2_ws/install/my_interfaces/include/my_interfaces/my_interfaces/msg/detail/dds_fastrtps
[2.597s] -- Up-to-date: /home/arms/ros2_ws/install/my_interfaces/include/my_interfaces/my_interfaces/msg/detail/sphere__rosidl_typesupport_fastrtps_cpp.hpp
[2.598s] -- Up-to-date: /home/arms/ros2_ws/install/my_interfaces/lib/libmy_interfaces__rosidl_typesupport_fastrtps_cpp.so
[2.598s] -- Up-to-date: /home/arms/ros2_ws/install/my_interfaces/include/my_interfaces/my_interfaces
[2.599s] -- Up-to-date: /home/arms/ros2_ws/install/my_interfaces/include/my_interfaces/my_interfaces/srv
[2.599s] -- Up-to-date: /home/arms/ros2_ws/install/my_interfaces/include/my_interfaces/my_interfaces/srv/detail
[2.599s] -- Up-to-date: /home/arms/ros2_ws/install/my_interfaces/include/my_interfaces/my_interfaces/srv/detail/add_three_ints__type_support.c
[2.601s] -- Up-to-date: /home/arms/ros2_ws/install/my_interfaces/include/my_interfaces/my_interfaces/srv/detail/time_req__rosidl_typesupport_introspection_c.h
[2.601s] -- Up-to-date: /home/arms/ros2_ws/install/my_interfaces/include/my_interfaces/my_interfaces/srv/detail/add_three_ints__rosidl_typesupport_introspection_c.h
[2.602s] -- Up-to-date: /home/arms/ros2_ws/install/my_interfaces/include/my_interfaces/my_interfaces/srv/detail/time_req__type_support.c
[2.603s] -- Up-to-date: /home/arms/ros2_ws/install/my_interfaces/include/my_interfaces/my_interfaces/msg
[2.603s] -- Up-to-date: /home/arms/ros2_ws/install/my_interfaces/include/my_interfaces/my_interfaces/msg/rosidl_typesupport_introspection_c__visibility_control.h
[2.604s] -- Up-to-date: /home/arms/ros2_ws/install/my_interfaces/include/my_interfaces/my_interfaces/msg/detail
[2.605s] -- Up-to-date: /home/arms/ros2_ws/install/my_interfaces/include/my_interfaces/my_interfaces/msg/detail/sphere__type_support.c
[2.605s] -- Up-to-date: /home/arms/ros2_ws/install/my_interfaces/include/my_interfaces/my_interfaces/msg/detail/num__type_support.c
[2.606s] -- Up-to-date: /home/arms/ros2_ws/install/my_interfaces/include/my_interfaces/my_interfaces/msg/detail/num__rosidl_typesupport_introspection_c.h
[2.607s] -- Up-to-date: /home/arms/ros2_ws/install/my_interfaces/include/my_interfaces/my_interfaces/msg/detail/sphere__rosidl_typesupport_introspection_c.h
[2.607s] -- Up-to-date: /home/arms/ros2_ws/install/my_interfaces/lib/libmy_interfaces__rosidl_typesupport_introspection_c.so
[2.608s] -- Up-to-date: /home/arms/ros2_ws/install/my_interfaces/lib/libmy_interfaces__rosidl_typesupport_c.so
[2.608s] -- Up-to-date: /home/arms/ros2_ws/install/my_interfaces/include/my_interfaces/my_interfaces
[2.609s] -- Up-to-date: /home/arms/ros2_ws/install/my_interfaces/include/my_interfaces/my_interfaces/srv
[2.610s] -- Up-to-date: /home/arms/ros2_ws/install/my_interfaces/include/my_interfaces/my_interfaces/srv/detail
[2.610s] -- Up-to-date: /home/arms/ros2_ws/install/my_interfaces/include/my_interfaces/my_interfaces/srv/detail/add_three_ints__rosidl_typesupport_introspection_cpp.hpp
[2.610s] -- Up-to-date: /home/arms/ros2_ws/install/my_interfaces/include/my_interfaces/my_interfaces/srv/detail/add_three_ints__type_support.cpp
[2.611s] -- Up-to-date: /home/arms/ros2_ws/install/my_interfaces/include/my_interfaces/my_interfaces/srv/detail/time_req__rosidl_typesupport_introspection_cpp.hpp
[2.611s] -- Up-to-date: /home/arms/ros2_ws/install/my_interfaces/include/my_interfaces/my_interfaces/srv/detail/time_req__type_support.cpp
[2.612s] -- Up-to-date: /home/arms/ros2_ws/install/my_interfaces/include/my_interfaces/my_interfaces/msg
[2.612s] -- Up-to-date: /home/arms/ros2_ws/install/my_interfaces/include/my_interfaces/my_interfaces/msg/detail
[2.613s] -- Up-to-date: /home/arms/ros2_ws/install/my_interfaces/include/my_interfaces/my_interfaces/msg/detail/sphere__type_support.cpp
[2.613s] -- Up-to-date: /home/arms/ros2_ws/install/my_interfaces/include/my_interfaces/my_interfaces/msg/detail/sphere__rosidl_typesupport_introspection_cpp.hpp
[2.627s] -- Up-to-date: /home/arms/ros2_ws/install/my_interfaces/include/my_interfaces/my_interfaces/msg/detail/num__rosidl_typesupport_introspection_cpp.hpp
[2.628s] -- Up-to-date: /home/arms/ros2_ws/install/my_interfaces/include/my_interfaces/my_interfaces/msg/detail/num__type_support.cpp
[2.629s] -- Up-to-date: /home/arms/ros2_ws/install/my_interfaces/lib/libmy_interfaces__rosidl_typesupport_introspection_cpp.so
[2.631s] -- Up-to-date: /home/arms/ros2_ws/install/my_interfaces/lib/libmy_interfaces__rosidl_typesupport_cpp.so
[2.633s] -- Up-to-date: /home/arms/ros2_ws/install/my_interfaces/share/my_interfaces/environment/pythonpath.sh
[2.633s] -- Up-to-date: /home/arms/ros2_ws/install/my_interfaces/share/my_interfaces/environment/pythonpath.dsv
[2.634s] -- Up-to-date: /home/arms/ros2_ws/install/my_interfaces/local/lib/python3.10/dist-packages/my_interfaces-0.0.0-py3.10.egg-info
[2.635s] -- Installing: /home/arms/ros2_ws/install/my_interfaces/local/lib/python3.10/dist-packages/my_interfaces-0.0.0-py3.10.egg-info/SOURCES.txt
[2.636s] -- Installing: /home/arms/ros2_ws/install/my_interfaces/local/lib/python3.10/dist-packages/my_interfaces-0.0.0-py3.10.egg-info/dependency_links.txt
[2.638s] -- Installing: /home/arms/ros2_ws/install/my_interfaces/local/lib/python3.10/dist-packages/my_interfaces-0.0.0-py3.10.egg-info/PKG-INFO
[2.639s] -- Installing: /home/arms/ros2_ws/install/my_interfaces/local/lib/python3.10/dist-packages/my_interfaces-0.0.0-py3.10.egg-info/top_level.txt
[2.639s] -- Up-to-date: /home/arms/ros2_ws/install/my_interfaces/local/lib/python3.10/dist-packages/my_interfaces
[2.640s] -- Up-to-date: /home/arms/ros2_ws/install/my_interfaces/local/lib/python3.10/dist-packages/my_interfaces/my_interfaces_s__rosidl_typesupport_introspection_c.cpython-310-x86_64-linux-gnu.so
[2.640s] -- Up-to-date: /home/arms/ros2_ws/install/my_interfaces/local/lib/python3.10/dist-packages/my_interfaces/my_interfaces_s__rosidl_typesupport_fastrtps_c.cpython-310-x86_64-linux-gnu.so
[2.640s] -- Up-to-date: /home/arms/ros2_ws/install/my_interfaces/local/lib/python3.10/dist-packages/my_interfaces/_my_interfaces_s.ep.rosidl_typesupport_introspection_c.c
[2.640s] -- Up-to-date: /home/arms/ros2_ws/install/my_interfaces/local/lib/python3.10/dist-packages/my_interfaces/my_interfaces_s__rosidl_typesupport_c.cpython-310-x86_64-linux-gnu.so
[2.641s] -- Up-to-date: /home/arms/ros2_ws/install/my_interfaces/local/lib/python3.10/dist-packages/my_interfaces/__init__.py
[2.641s] -- Up-to-date: /home/arms/ros2_ws/install/my_interfaces/local/lib/python3.10/dist-packages/my_interfaces/srv
[2.642s] -- Up-to-date: /home/arms/ros2_ws/install/my_interfaces/local/lib/python3.10/dist-packages/my_interfaces/srv/_add_three_ints_s.c
[2.642s] -- Up-to-date: /home/arms/ros2_ws/install/my_interfaces/local/lib/python3.10/dist-packages/my_interfaces/srv/__init__.py
[2.642s] -- Up-to-date: /home/arms/ros2_ws/install/my_interfaces/local/lib/python3.10/dist-packages/my_interfaces/srv/_time_req.py
[2.643s] -- Up-to-date: /home/arms/ros2_ws/install/my_interfaces/local/lib/python3.10/dist-packages/my_interfaces/srv/_time_req_s.c
[2.643s] -- Up-to-date: /home/arms/ros2_ws/install/my_interfaces/local/lib/python3.10/dist-packages/my_interfaces/srv/_add_three_ints.py
[2.645s] -- Up-to-date: /home/arms/ros2_ws/install/my_interfaces/local/lib/python3.10/dist-packages/my_interfaces/_my_interfaces_s.ep.rosidl_typesupport_fastrtps_c.c
[2.646s] -- Up-to-date: /home/arms/ros2_ws/install/my_interfaces/local/lib/python3.10/dist-packages/my_interfaces/libmy_interfaces__rosidl_generator_py.so
[2.647s] -- Up-to-date: /home/arms/ros2_ws/install/my_interfaces/local/lib/python3.10/dist-packages/my_interfaces/_my_interfaces_s.ep.rosidl_typesupport_c.c
[2.648s] -- Up-to-date: /home/arms/ros2_ws/install/my_interfaces/local/lib/python3.10/dist-packages/my_interfaces/msg
[2.650s] -- Up-to-date: /home/arms/ros2_ws/install/my_interfaces/local/lib/python3.10/dist-packages/my_interfaces/msg/_sphere_s.c
[2.651s] -- Up-to-date: /home/arms/ros2_ws/install/my_interfaces/local/lib/python3.10/dist-packages/my_interfaces/msg/_num.py
[2.652s] -- Up-to-date: /home/arms/ros2_ws/install/my_interfaces/local/lib/python3.10/dist-packages/my_interfaces/msg/__init__.py
[2.653s] -- Up-to-date: /home/arms/ros2_ws/install/my_interfaces/local/lib/python3.10/dist-packages/my_interfaces/msg/_sphere.py
[2.654s] -- Up-to-date: /home/arms/ros2_ws/install/my_interfaces/local/lib/python3.10/dist-packages/my_interfaces/msg/_num_s.c
[2.655s] Listing '/home/arms/ros2_ws/install/my_interfaces/local/lib/python3.10/dist-packages/my_interfaces'...
[2.656s] Listing '/home/arms/ros2_ws/install/my_interfaces/local/lib/python3.10/dist-packages/my_interfaces/msg'...
[2.656s] Listing '/home/arms/ros2_ws/install/my_interfaces/local/lib/python3.10/dist-packages/my_interfaces/srv'...
[2.667s] -- Up-to-date: /home/arms/ros2_ws/install/my_interfaces/local/lib/python3.10/dist-packages/my_interfaces/my_interfaces_s__rosidl_typesupport_fastrtps_c.cpython-310-x86_64-linux-gnu.so
[2.668s] -- Up-to-date: /home/arms/ros2_ws/install/my_interfaces/local/lib/python3.10/dist-packages/my_interfaces/my_interfaces_s__rosidl_typesupport_introspection_c.cpython-310-x86_64-linux-gnu.so
[2.669s] -- Up-to-date: /home/arms/ros2_ws/install/my_interfaces/local/lib/python3.10/dist-packages/my_interfaces/my_interfaces_s__rosidl_typesupport_c.cpython-310-x86_64-linux-gnu.so
[2.669s] -- Up-to-date: /home/arms/ros2_ws/install/my_interfaces/lib/libmy_interfaces__rosidl_generator_py.so
[2.669s] -- Up-to-date: /home/arms/ros2_ws/install/my_interfaces/share/my_interfaces/msg/Num.idl
[2.670s] -- Up-to-date: /home/arms/ros2_ws/install/my_interfaces/share/my_interfaces/msg/Sphere.idl
[2.671s] -- Up-to-date: /home/arms/ros2_ws/install/my_interfaces/share/my_interfaces/srv/AddThreeInts.idl
[2.671s] -- Up-to-date: /home/arms/ros2_ws/install/my_interfaces/share/my_interfaces/srv/TimeReq.idl
[2.671s] -- Up-to-date: /home/arms/ros2_ws/install/my_interfaces/share/my_interfaces/msg/Num.msg
[2.671s] -- Up-to-date: /home/arms/ros2_ws/install/my_interfaces/share/my_interfaces/msg/Sphere.msg
[2.671s] -- Up-to-date: /home/arms/ros2_ws/install/my_interfaces/share/my_interfaces/srv/AddThreeInts.srv
[2.671s] -- Up-to-date: /home/arms/ros2_ws/install/my_interfaces/share/my_interfaces/srv/AddThreeInts_Request.msg
[2.671s] -- Up-to-date: /home/arms/ros2_ws/install/my_interfaces/share/my_interfaces/srv/AddThreeInts_Response.msg
[2.671s] -- Up-to-date: /home/arms/ros2_ws/install/my_interfaces/share/my_interfaces/srv/TimeReq.srv
[2.671s] -- Up-to-date: /home/arms/ros2_ws/install/my_interfaces/share/my_interfaces/srv/TimeReq_Request.msg
[2.672s] -- Up-to-date: /home/arms/ros2_ws/install/my_interfaces/share/my_interfaces/srv/TimeReq_Response.msg
[2.672s] -- Up-to-date: /home/arms/ros2_ws/install/my_interfaces/share/ament_index/resource_index/package_run_dependencies/my_interfaces
[2.672s] -- Up-to-date: /home/arms/ros2_ws/install/my_interfaces/share/ament_index/resource_index/parent_prefix_path/my_interfaces
[2.672s] -- Up-to-date: /home/arms/ros2_ws/install/my_interfaces/share/my_interfaces/environment/ament_prefix_path.sh
[2.672s] -- Up-to-date: /home/arms/ros2_ws/install/my_interfaces/share/my_interfaces/environment/ament_prefix_path.dsv
[2.672s] -- Up-to-date: /home/arms/ros2_ws/install/my_interfaces/share/my_interfaces/environment/path.sh
[2.672s] -- Up-to-date: /home/arms/ros2_ws/install/my_interfaces/share/my_interfaces/environment/path.dsv
[2.673s] -- Up-to-date: /home/arms/ros2_ws/install/my_interfaces/share/my_interfaces/local_setup.bash
[2.673s] -- Up-to-date: /home/arms/ros2_ws/install/my_interfaces/share/my_interfaces/local_setup.sh
[2.673s] -- Up-to-date: /home/arms/ros2_ws/install/my_interfaces/share/my_interfaces/local_setup.zsh
[2.673s] -- Up-to-date: /home/arms/ros2_ws/install/my_interfaces/share/my_interfaces/local_setup.dsv
[2.673s] -- Installing: /home/arms/ros2_ws/install/my_interfaces/share/my_interfaces/package.dsv
[2.673s] -- Up-to-date: /home/arms/ros2_ws/install/my_interfaces/share/ament_index/resource_index/packages/my_interfaces
[2.673s] -- Up-to-date: /home/arms/ros2_ws/install/my_interfaces/share/my_interfaces/cmake/export_my_interfaces__rosidl_generator_cExport.cmake
[2.674s] -- Up-to-date: /home/arms/ros2_ws/install/my_interfaces/share/my_interfaces/cmake/export_my_interfaces__rosidl_generator_cExport-noconfig.cmake
[2.674s] -- Up-to-date: /home/arms/ros2_ws/install/my_interfaces/share/my_interfaces/cmake/export_my_interfaces__rosidl_typesupport_fastrtps_cExport.cmake
[2.674s] -- Up-to-date: /home/arms/ros2_ws/install/my_interfaces/share/my_interfaces/cmake/export_my_interfaces__rosidl_typesupport_fastrtps_cExport-noconfig.cmake
[2.674s] -- Up-to-date: /home/arms/ros2_ws/install/my_interfaces/share/my_interfaces/cmake/export_my_interfaces__rosidl_generator_cppExport.cmake
[2.674s] -- Up-to-date: /home/arms/ros2_ws/install/my_interfaces/share/my_interfaces/cmake/export_my_interfaces__rosidl_typesupport_fastrtps_cppExport.cmake
[2.674s] -- Up-to-date: /home/arms/ros2_ws/install/my_interfaces/share/my_interfaces/cmake/export_my_interfaces__rosidl_typesupport_fastrtps_cppExport-noconfig.cmake
[2.674s] -- Up-to-date: /home/arms/ros2_ws/install/my_interfaces/share/my_interfaces/cmake/my_interfaces__rosidl_typesupport_introspection_cExport.cmake
[2.675s] -- Up-to-date: /home/arms/ros2_ws/install/my_interfaces/share/my_interfaces/cmake/my_interfaces__rosidl_typesupport_introspection_cExport-noconfig.cmake
[2.675s] -- Up-to-date: /home/arms/ros2_ws/install/my_interfaces/share/my_interfaces/cmake/my_interfaces__rosidl_typesupport_cExport.cmake
[2.675s] -- Up-to-date: /home/arms/ros2_ws/install/my_interfaces/share/my_interfaces/cmake/my_interfaces__rosidl_typesupport_cExport-noconfig.cmake
[2.675s] -- Up-to-date: /home/arms/ros2_ws/install/my_interfaces/share/my_interfaces/cmake/my_interfaces__rosidl_typesupport_introspection_cppExport.cmake
[2.675s] -- Up-to-date: /home/arms/ros2_ws/install/my_interfaces/share/my_interfaces/cmake/my_interfaces__rosidl_typesupport_introspection_cppExport-noconfig.cmake
[2.675s] -- Up-to-date: /home/arms/ros2_ws/install/my_interfaces/share/my_interfaces/cmake/my_interfaces__rosidl_typesupport_cppExport.cmake
[2.675s] -- Up-to-date: /home/arms/ros2_ws/install/my_interfaces/share/my_interfaces/cmake/my_interfaces__rosidl_typesupport_cppExport-noconfig.cmake
[2.675s] -- Up-to-date: /home/arms/ros2_ws/install/my_interfaces/share/my_interfaces/cmake/export_my_interfaces__rosidl_generator_pyExport.cmake
[2.675s] -- Up-to-date: /home/arms/ros2_ws/install/my_interfaces/share/my_interfaces/cmake/export_my_interfaces__rosidl_generator_pyExport-noconfig.cmake
[2.676s] -- Up-to-date: /home/arms/ros2_ws/install/my_interfaces/share/my_interfaces/cmake/rosidl_cmake-extras.cmake
[2.676s] -- Up-to-date: /home/arms/ros2_ws/install/my_interfaces/share/my_interfaces/cmake/ament_cmake_export_dependencies-extras.cmake
[2.676s] -- Up-to-date: /home/arms/ros2_ws/install/my_interfaces/share/my_interfaces/cmake/ament_cmake_export_include_directories-extras.cmake
[2.676s] -- Up-to-date: /home/arms/ros2_ws/install/my_interfaces/share/my_interfaces/cmake/ament_cmake_export_libraries-extras.cmake
[2.676s] -- Up-to-date: /home/arms/ros2_ws/install/my_interfaces/share/my_interfaces/cmake/ament_cmake_export_targets-extras.cmake
[2.676s] -- Up-to-date: /home/arms/ros2_ws/install/my_interfaces/share/my_interfaces/cmake/rosidl_cmake_export_typesupport_targets-extras.cmake
[2.676s] -- Up-to-date: /home/arms/ros2_ws/install/my_interfaces/share/my_interfaces/cmake/rosidl_cmake_export_typesupport_libraries-extras.cmake
[2.676s] -- Up-to-date: /home/arms/ros2_ws/install/my_interfaces/share/my_interfaces/cmake/my_interfacesConfig.cmake
[2.677s] -- Up-to-date: /home/arms/ros2_ws/install/my_interfaces/share/my_interfaces/cmake/my_interfacesConfig-version.cmake
[2.677s] -- Up-to-date: /home/arms/ros2_ws/install/my_interfaces/share/my_interfaces/package.xml
[3.110s] Invoked command in '/home/arms/ros2_ws/build/my_interfaces' returned '0': CMAKE_PREFIX_PATH=${CMAKE_PREFIX_PATH}:/home/arms/ros2_ws/install/learning_tf2_py:/home/arms/ros2_ws/install/my_package:/home/arms/install/my_package:/opt/ros/humble /usr/bin/cmake --install /home/arms/ros2_ws/build/my_interfaces
