[1.144s] Invoking command in '/home/arms/ros2_ws/build/yolov8_msgs': CMAKE_PREFIX_PATH=${CMAKE_PREFIX_PATH}:/home/arms/ros2_ws/install/learning_tf2_py:/home/arms/ros2_ws/install/my_package:/home/arms/install/my_package:/opt/ros/humble /usr/bin/cmake --build /home/arms/ros2_ws/build/yolov8_msgs -- -j20 -l20
[1.229s] [ 10%] Built target yolov8_msgs__rosidl_generator_c
[1.231s] [ 12%] Built target yolov8_msgs__cpp
[1.281s] [ 12%] Built target ament_cmake_python_copy_yolov8_msgs
[1.317s] [ 23%] Built target yolov8_msgs__rosidl_typesupport_c
[1.319s] [ 33%] Built target yolov8_msgs__rosidl_typesupport_introspection_c
[1.320s] [ 43%] Built target yolov8_msgs__rosidl_typesupport_fastrtps_c
[1.321s] [ 53%] Built target yolov8_msgs__rosidl_typesupport_introspection_cpp
[1.336s] [ 64%] Built target yolov8_msgs__rosidl_typesupport_cpp
[1.339s] [ 74%] Built target yolov8_msgs__rosidl_typesupport_fastrtps_cpp
[1.388s] [ 74%] Built target yolov8_msgs
[1.437s] [ 76%] Built target yolov8_msgs__py
[1.489s] [ 84%] Built target yolov8_msgs__rosidl_generator_py
[1.541s] [ 89%] Built target yolov8_msgs__rosidl_typesupport_c__pyext
[1.542s] [ 94%] Built target yolov8_msgs__rosidl_typesupport_fastrtps_c__pyext
[1.544s] [100%] Built target yolov8_msgs__rosidl_typesupport_introspection_c__pyext
[1.959s] running egg_info
[1.959s] writing yolov8_msgs.egg-info/PKG-INFO
[1.960s] writing dependency_links to yolov8_msgs.egg-info/dependency_links.txt
[1.960s] writing top-level names to yolov8_msgs.egg-info/top_level.txt
[1.960s] reading manifest file 'yolov8_msgs.egg-info/SOURCES.txt'
[1.960s] writing manifest file 'yolov8_msgs.egg-info/SOURCES.txt'
[1.961s] [100%] Built target ament_cmake_python_build_yolov8_msgs_egg
[2.501s] Invoked command in '/home/arms/ros2_ws/build/yolov8_msgs' returned '0': CMAKE_PREFIX_PATH=${CMAKE_PREFIX_PATH}:/home/arms/ros2_ws/install/learning_tf2_py:/home/arms/ros2_ws/install/my_package:/home/arms/install/my_package:/opt/ros/humble /usr/bin/cmake --build /home/arms/ros2_ws/build/yolov8_msgs -- -j20 -l20
[2.950s] Invoking command in '/home/arms/ros2_ws/build/yolov8_msgs': CMAKE_PREFIX_PATH=${CMAKE_PREFIX_PATH}:/home/arms/ros2_ws/install/learning_tf2_py:/home/arms/ros2_ws/install/my_package:/home/arms/install/my_package:/opt/ros/humble /usr/bin/cmake --install /home/arms/ros2_ws/build/yolov8_msgs
[2.964s] -- Install configuration: ""
[2.966s] -- Up-to-date: /home/arms/ros2_ws/install/yolov8_msgs/share/ament_index/resource_index/rosidl_interfaces/yolov8_msgs
[2.967s] -- Up-to-date: /home/arms/ros2_ws/install/yolov8_msgs/include/yolov8_msgs/yolov8_msgs
[2.968s] -- Up-to-date: /home/arms/ros2_ws/install/yolov8_msgs/include/yolov8_msgs/yolov8_msgs/msg
[2.969s] -- Up-to-date: /home/arms/ros2_ws/install/yolov8_msgs/include/yolov8_msgs/yolov8_msgs/msg/yolov8_inference.h
[2.970s] -- Up-to-date: /home/arms/ros2_ws/install/yolov8_msgs/include/yolov8_msgs/yolov8_msgs/msg/detail
[2.970s] -- Up-to-date: /home/arms/ros2_ws/install/yolov8_msgs/include/yolov8_msgs/yolov8_msgs/msg/detail/inference_result__functions.h
[2.971s] -- Up-to-date: /home/arms/ros2_ws/install/yolov8_msgs/include/yolov8_msgs/yolov8_msgs/msg/detail/yolov8_inference__functions.c
[2.971s] -- Up-to-date: /home/arms/ros2_ws/install/yolov8_msgs/include/yolov8_msgs/yolov8_msgs/msg/detail/yolov8_inference__struct.h
[2.972s] -- Up-to-date: /home/arms/ros2_ws/install/yolov8_msgs/include/yolov8_msgs/yolov8_msgs/msg/detail/yolov8_inference__type_support.h
[2.973s] -- Up-to-date: /home/arms/ros2_ws/install/yolov8_msgs/include/yolov8_msgs/yolov8_msgs/msg/detail/inference_result__type_support.h
[2.974s] -- Up-to-date: /home/arms/ros2_ws/install/yolov8_msgs/include/yolov8_msgs/yolov8_msgs/msg/detail/inference_result__struct.h
[2.974s] -- Up-to-date: /home/arms/ros2_ws/install/yolov8_msgs/include/yolov8_msgs/yolov8_msgs/msg/detail/inference_result__functions.c
[2.975s] -- Up-to-date: /home/arms/ros2_ws/install/yolov8_msgs/include/yolov8_msgs/yolov8_msgs/msg/detail/yolov8_inference__functions.h
[2.976s] -- Up-to-date: /home/arms/ros2_ws/install/yolov8_msgs/include/yolov8_msgs/yolov8_msgs/msg/inference_result.h
[2.976s] -- Up-to-date: /home/arms/ros2_ws/install/yolov8_msgs/include/yolov8_msgs/yolov8_msgs/msg/rosidl_generator_c__visibility_control.h
[2.977s] -- Up-to-date: /home/arms/ros2_ws/install/yolov8_msgs/share/yolov8_msgs/environment/library_path.sh
[2.977s] -- Up-to-date: /home/arms/ros2_ws/install/yolov8_msgs/share/yolov8_msgs/environment/library_path.dsv
[2.978s] -- Up-to-date: /home/arms/ros2_ws/install/yolov8_msgs/lib/libyolov8_msgs__rosidl_generator_c.so
[2.978s] -- Up-to-date: /home/arms/ros2_ws/install/yolov8_msgs/include/yolov8_msgs/yolov8_msgs
[2.979s] -- Up-to-date: /home/arms/ros2_ws/install/yolov8_msgs/include/yolov8_msgs/yolov8_msgs/msg
[2.980s] -- Up-to-date: /home/arms/ros2_ws/install/yolov8_msgs/include/yolov8_msgs/yolov8_msgs/msg/rosidl_typesupport_fastrtps_c__visibility_control.h
[2.980s] -- Up-to-date: /home/arms/ros2_ws/install/yolov8_msgs/include/yolov8_msgs/yolov8_msgs/msg/detail
[2.981s] -- Up-to-date: /home/arms/ros2_ws/install/yolov8_msgs/include/yolov8_msgs/yolov8_msgs/msg/detail/yolov8_inference__rosidl_typesupport_fastrtps_c.h
[2.981s] -- Up-to-date: /home/arms/ros2_ws/install/yolov8_msgs/include/yolov8_msgs/yolov8_msgs/msg/detail/inference_result__rosidl_typesupport_fastrtps_c.h
[2.981s] -- Up-to-date: /home/arms/ros2_ws/install/yolov8_msgs/lib/libyolov8_msgs__rosidl_typesupport_fastrtps_c.so
[2.981s] -- Up-to-date: /home/arms/ros2_ws/install/yolov8_msgs/include/yolov8_msgs/yolov8_msgs
[2.981s] -- Up-to-date: /home/arms/ros2_ws/install/yolov8_msgs/include/yolov8_msgs/yolov8_msgs/msg
[2.981s] -- Up-to-date: /home/arms/ros2_ws/install/yolov8_msgs/include/yolov8_msgs/yolov8_msgs/msg/inference_result.hpp
[2.981s] -- Up-to-date: /home/arms/ros2_ws/install/yolov8_msgs/include/yolov8_msgs/yolov8_msgs/msg/yolov8_inference.hpp
[2.981s] -- Up-to-date: /home/arms/ros2_ws/install/yolov8_msgs/include/yolov8_msgs/yolov8_msgs/msg/detail
[2.982s] -- Up-to-date: /home/arms/ros2_ws/install/yolov8_msgs/include/yolov8_msgs/yolov8_msgs/msg/detail/yolov8_inference__builder.hpp
[2.982s] -- Up-to-date: /home/arms/ros2_ws/install/yolov8_msgs/include/yolov8_msgs/yolov8_msgs/msg/detail/yolov8_inference__traits.hpp
[2.982s] -- Up-to-date: /home/arms/ros2_ws/install/yolov8_msgs/include/yolov8_msgs/yolov8_msgs/msg/detail/yolov8_inference__struct.hpp
[2.982s] -- Up-to-date: /home/arms/ros2_ws/install/yolov8_msgs/include/yolov8_msgs/yolov8_msgs/msg/detail/inference_result__struct.hpp
[2.982s] -- Up-to-date: /home/arms/ros2_ws/install/yolov8_msgs/include/yolov8_msgs/yolov8_msgs/msg/detail/inference_result__builder.hpp
[2.982s] -- Up-to-date: /home/arms/ros2_ws/install/yolov8_msgs/include/yolov8_msgs/yolov8_msgs/msg/detail/inference_result__traits.hpp
[2.982s] -- Up-to-date: /home/arms/ros2_ws/install/yolov8_msgs/include/yolov8_msgs/yolov8_msgs
[2.982s] -- Up-to-date: /home/arms/ros2_ws/install/yolov8_msgs/include/yolov8_msgs/yolov8_msgs/msg
[2.982s] -- Up-to-date: /home/arms/ros2_ws/install/yolov8_msgs/include/yolov8_msgs/yolov8_msgs/msg/rosidl_typesupport_fastrtps_cpp__visibility_control.h
[2.982s] -- Up-to-date: /home/arms/ros2_ws/install/yolov8_msgs/include/yolov8_msgs/yolov8_msgs/msg/detail
[2.983s] -- Up-to-date: /home/arms/ros2_ws/install/yolov8_msgs/include/yolov8_msgs/yolov8_msgs/msg/detail/yolov8_inference__rosidl_typesupport_fastrtps_cpp.hpp
[2.983s] -- Up-to-date: /home/arms/ros2_ws/install/yolov8_msgs/include/yolov8_msgs/yolov8_msgs/msg/detail/inference_result__rosidl_typesupport_fastrtps_cpp.hpp
[2.983s] -- Up-to-date: /home/arms/ros2_ws/install/yolov8_msgs/include/yolov8_msgs/yolov8_msgs/msg/detail/dds_fastrtps
[2.983s] -- Up-to-date: /home/arms/ros2_ws/install/yolov8_msgs/lib/libyolov8_msgs__rosidl_typesupport_fastrtps_cpp.so
[2.983s] -- Up-to-date: /home/arms/ros2_ws/install/yolov8_msgs/include/yolov8_msgs/yolov8_msgs
[2.983s] -- Up-to-date: /home/arms/ros2_ws/install/yolov8_msgs/include/yolov8_msgs/yolov8_msgs/msg
[2.983s] -- Up-to-date: /home/arms/ros2_ws/install/yolov8_msgs/include/yolov8_msgs/yolov8_msgs/msg/rosidl_typesupport_introspection_c__visibility_control.h
[2.983s] -- Up-to-date: /home/arms/ros2_ws/install/yolov8_msgs/include/yolov8_msgs/yolov8_msgs/msg/detail
[2.984s] -- Up-to-date: /home/arms/ros2_ws/install/yolov8_msgs/include/yolov8_msgs/yolov8_msgs/msg/detail/inference_result__type_support.c
[2.984s] -- Up-to-date: /home/arms/ros2_ws/install/yolov8_msgs/include/yolov8_msgs/yolov8_msgs/msg/detail/inference_result__rosidl_typesupport_introspection_c.h
[2.984s] -- Up-to-date: /home/arms/ros2_ws/install/yolov8_msgs/include/yolov8_msgs/yolov8_msgs/msg/detail/yolov8_inference__rosidl_typesupport_introspection_c.h
[2.984s] -- Up-to-date: /home/arms/ros2_ws/install/yolov8_msgs/include/yolov8_msgs/yolov8_msgs/msg/detail/yolov8_inference__type_support.c
[2.984s] -- Up-to-date: /home/arms/ros2_ws/install/yolov8_msgs/lib/libyolov8_msgs__rosidl_typesupport_introspection_c.so
[2.984s] -- Up-to-date: /home/arms/ros2_ws/install/yolov8_msgs/lib/libyolov8_msgs__rosidl_typesupport_c.so
[2.984s] -- Up-to-date: /home/arms/ros2_ws/install/yolov8_msgs/include/yolov8_msgs/yolov8_msgs
[2.984s] -- Up-to-date: /home/arms/ros2_ws/install/yolov8_msgs/include/yolov8_msgs/yolov8_msgs/msg
[2.985s] -- Up-to-date: /home/arms/ros2_ws/install/yolov8_msgs/include/yolov8_msgs/yolov8_msgs/msg/detail
[2.985s] -- Up-to-date: /home/arms/ros2_ws/install/yolov8_msgs/include/yolov8_msgs/yolov8_msgs/msg/detail/yolov8_inference__rosidl_typesupport_introspection_cpp.hpp
[2.985s] -- Up-to-date: /home/arms/ros2_ws/install/yolov8_msgs/include/yolov8_msgs/yolov8_msgs/msg/detail/inference_result__rosidl_typesupport_introspection_cpp.hpp
[2.985s] -- Up-to-date: /home/arms/ros2_ws/install/yolov8_msgs/include/yolov8_msgs/yolov8_msgs/msg/detail/inference_result__type_support.cpp
[2.985s] -- Up-to-date: /home/arms/ros2_ws/install/yolov8_msgs/include/yolov8_msgs/yolov8_msgs/msg/detail/yolov8_inference__type_support.cpp
[2.985s] -- Up-to-date: /home/arms/ros2_ws/install/yolov8_msgs/lib/libyolov8_msgs__rosidl_typesupport_introspection_cpp.so
[2.985s] -- Up-to-date: /home/arms/ros2_ws/install/yolov8_msgs/lib/libyolov8_msgs__rosidl_typesupport_cpp.so
[2.985s] -- Up-to-date: /home/arms/ros2_ws/install/yolov8_msgs/share/yolov8_msgs/environment/pythonpath.sh
[2.985s] -- Up-to-date: /home/arms/ros2_ws/install/yolov8_msgs/share/yolov8_msgs/environment/pythonpath.dsv
[2.986s] -- Up-to-date: /home/arms/ros2_ws/install/yolov8_msgs/local/lib/python3.10/dist-packages/yolov8_msgs-0.0.0-py3.10.egg-info
[2.986s] -- Installing: /home/arms/ros2_ws/install/yolov8_msgs/local/lib/python3.10/dist-packages/yolov8_msgs-0.0.0-py3.10.egg-info/SOURCES.txt
[2.986s] -- Installing: /home/arms/ros2_ws/install/yolov8_msgs/local/lib/python3.10/dist-packages/yolov8_msgs-0.0.0-py3.10.egg-info/dependency_links.txt
[2.986s] -- Installing: /home/arms/ros2_ws/install/yolov8_msgs/local/lib/python3.10/dist-packages/yolov8_msgs-0.0.0-py3.10.egg-info/PKG-INFO
[2.986s] -- Installing: /home/arms/ros2_ws/install/yolov8_msgs/local/lib/python3.10/dist-packages/yolov8_msgs-0.0.0-py3.10.egg-info/top_level.txt
[2.986s] -- Up-to-date: /home/arms/ros2_ws/install/yolov8_msgs/local/lib/python3.10/dist-packages/yolov8_msgs
[2.986s] -- Up-to-date: /home/arms/ros2_ws/install/yolov8_msgs/local/lib/python3.10/dist-packages/yolov8_msgs/yolov8_msgs_s__rosidl_typesupport_fastrtps_c.cpython-310-x86_64-linux-gnu.so
[2.986s] -- Up-to-date: /home/arms/ros2_ws/install/yolov8_msgs/local/lib/python3.10/dist-packages/yolov8_msgs/_yolov8_msgs_s.ep.rosidl_typesupport_introspection_c.c
[2.986s] -- Up-to-date: /home/arms/ros2_ws/install/yolov8_msgs/local/lib/python3.10/dist-packages/yolov8_msgs/__init__.py
[2.986s] -- Up-to-date: /home/arms/ros2_ws/install/yolov8_msgs/local/lib/python3.10/dist-packages/yolov8_msgs/yolov8_msgs_s__rosidl_typesupport_c.cpython-310-x86_64-linux-gnu.so
[2.986s] -- Up-to-date: /home/arms/ros2_ws/install/yolov8_msgs/local/lib/python3.10/dist-packages/yolov8_msgs/yolov8_msgs_s__rosidl_typesupport_introspection_c.cpython-310-x86_64-linux-gnu.so
[2.987s] -- Up-to-date: /home/arms/ros2_ws/install/yolov8_msgs/local/lib/python3.10/dist-packages/yolov8_msgs/_yolov8_msgs_s.ep.rosidl_typesupport_c.c
[2.987s] -- Up-to-date: /home/arms/ros2_ws/install/yolov8_msgs/local/lib/python3.10/dist-packages/yolov8_msgs/_yolov8_msgs_s.ep.rosidl_typesupport_fastrtps_c.c
[2.989s] -- Up-to-date: /home/arms/ros2_ws/install/yolov8_msgs/local/lib/python3.10/dist-packages/yolov8_msgs/libyolov8_msgs__rosidl_generator_py.so
[2.989s] -- Up-to-date: /home/arms/ros2_ws/install/yolov8_msgs/local/lib/python3.10/dist-packages/yolov8_msgs/msg
[2.990s] -- Up-to-date: /home/arms/ros2_ws/install/yolov8_msgs/local/lib/python3.10/dist-packages/yolov8_msgs/msg/_yolov8_inference_s.c
[2.990s] -- Up-to-date: /home/arms/ros2_ws/install/yolov8_msgs/local/lib/python3.10/dist-packages/yolov8_msgs/msg/__init__.py
[2.991s] -- Up-to-date: /home/arms/ros2_ws/install/yolov8_msgs/local/lib/python3.10/dist-packages/yolov8_msgs/msg/_inference_result_s.c
[2.991s] -- Up-to-date: /home/arms/ros2_ws/install/yolov8_msgs/local/lib/python3.10/dist-packages/yolov8_msgs/msg/_yolov8_inference.py
[2.991s] -- Up-to-date: /home/arms/ros2_ws/install/yolov8_msgs/local/lib/python3.10/dist-packages/yolov8_msgs/msg/_inference_result.py
[3.042s] Listing '/home/arms/ros2_ws/install/yolov8_msgs/local/lib/python3.10/dist-packages/yolov8_msgs'...
[3.042s] Listing '/home/arms/ros2_ws/install/yolov8_msgs/local/lib/python3.10/dist-packages/yolov8_msgs/msg'...
[3.052s] -- Up-to-date: /home/arms/ros2_ws/install/yolov8_msgs/local/lib/python3.10/dist-packages/yolov8_msgs/yolov8_msgs_s__rosidl_typesupport_fastrtps_c.cpython-310-x86_64-linux-gnu.so
[3.052s] -- Up-to-date: /home/arms/ros2_ws/install/yolov8_msgs/local/lib/python3.10/dist-packages/yolov8_msgs/yolov8_msgs_s__rosidl_typesupport_introspection_c.cpython-310-x86_64-linux-gnu.so
[3.053s] -- Up-to-date: /home/arms/ros2_ws/install/yolov8_msgs/local/lib/python3.10/dist-packages/yolov8_msgs/yolov8_msgs_s__rosidl_typesupport_c.cpython-310-x86_64-linux-gnu.so
[3.054s] -- Up-to-date: /home/arms/ros2_ws/install/yolov8_msgs/lib/libyolov8_msgs__rosidl_generator_py.so
[3.055s] -- Up-to-date: /home/arms/ros2_ws/install/yolov8_msgs/share/yolov8_msgs/msg/InferenceResult.idl
[3.056s] -- Up-to-date: /home/arms/ros2_ws/install/yolov8_msgs/share/yolov8_msgs/msg/Yolov8Inference.idl
[3.056s] -- Up-to-date: /home/arms/ros2_ws/install/yolov8_msgs/share/yolov8_msgs/msg/InferenceResult.msg
[3.057s] -- Up-to-date: /home/arms/ros2_ws/install/yolov8_msgs/share/yolov8_msgs/msg/Yolov8Inference.msg
[3.058s] -- Up-to-date: /home/arms/ros2_ws/install/yolov8_msgs/share/ament_index/resource_index/package_run_dependencies/yolov8_msgs
[3.059s] -- Up-to-date: /home/arms/ros2_ws/install/yolov8_msgs/share/ament_index/resource_index/parent_prefix_path/yolov8_msgs
[3.061s] -- Up-to-date: /home/arms/ros2_ws/install/yolov8_msgs/share/yolov8_msgs/environment/ament_prefix_path.sh
[3.062s] -- Up-to-date: /home/arms/ros2_ws/install/yolov8_msgs/share/yolov8_msgs/environment/ament_prefix_path.dsv
[3.062s] -- Up-to-date: /home/arms/ros2_ws/install/yolov8_msgs/share/yolov8_msgs/environment/path.sh
[3.062s] -- Up-to-date: /home/arms/ros2_ws/install/yolov8_msgs/share/yolov8_msgs/environment/path.dsv
[3.062s] -- Up-to-date: /home/arms/ros2_ws/install/yolov8_msgs/share/yolov8_msgs/local_setup.bash
[3.062s] -- Up-to-date: /home/arms/ros2_ws/install/yolov8_msgs/share/yolov8_msgs/local_setup.sh
[3.062s] -- Up-to-date: /home/arms/ros2_ws/install/yolov8_msgs/share/yolov8_msgs/local_setup.zsh
[3.062s] -- Up-to-date: /home/arms/ros2_ws/install/yolov8_msgs/share/yolov8_msgs/local_setup.dsv
[3.063s] -- Installing: /home/arms/ros2_ws/install/yolov8_msgs/share/yolov8_msgs/package.dsv
[3.063s] -- Up-to-date: /home/arms/ros2_ws/install/yolov8_msgs/share/ament_index/resource_index/packages/yolov8_msgs
[3.063s] -- Up-to-date: /home/arms/ros2_ws/install/yolov8_msgs/share/yolov8_msgs/cmake/export_yolov8_msgs__rosidl_generator_cExport.cmake
[3.063s] -- Up-to-date: /home/arms/ros2_ws/install/yolov8_msgs/share/yolov8_msgs/cmake/export_yolov8_msgs__rosidl_generator_cExport-noconfig.cmake
[3.063s] -- Up-to-date: /home/arms/ros2_ws/install/yolov8_msgs/share/yolov8_msgs/cmake/export_yolov8_msgs__rosidl_typesupport_fastrtps_cExport.cmake
[3.063s] -- Up-to-date: /home/arms/ros2_ws/install/yolov8_msgs/share/yolov8_msgs/cmake/export_yolov8_msgs__rosidl_typesupport_fastrtps_cExport-noconfig.cmake
[3.063s] -- Up-to-date: /home/arms/ros2_ws/install/yolov8_msgs/share/yolov8_msgs/cmake/export_yolov8_msgs__rosidl_generator_cppExport.cmake
[3.063s] -- Up-to-date: /home/arms/ros2_ws/install/yolov8_msgs/share/yolov8_msgs/cmake/export_yolov8_msgs__rosidl_typesupport_fastrtps_cppExport.cmake
[3.064s] -- Up-to-date: /home/arms/ros2_ws/install/yolov8_msgs/share/yolov8_msgs/cmake/export_yolov8_msgs__rosidl_typesupport_fastrtps_cppExport-noconfig.cmake
[3.064s] -- Up-to-date: /home/arms/ros2_ws/install/yolov8_msgs/share/yolov8_msgs/cmake/yolov8_msgs__rosidl_typesupport_introspection_cExport.cmake
[3.064s] -- Up-to-date: /home/arms/ros2_ws/install/yolov8_msgs/share/yolov8_msgs/cmake/yolov8_msgs__rosidl_typesupport_introspection_cExport-noconfig.cmake
[3.064s] -- Up-to-date: /home/arms/ros2_ws/install/yolov8_msgs/share/yolov8_msgs/cmake/yolov8_msgs__rosidl_typesupport_cExport.cmake
[3.064s] -- Up-to-date: /home/arms/ros2_ws/install/yolov8_msgs/share/yolov8_msgs/cmake/yolov8_msgs__rosidl_typesupport_cExport-noconfig.cmake
[3.064s] -- Up-to-date: /home/arms/ros2_ws/install/yolov8_msgs/share/yolov8_msgs/cmake/yolov8_msgs__rosidl_typesupport_introspection_cppExport.cmake
[3.064s] -- Up-to-date: /home/arms/ros2_ws/install/yolov8_msgs/share/yolov8_msgs/cmake/yolov8_msgs__rosidl_typesupport_introspection_cppExport-noconfig.cmake
[3.064s] -- Up-to-date: /home/arms/ros2_ws/install/yolov8_msgs/share/yolov8_msgs/cmake/yolov8_msgs__rosidl_typesupport_cppExport.cmake
[3.064s] -- Up-to-date: /home/arms/ros2_ws/install/yolov8_msgs/share/yolov8_msgs/cmake/yolov8_msgs__rosidl_typesupport_cppExport-noconfig.cmake
[3.064s] -- Up-to-date: /home/arms/ros2_ws/install/yolov8_msgs/share/yolov8_msgs/cmake/export_yolov8_msgs__rosidl_generator_pyExport.cmake
[3.065s] -- Up-to-date: /home/arms/ros2_ws/install/yolov8_msgs/share/yolov8_msgs/cmake/export_yolov8_msgs__rosidl_generator_pyExport-noconfig.cmake
[3.065s] -- Up-to-date: /home/arms/ros2_ws/install/yolov8_msgs/share/yolov8_msgs/cmake/rosidl_cmake-extras.cmake
[3.065s] -- Up-to-date: /home/arms/ros2_ws/install/yolov8_msgs/share/yolov8_msgs/cmake/ament_cmake_export_dependencies-extras.cmake
[3.065s] -- Up-to-date: /home/arms/ros2_ws/install/yolov8_msgs/share/yolov8_msgs/cmake/ament_cmake_export_include_directories-extras.cmake
[3.065s] -- Up-to-date: /home/arms/ros2_ws/install/yolov8_msgs/share/yolov8_msgs/cmake/ament_cmake_export_libraries-extras.cmake
[3.065s] -- Up-to-date: /home/arms/ros2_ws/install/yolov8_msgs/share/yolov8_msgs/cmake/ament_cmake_export_targets-extras.cmake
[3.065s] -- Up-to-date: /home/arms/ros2_ws/install/yolov8_msgs/share/yolov8_msgs/cmake/rosidl_cmake_export_typesupport_targets-extras.cmake
[3.065s] -- Up-to-date: /home/arms/ros2_ws/install/yolov8_msgs/share/yolov8_msgs/cmake/rosidl_cmake_export_typesupport_libraries-extras.cmake
[3.066s] -- Up-to-date: /home/arms/ros2_ws/install/yolov8_msgs/share/yolov8_msgs/cmake/yolov8_msgsConfig.cmake
[3.066s] -- Up-to-date: /home/arms/ros2_ws/install/yolov8_msgs/share/yolov8_msgs/cmake/yolov8_msgsConfig-version.cmake
[3.066s] -- Up-to-date: /home/arms/ros2_ws/install/yolov8_msgs/share/yolov8_msgs/package.xml
[3.288s] Invoked command in '/home/arms/ros2_ws/build/yolov8_msgs' returned '0': CMAKE_PREFIX_PATH=${CMAKE_PREFIX_PATH}:/home/arms/ros2_ws/install/learning_tf2_py:/home/arms/ros2_ws/install/my_package:/home/arms/install/my_package:/opt/ros/humble /usr/bin/cmake --install /home/arms/ros2_ws/build/yolov8_msgs
