/home/arms/ros2_ws/install/learning_tf2_py/lib/python3.10/site-packages/learning_tf2_py/turtle_tf2_listener.py
/home/arms/ros2_ws/install/learning_tf2_py/lib/python3.10/site-packages/learning_tf2_py/q4_turtle_tf2_broadcaster.py
/home/arms/ros2_ws/install/learning_tf2_py/lib/python3.10/site-packages/learning_tf2_py/__init__.py
/home/arms/ros2_ws/install/learning_tf2_py/lib/python3.10/site-packages/learning_tf2_py/turtle_tf2_constant_dist (copy).py
/home/arms/ros2_ws/install/learning_tf2_py/lib/python3.10/site-packages/learning_tf2_py/static_turtle_tf2_broadcaster.py
/home/arms/ros2_ws/install/learning_tf2_py/lib/python3.10/site-packages/learning_tf2_py/turtle_tf2_constant_dist.py
/home/arms/ros2_ws/install/learning_tf2_py/lib/python3.10/site-packages/learning_tf2_py/turtle_tf2_broadcaster.py
/home/arms/ros2_ws/install/learning_tf2_py/lib/python3.10/site-packages/learning_tf2_py/turtle_tf2_controller.py
/home/arms/ros2_ws/install/learning_tf2_py/lib/python3.10/site-packages/learning_tf2_py/__pycache__/turtle_tf2_listener.cpython-310.pyc
/home/arms/ros2_ws/install/learning_tf2_py/lib/python3.10/site-packages/learning_tf2_py/__pycache__/q4_turtle_tf2_broadcaster.cpython-310.pyc
/home/arms/ros2_ws/install/learning_tf2_py/lib/python3.10/site-packages/learning_tf2_py/__pycache__/__init__.cpython-310.pyc
/home/arms/ros2_ws/install/learning_tf2_py/lib/python3.10/site-packages/learning_tf2_py/__pycache__/turtle_tf2_constant_dist (copy).cpython-310.pyc
/home/arms/ros2_ws/install/learning_tf2_py/lib/python3.10/site-packages/learning_tf2_py/__pycache__/static_turtle_tf2_broadcaster.cpython-310.pyc
/home/arms/ros2_ws/install/learning_tf2_py/lib/python3.10/site-packages/learning_tf2_py/__pycache__/turtle_tf2_constant_dist.cpython-310.pyc
/home/arms/ros2_ws/install/learning_tf2_py/lib/python3.10/site-packages/learning_tf2_py/__pycache__/turtle_tf2_broadcaster.cpython-310.pyc
/home/arms/ros2_ws/install/learning_tf2_py/lib/python3.10/site-packages/learning_tf2_py/__pycache__/turtle_tf2_controller.cpython-310.pyc
/home/arms/ros2_ws/install/learning_tf2_py/share/ament_index/resource_index/packages/learning_tf2_py
/home/arms/ros2_ws/install/learning_tf2_py/share/learning_tf2_py/package.xml
/home/arms/ros2_ws/install/learning_tf2_py/share/learning_tf2_py/launch/turtle_tf2_constant_dist.launch.py
/home/arms/ros2_ws/install/learning_tf2_py/share/learning_tf2_py/launch/test_static_transform.launch.py
/home/arms/ros2_ws/install/learning_tf2_py/share/learning_tf2_py/launch/turtle_tf2_demo.launch.py
/home/arms/ros2_ws/install/learning_tf2_py/lib/python3.10/site-packages/learning_tf2_py-0.0.0-py3.10.egg-info/SOURCES.txt
/home/arms/ros2_ws/install/learning_tf2_py/lib/python3.10/site-packages/learning_tf2_py-0.0.0-py3.10.egg-info/dependency_links.txt
/home/arms/ros2_ws/install/learning_tf2_py/lib/python3.10/site-packages/learning_tf2_py-0.0.0-py3.10.egg-info/entry_points.txt
/home/arms/ros2_ws/install/learning_tf2_py/lib/python3.10/site-packages/learning_tf2_py-0.0.0-py3.10.egg-info/PKG-INFO
/home/arms/ros2_ws/install/learning_tf2_py/lib/python3.10/site-packages/learning_tf2_py-0.0.0-py3.10.egg-info/top_level.txt
/home/arms/ros2_ws/install/learning_tf2_py/lib/python3.10/site-packages/learning_tf2_py-0.0.0-py3.10.egg-info/requires.txt
/home/arms/ros2_ws/install/learning_tf2_py/lib/python3.10/site-packages/learning_tf2_py-0.0.0-py3.10.egg-info/zip-safe
/home/arms/ros2_ws/install/learning_tf2_py/lib/learning_tf2_py/static_turtle_tf2_broadcaster
/home/arms/ros2_ws/install/learning_tf2_py/lib/learning_tf2_py/turtle_tf2_broadcaster
/home/arms/ros2_ws/install/learning_tf2_py/lib/learning_tf2_py/turtle_tf2_constant_dist
/home/arms/ros2_ws/install/learning_tf2_py/lib/learning_tf2_py/turtle_tf2_controller
/home/arms/ros2_ws/install/learning_tf2_py/lib/learning_tf2_py/turtle_tf2_listener
