[0.408s] Invoking command in '/home/arms/ros2_ws/build/yolov8_msgs': CMAKE_PREFIX_PATH=${CMAKE_PREFIX_PATH}:/home/arms/ros2_ws/install/learning_tf2_py:/home/arms/ros2_ws/install/my_package:/home/arms/install/my_package:/opt/ros/humble /usr/bin/cmake --build /home/arms/ros2_ws/build/yolov8_msgs -- -j20 -l20
[0.462s] [ 10%] Built target yolov8_msgs__rosidl_generator_c
[0.471s] [ 12%] Built target yolov8_msgs__cpp
[0.471s] [ 12%] Built target ament_cmake_python_copy_yolov8_msgs
[0.476s] [ 23%] Built target yolov8_msgs__rosidl_typesupport_c
[0.477s] [ 33%] Built target yolov8_msgs__rosidl_typesupport_fastrtps_c
[0.481s] [ 43%] Built target yolov8_msgs__rosidl_typesupport_introspection_c
[0.482s] [ 53%] Built target yolov8_msgs__rosidl_typesupport_cpp
[0.486s] [ 64%] Built target yolov8_msgs__rosidl_typesupport_fastrtps_cpp
[0.487s] [ 74%] Built target yolov8_msgs__rosidl_typesupport_introspection_cpp
[0.503s] [ 74%] Built target yolov8_msgs
[0.520s] [ 76%] Built target yolov8_msgs__py
[0.555s] [ 84%] Built target yolov8_msgs__rosidl_generator_py
[0.556s] [ 89%] Built target yolov8_msgs__rosidl_typesupport_fastrtps_c__pyext
[0.559s] [ 94%] Built target yolov8_msgs__rosidl_typesupport_c__pyext
[0.562s] [100%] Built target yolov8_msgs__rosidl_typesupport_introspection_c__pyext
[0.667s] running egg_info
[0.667s] writing yolov8_msgs.egg-info/PKG-INFO
[0.667s] writing dependency_links to yolov8_msgs.egg-info/dependency_links.txt
[0.667s] writing top-level names to yolov8_msgs.egg-info/top_level.txt
[0.668s] reading manifest file 'yolov8_msgs.egg-info/SOURCES.txt'
[0.669s] writing manifest file 'yolov8_msgs.egg-info/SOURCES.txt'
[0.686s] [100%] Built target ament_cmake_python_build_yolov8_msgs_egg
[0.898s] Invoked command in '/home/arms/ros2_ws/build/yolov8_msgs' returned '0': CMAKE_PREFIX_PATH=${CMAKE_PREFIX_PATH}:/home/arms/ros2_ws/install/learning_tf2_py:/home/arms/ros2_ws/install/my_package:/home/arms/install/my_package:/opt/ros/humble /usr/bin/cmake --build /home/arms/ros2_ws/build/yolov8_msgs -- -j20 -l20
[1.024s] Invoking command in '/home/arms/ros2_ws/build/yolov8_msgs': CMAKE_PREFIX_PATH=${CMAKE_PREFIX_PATH}:/home/arms/ros2_ws/install/learning_tf2_py:/home/arms/ros2_ws/install/my_package:/home/arms/install/my_package:/opt/ros/humble /usr/bin/cmake --install /home/arms/ros2_ws/build/yolov8_msgs
[1.029s] -- Install configuration: ""
[1.030s] -- Up-to-date: /home/arms/ros2_ws/install/yolov8_msgs/share/ament_index/resource_index/rosidl_interfaces/yolov8_msgs
[1.030s] -- Up-to-date: /home/arms/ros2_ws/install/yolov8_msgs/include/yolov8_msgs/yolov8_msgs
[1.030s] -- Up-to-date: /home/arms/ros2_ws/install/yolov8_msgs/include/yolov8_msgs/yolov8_msgs/msg
[1.030s] -- Up-to-date: /home/arms/ros2_ws/install/yolov8_msgs/include/yolov8_msgs/yolov8_msgs/msg/yolov8_inference.h
[1.030s] -- Up-to-date: /home/arms/ros2_ws/install/yolov8_msgs/include/yolov8_msgs/yolov8_msgs/msg/detail
[1.030s] -- Up-to-date: /home/arms/ros2_ws/install/yolov8_msgs/include/yolov8_msgs/yolov8_msgs/msg/detail/inference_result__functions.h
[1.030s] -- Up-to-date: /home/arms/ros2_ws/install/yolov8_msgs/include/yolov8_msgs/yolov8_msgs/msg/detail/yolov8_inference__functions.c
[1.030s] -- Up-to-date: /home/arms/ros2_ws/install/yolov8_msgs/include/yolov8_msgs/yolov8_msgs/msg/detail/yolov8_inference__struct.h
[1.030s] -- Up-to-date: /home/arms/ros2_ws/install/yolov8_msgs/include/yolov8_msgs/yolov8_msgs/msg/detail/yolov8_inference__type_support.h
[1.030s] -- Up-to-date: /home/arms/ros2_ws/install/yolov8_msgs/include/yolov8_msgs/yolov8_msgs/msg/detail/inference_result__type_support.h
[1.030s] -- Up-to-date: /home/arms/ros2_ws/install/yolov8_msgs/include/yolov8_msgs/yolov8_msgs/msg/detail/inference_result__struct.h
[1.031s] -- Up-to-date: /home/arms/ros2_ws/install/yolov8_msgs/include/yolov8_msgs/yolov8_msgs/msg/detail/inference_result__functions.c
[1.031s] -- Up-to-date: /home/arms/ros2_ws/install/yolov8_msgs/include/yolov8_msgs/yolov8_msgs/msg/detail/yolov8_inference__functions.h
[1.031s] -- Up-to-date: /home/arms/ros2_ws/install/yolov8_msgs/include/yolov8_msgs/yolov8_msgs/msg/inference_result.h
[1.031s] -- Up-to-date: /home/arms/ros2_ws/install/yolov8_msgs/include/yolov8_msgs/yolov8_msgs/msg/rosidl_generator_c__visibility_control.h
[1.031s] -- Up-to-date: /home/arms/ros2_ws/install/yolov8_msgs/share/yolov8_msgs/environment/library_path.sh
[1.031s] -- Up-to-date: /home/arms/ros2_ws/install/yolov8_msgs/share/yolov8_msgs/environment/library_path.dsv
[1.031s] -- Up-to-date: /home/arms/ros2_ws/install/yolov8_msgs/lib/libyolov8_msgs__rosidl_generator_c.so
[1.031s] -- Up-to-date: /home/arms/ros2_ws/install/yolov8_msgs/include/yolov8_msgs/yolov8_msgs
[1.031s] -- Up-to-date: /home/arms/ros2_ws/install/yolov8_msgs/include/yolov8_msgs/yolov8_msgs/msg
[1.031s] -- Up-to-date: /home/arms/ros2_ws/install/yolov8_msgs/include/yolov8_msgs/yolov8_msgs/msg/rosidl_typesupport_fastrtps_c__visibility_control.h
[1.031s] -- Up-to-date: /home/arms/ros2_ws/install/yolov8_msgs/include/yolov8_msgs/yolov8_msgs/msg/detail
[1.032s] -- Up-to-date: /home/arms/ros2_ws/install/yolov8_msgs/include/yolov8_msgs/yolov8_msgs/msg/detail/yolov8_inference__rosidl_typesupport_fastrtps_c.h
[1.032s] -- Up-to-date: /home/arms/ros2_ws/install/yolov8_msgs/include/yolov8_msgs/yolov8_msgs/msg/detail/inference_result__rosidl_typesupport_fastrtps_c.h
[1.032s] -- Up-to-date: /home/arms/ros2_ws/install/yolov8_msgs/lib/libyolov8_msgs__rosidl_typesupport_fastrtps_c.so
[1.032s] -- Up-to-date: /home/arms/ros2_ws/install/yolov8_msgs/include/yolov8_msgs/yolov8_msgs
[1.032s] -- Up-to-date: /home/arms/ros2_ws/install/yolov8_msgs/include/yolov8_msgs/yolov8_msgs/msg
[1.032s] -- Up-to-date: /home/arms/ros2_ws/install/yolov8_msgs/include/yolov8_msgs/yolov8_msgs/msg/inference_result.hpp
[1.032s] -- Up-to-date: /home/arms/ros2_ws/install/yolov8_msgs/include/yolov8_msgs/yolov8_msgs/msg/yolov8_inference.hpp
[1.032s] -- Up-to-date: /home/arms/ros2_ws/install/yolov8_msgs/include/yolov8_msgs/yolov8_msgs/msg/detail
[1.032s] -- Up-to-date: /home/arms/ros2_ws/install/yolov8_msgs/include/yolov8_msgs/yolov8_msgs/msg/detail/yolov8_inference__builder.hpp
[1.032s] -- Up-to-date: /home/arms/ros2_ws/install/yolov8_msgs/include/yolov8_msgs/yolov8_msgs/msg/detail/yolov8_inference__traits.hpp
[1.032s] -- Up-to-date: /home/arms/ros2_ws/install/yolov8_msgs/include/yolov8_msgs/yolov8_msgs/msg/detail/yolov8_inference__struct.hpp
[1.032s] -- Up-to-date: /home/arms/ros2_ws/install/yolov8_msgs/include/yolov8_msgs/yolov8_msgs/msg/detail/inference_result__struct.hpp
[1.032s] -- Up-to-date: /home/arms/ros2_ws/install/yolov8_msgs/include/yolov8_msgs/yolov8_msgs/msg/detail/inference_result__builder.hpp
[1.033s] -- Up-to-date: /home/arms/ros2_ws/install/yolov8_msgs/include/yolov8_msgs/yolov8_msgs/msg/detail/inference_result__traits.hpp
[1.033s] -- Up-to-date: /home/arms/ros2_ws/install/yolov8_msgs/include/yolov8_msgs/yolov8_msgs
[1.033s] -- Up-to-date: /home/arms/ros2_ws/install/yolov8_msgs/include/yolov8_msgs/yolov8_msgs/msg
[1.033s] -- Up-to-date: /home/arms/ros2_ws/install/yolov8_msgs/include/yolov8_msgs/yolov8_msgs/msg/rosidl_typesupport_fastrtps_cpp__visibility_control.h
[1.033s] -- Up-to-date: /home/arms/ros2_ws/install/yolov8_msgs/include/yolov8_msgs/yolov8_msgs/msg/detail
[1.033s] -- Up-to-date: /home/arms/ros2_ws/install/yolov8_msgs/include/yolov8_msgs/yolov8_msgs/msg/detail/yolov8_inference__rosidl_typesupport_fastrtps_cpp.hpp
[1.033s] -- Up-to-date: /home/arms/ros2_ws/install/yolov8_msgs/include/yolov8_msgs/yolov8_msgs/msg/detail/inference_result__rosidl_typesupport_fastrtps_cpp.hpp
[1.033s] -- Up-to-date: /home/arms/ros2_ws/install/yolov8_msgs/include/yolov8_msgs/yolov8_msgs/msg/detail/dds_fastrtps
[1.033s] -- Up-to-date: /home/arms/ros2_ws/install/yolov8_msgs/lib/libyolov8_msgs__rosidl_typesupport_fastrtps_cpp.so
[1.033s] -- Up-to-date: /home/arms/ros2_ws/install/yolov8_msgs/include/yolov8_msgs/yolov8_msgs
[1.033s] -- Up-to-date: /home/arms/ros2_ws/install/yolov8_msgs/include/yolov8_msgs/yolov8_msgs/msg
[1.033s] -- Up-to-date: /home/arms/ros2_ws/install/yolov8_msgs/include/yolov8_msgs/yolov8_msgs/msg/rosidl_typesupport_introspection_c__visibility_control.h
[1.033s] -- Up-to-date: /home/arms/ros2_ws/install/yolov8_msgs/include/yolov8_msgs/yolov8_msgs/msg/detail
[1.033s] -- Up-to-date: /home/arms/ros2_ws/install/yolov8_msgs/include/yolov8_msgs/yolov8_msgs/msg/detail/inference_result__type_support.c
[1.034s] -- Up-to-date: /home/arms/ros2_ws/install/yolov8_msgs/include/yolov8_msgs/yolov8_msgs/msg/detail/inference_result__rosidl_typesupport_introspection_c.h
[1.034s] -- Up-to-date: /home/arms/ros2_ws/install/yolov8_msgs/include/yolov8_msgs/yolov8_msgs/msg/detail/yolov8_inference__rosidl_typesupport_introspection_c.h
[1.034s] -- Up-to-date: /home/arms/ros2_ws/install/yolov8_msgs/include/yolov8_msgs/yolov8_msgs/msg/detail/yolov8_inference__type_support.c
[1.034s] -- Up-to-date: /home/arms/ros2_ws/install/yolov8_msgs/lib/libyolov8_msgs__rosidl_typesupport_introspection_c.so
[1.034s] -- Up-to-date: /home/arms/ros2_ws/install/yolov8_msgs/lib/libyolov8_msgs__rosidl_typesupport_c.so
[1.034s] -- Up-to-date: /home/arms/ros2_ws/install/yolov8_msgs/include/yolov8_msgs/yolov8_msgs
[1.034s] -- Up-to-date: /home/arms/ros2_ws/install/yolov8_msgs/include/yolov8_msgs/yolov8_msgs/msg
[1.034s] -- Up-to-date: /home/arms/ros2_ws/install/yolov8_msgs/include/yolov8_msgs/yolov8_msgs/msg/detail
[1.034s] -- Up-to-date: /home/arms/ros2_ws/install/yolov8_msgs/include/yolov8_msgs/yolov8_msgs/msg/detail/yolov8_inference__rosidl_typesupport_introspection_cpp.hpp
[1.034s] -- Up-to-date: /home/arms/ros2_ws/install/yolov8_msgs/include/yolov8_msgs/yolov8_msgs/msg/detail/inference_result__rosidl_typesupport_introspection_cpp.hpp
[1.034s] -- Up-to-date: /home/arms/ros2_ws/install/yolov8_msgs/include/yolov8_msgs/yolov8_msgs/msg/detail/inference_result__type_support.cpp
[1.034s] -- Up-to-date: /home/arms/ros2_ws/install/yolov8_msgs/include/yolov8_msgs/yolov8_msgs/msg/detail/yolov8_inference__type_support.cpp
[1.034s] -- Up-to-date: /home/arms/ros2_ws/install/yolov8_msgs/lib/libyolov8_msgs__rosidl_typesupport_introspection_cpp.so
[1.034s] -- Up-to-date: /home/arms/ros2_ws/install/yolov8_msgs/lib/libyolov8_msgs__rosidl_typesupport_cpp.so
[1.034s] -- Up-to-date: /home/arms/ros2_ws/install/yolov8_msgs/share/yolov8_msgs/environment/pythonpath.sh
[1.034s] -- Up-to-date: /home/arms/ros2_ws/install/yolov8_msgs/share/yolov8_msgs/environment/pythonpath.dsv
[1.034s] -- Up-to-date: /home/arms/ros2_ws/install/yolov8_msgs/local/lib/python3.10/dist-packages/yolov8_msgs-0.0.0-py3.10.egg-info
[1.034s] -- Installing: /home/arms/ros2_ws/install/yolov8_msgs/local/lib/python3.10/dist-packages/yolov8_msgs-0.0.0-py3.10.egg-info/SOURCES.txt
[1.034s] -- Installing: /home/arms/ros2_ws/install/yolov8_msgs/local/lib/python3.10/dist-packages/yolov8_msgs-0.0.0-py3.10.egg-info/dependency_links.txt
[1.035s] -- Installing: /home/arms/ros2_ws/install/yolov8_msgs/local/lib/python3.10/dist-packages/yolov8_msgs-0.0.0-py3.10.egg-info/PKG-INFO
[1.035s] -- Installing: /home/arms/ros2_ws/install/yolov8_msgs/local/lib/python3.10/dist-packages/yolov8_msgs-0.0.0-py3.10.egg-info/top_level.txt
[1.035s] -- Up-to-date: /home/arms/ros2_ws/install/yolov8_msgs/local/lib/python3.10/dist-packages/yolov8_msgs
[1.035s] -- Up-to-date: /home/arms/ros2_ws/install/yolov8_msgs/local/lib/python3.10/dist-packages/yolov8_msgs/yolov8_msgs_s__rosidl_typesupport_fastrtps_c.cpython-310-x86_64-linux-gnu.so
[1.035s] -- Up-to-date: /home/arms/ros2_ws/install/yolov8_msgs/local/lib/python3.10/dist-packages/yolov8_msgs/_yolov8_msgs_s.ep.rosidl_typesupport_introspection_c.c
[1.035s] -- Up-to-date: /home/arms/ros2_ws/install/yolov8_msgs/local/lib/python3.10/dist-packages/yolov8_msgs/__init__.py
[1.035s] -- Up-to-date: /home/arms/ros2_ws/install/yolov8_msgs/local/lib/python3.10/dist-packages/yolov8_msgs/yolov8_msgs_s__rosidl_typesupport_c.cpython-310-x86_64-linux-gnu.so
[1.035s] -- Up-to-date: /home/arms/ros2_ws/install/yolov8_msgs/local/lib/python3.10/dist-packages/yolov8_msgs/yolov8_msgs_s__rosidl_typesupport_introspection_c.cpython-310-x86_64-linux-gnu.so
[1.035s] -- Up-to-date: /home/arms/ros2_ws/install/yolov8_msgs/local/lib/python3.10/dist-packages/yolov8_msgs/_yolov8_msgs_s.ep.rosidl_typesupport_c.c
[1.035s] -- Up-to-date: /home/arms/ros2_ws/install/yolov8_msgs/local/lib/python3.10/dist-packages/yolov8_msgs/_yolov8_msgs_s.ep.rosidl_typesupport_fastrtps_c.c
[1.035s] -- Up-to-date: /home/arms/ros2_ws/install/yolov8_msgs/local/lib/python3.10/dist-packages/yolov8_msgs/libyolov8_msgs__rosidl_generator_py.so
[1.035s] -- Up-to-date: /home/arms/ros2_ws/install/yolov8_msgs/local/lib/python3.10/dist-packages/yolov8_msgs/msg
[1.035s] -- Up-to-date: /home/arms/ros2_ws/install/yolov8_msgs/local/lib/python3.10/dist-packages/yolov8_msgs/msg/_yolov8_inference_s.c
[1.035s] -- Up-to-date: /home/arms/ros2_ws/install/yolov8_msgs/local/lib/python3.10/dist-packages/yolov8_msgs/msg/__init__.py
[1.035s] -- Up-to-date: /home/arms/ros2_ws/install/yolov8_msgs/local/lib/python3.10/dist-packages/yolov8_msgs/msg/_inference_result_s.c
[1.035s] -- Up-to-date: /home/arms/ros2_ws/install/yolov8_msgs/local/lib/python3.10/dist-packages/yolov8_msgs/msg/_yolov8_inference.py
[1.035s] -- Up-to-date: /home/arms/ros2_ws/install/yolov8_msgs/local/lib/python3.10/dist-packages/yolov8_msgs/msg/_inference_result.py
[1.053s] Listing '/home/arms/ros2_ws/install/yolov8_msgs/local/lib/python3.10/dist-packages/yolov8_msgs'...
[1.053s] Listing '/home/arms/ros2_ws/install/yolov8_msgs/local/lib/python3.10/dist-packages/yolov8_msgs/msg'...
[1.056s] -- Up-to-date: /home/arms/ros2_ws/install/yolov8_msgs/local/lib/python3.10/dist-packages/yolov8_msgs/yolov8_msgs_s__rosidl_typesupport_fastrtps_c.cpython-310-x86_64-linux-gnu.so
[1.057s] -- Up-to-date: /home/arms/ros2_ws/install/yolov8_msgs/local/lib/python3.10/dist-packages/yolov8_msgs/yolov8_msgs_s__rosidl_typesupport_introspection_c.cpython-310-x86_64-linux-gnu.so
[1.057s] -- Up-to-date: /home/arms/ros2_ws/install/yolov8_msgs/local/lib/python3.10/dist-packages/yolov8_msgs/yolov8_msgs_s__rosidl_typesupport_c.cpython-310-x86_64-linux-gnu.so
[1.057s] -- Up-to-date: /home/arms/ros2_ws/install/yolov8_msgs/lib/libyolov8_msgs__rosidl_generator_py.so
[1.057s] -- Up-to-date: /home/arms/ros2_ws/install/yolov8_msgs/share/yolov8_msgs/msg/InferenceResult.idl
[1.057s] -- Up-to-date: /home/arms/ros2_ws/install/yolov8_msgs/share/yolov8_msgs/msg/Yolov8Inference.idl
[1.057s] -- Up-to-date: /home/arms/ros2_ws/install/yolov8_msgs/share/yolov8_msgs/msg/InferenceResult.msg
[1.057s] -- Up-to-date: /home/arms/ros2_ws/install/yolov8_msgs/share/yolov8_msgs/msg/Yolov8Inference.msg
[1.058s] -- Up-to-date: /home/arms/ros2_ws/install/yolov8_msgs/share/ament_index/resource_index/package_run_dependencies/yolov8_msgs
[1.058s] -- Up-to-date: /home/arms/ros2_ws/install/yolov8_msgs/share/ament_index/resource_index/parent_prefix_path/yolov8_msgs
[1.058s] -- Up-to-date: /home/arms/ros2_ws/install/yolov8_msgs/share/yolov8_msgs/environment/ament_prefix_path.sh
[1.058s] -- Up-to-date: /home/arms/ros2_ws/install/yolov8_msgs/share/yolov8_msgs/environment/ament_prefix_path.dsv
[1.058s] -- Up-to-date: /home/arms/ros2_ws/install/yolov8_msgs/share/yolov8_msgs/environment/path.sh
[1.058s] -- Up-to-date: /home/arms/ros2_ws/install/yolov8_msgs/share/yolov8_msgs/environment/path.dsv
[1.058s] -- Up-to-date: /home/arms/ros2_ws/install/yolov8_msgs/share/yolov8_msgs/local_setup.bash
[1.059s] -- Up-to-date: /home/arms/ros2_ws/install/yolov8_msgs/share/yolov8_msgs/local_setup.sh
[1.059s] -- Up-to-date: /home/arms/ros2_ws/install/yolov8_msgs/share/yolov8_msgs/local_setup.zsh
[1.059s] -- Up-to-date: /home/arms/ros2_ws/install/yolov8_msgs/share/yolov8_msgs/local_setup.dsv
[1.059s] -- Installing: /home/arms/ros2_ws/install/yolov8_msgs/share/yolov8_msgs/package.dsv
[1.059s] -- Up-to-date: /home/arms/ros2_ws/install/yolov8_msgs/share/ament_index/resource_index/packages/yolov8_msgs
[1.059s] -- Up-to-date: /home/arms/ros2_ws/install/yolov8_msgs/share/yolov8_msgs/cmake/export_yolov8_msgs__rosidl_generator_cExport.cmake
[1.059s] -- Up-to-date: /home/arms/ros2_ws/install/yolov8_msgs/share/yolov8_msgs/cmake/export_yolov8_msgs__rosidl_generator_cExport-noconfig.cmake
[1.059s] -- Up-to-date: /home/arms/ros2_ws/install/yolov8_msgs/share/yolov8_msgs/cmake/export_yolov8_msgs__rosidl_typesupport_fastrtps_cExport.cmake
[1.059s] -- Up-to-date: /home/arms/ros2_ws/install/yolov8_msgs/share/yolov8_msgs/cmake/export_yolov8_msgs__rosidl_typesupport_fastrtps_cExport-noconfig.cmake
[1.059s] -- Up-to-date: /home/arms/ros2_ws/install/yolov8_msgs/share/yolov8_msgs/cmake/export_yolov8_msgs__rosidl_generator_cppExport.cmake
[1.059s] -- Up-to-date: /home/arms/ros2_ws/install/yolov8_msgs/share/yolov8_msgs/cmake/export_yolov8_msgs__rosidl_typesupport_fastrtps_cppExport.cmake
[1.059s] -- Up-to-date: /home/arms/ros2_ws/install/yolov8_msgs/share/yolov8_msgs/cmake/export_yolov8_msgs__rosidl_typesupport_fastrtps_cppExport-noconfig.cmake
[1.059s] -- Up-to-date: /home/arms/ros2_ws/install/yolov8_msgs/share/yolov8_msgs/cmake/yolov8_msgs__rosidl_typesupport_introspection_cExport.cmake
[1.059s] -- Up-to-date: /home/arms/ros2_ws/install/yolov8_msgs/share/yolov8_msgs/cmake/yolov8_msgs__rosidl_typesupport_introspection_cExport-noconfig.cmake
[1.059s] -- Up-to-date: /home/arms/ros2_ws/install/yolov8_msgs/share/yolov8_msgs/cmake/yolov8_msgs__rosidl_typesupport_cExport.cmake
[1.059s] -- Up-to-date: /home/arms/ros2_ws/install/yolov8_msgs/share/yolov8_msgs/cmake/yolov8_msgs__rosidl_typesupport_cExport-noconfig.cmake
[1.059s] -- Up-to-date: /home/arms/ros2_ws/install/yolov8_msgs/share/yolov8_msgs/cmake/yolov8_msgs__rosidl_typesupport_introspection_cppExport.cmake
[1.059s] -- Up-to-date: /home/arms/ros2_ws/install/yolov8_msgs/share/yolov8_msgs/cmake/yolov8_msgs__rosidl_typesupport_introspection_cppExport-noconfig.cmake
[1.059s] -- Up-to-date: /home/arms/ros2_ws/install/yolov8_msgs/share/yolov8_msgs/cmake/yolov8_msgs__rosidl_typesupport_cppExport.cmake
[1.059s] -- Up-to-date: /home/arms/ros2_ws/install/yolov8_msgs/share/yolov8_msgs/cmake/yolov8_msgs__rosidl_typesupport_cppExport-noconfig.cmake
[1.059s] -- Up-to-date: /home/arms/ros2_ws/install/yolov8_msgs/share/yolov8_msgs/cmake/export_yolov8_msgs__rosidl_generator_pyExport.cmake
[1.059s] -- Up-to-date: /home/arms/ros2_ws/install/yolov8_msgs/share/yolov8_msgs/cmake/export_yolov8_msgs__rosidl_generator_pyExport-noconfig.cmake
[1.059s] -- Up-to-date: /home/arms/ros2_ws/install/yolov8_msgs/share/yolov8_msgs/cmake/rosidl_cmake-extras.cmake
[1.059s] -- Up-to-date: /home/arms/ros2_ws/install/yolov8_msgs/share/yolov8_msgs/cmake/ament_cmake_export_dependencies-extras.cmake
[1.059s] -- Up-to-date: /home/arms/ros2_ws/install/yolov8_msgs/share/yolov8_msgs/cmake/ament_cmake_export_include_directories-extras.cmake
[1.059s] -- Up-to-date: /home/arms/ros2_ws/install/yolov8_msgs/share/yolov8_msgs/cmake/ament_cmake_export_libraries-extras.cmake
[1.059s] -- Up-to-date: /home/arms/ros2_ws/install/yolov8_msgs/share/yolov8_msgs/cmake/ament_cmake_export_targets-extras.cmake
[1.059s] -- Up-to-date: /home/arms/ros2_ws/install/yolov8_msgs/share/yolov8_msgs/cmake/rosidl_cmake_export_typesupport_targets-extras.cmake
[1.059s] -- Up-to-date: /home/arms/ros2_ws/install/yolov8_msgs/share/yolov8_msgs/cmake/rosidl_cmake_export_typesupport_libraries-extras.cmake
[1.059s] -- Up-to-date: /home/arms/ros2_ws/install/yolov8_msgs/share/yolov8_msgs/cmake/yolov8_msgsConfig.cmake
[1.060s] -- Up-to-date: /home/arms/ros2_ws/install/yolov8_msgs/share/yolov8_msgs/cmake/yolov8_msgsConfig-version.cmake
[1.060s] -- Up-to-date: /home/arms/ros2_ws/install/yolov8_msgs/share/yolov8_msgs/package.xml
[1.156s] Invoked command in '/home/arms/ros2_ws/build/yolov8_msgs' returned '0': CMAKE_PREFIX_PATH=${CMAKE_PREFIX_PATH}:/home/arms/ros2_ws/install/learning_tf2_py:/home/arms/ros2_ws/install/my_package:/home/arms/install/my_package:/opt/ros/humble /usr/bin/cmake --install /home/arms/ros2_ws/build/yolov8_msgs
