[0.422s] Invoking command in '/home/arms/ros2_ws/build/turtlesim': CMAKE_PREFIX_PATH=${CMAKE_PREFIX_PATH}:/home/arms/ros2_ws/install/learning_tf2_py:/home/arms/ros2_ws/install/my_package:/home/arms/install/my_package:/opt/ros/humble /usr/bin/cmake /home/arms/ros2_ws/src/ros_tutorials/turtlesim -DCMAKE_INSTALL_PREFIX=/home/arms/ros2_ws/install/turtlesim
[0.638s] -- The C compiler identification is GNU 11.4.0
[0.638s] -- The CXX compiler identification is GNU 11.4.0
[0.638s] -- Detecting C compiler ABI info
[0.639s] -- Detecting C compiler ABI info - done
[0.639s] -- Check for working C compiler: /usr/bin/cc - skipped
[0.639s] -- Detecting C compile features
[0.639s] -- Detecting C compile features - done
[0.639s] -- Detecting CXX compiler ABI info
[0.639s] -- Detecting CXX compiler ABI info - done
[0.642s] -- Check for working CXX compiler: /usr/bin/c++ - skipped
[0.643s] -- Detecting CXX compile features
[0.643s] -- Detecting CXX compile features - done
[0.647s] -- Found ament_cmake: 1.3.5 (/opt/ros/humble/share/ament_cmake/cmake)
[0.788s] -- Found Python3: /usr/bin/python3.10 (found version "3.10.12") found components: Interpreter 
[0.864s] -- Found ament_index_cpp: 1.4.0 (/opt/ros/humble/share/ament_index_cpp/cmake)
[0.866s] -- Found geometry_msgs: 4.2.3 (/opt/ros/humble/share/geometry_msgs/cmake)
[0.914s] -- Found rosidl_generator_c: 3.1.5 (/opt/ros/humble/share/rosidl_generator_c/cmake)
[0.920s] -- Found rosidl_adapter: 3.1.5 (/opt/ros/humble/share/rosidl_adapter/cmake)
[0.931s] -- Found rosidl_generator_cpp: 3.1.5 (/opt/ros/humble/share/rosidl_generator_cpp/cmake)
[0.947s] -- Using all available rosidl_typesupport_c: rosidl_typesupport_fastrtps_c;rosidl_typesupport_introspection_c
[0.970s] -- Using all available rosidl_typesupport_cpp: rosidl_typesupport_fastrtps_cpp;rosidl_typesupport_introspection_cpp
[1.082s] -- Found rclcpp: 16.0.6 (/opt/ros/humble/share/rclcpp/cmake)
[1.141s] -- Found rmw_implementation_cmake: 6.1.1 (/opt/ros/humble/share/rmw_implementation_cmake/cmake)
[1.146s] -- Found rmw_cyclonedds_cpp: 1.3.4 (/opt/ros/humble/share/rmw_cyclonedds_cpp/cmake)
[1.182s] -- Using RMW implementation 'rmw_cyclonedds_cpp' as default
[1.190s] -- Looking for pthread.h
[1.238s] -- Looking for pthread.h - found
[1.238s] -- Performing Test CMAKE_HAVE_LIBC_PTHREAD
[1.279s] -- Performing Test CMAKE_HAVE_LIBC_PTHREAD - Success
[1.280s] -- Found Threads: TRUE  
[1.375s] -- Found rclcpp_action: 16.0.6 (/opt/ros/humble/share/rclcpp_action/cmake)
[1.435s] -- Found rosidl_default_generators: 1.2.0 (/opt/ros/humble/share/rosidl_default_generators/cmake)
[1.443s] -- Found std_srvs: 4.2.3 (/opt/ros/humble/share/std_srvs/cmake)
[1.643s] -- Found ament_cmake_ros: 0.10.0 (/opt/ros/humble/share/ament_cmake_ros/cmake)
[1.897s] -- Using all available rosidl_typesupport_c: rosidl_typesupport_fastrtps_c;rosidl_typesupport_introspection_c
[1.982s] -- Using all available rosidl_typesupport_cpp: rosidl_typesupport_fastrtps_cpp;rosidl_typesupport_introspection_cpp
[2.006s] -- Found PythonInterp: /usr/bin/python3 (found suitable version "3.10.12", minimum required is "3.6") 
[2.008s] -- Found python_cmake_module: 0.10.0 (/opt/ros/humble/share/python_cmake_module/cmake)
[2.035s] -- Found PythonLibs: /usr/lib/x86_64-linux-gnu/libpython3.10.so (found suitable version "3.10.12", minimum required is "3.5") 
[2.036s] -- Using PYTHON_EXECUTABLE: /usr/bin/python3
[2.036s] -- Using PYTHON_INCLUDE_DIRS: /usr/include/python3.10
[2.036s] -- Using PYTHON_LIBRARIES: /usr/lib/x86_64-linux-gnu/libpython3.10.so
[2.058s] -- Found PythonExtra: .so  
[2.121s] -- Configuring done
[2.184s] -- Generating done
[2.187s] -- Build files have been written to: /home/arms/ros2_ws/build/turtlesim
[2.198s] Invoked command in '/home/arms/ros2_ws/build/turtlesim' returned '0': CMAKE_PREFIX_PATH=${CMAKE_PREFIX_PATH}:/home/arms/ros2_ws/install/learning_tf2_py:/home/arms/ros2_ws/install/my_package:/home/arms/install/my_package:/opt/ros/humble /usr/bin/cmake /home/arms/ros2_ws/src/ros_tutorials/turtlesim -DCMAKE_INSTALL_PREFIX=/home/arms/ros2_ws/install/turtlesim
[2.199s] Invoking command in '/home/arms/ros2_ws/build/turtlesim': CMAKE_PREFIX_PATH=${CMAKE_PREFIX_PATH}:/home/arms/ros2_ws/install/learning_tf2_py:/home/arms/ros2_ws/install/my_package:/home/arms/install/my_package:/opt/ros/humble /usr/bin/cmake --build /home/arms/ros2_ws/build/turtlesim -- -j20 -l20
[2.240s] [  1%] [34m[1mGenerating C code for ROS interfaces[0m
[2.256s] [  1%] Built target ament_cmake_python_copy_turtlesim
[2.257s] [  2%] [34m[1mGenerating C++ code for ROS interfaces[0m
[2.542s] running egg_info
[2.542s] creating turtlesim.egg-info
[2.543s] writing turtlesim.egg-info/PKG-INFO
[2.543s] writing dependency_links to turtlesim.egg-info/dependency_links.txt
[2.543s] writing top-level names to turtlesim.egg-info/top_level.txt
[2.543s] writing manifest file 'turtlesim.egg-info/SOURCES.txt'
[2.546s] reading manifest file 'turtlesim.egg-info/SOURCES.txt'
[2.547s] writing manifest file 'turtlesim.egg-info/SOURCES.txt'
[2.590s] [  2%] Built target ament_cmake_python_build_turtlesim_egg
[3.087s] [  2%] Built target turtlesim__cpp
[3.093s] [  3%] [34m[1mGenerating C++ type support dispatch for ROS interfaces[0m
[3.093s] [  4%] [34m[1mGenerating C++ type support for eProsima Fast-RTPS[0m
[3.094s] [  5%] [34m[1mGenerating C++ introspection for ROS interfaces[0m
[3.149s] [  7%] [32mBuilding C object CMakeFiles/turtlesim__rosidl_generator_c.dir/rosidl_generator_c/turtlesim/srv/detail/set_pen__functions.c.o[0m
[3.149s] [  7%] [32mBuilding C object CMakeFiles/turtlesim__rosidl_generator_c.dir/rosidl_generator_c/turtlesim/msg/detail/color__functions.c.o[0m
[3.149s] [  9%] [32mBuilding C object CMakeFiles/turtlesim__rosidl_generator_c.dir/rosidl_generator_c/turtlesim/msg/detail/pose__functions.c.o[0m
[3.149s] [ 10%] [32mBuilding C object CMakeFiles/turtlesim__rosidl_generator_c.dir/rosidl_generator_c/turtlesim/srv/detail/kill__functions.c.o[0m
[3.149s] [  9%] [32mBuilding C object CMakeFiles/turtlesim__rosidl_generator_c.dir/rosidl_generator_c/turtlesim/action/detail/rotate_absolute__functions.c.o[0m
[3.150s] [ 11%] [32mBuilding C object CMakeFiles/turtlesim__rosidl_generator_c.dir/rosidl_generator_c/turtlesim/srv/detail/teleport_absolute__functions.c.o[0m
[3.150s] [ 12%] [32mBuilding C object CMakeFiles/turtlesim__rosidl_generator_c.dir/rosidl_generator_c/turtlesim/srv/detail/spawn__functions.c.o[0m
[3.150s] [ 13%] [32mBuilding C object CMakeFiles/turtlesim__rosidl_generator_c.dir/rosidl_generator_c/turtlesim/srv/detail/teleport_relative__functions.c.o[0m
[3.249s] [ 14%] [32m[1mLinking C shared library libturtlesim__rosidl_generator_c.so[0m
[3.272s] [ 14%] Built target turtlesim__rosidl_generator_c
[3.277s] [ 15%] [34m[1mGenerating C type support for eProsima Fast-RTPS[0m
[3.280s] [ 17%] [34m[1mGenerating C introspection for ROS interfaces[0m
[3.280s] [ 17%] [34m[1mGenerating C type support dispatch for ROS interfaces[0m
[3.404s] [ 21%] [32mBuilding CXX object CMakeFiles/turtlesim__rosidl_typesupport_cpp.dir/rosidl_typesupport_cpp/turtlesim/msg/pose__type_support.cpp.o[0m
[3.404s] [ 21%] [32mBuilding CXX object CMakeFiles/turtlesim__rosidl_typesupport_cpp.dir/rosidl_typesupport_cpp/turtlesim/srv/set_pen__type_support.cpp.o[0m
[3.405s] [ 22%] [32mBuilding CXX object CMakeFiles/turtlesim__rosidl_typesupport_cpp.dir/rosidl_typesupport_cpp/turtlesim/msg/color__type_support.cpp.o[0m
[3.405s] [ 22%] [32mBuilding CXX object CMakeFiles/turtlesim__rosidl_typesupport_cpp.dir/rosidl_typesupport_cpp/turtlesim/srv/kill__type_support.cpp.o[0m
[3.405s] [ 21%] [32mBuilding CXX object CMakeFiles/turtlesim__rosidl_typesupport_cpp.dir/rosidl_typesupport_cpp/turtlesim/action/rotate_absolute__type_support.cpp.o[0m
[3.405s] [ 23%] [32mBuilding CXX object CMakeFiles/turtlesim__rosidl_typesupport_cpp.dir/rosidl_typesupport_cpp/turtlesim/srv/spawn__type_support.cpp.o[0m
[3.405s] [ 25%] [32mBuilding CXX object CMakeFiles/turtlesim__rosidl_typesupport_cpp.dir/rosidl_typesupport_cpp/turtlesim/srv/teleport_absolute__type_support.cpp.o[0m
[3.405s] [ 25%] [32mBuilding CXX object CMakeFiles/turtlesim__rosidl_typesupport_cpp.dir/rosidl_typesupport_cpp/turtlesim/srv/teleport_relative__type_support.cpp.o[0m
[3.506s] [ 27%] [32mBuilding CXX object CMakeFiles/turtlesim__rosidl_typesupport_introspection_cpp.dir/rosidl_typesupport_introspection_cpp/turtlesim/action/detail/rotate_absolute__type_support.cpp.o[0m
[3.506s] [ 27%] [32mBuilding CXX object CMakeFiles/turtlesim__rosidl_typesupport_introspection_cpp.dir/rosidl_typesupport_introspection_cpp/turtlesim/srv/detail/spawn__type_support.cpp.o[0m
[3.506s] [ 28%] [32mBuilding CXX object CMakeFiles/turtlesim__rosidl_typesupport_introspection_cpp.dir/rosidl_typesupport_introspection_cpp/turtlesim/srv/detail/set_pen__type_support.cpp.o[0m
[3.506s] [ 30%] [32mBuilding CXX object CMakeFiles/turtlesim__rosidl_typesupport_introspection_cpp.dir/rosidl_typesupport_introspection_cpp/turtlesim/srv/detail/kill__type_support.cpp.o[0m
[3.506s] [ 30%] [32mBuilding CXX object CMakeFiles/turtlesim__rosidl_typesupport_introspection_cpp.dir/rosidl_typesupport_introspection_cpp/turtlesim/msg/detail/color__type_support.cpp.o[0m
[3.507s] [ 31%] [32mBuilding CXX object CMakeFiles/turtlesim__rosidl_typesupport_introspection_cpp.dir/rosidl_typesupport_introspection_cpp/turtlesim/msg/detail/pose__type_support.cpp.o[0m
[3.514s] [ 32%] [32mBuilding CXX object CMakeFiles/turtlesim__rosidl_typesupport_introspection_cpp.dir/rosidl_typesupport_introspection_cpp/turtlesim/srv/detail/teleport_absolute__type_support.cpp.o[0m
[3.551s] [ 33%] [32mBuilding CXX object CMakeFiles/turtlesim__rosidl_typesupport_introspection_cpp.dir/rosidl_typesupport_introspection_cpp/turtlesim/srv/detail/teleport_relative__type_support.cpp.o[0m
[3.704s] [ 36%] [32mBuilding CXX object CMakeFiles/turtlesim__rosidl_typesupport_fastrtps_cpp.dir/rosidl_typesupport_fastrtps_cpp/turtlesim/action/detail/dds_fastrtps/rotate_absolute__type_support.cpp.o[0m
[3.705s] [ 36%] [32mBuilding CXX object CMakeFiles/turtlesim__rosidl_typesupport_fastrtps_cpp.dir/rosidl_typesupport_fastrtps_cpp/turtlesim/srv/detail/dds_fastrtps/kill__type_support.cpp.o[0m
[3.705s] [ 36%] [32mBuilding CXX object CMakeFiles/turtlesim__rosidl_typesupport_fastrtps_cpp.dir/rosidl_typesupport_fastrtps_cpp/turtlesim/msg/detail/dds_fastrtps/color__type_support.cpp.o[0m
[3.705s] [ 37%] [32mBuilding CXX object CMakeFiles/turtlesim__rosidl_typesupport_fastrtps_cpp.dir/rosidl_typesupport_fastrtps_cpp/turtlesim/msg/detail/dds_fastrtps/pose__type_support.cpp.o[0m
[3.705s] [ 38%] [32mBuilding CXX object CMakeFiles/turtlesim__rosidl_typesupport_fastrtps_cpp.dir/rosidl_typesupport_fastrtps_cpp/turtlesim/srv/detail/dds_fastrtps/set_pen__type_support.cpp.o[0m
[3.713s] [ 39%] [32mBuilding CXX object CMakeFiles/turtlesim__rosidl_typesupport_fastrtps_cpp.dir/rosidl_typesupport_fastrtps_cpp/turtlesim/srv/detail/dds_fastrtps/teleport_absolute__type_support.cpp.o[0m
[3.713s] [ 40%] [32mBuilding CXX object CMakeFiles/turtlesim__rosidl_typesupport_fastrtps_cpp.dir/rosidl_typesupport_fastrtps_cpp/turtlesim/srv/detail/dds_fastrtps/spawn__type_support.cpp.o[0m
[3.716s] [ 41%] [32mBuilding CXX object CMakeFiles/turtlesim__rosidl_typesupport_fastrtps_cpp.dir/rosidl_typesupport_fastrtps_cpp/turtlesim/srv/detail/dds_fastrtps/teleport_relative__type_support.cpp.o[0m
[3.803s] [ 42%] [32m[1mLinking CXX shared library libturtlesim__rosidl_typesupport_cpp.so[0m
[3.884s] [ 43%] [32mBuilding CXX object CMakeFiles/turtlesim__rosidl_typesupport_c.dir/rosidl_typesupport_c/turtlesim/action/rotate_absolute__type_support.cpp.o[0m
[3.887s] [ 44%] [32mBuilding CXX object CMakeFiles/turtlesim__rosidl_typesupport_c.dir/rosidl_typesupport_c/turtlesim/msg/color__type_support.cpp.o[0m
[3.897s] [ 45%] [32mBuilding CXX object CMakeFiles/turtlesim__rosidl_typesupport_c.dir/rosidl_typesupport_c/turtlesim/msg/pose__type_support.cpp.o[0m
[3.901s] [ 45%] Built target turtlesim__rosidl_typesupport_cpp
[3.912s] [ 46%] [32mBuilding CXX object CMakeFiles/turtlesim__rosidl_typesupport_c.dir/rosidl_typesupport_c/turtlesim/srv/kill__type_support.cpp.o[0m
[3.930s] [ 47%] [32mBuilding CXX object CMakeFiles/turtlesim__rosidl_typesupport_c.dir/rosidl_typesupport_c/turtlesim/srv/set_pen__type_support.cpp.o[0m
[3.933s] [ 48%] [34m[1mGenerating include/turtlesim/moc_turtle_frame.cpp[0m
[3.941s] [ 49%] [32mBuilding CXX object CMakeFiles/turtlesim__rosidl_typesupport_c.dir/rosidl_typesupport_c/turtlesim/srv/spawn__type_support.cpp.o[0m
[3.948s] [ 50%] [32mBuilding CXX object CMakeFiles/turtlesim__rosidl_typesupport_c.dir/rosidl_typesupport_c/turtlesim/srv/teleport_absolute__type_support.cpp.o[0m
[3.948s] [ 51%] [32mBuilding CXX object CMakeFiles/turtlesim__rosidl_typesupport_c.dir/rosidl_typesupport_c/turtlesim/srv/teleport_relative__type_support.cpp.o[0m
[3.974s] [ 53%] [32mBuilding CXX object CMakeFiles/turtlesim__rosidl_typesupport_fastrtps_c.dir/rosidl_typesupport_fastrtps_c/turtlesim/msg/detail/color__type_support_c.cpp.o[0m
[3.974s] [ 53%] [32mBuilding CXX object CMakeFiles/turtlesim__rosidl_typesupport_fastrtps_c.dir/rosidl_typesupport_fastrtps_c/turtlesim/msg/detail/pose__type_support_c.cpp.o[0m
[3.977s] [ 54%] [32mBuilding CXX object CMakeFiles/turtlesim__rosidl_typesupport_fastrtps_c.dir/rosidl_typesupport_fastrtps_c/turtlesim/action/detail/rotate_absolute__type_support_c.cpp.o[0m
[3.977s] [ 55%] [32mBuilding CXX object CMakeFiles/turtlesim__rosidl_typesupport_fastrtps_c.dir/rosidl_typesupport_fastrtps_c/turtlesim/srv/detail/kill__type_support_c.cpp.o[0m
[3.984s] [ 56%] [32mBuilding CXX object CMakeFiles/draw_square.dir/tutorials/draw_square.cpp.o[0m
[3.986s] [ 57%] [32mBuilding CXX object CMakeFiles/turtle_teleop_key.dir/tutorials/teleop_turtle_key.cpp.o[0m
[3.989s] [ 58%] [32m[1mLinking CXX shared library libturtlesim__rosidl_typesupport_c.so[0m
[4.016s] [ 59%] [32mBuilding CXX object CMakeFiles/mimic.dir/tutorials/mimic.cpp.o[0m
[4.030s] [ 59%] Built target turtlesim__rosidl_typesupport_c
[4.030s] [ 60%] [32mBuilding CXX object CMakeFiles/turtlesim_node.dir/src/turtlesim.cpp.o[0m
[4.038s] [ 61%] [32mBuilding CXX object CMakeFiles/turtlesim_node.dir/src/turtle.cpp.o[0m
[4.076s] [ 62%] [32mBuilding CXX object CMakeFiles/turtlesim_node.dir/src/turtle_frame.cpp.o[0m
[4.080s] [ 63%] [32mBuilding CXX object CMakeFiles/turtlesim_node.dir/include/turtlesim/moc_turtle_frame.cpp.o[0m
[4.132s] [ 64%] [32mBuilding CXX object CMakeFiles/turtlesim__rosidl_typesupport_fastrtps_c.dir/rosidl_typesupport_fastrtps_c/turtlesim/srv/detail/set_pen__type_support_c.cpp.o[0m
[4.143s] [ 65%] [32m[1mLinking CXX shared library libturtlesim__rosidl_typesupport_introspection_cpp.so[0m
[4.167s] [ 66%] [32mBuilding CXX object CMakeFiles/turtlesim__rosidl_typesupport_fastrtps_c.dir/rosidl_typesupport_fastrtps_c/turtlesim/srv/detail/spawn__type_support_c.cpp.o[0m
[4.176s] [ 67%] [32mBuilding CXX object CMakeFiles/turtlesim__rosidl_typesupport_fastrtps_c.dir/rosidl_typesupport_fastrtps_c/turtlesim/srv/detail/teleport_absolute__type_support_c.cpp.o[0m
[4.212s] [ 68%] [32mBuilding C object CMakeFiles/turtlesim__rosidl_typesupport_introspection_c.dir/rosidl_typesupport_introspection_c/turtlesim/action/detail/rotate_absolute__type_support.c.o[0m
[4.219s] [ 69%] [32mBuilding C object CMakeFiles/turtlesim__rosidl_typesupport_introspection_c.dir/rosidl_typesupport_introspection_c/turtlesim/msg/detail/color__type_support.c.o[0m
[4.220s] [ 70%] [32mBuilding CXX object CMakeFiles/turtlesim__rosidl_typesupport_fastrtps_c.dir/rosidl_typesupport_fastrtps_c/turtlesim/srv/detail/teleport_relative__type_support_c.cpp.o[0m
[4.230s] [ 71%] [32mBuilding C object CMakeFiles/turtlesim__rosidl_typesupport_introspection_c.dir/rosidl_typesupport_introspection_c/turtlesim/msg/detail/pose__type_support.c.o[0m
[4.265s] [ 71%] Built target turtlesim__rosidl_typesupport_introspection_cpp
[4.265s] [ 72%] [32mBuilding C object CMakeFiles/turtlesim__rosidl_typesupport_introspection_c.dir/rosidl_typesupport_introspection_c/turtlesim/srv/detail/kill__type_support.c.o[0m
[4.273s] [ 73%] [32mBuilding C object CMakeFiles/turtlesim__rosidl_typesupport_introspection_c.dir/rosidl_typesupport_introspection_c/turtlesim/srv/detail/set_pen__type_support.c.o[0m
[4.291s] [ 75%] [32mBuilding C object CMakeFiles/turtlesim__rosidl_typesupport_introspection_c.dir/rosidl_typesupport_introspection_c/turtlesim/srv/detail/spawn__type_support.c.o[0m
[4.291s] [ 75%] [32mBuilding C object CMakeFiles/turtlesim__rosidl_typesupport_introspection_c.dir/rosidl_typesupport_introspection_c/turtlesim/srv/detail/teleport_absolute__type_support.c.o[0m
[4.319s] [ 76%] [32mBuilding C object CMakeFiles/turtlesim__rosidl_typesupport_introspection_c.dir/rosidl_typesupport_introspection_c/turtlesim/srv/detail/teleport_relative__type_support.c.o[0m
[4.322s] [ 77%] [32m[1mLinking CXX shared library libturtlesim__rosidl_typesupport_fastrtps_cpp.so[0m
[4.355s] [ 78%] [32m[1mLinking C shared library libturtlesim__rosidl_typesupport_introspection_c.so[0m
[4.387s] [ 78%] Built target turtlesim__rosidl_typesupport_introspection_c
[4.403s] [ 78%] Built target turtlesim__rosidl_typesupport_fastrtps_cpp
[4.593s] [ 79%] [32m[1mLinking CXX shared library libturtlesim__rosidl_typesupport_fastrtps_c.so[0m
[4.660s] [ 79%] Built target turtlesim__rosidl_typesupport_fastrtps_c
[4.677s] [ 79%] Built target turtlesim
[4.695s] [ 80%] [34m[1mGenerating Python code for ROS interfaces[0m
[5.811s] [ 80%] Built target turtlesim__py
[5.825s] [ 81%] [32mBuilding C object CMakeFiles/turtlesim__rosidl_generator_py.dir/rosidl_generator_py/turtlesim/action/_rotate_absolute_s.c.o[0m
[5.826s] [ 82%] [32mBuilding C object CMakeFiles/turtlesim__rosidl_generator_py.dir/rosidl_generator_py/turtlesim/srv/_teleport_absolute_s.c.o[0m
[5.826s] [ 85%] [32mBuilding C object CMakeFiles/turtlesim__rosidl_generator_py.dir/rosidl_generator_py/turtlesim/msg/_color_s.c.o[0m
[5.826s] [ 85%] [32mBuilding C object CMakeFiles/turtlesim__rosidl_generator_py.dir/rosidl_generator_py/turtlesim/msg/_pose_s.c.o[0m
[5.826s] [ 85%] [32mBuilding C object CMakeFiles/turtlesim__rosidl_generator_py.dir/rosidl_generator_py/turtlesim/srv/_kill_s.c.o[0m
[5.826s] [ 86%] [32mBuilding C object CMakeFiles/turtlesim__rosidl_generator_py.dir/rosidl_generator_py/turtlesim/srv/_spawn_s.c.o[0m
[5.826s] [ 87%] [32mBuilding C object CMakeFiles/turtlesim__rosidl_generator_py.dir/rosidl_generator_py/turtlesim/srv/_set_pen_s.c.o[0m
[5.828s] [ 88%] [32mBuilding C object CMakeFiles/turtlesim__rosidl_generator_py.dir/rosidl_generator_py/turtlesim/srv/_teleport_relative_s.c.o[0m
[5.957s] [ 89%] [32m[1mLinking C shared library rosidl_generator_py/turtlesim/libturtlesim__rosidl_generator_py.so[0m
[5.984s] [ 89%] Built target turtlesim__rosidl_generator_py
[5.996s] [ 90%] [32mBuilding C object CMakeFiles/turtlesim__rosidl_typesupport_fastrtps_c__pyext.dir/rosidl_generator_py/turtlesim/_turtlesim_s.ep.rosidl_typesupport_fastrtps_c.c.o[0m
[6.001s] [ 92%] [32mBuilding C object CMakeFiles/turtlesim__rosidl_typesupport_c__pyext.dir/rosidl_generator_py/turtlesim/_turtlesim_s.ep.rosidl_typesupport_c.c.o[0m
[6.001s] [ 92%] [32mBuilding C object CMakeFiles/turtlesim__rosidl_typesupport_introspection_c__pyext.dir/rosidl_generator_py/turtlesim/_turtlesim_s.ep.rosidl_typesupport_introspection_c.c.o[0m
[6.090s] [ 93%] [32m[1mLinking C shared library rosidl_generator_py/turtlesim/turtlesim_s__rosidl_typesupport_fastrtps_c.cpython-310-x86_64-linux-gnu.so[0m
[6.115s] [ 93%] Built target turtlesim__rosidl_typesupport_fastrtps_c__pyext
[6.136s] [ 94%] [32m[1mLinking C shared library rosidl_generator_py/turtlesim/turtlesim_s__rosidl_typesupport_introspection_c.cpython-310-x86_64-linux-gnu.so[0m
[6.141s] [ 95%] [32m[1mLinking C shared library rosidl_generator_py/turtlesim/turtlesim_s__rosidl_typesupport_c.cpython-310-x86_64-linux-gnu.so[0m
[6.161s] [ 95%] Built target turtlesim__rosidl_typesupport_introspection_c__pyext
[6.174s] [ 95%] Built target turtlesim__rosidl_typesupport_c__pyext
[7.702s] [ 96%] [32m[1mLinking CXX executable turtle_teleop_key[0m
[7.855s] [ 96%] Built target turtle_teleop_key
[9.172s] [ 97%] [32m[1mLinking CXX executable mimic[0m
[9.397s] [ 97%] Built target mimic
[9.635s] [ 98%] [32m[1mLinking CXX executable draw_square[0m
[9.879s] [ 98%] Built target draw_square
[11.579s] [100%] [32m[1mLinking CXX executable turtlesim_node[0m
[12.562s] [100%] Built target turtlesim_node
[12.574s] Invoked command in '/home/arms/ros2_ws/build/turtlesim' returned '0': CMAKE_PREFIX_PATH=${CMAKE_PREFIX_PATH}:/home/arms/ros2_ws/install/learning_tf2_py:/home/arms/ros2_ws/install/my_package:/home/arms/install/my_package:/opt/ros/humble /usr/bin/cmake --build /home/arms/ros2_ws/build/turtlesim -- -j20 -l20
[12.700s] Invoking command in '/home/arms/ros2_ws/build/turtlesim': CMAKE_PREFIX_PATH=${CMAKE_PREFIX_PATH}:/home/arms/ros2_ws/install/learning_tf2_py:/home/arms/ros2_ws/install/my_package:/home/arms/install/my_package:/opt/ros/humble /usr/bin/cmake --install /home/arms/ros2_ws/build/turtlesim
[12.705s] -- Install configuration: ""
[12.705s] -- Installing: /home/arms/ros2_ws/install/turtlesim/share/ament_index/resource_index/rosidl_interfaces/turtlesim
[12.705s] -- Installing: /home/arms/ros2_ws/install/turtlesim/include/turtlesim/turtlesim
[12.705s] -- Installing: /home/arms/ros2_ws/install/turtlesim/include/turtlesim/turtlesim/srv
[12.705s] -- Installing: /home/arms/ros2_ws/install/turtlesim/include/turtlesim/turtlesim/srv/set_pen.h
[12.705s] -- Installing: /home/arms/ros2_ws/install/turtlesim/include/turtlesim/turtlesim/srv/kill.h
[12.705s] -- Installing: /home/arms/ros2_ws/install/turtlesim/include/turtlesim/turtlesim/srv/teleport_absolute.h
[12.705s] -- Installing: /home/arms/ros2_ws/install/turtlesim/include/turtlesim/turtlesim/srv/spawn.h
[12.705s] -- Installing: /home/arms/ros2_ws/install/turtlesim/include/turtlesim/turtlesim/srv/detail
[12.705s] -- Installing: /home/arms/ros2_ws/install/turtlesim/include/turtlesim/turtlesim/srv/detail/teleport_absolute__struct.h
[12.705s] -- Installing: /home/arms/ros2_ws/install/turtlesim/include/turtlesim/turtlesim/srv/detail/spawn__functions.h
[12.705s] -- Installing: /home/arms/ros2_ws/install/turtlesim/include/turtlesim/turtlesim/srv/detail/kill__struct.h
[12.706s] -- Installing: /home/arms/ros2_ws/install/turtlesim/include/turtlesim/turtlesim/srv/detail/set_pen__functions.c
[12.706s] -- Installing: /home/arms/ros2_ws/install/turtlesim/include/turtlesim/turtlesim/srv/detail/teleport_absolute__type_support.h
[12.706s] -- Installing: /home/arms/ros2_ws/install/turtlesim/include/turtlesim/turtlesim/srv/detail/set_pen__struct.h
[12.706s] -- Installing: /home/arms/ros2_ws/install/turtlesim/include/turtlesim/turtlesim/srv/detail/teleport_relative__struct.h
[12.706s] -- Installing: /home/arms/ros2_ws/install/turtlesim/include/turtlesim/turtlesim/srv/detail/kill__type_support.h
[12.706s] -- Installing: /home/arms/ros2_ws/install/turtlesim/include/turtlesim/turtlesim/srv/detail/kill__functions.c
[12.706s] -- Installing: /home/arms/ros2_ws/install/turtlesim/include/turtlesim/turtlesim/srv/detail/teleport_absolute__functions.c
[12.706s] -- Installing: /home/arms/ros2_ws/install/turtlesim/include/turtlesim/turtlesim/srv/detail/teleport_relative__type_support.h
[12.706s] -- Installing: /home/arms/ros2_ws/install/turtlesim/include/turtlesim/turtlesim/srv/detail/kill__functions.h
[12.706s] -- Installing: /home/arms/ros2_ws/install/turtlesim/include/turtlesim/turtlesim/srv/detail/spawn__functions.c
[12.706s] -- Installing: /home/arms/ros2_ws/install/turtlesim/include/turtlesim/turtlesim/srv/detail/set_pen__functions.h
[12.706s] -- Installing: /home/arms/ros2_ws/install/turtlesim/include/turtlesim/turtlesim/srv/detail/spawn__type_support.h
[12.706s] -- Installing: /home/arms/ros2_ws/install/turtlesim/include/turtlesim/turtlesim/srv/detail/teleport_relative__functions.h
[12.706s] -- Installing: /home/arms/ros2_ws/install/turtlesim/include/turtlesim/turtlesim/srv/detail/set_pen__type_support.h
[12.706s] -- Installing: /home/arms/ros2_ws/install/turtlesim/include/turtlesim/turtlesim/srv/detail/spawn__struct.h
[12.706s] -- Installing: /home/arms/ros2_ws/install/turtlesim/include/turtlesim/turtlesim/srv/detail/teleport_relative__functions.c
[12.706s] -- Installing: /home/arms/ros2_ws/install/turtlesim/include/turtlesim/turtlesim/srv/detail/teleport_absolute__functions.h
[12.706s] -- Installing: /home/arms/ros2_ws/install/turtlesim/include/turtlesim/turtlesim/srv/teleport_relative.h
[12.706s] -- Installing: /home/arms/ros2_ws/install/turtlesim/include/turtlesim/turtlesim/action
[12.706s] -- Installing: /home/arms/ros2_ws/install/turtlesim/include/turtlesim/turtlesim/action/rotate_absolute.h
[12.706s] -- Installing: /home/arms/ros2_ws/install/turtlesim/include/turtlesim/turtlesim/action/detail
[12.706s] -- Installing: /home/arms/ros2_ws/install/turtlesim/include/turtlesim/turtlesim/action/detail/rotate_absolute__type_support.h
[12.706s] -- Installing: /home/arms/ros2_ws/install/turtlesim/include/turtlesim/turtlesim/action/detail/rotate_absolute__functions.c
[12.706s] -- Installing: /home/arms/ros2_ws/install/turtlesim/include/turtlesim/turtlesim/action/detail/rotate_absolute__struct.h
[12.706s] -- Installing: /home/arms/ros2_ws/install/turtlesim/include/turtlesim/turtlesim/action/detail/rotate_absolute__functions.h
[12.706s] -- Installing: /home/arms/ros2_ws/install/turtlesim/include/turtlesim/turtlesim/msg
[12.706s] -- Installing: /home/arms/ros2_ws/install/turtlesim/include/turtlesim/turtlesim/msg/detail
[12.706s] -- Installing: /home/arms/ros2_ws/install/turtlesim/include/turtlesim/turtlesim/msg/detail/color__functions.c
[12.706s] -- Installing: /home/arms/ros2_ws/install/turtlesim/include/turtlesim/turtlesim/msg/detail/pose__functions.c
[12.707s] -- Installing: /home/arms/ros2_ws/install/turtlesim/include/turtlesim/turtlesim/msg/detail/pose__struct.h
[12.707s] -- Installing: /home/arms/ros2_ws/install/turtlesim/include/turtlesim/turtlesim/msg/detail/color__type_support.h
[12.707s] -- Installing: /home/arms/ros2_ws/install/turtlesim/include/turtlesim/turtlesim/msg/detail/color__struct.h
[12.707s] -- Installing: /home/arms/ros2_ws/install/turtlesim/include/turtlesim/turtlesim/msg/detail/color__functions.h
[12.707s] -- Installing: /home/arms/ros2_ws/install/turtlesim/include/turtlesim/turtlesim/msg/detail/pose__functions.h
[12.707s] -- Installing: /home/arms/ros2_ws/install/turtlesim/include/turtlesim/turtlesim/msg/detail/pose__type_support.h
[12.707s] -- Installing: /home/arms/ros2_ws/install/turtlesim/include/turtlesim/turtlesim/msg/color.h
[12.707s] -- Installing: /home/arms/ros2_ws/install/turtlesim/include/turtlesim/turtlesim/msg/pose.h
[12.707s] -- Installing: /home/arms/ros2_ws/install/turtlesim/include/turtlesim/turtlesim/msg/rosidl_generator_c__visibility_control.h
[12.707s] -- Installing: /home/arms/ros2_ws/install/turtlesim/share/turtlesim/environment/library_path.sh
[12.707s] -- Installing: /home/arms/ros2_ws/install/turtlesim/share/turtlesim/environment/library_path.dsv
[12.707s] -- Installing: /home/arms/ros2_ws/install/turtlesim/lib/libturtlesim__rosidl_generator_c.so
[12.707s] -- Set runtime path of "/home/arms/ros2_ws/install/turtlesim/lib/libturtlesim__rosidl_generator_c.so" to ""
[12.707s] -- Up-to-date: /home/arms/ros2_ws/install/turtlesim/include/turtlesim/turtlesim
[12.707s] -- Up-to-date: /home/arms/ros2_ws/install/turtlesim/include/turtlesim/turtlesim/srv
[12.707s] -- Up-to-date: /home/arms/ros2_ws/install/turtlesim/include/turtlesim/turtlesim/srv/detail
[12.707s] -- Installing: /home/arms/ros2_ws/install/turtlesim/include/turtlesim/turtlesim/srv/detail/kill__rosidl_typesupport_fastrtps_c.h
[12.707s] -- Installing: /home/arms/ros2_ws/install/turtlesim/include/turtlesim/turtlesim/srv/detail/teleport_relative__rosidl_typesupport_fastrtps_c.h
[12.707s] -- Installing: /home/arms/ros2_ws/install/turtlesim/include/turtlesim/turtlesim/srv/detail/spawn__rosidl_typesupport_fastrtps_c.h
[12.707s] -- Installing: /home/arms/ros2_ws/install/turtlesim/include/turtlesim/turtlesim/srv/detail/set_pen__rosidl_typesupport_fastrtps_c.h
[12.707s] -- Installing: /home/arms/ros2_ws/install/turtlesim/include/turtlesim/turtlesim/srv/detail/teleport_absolute__rosidl_typesupport_fastrtps_c.h
[12.707s] -- Up-to-date: /home/arms/ros2_ws/install/turtlesim/include/turtlesim/turtlesim/action
[12.707s] -- Up-to-date: /home/arms/ros2_ws/install/turtlesim/include/turtlesim/turtlesim/action/detail
[12.707s] -- Installing: /home/arms/ros2_ws/install/turtlesim/include/turtlesim/turtlesim/action/detail/rotate_absolute__rosidl_typesupport_fastrtps_c.h
[12.707s] -- Up-to-date: /home/arms/ros2_ws/install/turtlesim/include/turtlesim/turtlesim/msg
[12.707s] -- Installing: /home/arms/ros2_ws/install/turtlesim/include/turtlesim/turtlesim/msg/rosidl_typesupport_fastrtps_c__visibility_control.h
[12.707s] -- Up-to-date: /home/arms/ros2_ws/install/turtlesim/include/turtlesim/turtlesim/msg/detail
[12.707s] -- Installing: /home/arms/ros2_ws/install/turtlesim/include/turtlesim/turtlesim/msg/detail/pose__rosidl_typesupport_fastrtps_c.h
[12.707s] -- Installing: /home/arms/ros2_ws/install/turtlesim/include/turtlesim/turtlesim/msg/detail/color__rosidl_typesupport_fastrtps_c.h
[12.707s] -- Installing: /home/arms/ros2_ws/install/turtlesim/lib/libturtlesim__rosidl_typesupport_fastrtps_c.so
[12.707s] -- Set runtime path of "/home/arms/ros2_ws/install/turtlesim/lib/libturtlesim__rosidl_typesupport_fastrtps_c.so" to ""
[12.708s] -- Up-to-date: /home/arms/ros2_ws/install/turtlesim/include/turtlesim/turtlesim
[12.708s] -- Up-to-date: /home/arms/ros2_ws/install/turtlesim/include/turtlesim/turtlesim/srv
[12.708s] -- Installing: /home/arms/ros2_ws/install/turtlesim/include/turtlesim/turtlesim/srv/set_pen.hpp
[12.708s] -- Installing: /home/arms/ros2_ws/install/turtlesim/include/turtlesim/turtlesim/srv/spawn.hpp
[12.708s] -- Installing: /home/arms/ros2_ws/install/turtlesim/include/turtlesim/turtlesim/srv/teleport_absolute.hpp
[12.708s] -- Installing: /home/arms/ros2_ws/install/turtlesim/include/turtlesim/turtlesim/srv/kill.hpp
[12.708s] -- Installing: /home/arms/ros2_ws/install/turtlesim/include/turtlesim/turtlesim/srv/teleport_relative.hpp
[12.708s] -- Up-to-date: /home/arms/ros2_ws/install/turtlesim/include/turtlesim/turtlesim/srv/detail
[12.708s] -- Installing: /home/arms/ros2_ws/install/turtlesim/include/turtlesim/turtlesim/srv/detail/kill__struct.hpp
[12.708s] -- Installing: /home/arms/ros2_ws/install/turtlesim/include/turtlesim/turtlesim/srv/detail/set_pen__builder.hpp
[12.708s] -- Installing: /home/arms/ros2_ws/install/turtlesim/include/turtlesim/turtlesim/srv/detail/teleport_absolute__struct.hpp
[12.708s] -- Installing: /home/arms/ros2_ws/install/turtlesim/include/turtlesim/turtlesim/srv/detail/teleport_relative__builder.hpp
[12.708s] -- Installing: /home/arms/ros2_ws/install/turtlesim/include/turtlesim/turtlesim/srv/detail/teleport_absolute__builder.hpp
[12.708s] -- Installing: /home/arms/ros2_ws/install/turtlesim/include/turtlesim/turtlesim/srv/detail/spawn__struct.hpp
[12.708s] -- Installing: /home/arms/ros2_ws/install/turtlesim/include/turtlesim/turtlesim/srv/detail/set_pen__struct.hpp
[12.708s] -- Installing: /home/arms/ros2_ws/install/turtlesim/include/turtlesim/turtlesim/srv/detail/set_pen__traits.hpp
[12.708s] -- Installing: /home/arms/ros2_ws/install/turtlesim/include/turtlesim/turtlesim/srv/detail/teleport_relative__traits.hpp
[12.708s] -- Installing: /home/arms/ros2_ws/install/turtlesim/include/turtlesim/turtlesim/srv/detail/spawn__traits.hpp
[12.708s] -- Installing: /home/arms/ros2_ws/install/turtlesim/include/turtlesim/turtlesim/srv/detail/teleport_relative__struct.hpp
[12.708s] -- Installing: /home/arms/ros2_ws/install/turtlesim/include/turtlesim/turtlesim/srv/detail/kill__traits.hpp
[12.708s] -- Installing: /home/arms/ros2_ws/install/turtlesim/include/turtlesim/turtlesim/srv/detail/spawn__builder.hpp
[12.708s] -- Installing: /home/arms/ros2_ws/install/turtlesim/include/turtlesim/turtlesim/srv/detail/kill__builder.hpp
[12.708s] -- Installing: /home/arms/ros2_ws/install/turtlesim/include/turtlesim/turtlesim/srv/detail/teleport_absolute__traits.hpp
[12.708s] -- Up-to-date: /home/arms/ros2_ws/install/turtlesim/include/turtlesim/turtlesim/action
[12.708s] -- Installing: /home/arms/ros2_ws/install/turtlesim/include/turtlesim/turtlesim/action/rotate_absolute.hpp
[12.708s] -- Up-to-date: /home/arms/ros2_ws/install/turtlesim/include/turtlesim/turtlesim/action/detail
[12.708s] -- Installing: /home/arms/ros2_ws/install/turtlesim/include/turtlesim/turtlesim/action/detail/rotate_absolute__builder.hpp
[12.708s] -- Installing: /home/arms/ros2_ws/install/turtlesim/include/turtlesim/turtlesim/action/detail/rotate_absolute__traits.hpp
[12.708s] -- Installing: /home/arms/ros2_ws/install/turtlesim/include/turtlesim/turtlesim/action/detail/rotate_absolute__struct.hpp
[12.708s] -- Up-to-date: /home/arms/ros2_ws/install/turtlesim/include/turtlesim/turtlesim/msg
[12.708s] -- Installing: /home/arms/ros2_ws/install/turtlesim/include/turtlesim/turtlesim/msg/pose.hpp
[12.709s] -- Installing: /home/arms/ros2_ws/install/turtlesim/include/turtlesim/turtlesim/msg/color.hpp
[12.709s] -- Up-to-date: /home/arms/ros2_ws/install/turtlesim/include/turtlesim/turtlesim/msg/detail
[12.709s] -- Installing: /home/arms/ros2_ws/install/turtlesim/include/turtlesim/turtlesim/msg/detail/pose__traits.hpp
[12.709s] -- Installing: /home/arms/ros2_ws/install/turtlesim/include/turtlesim/turtlesim/msg/detail/pose__builder.hpp
[12.709s] -- Installing: /home/arms/ros2_ws/install/turtlesim/include/turtlesim/turtlesim/msg/detail/color__struct.hpp
[12.709s] -- Installing: /home/arms/ros2_ws/install/turtlesim/include/turtlesim/turtlesim/msg/detail/color__traits.hpp
[12.709s] -- Installing: /home/arms/ros2_ws/install/turtlesim/include/turtlesim/turtlesim/msg/detail/color__builder.hpp
[12.709s] -- Installing: /home/arms/ros2_ws/install/turtlesim/include/turtlesim/turtlesim/msg/detail/pose__struct.hpp
[12.709s] -- Up-to-date: /home/arms/ros2_ws/install/turtlesim/include/turtlesim/turtlesim
[12.709s] -- Up-to-date: /home/arms/ros2_ws/install/turtlesim/include/turtlesim/turtlesim/srv
[12.709s] -- Up-to-date: /home/arms/ros2_ws/install/turtlesim/include/turtlesim/turtlesim/srv/detail
[12.709s] -- Installing: /home/arms/ros2_ws/install/turtlesim/include/turtlesim/turtlesim/srv/detail/spawn__rosidl_typesupport_fastrtps_cpp.hpp
[12.709s] -- Installing: /home/arms/ros2_ws/install/turtlesim/include/turtlesim/turtlesim/srv/detail/teleport_relative__rosidl_typesupport_fastrtps_cpp.hpp
[12.709s] -- Installing: /home/arms/ros2_ws/install/turtlesim/include/turtlesim/turtlesim/srv/detail/teleport_absolute__rosidl_typesupport_fastrtps_cpp.hpp
[12.709s] -- Installing: /home/arms/ros2_ws/install/turtlesim/include/turtlesim/turtlesim/srv/detail/dds_fastrtps
[12.709s] -- Installing: /home/arms/ros2_ws/install/turtlesim/include/turtlesim/turtlesim/srv/detail/kill__rosidl_typesupport_fastrtps_cpp.hpp
[12.709s] -- Installing: /home/arms/ros2_ws/install/turtlesim/include/turtlesim/turtlesim/srv/detail/set_pen__rosidl_typesupport_fastrtps_cpp.hpp
[12.709s] -- Up-to-date: /home/arms/ros2_ws/install/turtlesim/include/turtlesim/turtlesim/action
[12.709s] -- Up-to-date: /home/arms/ros2_ws/install/turtlesim/include/turtlesim/turtlesim/action/detail
[12.709s] -- Installing: /home/arms/ros2_ws/install/turtlesim/include/turtlesim/turtlesim/action/detail/dds_fastrtps
[12.709s] -- Installing: /home/arms/ros2_ws/install/turtlesim/include/turtlesim/turtlesim/action/detail/rotate_absolute__rosidl_typesupport_fastrtps_cpp.hpp
[12.709s] -- Up-to-date: /home/arms/ros2_ws/install/turtlesim/include/turtlesim/turtlesim/msg
[12.709s] -- Installing: /home/arms/ros2_ws/install/turtlesim/include/turtlesim/turtlesim/msg/rosidl_typesupport_fastrtps_cpp__visibility_control.h
[12.709s] -- Up-to-date: /home/arms/ros2_ws/install/turtlesim/include/turtlesim/turtlesim/msg/detail
[12.709s] -- Installing: /home/arms/ros2_ws/install/turtlesim/include/turtlesim/turtlesim/msg/detail/dds_fastrtps
[12.709s] -- Installing: /home/arms/ros2_ws/install/turtlesim/include/turtlesim/turtlesim/msg/detail/color__rosidl_typesupport_fastrtps_cpp.hpp
[12.709s] -- Installing: /home/arms/ros2_ws/install/turtlesim/include/turtlesim/turtlesim/msg/detail/pose__rosidl_typesupport_fastrtps_cpp.hpp
[12.709s] -- Installing: /home/arms/ros2_ws/install/turtlesim/lib/libturtlesim__rosidl_typesupport_fastrtps_cpp.so
[12.709s] -- Set runtime path of "/home/arms/ros2_ws/install/turtlesim/lib/libturtlesim__rosidl_typesupport_fastrtps_cpp.so" to ""
[12.709s] -- Up-to-date: /home/arms/ros2_ws/install/turtlesim/include/turtlesim/turtlesim
[12.709s] -- Up-to-date: /home/arms/ros2_ws/install/turtlesim/include/turtlesim/turtlesim/srv
[12.709s] -- Up-to-date: /home/arms/ros2_ws/install/turtlesim/include/turtlesim/turtlesim/srv/detail
[12.709s] -- Installing: /home/arms/ros2_ws/install/turtlesim/include/turtlesim/turtlesim/srv/detail/teleport_relative__rosidl_typesupport_introspection_c.h
[12.710s] -- Installing: /home/arms/ros2_ws/install/turtlesim/include/turtlesim/turtlesim/srv/detail/kill__type_support.c
[12.710s] -- Installing: /home/arms/ros2_ws/install/turtlesim/include/turtlesim/turtlesim/srv/detail/set_pen__type_support.c
[12.710s] -- Installing: /home/arms/ros2_ws/install/turtlesim/include/turtlesim/turtlesim/srv/detail/teleport_relative__type_support.c
[12.710s] -- Installing: /home/arms/ros2_ws/install/turtlesim/include/turtlesim/turtlesim/srv/detail/spawn__type_support.c
[12.710s] -- Installing: /home/arms/ros2_ws/install/turtlesim/include/turtlesim/turtlesim/srv/detail/kill__rosidl_typesupport_introspection_c.h
[12.710s] -- Installing: /home/arms/ros2_ws/install/turtlesim/include/turtlesim/turtlesim/srv/detail/teleport_absolute__rosidl_typesupport_introspection_c.h
[12.710s] -- Installing: /home/arms/ros2_ws/install/turtlesim/include/turtlesim/turtlesim/srv/detail/teleport_absolute__type_support.c
[12.710s] -- Installing: /home/arms/ros2_ws/install/turtlesim/include/turtlesim/turtlesim/srv/detail/spawn__rosidl_typesupport_introspection_c.h
[12.710s] -- Installing: /home/arms/ros2_ws/install/turtlesim/include/turtlesim/turtlesim/srv/detail/set_pen__rosidl_typesupport_introspection_c.h
[12.710s] -- Up-to-date: /home/arms/ros2_ws/install/turtlesim/include/turtlesim/turtlesim/action
[12.710s] -- Up-to-date: /home/arms/ros2_ws/install/turtlesim/include/turtlesim/turtlesim/action/detail
[12.710s] -- Installing: /home/arms/ros2_ws/install/turtlesim/include/turtlesim/turtlesim/action/detail/rotate_absolute__rosidl_typesupport_introspection_c.h
[12.710s] -- Installing: /home/arms/ros2_ws/install/turtlesim/include/turtlesim/turtlesim/action/detail/rotate_absolute__type_support.c
[12.710s] -- Up-to-date: /home/arms/ros2_ws/install/turtlesim/include/turtlesim/turtlesim/msg
[12.710s] -- Installing: /home/arms/ros2_ws/install/turtlesim/include/turtlesim/turtlesim/msg/rosidl_typesupport_introspection_c__visibility_control.h
[12.710s] -- Up-to-date: /home/arms/ros2_ws/install/turtlesim/include/turtlesim/turtlesim/msg/detail
[12.710s] -- Installing: /home/arms/ros2_ws/install/turtlesim/include/turtlesim/turtlesim/msg/detail/color__type_support.c
[12.710s] -- Installing: /home/arms/ros2_ws/install/turtlesim/include/turtlesim/turtlesim/msg/detail/color__rosidl_typesupport_introspection_c.h
[12.710s] -- Installing: /home/arms/ros2_ws/install/turtlesim/include/turtlesim/turtlesim/msg/detail/pose__type_support.c
[12.710s] -- Installing: /home/arms/ros2_ws/install/turtlesim/include/turtlesim/turtlesim/msg/detail/pose__rosidl_typesupport_introspection_c.h
[12.710s] -- Installing: /home/arms/ros2_ws/install/turtlesim/lib/libturtlesim__rosidl_typesupport_introspection_c.so
[12.710s] -- Set runtime path of "/home/arms/ros2_ws/install/turtlesim/lib/libturtlesim__rosidl_typesupport_introspection_c.so" to ""
[12.710s] -- Installing: /home/arms/ros2_ws/install/turtlesim/lib/libturtlesim__rosidl_typesupport_c.so
[12.710s] -- Set runtime path of "/home/arms/ros2_ws/install/turtlesim/lib/libturtlesim__rosidl_typesupport_c.so" to ""
[12.710s] -- Up-to-date: /home/arms/ros2_ws/install/turtlesim/include/turtlesim/turtlesim
[12.710s] -- Up-to-date: /home/arms/ros2_ws/install/turtlesim/include/turtlesim/turtlesim/srv
[12.711s] -- Up-to-date: /home/arms/ros2_ws/install/turtlesim/include/turtlesim/turtlesim/srv/detail
[12.711s] -- Installing: /home/arms/ros2_ws/install/turtlesim/include/turtlesim/turtlesim/srv/detail/spawn__rosidl_typesupport_introspection_cpp.hpp
[12.711s] -- Installing: /home/arms/ros2_ws/install/turtlesim/include/turtlesim/turtlesim/srv/detail/kill__type_support.cpp
[12.711s] -- Installing: /home/arms/ros2_ws/install/turtlesim/include/turtlesim/turtlesim/srv/detail/set_pen__type_support.cpp
[12.711s] -- Installing: /home/arms/ros2_ws/install/turtlesim/include/turtlesim/turtlesim/srv/detail/spawn__type_support.cpp
[12.711s] -- Installing: /home/arms/ros2_ws/install/turtlesim/include/turtlesim/turtlesim/srv/detail/set_pen__rosidl_typesupport_introspection_cpp.hpp
[12.711s] -- Installing: /home/arms/ros2_ws/install/turtlesim/include/turtlesim/turtlesim/srv/detail/teleport_relative__type_support.cpp
[12.711s] -- Installing: /home/arms/ros2_ws/install/turtlesim/include/turtlesim/turtlesim/srv/detail/teleport_absolute__rosidl_typesupport_introspection_cpp.hpp
[12.711s] -- Installing: /home/arms/ros2_ws/install/turtlesim/include/turtlesim/turtlesim/srv/detail/teleport_relative__rosidl_typesupport_introspection_cpp.hpp
[12.711s] -- Installing: /home/arms/ros2_ws/install/turtlesim/include/turtlesim/turtlesim/srv/detail/teleport_absolute__type_support.cpp
[12.711s] -- Installing: /home/arms/ros2_ws/install/turtlesim/include/turtlesim/turtlesim/srv/detail/kill__rosidl_typesupport_introspection_cpp.hpp
[12.711s] -- Up-to-date: /home/arms/ros2_ws/install/turtlesim/include/turtlesim/turtlesim/action
[12.712s] -- Up-to-date: /home/arms/ros2_ws/install/turtlesim/include/turtlesim/turtlesim/action/detail
[12.712s] -- Installing: /home/arms/ros2_ws/install/turtlesim/include/turtlesim/turtlesim/action/detail/rotate_absolute__type_support.cpp
[12.712s] -- Installing: /home/arms/ros2_ws/install/turtlesim/include/turtlesim/turtlesim/action/detail/rotate_absolute__rosidl_typesupport_introspection_cpp.hpp
[12.712s] -- Up-to-date: /home/arms/ros2_ws/install/turtlesim/include/turtlesim/turtlesim/msg
[12.712s] -- Up-to-date: /home/arms/ros2_ws/install/turtlesim/include/turtlesim/turtlesim/msg/detail
[12.712s] -- Installing: /home/arms/ros2_ws/install/turtlesim/include/turtlesim/turtlesim/msg/detail/color__type_support.cpp
[12.712s] -- Installing: /home/arms/ros2_ws/install/turtlesim/include/turtlesim/turtlesim/msg/detail/color__rosidl_typesupport_introspection_cpp.hpp
[12.712s] -- Installing: /home/arms/ros2_ws/install/turtlesim/include/turtlesim/turtlesim/msg/detail/pose__rosidl_typesupport_introspection_cpp.hpp
[12.712s] -- Installing: /home/arms/ros2_ws/install/turtlesim/include/turtlesim/turtlesim/msg/detail/pose__type_support.cpp
[12.712s] -- Installing: /home/arms/ros2_ws/install/turtlesim/lib/libturtlesim__rosidl_typesupport_introspection_cpp.so
[12.712s] -- Set runtime path of "/home/arms/ros2_ws/install/turtlesim/lib/libturtlesim__rosidl_typesupport_introspection_cpp.so" to ""
[12.712s] -- Installing: /home/arms/ros2_ws/install/turtlesim/lib/libturtlesim__rosidl_typesupport_cpp.so
[12.712s] -- Set runtime path of "/home/arms/ros2_ws/install/turtlesim/lib/libturtlesim__rosidl_typesupport_cpp.so" to ""
[12.712s] -- Installing: /home/arms/ros2_ws/install/turtlesim/share/turtlesim/environment/pythonpath.sh
[12.712s] -- Installing: /home/arms/ros2_ws/install/turtlesim/share/turtlesim/environment/pythonpath.dsv
[12.712s] -- Installing: /home/arms/ros2_ws/install/turtlesim/local/lib/python3.10/dist-packages/turtlesim-1.4.2-py3.10.egg-info
[12.712s] -- Installing: /home/arms/ros2_ws/install/turtlesim/local/lib/python3.10/dist-packages/turtlesim-1.4.2-py3.10.egg-info/SOURCES.txt
[12.712s] -- Installing: /home/arms/ros2_ws/install/turtlesim/local/lib/python3.10/dist-packages/turtlesim-1.4.2-py3.10.egg-info/dependency_links.txt
[12.712s] -- Installing: /home/arms/ros2_ws/install/turtlesim/local/lib/python3.10/dist-packages/turtlesim-1.4.2-py3.10.egg-info/PKG-INFO
[12.712s] -- Installing: /home/arms/ros2_ws/install/turtlesim/local/lib/python3.10/dist-packages/turtlesim-1.4.2-py3.10.egg-info/top_level.txt
[12.712s] -- Installing: /home/arms/ros2_ws/install/turtlesim/local/lib/python3.10/dist-packages/turtlesim
[12.712s] -- Installing: /home/arms/ros2_ws/install/turtlesim/local/lib/python3.10/dist-packages/turtlesim/_turtlesim_s.ep.rosidl_typesupport_fastrtps_c.c
[12.713s] -- Installing: /home/arms/ros2_ws/install/turtlesim/local/lib/python3.10/dist-packages/turtlesim/libturtlesim__rosidl_generator_py.so
[12.713s] -- Installing: /home/arms/ros2_ws/install/turtlesim/local/lib/python3.10/dist-packages/turtlesim/__init__.py
[12.713s] -- Installing: /home/arms/ros2_ws/install/turtlesim/local/lib/python3.10/dist-packages/turtlesim/turtlesim_s__rosidl_typesupport_introspection_c.cpython-310-x86_64-linux-gnu.so
[12.713s] -- Installing: /home/arms/ros2_ws/install/turtlesim/local/lib/python3.10/dist-packages/turtlesim/srv
[12.713s] -- Installing: /home/arms/ros2_ws/install/turtlesim/local/lib/python3.10/dist-packages/turtlesim/srv/_teleport_absolute.py
[12.713s] -- Installing: /home/arms/ros2_ws/install/turtlesim/local/lib/python3.10/dist-packages/turtlesim/srv/_kill.py
[12.713s] -- Installing: /home/arms/ros2_ws/install/turtlesim/local/lib/python3.10/dist-packages/turtlesim/srv/_spawn.py
[12.713s] -- Installing: /home/arms/ros2_ws/install/turtlesim/local/lib/python3.10/dist-packages/turtlesim/srv/_set_pen_s.c
[12.713s] -- Installing: /home/arms/ros2_ws/install/turtlesim/local/lib/python3.10/dist-packages/turtlesim/srv/_teleport_relative_s.c
[12.713s] -- Installing: /home/arms/ros2_ws/install/turtlesim/local/lib/python3.10/dist-packages/turtlesim/srv/__init__.py
[12.713s] -- Installing: /home/arms/ros2_ws/install/turtlesim/local/lib/python3.10/dist-packages/turtlesim/srv/_teleport_relative.py
[12.713s] -- Installing: /home/arms/ros2_ws/install/turtlesim/local/lib/python3.10/dist-packages/turtlesim/srv/_spawn_s.c
[12.713s] -- Installing: /home/arms/ros2_ws/install/turtlesim/local/lib/python3.10/dist-packages/turtlesim/srv/_teleport_absolute_s.c
[12.713s] -- Installing: /home/arms/ros2_ws/install/turtlesim/local/lib/python3.10/dist-packages/turtlesim/srv/_kill_s.c
[12.713s] -- Installing: /home/arms/ros2_ws/install/turtlesim/local/lib/python3.10/dist-packages/turtlesim/srv/_set_pen.py
[12.713s] -- Installing: /home/arms/ros2_ws/install/turtlesim/local/lib/python3.10/dist-packages/turtlesim/turtlesim_s__rosidl_typesupport_c.cpython-310-x86_64-linux-gnu.so
[12.713s] -- Installing: /home/arms/ros2_ws/install/turtlesim/local/lib/python3.10/dist-packages/turtlesim/_turtlesim_s.ep.rosidl_typesupport_introspection_c.c
[12.713s] -- Installing: /home/arms/ros2_ws/install/turtlesim/local/lib/python3.10/dist-packages/turtlesim/action
[12.713s] -- Installing: /home/arms/ros2_ws/install/turtlesim/local/lib/python3.10/dist-packages/turtlesim/action/__init__.py
[12.713s] -- Installing: /home/arms/ros2_ws/install/turtlesim/local/lib/python3.10/dist-packages/turtlesim/action/_rotate_absolute_s.c
[12.713s] -- Installing: /home/arms/ros2_ws/install/turtlesim/local/lib/python3.10/dist-packages/turtlesim/action/_rotate_absolute.py
[12.713s] -- Installing: /home/arms/ros2_ws/install/turtlesim/local/lib/python3.10/dist-packages/turtlesim/turtlesim_s__rosidl_typesupport_fastrtps_c.cpython-310-x86_64-linux-gnu.so
[12.714s] -- Installing: /home/arms/ros2_ws/install/turtlesim/local/lib/python3.10/dist-packages/turtlesim/_turtlesim_s.ep.rosidl_typesupport_c.c
[12.714s] -- Installing: /home/arms/ros2_ws/install/turtlesim/local/lib/python3.10/dist-packages/turtlesim/msg
[12.714s] -- Installing: /home/arms/ros2_ws/install/turtlesim/local/lib/python3.10/dist-packages/turtlesim/msg/_pose.py
[12.714s] -- Installing: /home/arms/ros2_ws/install/turtlesim/local/lib/python3.10/dist-packages/turtlesim/msg/_color.py
[12.714s] -- Installing: /home/arms/ros2_ws/install/turtlesim/local/lib/python3.10/dist-packages/turtlesim/msg/__init__.py
[12.714s] -- Installing: /home/arms/ros2_ws/install/turtlesim/local/lib/python3.10/dist-packages/turtlesim/msg/_pose_s.c
[12.714s] -- Installing: /home/arms/ros2_ws/install/turtlesim/local/lib/python3.10/dist-packages/turtlesim/msg/_color_s.c
[12.743s] Listing '/home/arms/ros2_ws/install/turtlesim/local/lib/python3.10/dist-packages/turtlesim'...
[12.743s] Compiling '/home/arms/ros2_ws/install/turtlesim/local/lib/python3.10/dist-packages/turtlesim/__init__.py'...
[12.743s] Listing '/home/arms/ros2_ws/install/turtlesim/local/lib/python3.10/dist-packages/turtlesim/action'...
[12.743s] Compiling '/home/arms/ros2_ws/install/turtlesim/local/lib/python3.10/dist-packages/turtlesim/action/__init__.py'...
[12.743s] Compiling '/home/arms/ros2_ws/install/turtlesim/local/lib/python3.10/dist-packages/turtlesim/action/_rotate_absolute.py'...
[12.743s] Listing '/home/arms/ros2_ws/install/turtlesim/local/lib/python3.10/dist-packages/turtlesim/msg'...
[12.743s] Compiling '/home/arms/ros2_ws/install/turtlesim/local/lib/python3.10/dist-packages/turtlesim/msg/__init__.py'...
[12.743s] Compiling '/home/arms/ros2_ws/install/turtlesim/local/lib/python3.10/dist-packages/turtlesim/msg/_color.py'...
[12.743s] Compiling '/home/arms/ros2_ws/install/turtlesim/local/lib/python3.10/dist-packages/turtlesim/msg/_pose.py'...
[12.743s] Listing '/home/arms/ros2_ws/install/turtlesim/local/lib/python3.10/dist-packages/turtlesim/srv'...
[12.743s] Compiling '/home/arms/ros2_ws/install/turtlesim/local/lib/python3.10/dist-packages/turtlesim/srv/__init__.py'...
[12.743s] Compiling '/home/arms/ros2_ws/install/turtlesim/local/lib/python3.10/dist-packages/turtlesim/srv/_kill.py'...
[12.743s] Compiling '/home/arms/ros2_ws/install/turtlesim/local/lib/python3.10/dist-packages/turtlesim/srv/_set_pen.py'...
[12.743s] Compiling '/home/arms/ros2_ws/install/turtlesim/local/lib/python3.10/dist-packages/turtlesim/srv/_spawn.py'...
[12.743s] Compiling '/home/arms/ros2_ws/install/turtlesim/local/lib/python3.10/dist-packages/turtlesim/srv/_teleport_absolute.py'...
[12.743s] Compiling '/home/arms/ros2_ws/install/turtlesim/local/lib/python3.10/dist-packages/turtlesim/srv/_teleport_relative.py'...
[12.746s] -- Installing: /home/arms/ros2_ws/install/turtlesim/local/lib/python3.10/dist-packages/turtlesim/turtlesim_s__rosidl_typesupport_fastrtps_c.cpython-310-x86_64-linux-gnu.so
[12.746s] -- Set runtime path of "/home/arms/ros2_ws/install/turtlesim/local/lib/python3.10/dist-packages/turtlesim/turtlesim_s__rosidl_typesupport_fastrtps_c.cpython-310-x86_64-linux-gnu.so" to ""
[12.746s] -- Installing: /home/arms/ros2_ws/install/turtlesim/local/lib/python3.10/dist-packages/turtlesim/turtlesim_s__rosidl_typesupport_introspection_c.cpython-310-x86_64-linux-gnu.so
[12.746s] -- Set runtime path of "/home/arms/ros2_ws/install/turtlesim/local/lib/python3.10/dist-packages/turtlesim/turtlesim_s__rosidl_typesupport_introspection_c.cpython-310-x86_64-linux-gnu.so" to ""
[12.746s] -- Installing: /home/arms/ros2_ws/install/turtlesim/local/lib/python3.10/dist-packages/turtlesim/turtlesim_s__rosidl_typesupport_c.cpython-310-x86_64-linux-gnu.so
[12.746s] -- Set runtime path of "/home/arms/ros2_ws/install/turtlesim/local/lib/python3.10/dist-packages/turtlesim/turtlesim_s__rosidl_typesupport_c.cpython-310-x86_64-linux-gnu.so" to ""
[12.746s] -- Installing: /home/arms/ros2_ws/install/turtlesim/lib/libturtlesim__rosidl_generator_py.so
[12.747s] -- Set runtime path of "/home/arms/ros2_ws/install/turtlesim/lib/libturtlesim__rosidl_generator_py.so" to ""
[12.747s] -- Installing: /home/arms/ros2_ws/install/turtlesim/share/turtlesim/action/RotateAbsolute.idl
[12.747s] -- Installing: /home/arms/ros2_ws/install/turtlesim/share/turtlesim/msg/Color.idl
[12.747s] -- Installing: /home/arms/ros2_ws/install/turtlesim/share/turtlesim/msg/Pose.idl
[12.747s] -- Installing: /home/arms/ros2_ws/install/turtlesim/share/turtlesim/srv/Kill.idl
[12.747s] -- Installing: /home/arms/ros2_ws/install/turtlesim/share/turtlesim/srv/SetPen.idl
[12.747s] -- Installing: /home/arms/ros2_ws/install/turtlesim/share/turtlesim/srv/Spawn.idl
[12.747s] -- Installing: /home/arms/ros2_ws/install/turtlesim/share/turtlesim/srv/TeleportAbsolute.idl
[12.747s] -- Installing: /home/arms/ros2_ws/install/turtlesim/share/turtlesim/srv/TeleportRelative.idl
[12.747s] -- Installing: /home/arms/ros2_ws/install/turtlesim/share/turtlesim/action/RotateAbsolute.action
[12.747s] -- Installing: /home/arms/ros2_ws/install/turtlesim/share/turtlesim/msg/Color.msg
[12.747s] -- Installing: /home/arms/ros2_ws/install/turtlesim/share/turtlesim/msg/Pose.msg
[12.747s] -- Installing: /home/arms/ros2_ws/install/turtlesim/share/turtlesim/srv/Kill.srv
[12.747s] -- Installing: /home/arms/ros2_ws/install/turtlesim/share/turtlesim/srv/Kill_Request.msg
[12.747s] -- Installing: /home/arms/ros2_ws/install/turtlesim/share/turtlesim/srv/Kill_Response.msg
[12.748s] -- Installing: /home/arms/ros2_ws/install/turtlesim/share/turtlesim/srv/SetPen.srv
[12.748s] -- Installing: /home/arms/ros2_ws/install/turtlesim/share/turtlesim/srv/SetPen_Request.msg
[12.748s] -- Installing: /home/arms/ros2_ws/install/turtlesim/share/turtlesim/srv/SetPen_Response.msg
[12.748s] -- Installing: /home/arms/ros2_ws/install/turtlesim/share/turtlesim/srv/Spawn.srv
[12.748s] -- Installing: /home/arms/ros2_ws/install/turtlesim/share/turtlesim/srv/Spawn_Request.msg
[12.748s] -- Installing: /home/arms/ros2_ws/install/turtlesim/share/turtlesim/srv/Spawn_Response.msg
[12.748s] -- Installing: /home/arms/ros2_ws/install/turtlesim/share/turtlesim/srv/TeleportAbsolute.srv
[12.748s] -- Installing: /home/arms/ros2_ws/install/turtlesim/share/turtlesim/srv/TeleportAbsolute_Request.msg
[12.748s] -- Installing: /home/arms/ros2_ws/install/turtlesim/share/turtlesim/srv/TeleportAbsolute_Response.msg
[12.748s] -- Installing: /home/arms/ros2_ws/install/turtlesim/share/turtlesim/srv/TeleportRelative.srv
[12.748s] -- Installing: /home/arms/ros2_ws/install/turtlesim/share/turtlesim/srv/TeleportRelative_Request.msg
[12.748s] -- Installing: /home/arms/ros2_ws/install/turtlesim/share/turtlesim/srv/TeleportRelative_Response.msg
[12.748s] -- Installing: /home/arms/ros2_ws/install/turtlesim/lib/turtlesim/turtlesim_node
[12.751s] -- Set runtime path of "/home/arms/ros2_ws/install/turtlesim/lib/turtlesim/turtlesim_node" to ""
[12.751s] -- Installing: /home/arms/ros2_ws/install/turtlesim/lib/turtlesim/turtle_teleop_key
[12.751s] -- Set runtime path of "/home/arms/ros2_ws/install/turtlesim/lib/turtlesim/turtle_teleop_key" to ""
[12.751s] -- Installing: /home/arms/ros2_ws/install/turtlesim/lib/turtlesim/draw_square
[12.753s] -- Set runtime path of "/home/arms/ros2_ws/install/turtlesim/lib/turtlesim/draw_square" to ""
[12.753s] -- Installing: /home/arms/ros2_ws/install/turtlesim/lib/turtlesim/mimic
[12.755s] -- Set runtime path of "/home/arms/ros2_ws/install/turtlesim/lib/turtlesim/mimic" to ""
[12.755s] -- Installing: /home/arms/ros2_ws/install/turtlesim/share/turtlesim/images
[12.764s] -- Installing: /home/arms/ros2_ws/install/turtlesim/share/turtlesim/images/crystal.png
[12.764s] -- Installing: /home/arms/ros2_ws/install/turtlesim/share/turtlesim/images/ardent.png
[12.765s] -- Installing: /home/arms/ros2_ws/install/turtlesim/share/turtlesim/images/bouncy.png
[12.765s] -- Installing: /home/arms/ros2_ws/install/turtlesim/share/turtlesim/images/rolling.png
[12.765s] -- Installing: /home/arms/ros2_ws/install/turtlesim/share/turtlesim/images/dashing.png
[12.765s] -- Installing: /home/arms/ros2_ws/install/turtlesim/share/turtlesim/images/eloquent.png
[12.765s] -- Installing: /home/arms/ros2_ws/install/turtlesim/share/turtlesim/images/foxy.png
[12.765s] -- Installing: /home/arms/ros2_ws/install/turtlesim/share/turtlesim/images/humble.png
[12.765s] -- Installing: /home/arms/ros2_ws/install/turtlesim/share/turtlesim/images/galactic.png
[12.765s] -- Installing: /home/arms/ros2_ws/install/turtlesim/share/turtlesim/launch
[12.765s] -- Installing: /home/arms/ros2_ws/install/turtlesim/share/turtlesim/launch/multisim.launch.py
[12.765s] -- Installing: /home/arms/ros2_ws/install/turtlesim/share/ament_index/resource_index/package_run_dependencies/turtlesim
[12.765s] -- Installing: /home/arms/ros2_ws/install/turtlesim/share/ament_index/resource_index/parent_prefix_path/turtlesim
[12.765s] -- Installing: /home/arms/ros2_ws/install/turtlesim/share/turtlesim/environment/ament_prefix_path.sh
[12.766s] -- Installing: /home/arms/ros2_ws/install/turtlesim/share/turtlesim/environment/ament_prefix_path.dsv
[12.766s] -- Installing: /home/arms/ros2_ws/install/turtlesim/share/turtlesim/environment/path.sh
[12.766s] -- Installing: /home/arms/ros2_ws/install/turtlesim/share/turtlesim/environment/path.dsv
[12.766s] -- Installing: /home/arms/ros2_ws/install/turtlesim/share/turtlesim/local_setup.bash
[12.766s] -- Installing: /home/arms/ros2_ws/install/turtlesim/share/turtlesim/local_setup.sh
[12.766s] -- Installing: /home/arms/ros2_ws/install/turtlesim/share/turtlesim/local_setup.zsh
[12.766s] -- Installing: /home/arms/ros2_ws/install/turtlesim/share/turtlesim/local_setup.dsv
[12.766s] -- Installing: /home/arms/ros2_ws/install/turtlesim/share/turtlesim/package.dsv
[12.766s] -- Installing: /home/arms/ros2_ws/install/turtlesim/share/ament_index/resource_index/packages/turtlesim
[12.766s] -- Installing: /home/arms/ros2_ws/install/turtlesim/share/turtlesim/cmake/export_turtlesim__rosidl_generator_cExport.cmake
[12.766s] -- Installing: /home/arms/ros2_ws/install/turtlesim/share/turtlesim/cmake/export_turtlesim__rosidl_generator_cExport-noconfig.cmake
[12.766s] -- Installing: /home/arms/ros2_ws/install/turtlesim/share/turtlesim/cmake/export_turtlesim__rosidl_typesupport_fastrtps_cExport.cmake
[12.766s] -- Installing: /home/arms/ros2_ws/install/turtlesim/share/turtlesim/cmake/export_turtlesim__rosidl_typesupport_fastrtps_cExport-noconfig.cmake
[12.766s] -- Installing: /home/arms/ros2_ws/install/turtlesim/share/turtlesim/cmake/export_turtlesim__rosidl_generator_cppExport.cmake
[12.766s] -- Installing: /home/arms/ros2_ws/install/turtlesim/share/turtlesim/cmake/export_turtlesim__rosidl_typesupport_fastrtps_cppExport.cmake
[12.766s] -- Installing: /home/arms/ros2_ws/install/turtlesim/share/turtlesim/cmake/export_turtlesim__rosidl_typesupport_fastrtps_cppExport-noconfig.cmake
[12.767s] -- Installing: /home/arms/ros2_ws/install/turtlesim/share/turtlesim/cmake/turtlesim__rosidl_typesupport_introspection_cExport.cmake
[12.767s] -- Installing: /home/arms/ros2_ws/install/turtlesim/share/turtlesim/cmake/turtlesim__rosidl_typesupport_introspection_cExport-noconfig.cmake
[12.767s] -- Installing: /home/arms/ros2_ws/install/turtlesim/share/turtlesim/cmake/turtlesim__rosidl_typesupport_cExport.cmake
[12.767s] -- Installing: /home/arms/ros2_ws/install/turtlesim/share/turtlesim/cmake/turtlesim__rosidl_typesupport_cExport-noconfig.cmake
[12.767s] -- Installing: /home/arms/ros2_ws/install/turtlesim/share/turtlesim/cmake/turtlesim__rosidl_typesupport_introspection_cppExport.cmake
[12.767s] -- Installing: /home/arms/ros2_ws/install/turtlesim/share/turtlesim/cmake/turtlesim__rosidl_typesupport_introspection_cppExport-noconfig.cmake
[12.767s] -- Installing: /home/arms/ros2_ws/install/turtlesim/share/turtlesim/cmake/turtlesim__rosidl_typesupport_cppExport.cmake
[12.767s] -- Installing: /home/arms/ros2_ws/install/turtlesim/share/turtlesim/cmake/turtlesim__rosidl_typesupport_cppExport-noconfig.cmake
[12.767s] -- Installing: /home/arms/ros2_ws/install/turtlesim/share/turtlesim/cmake/export_turtlesim__rosidl_generator_pyExport.cmake
[12.767s] -- Installing: /home/arms/ros2_ws/install/turtlesim/share/turtlesim/cmake/export_turtlesim__rosidl_generator_pyExport-noconfig.cmake
[12.767s] -- Installing: /home/arms/ros2_ws/install/turtlesim/share/turtlesim/cmake/rosidl_cmake-extras.cmake
[12.768s] -- Installing: /home/arms/ros2_ws/install/turtlesim/share/turtlesim/cmake/ament_cmake_export_dependencies-extras.cmake
[12.768s] -- Installing: /home/arms/ros2_ws/install/turtlesim/share/turtlesim/cmake/ament_cmake_export_include_directories-extras.cmake
[12.768s] -- Installing: /home/arms/ros2_ws/install/turtlesim/share/turtlesim/cmake/ament_cmake_export_libraries-extras.cmake
[12.768s] -- Installing: /home/arms/ros2_ws/install/turtlesim/share/turtlesim/cmake/ament_cmake_export_targets-extras.cmake
[12.768s] -- Installing: /home/arms/ros2_ws/install/turtlesim/share/turtlesim/cmake/rosidl_cmake_export_typesupport_targets-extras.cmake
[12.768s] -- Installing: /home/arms/ros2_ws/install/turtlesim/share/turtlesim/cmake/rosidl_cmake_export_typesupport_libraries-extras.cmake
[12.768s] -- Installing: /home/arms/ros2_ws/install/turtlesim/share/turtlesim/cmake/turtlesimConfig.cmake
[12.768s] -- Installing: /home/arms/ros2_ws/install/turtlesim/share/turtlesim/cmake/turtlesimConfig-version.cmake
[12.768s] -- Installing: /home/arms/ros2_ws/install/turtlesim/share/turtlesim/package.xml
[12.768s] Invoked command in '/home/arms/ros2_ws/build/turtlesim' returned '0': CMAKE_PREFIX_PATH=${CMAKE_PREFIX_PATH}:/home/arms/ros2_ws/install/learning_tf2_py:/home/arms/ros2_ws/install/my_package:/home/arms/install/my_package:/opt/ros/humble /usr/bin/cmake --install /home/arms/ros2_ws/build/turtlesim
