[2.649s] Invoking command in '/home/arms/ros2_ws/src/my_package': PYTHONPATH=/home/arms/ros2_ws/build/my_package/prefix_override:/home/arms/ros2_ws/install/my_package/lib/python3.10/site-packages:${PYTHONPATH} /usr/bin/python3 setup.py egg_info --egg-base ../../build/my_package build --build-base /home/arms/ros2_ws/build/my_package/build install --record /home/arms/ros2_ws/build/my_package/install.log --single-version-externally-managed
[3.118s] running egg_info
[3.118s] writing ../../build/my_package/my_package.egg-info/PKG-INFO
[3.118s] writing dependency_links to ../../build/my_package/my_package.egg-info/dependency_links.txt
[3.119s] writing entry points to ../../build/my_package/my_package.egg-info/entry_points.txt
[3.119s] writing requirements to ../../build/my_package/my_package.egg-info/requires.txt
[3.119s] writing top-level names to ../../build/my_package/my_package.egg-info/top_level.txt
[3.123s] reading manifest file '../../build/my_package/my_package.egg-info/SOURCES.txt'
[3.124s] writing manifest file '../../build/my_package/my_package.egg-info/SOURCES.txt'
[3.125s] running build
[3.125s] running build_py
[3.127s] running install
[3.127s] running install_lib
[3.133s] running install_data
[3.133s] running install_egg_info
[3.134s] removing '/home/arms/ros2_ws/install/my_package/lib/python3.10/site-packages/my_package-0.0.0-py3.10.egg-info' (and everything under it)
[3.134s] Copying ../../build/my_package/my_package.egg-info to /home/arms/ros2_ws/install/my_package/lib/python3.10/site-packages/my_package-0.0.0-py3.10.egg-info
[3.134s] running install_scripts
[3.174s] Installing client script to /home/arms/ros2_ws/install/my_package/lib/my_package
[3.175s] Installing client2 script to /home/arms/ros2_ws/install/my_package/lib/my_package
[3.175s] Installing listener script to /home/arms/ros2_ws/install/my_package/lib/my_package
[3.175s] Installing listener2 script to /home/arms/ros2_ws/install/my_package/lib/my_package
[3.175s] Installing my_node script to /home/arms/ros2_ws/install/my_package/lib/my_package
[3.175s] Installing server script to /home/arms/ros2_ws/install/my_package/lib/my_package
[3.176s] Installing server2 script to /home/arms/ros2_ws/install/my_package/lib/my_package
[3.177s] Installing talker script to /home/arms/ros2_ws/install/my_package/lib/my_package
[3.177s] Installing talker2 script to /home/arms/ros2_ws/install/my_package/lib/my_package
[3.177s] writing list of installed files to '/home/arms/ros2_ws/build/my_package/install.log'
[3.556s] Invoked command in '/home/arms/ros2_ws/src/my_package' returned '0': PYTHONPATH=/home/arms/ros2_ws/build/my_package/prefix_override:/home/arms/ros2_ws/install/my_package/lib/python3.10/site-packages:${PYTHONPATH} /usr/bin/python3 setup.py egg_info --egg-base ../../build/my_package build --build-base /home/arms/ros2_ws/build/my_package/build install --record /home/arms/ros2_ws/build/my_package/install.log --single-version-externally-managed
