[1.119s] Invoking command in '/home/arms/ros2_ws/build/yolov8_msgs': CMAKE_PREFIX_PATH=${CMAKE_PREFIX_PATH}:/home/arms/ros2_ws/install/learning_tf2_py:/home/arms/ros2_ws/install/my_package:/home/arms/install/my_package:/opt/ros/humble /usr/bin/cmake --build /home/arms/ros2_ws/build/yolov8_msgs -- -j20 -l20
[1.241s] [ 10%] Built target yolov8_msgs__rosidl_generator_c
[1.243s] [ 12%] Built target yolov8_msgs__cpp
[1.295s] [ 12%] Built target ament_cmake_python_copy_yolov8_msgs
[1.295s] [ 23%] Built target yolov8_msgs__rosidl_typesupport_c
[1.296s] [ 33%] Built target yolov8_msgs__rosidl_typesupport_introspection_c
[1.296s] [ 43%] Built target yolov8_msgs__rosidl_typesupport_fastrtps_c
[1.296s] [ 53%] Built target yolov8_msgs__rosidl_typesupport_fastrtps_cpp
[1.297s] [ 64%] Built target yolov8_msgs__rosidl_typesupport_cpp
[1.297s] [ 74%] Built target yolov8_msgs__rosidl_typesupport_introspection_cpp
[1.347s] [ 74%] Built target yolov8_msgs
[1.387s] [ 76%] Built target yolov8_msgs__py
[1.432s] [ 84%] Built target yolov8_msgs__rosidl_generator_py
[1.479s] [ 89%] Built target yolov8_msgs__rosidl_typesupport_fastrtps_c__pyext
[1.480s] [ 94%] Built target yolov8_msgs__rosidl_typesupport_introspection_c__pyext
[1.488s] [100%] Built target yolov8_msgs__rosidl_typesupport_c__pyext
[1.915s] running egg_info
[1.915s] writing yolov8_msgs.egg-info/PKG-INFO
[1.915s] writing dependency_links to yolov8_msgs.egg-info/dependency_links.txt
[1.915s] writing top-level names to yolov8_msgs.egg-info/top_level.txt
[1.915s] reading manifest file 'yolov8_msgs.egg-info/SOURCES.txt'
[1.916s] writing manifest file 'yolov8_msgs.egg-info/SOURCES.txt'
[1.916s] [100%] Built target ament_cmake_python_build_yolov8_msgs_egg
[2.498s] Invoked command in '/home/arms/ros2_ws/build/yolov8_msgs' returned '0': CMAKE_PREFIX_PATH=${CMAKE_PREFIX_PATH}:/home/arms/ros2_ws/install/learning_tf2_py:/home/arms/ros2_ws/install/my_package:/home/arms/install/my_package:/opt/ros/humble /usr/bin/cmake --build /home/arms/ros2_ws/build/yolov8_msgs -- -j20 -l20
[3.056s] Invoking command in '/home/arms/ros2_ws/build/yolov8_msgs': CMAKE_PREFIX_PATH=${CMAKE_PREFIX_PATH}:/home/arms/ros2_ws/install/learning_tf2_py:/home/arms/ros2_ws/install/my_package:/home/arms/install/my_package:/opt/ros/humble /usr/bin/cmake --install /home/arms/ros2_ws/build/yolov8_msgs
[3.073s] -- Install configuration: ""
[3.075s] -- Up-to-date: /home/arms/ros2_ws/install/yolov8_msgs/share/ament_index/resource_index/rosidl_interfaces/yolov8_msgs
[3.075s] -- Up-to-date: /home/arms/ros2_ws/install/yolov8_msgs/include/yolov8_msgs/yolov8_msgs
[3.076s] -- Up-to-date: /home/arms/ros2_ws/install/yolov8_msgs/include/yolov8_msgs/yolov8_msgs/msg
[3.077s] -- Up-to-date: /home/arms/ros2_ws/install/yolov8_msgs/include/yolov8_msgs/yolov8_msgs/msg/yolov8_inference.h
[3.078s] -- Up-to-date: /home/arms/ros2_ws/install/yolov8_msgs/include/yolov8_msgs/yolov8_msgs/msg/detail
[3.078s] -- Up-to-date: /home/arms/ros2_ws/install/yolov8_msgs/include/yolov8_msgs/yolov8_msgs/msg/detail/inference_result__functions.h
[3.079s] -- Up-to-date: /home/arms/ros2_ws/install/yolov8_msgs/include/yolov8_msgs/yolov8_msgs/msg/detail/yolov8_inference__functions.c
[3.079s] -- Up-to-date: /home/arms/ros2_ws/install/yolov8_msgs/include/yolov8_msgs/yolov8_msgs/msg/detail/yolov8_inference__struct.h
[3.080s] -- Up-to-date: /home/arms/ros2_ws/install/yolov8_msgs/include/yolov8_msgs/yolov8_msgs/msg/detail/yolov8_inference__type_support.h
[3.081s] -- Up-to-date: /home/arms/ros2_ws/install/yolov8_msgs/include/yolov8_msgs/yolov8_msgs/msg/detail/inference_result__type_support.h
[3.082s] -- Up-to-date: /home/arms/ros2_ws/install/yolov8_msgs/include/yolov8_msgs/yolov8_msgs/msg/detail/inference_result__struct.h
[3.083s] -- Up-to-date: /home/arms/ros2_ws/install/yolov8_msgs/include/yolov8_msgs/yolov8_msgs/msg/detail/inference_result__functions.c
[3.083s] -- Up-to-date: /home/arms/ros2_ws/install/yolov8_msgs/include/yolov8_msgs/yolov8_msgs/msg/detail/yolov8_inference__functions.h
[3.084s] -- Up-to-date: /home/arms/ros2_ws/install/yolov8_msgs/include/yolov8_msgs/yolov8_msgs/msg/inference_result.h
[3.085s] -- Up-to-date: /home/arms/ros2_ws/install/yolov8_msgs/include/yolov8_msgs/yolov8_msgs/msg/rosidl_generator_c__visibility_control.h
[3.085s] -- Up-to-date: /home/arms/ros2_ws/install/yolov8_msgs/share/yolov8_msgs/environment/library_path.sh
[3.086s] -- Up-to-date: /home/arms/ros2_ws/install/yolov8_msgs/share/yolov8_msgs/environment/library_path.dsv
[3.088s] -- Up-to-date: /home/arms/ros2_ws/install/yolov8_msgs/lib/libyolov8_msgs__rosidl_generator_c.so
[3.088s] -- Up-to-date: /home/arms/ros2_ws/install/yolov8_msgs/include/yolov8_msgs/yolov8_msgs
[3.088s] -- Up-to-date: /home/arms/ros2_ws/install/yolov8_msgs/include/yolov8_msgs/yolov8_msgs/msg
[3.088s] -- Up-to-date: /home/arms/ros2_ws/install/yolov8_msgs/include/yolov8_msgs/yolov8_msgs/msg/rosidl_typesupport_fastrtps_c__visibility_control.h
[3.089s] -- Up-to-date: /home/arms/ros2_ws/install/yolov8_msgs/include/yolov8_msgs/yolov8_msgs/msg/detail
[3.089s] -- Up-to-date: /home/arms/ros2_ws/install/yolov8_msgs/include/yolov8_msgs/yolov8_msgs/msg/detail/yolov8_inference__rosidl_typesupport_fastrtps_c.h
[3.089s] -- Up-to-date: /home/arms/ros2_ws/install/yolov8_msgs/include/yolov8_msgs/yolov8_msgs/msg/detail/inference_result__rosidl_typesupport_fastrtps_c.h
[3.089s] -- Up-to-date: /home/arms/ros2_ws/install/yolov8_msgs/lib/libyolov8_msgs__rosidl_typesupport_fastrtps_c.so
[3.089s] -- Up-to-date: /home/arms/ros2_ws/install/yolov8_msgs/include/yolov8_msgs/yolov8_msgs
[3.089s] -- Up-to-date: /home/arms/ros2_ws/install/yolov8_msgs/include/yolov8_msgs/yolov8_msgs/msg
[3.089s] -- Up-to-date: /home/arms/ros2_ws/install/yolov8_msgs/include/yolov8_msgs/yolov8_msgs/msg/inference_result.hpp
[3.089s] -- Up-to-date: /home/arms/ros2_ws/install/yolov8_msgs/include/yolov8_msgs/yolov8_msgs/msg/yolov8_inference.hpp
[3.090s] -- Up-to-date: /home/arms/ros2_ws/install/yolov8_msgs/include/yolov8_msgs/yolov8_msgs/msg/detail
[3.090s] -- Up-to-date: /home/arms/ros2_ws/install/yolov8_msgs/include/yolov8_msgs/yolov8_msgs/msg/detail/yolov8_inference__builder.hpp
[3.090s] -- Up-to-date: /home/arms/ros2_ws/install/yolov8_msgs/include/yolov8_msgs/yolov8_msgs/msg/detail/yolov8_inference__traits.hpp
[3.090s] -- Up-to-date: /home/arms/ros2_ws/install/yolov8_msgs/include/yolov8_msgs/yolov8_msgs/msg/detail/yolov8_inference__struct.hpp
[3.090s] -- Up-to-date: /home/arms/ros2_ws/install/yolov8_msgs/include/yolov8_msgs/yolov8_msgs/msg/detail/inference_result__struct.hpp
[3.090s] -- Up-to-date: /home/arms/ros2_ws/install/yolov8_msgs/include/yolov8_msgs/yolov8_msgs/msg/detail/inference_result__builder.hpp
[3.090s] -- Up-to-date: /home/arms/ros2_ws/install/yolov8_msgs/include/yolov8_msgs/yolov8_msgs/msg/detail/inference_result__traits.hpp
[3.090s] -- Up-to-date: /home/arms/ros2_ws/install/yolov8_msgs/include/yolov8_msgs/yolov8_msgs
[3.090s] -- Up-to-date: /home/arms/ros2_ws/install/yolov8_msgs/include/yolov8_msgs/yolov8_msgs/msg
[3.091s] -- Up-to-date: /home/arms/ros2_ws/install/yolov8_msgs/include/yolov8_msgs/yolov8_msgs/msg/rosidl_typesupport_fastrtps_cpp__visibility_control.h
[3.091s] -- Up-to-date: /home/arms/ros2_ws/install/yolov8_msgs/include/yolov8_msgs/yolov8_msgs/msg/detail
[3.091s] -- Up-to-date: /home/arms/ros2_ws/install/yolov8_msgs/include/yolov8_msgs/yolov8_msgs/msg/detail/yolov8_inference__rosidl_typesupport_fastrtps_cpp.hpp
[3.091s] -- Up-to-date: /home/arms/ros2_ws/install/yolov8_msgs/include/yolov8_msgs/yolov8_msgs/msg/detail/inference_result__rosidl_typesupport_fastrtps_cpp.hpp
[3.091s] -- Up-to-date: /home/arms/ros2_ws/install/yolov8_msgs/include/yolov8_msgs/yolov8_msgs/msg/detail/dds_fastrtps
[3.091s] -- Up-to-date: /home/arms/ros2_ws/install/yolov8_msgs/lib/libyolov8_msgs__rosidl_typesupport_fastrtps_cpp.so
[3.091s] -- Up-to-date: /home/arms/ros2_ws/install/yolov8_msgs/include/yolov8_msgs/yolov8_msgs
[3.091s] -- Up-to-date: /home/arms/ros2_ws/install/yolov8_msgs/include/yolov8_msgs/yolov8_msgs/msg
[3.091s] -- Up-to-date: /home/arms/ros2_ws/install/yolov8_msgs/include/yolov8_msgs/yolov8_msgs/msg/rosidl_typesupport_introspection_c__visibility_control.h
[3.091s] -- Up-to-date: /home/arms/ros2_ws/install/yolov8_msgs/include/yolov8_msgs/yolov8_msgs/msg/detail
[3.092s] -- Up-to-date: /home/arms/ros2_ws/install/yolov8_msgs/include/yolov8_msgs/yolov8_msgs/msg/detail/inference_result__type_support.c
[3.092s] -- Up-to-date: /home/arms/ros2_ws/install/yolov8_msgs/include/yolov8_msgs/yolov8_msgs/msg/detail/inference_result__rosidl_typesupport_introspection_c.h
[3.092s] -- Up-to-date: /home/arms/ros2_ws/install/yolov8_msgs/include/yolov8_msgs/yolov8_msgs/msg/detail/yolov8_inference__rosidl_typesupport_introspection_c.h
[3.092s] -- Up-to-date: /home/arms/ros2_ws/install/yolov8_msgs/include/yolov8_msgs/yolov8_msgs/msg/detail/yolov8_inference__type_support.c
[3.092s] -- Up-to-date: /home/arms/ros2_ws/install/yolov8_msgs/lib/libyolov8_msgs__rosidl_typesupport_introspection_c.so
[3.092s] -- Up-to-date: /home/arms/ros2_ws/install/yolov8_msgs/lib/libyolov8_msgs__rosidl_typesupport_c.so
[3.092s] -- Up-to-date: /home/arms/ros2_ws/install/yolov8_msgs/include/yolov8_msgs/yolov8_msgs
[3.092s] -- Up-to-date: /home/arms/ros2_ws/install/yolov8_msgs/include/yolov8_msgs/yolov8_msgs/msg
[3.092s] -- Up-to-date: /home/arms/ros2_ws/install/yolov8_msgs/include/yolov8_msgs/yolov8_msgs/msg/detail
[3.093s] -- Up-to-date: /home/arms/ros2_ws/install/yolov8_msgs/include/yolov8_msgs/yolov8_msgs/msg/detail/yolov8_inference__rosidl_typesupport_introspection_cpp.hpp
[3.093s] -- Up-to-date: /home/arms/ros2_ws/install/yolov8_msgs/include/yolov8_msgs/yolov8_msgs/msg/detail/inference_result__rosidl_typesupport_introspection_cpp.hpp
[3.093s] -- Up-to-date: /home/arms/ros2_ws/install/yolov8_msgs/include/yolov8_msgs/yolov8_msgs/msg/detail/inference_result__type_support.cpp
[3.093s] -- Up-to-date: /home/arms/ros2_ws/install/yolov8_msgs/include/yolov8_msgs/yolov8_msgs/msg/detail/yolov8_inference__type_support.cpp
[3.093s] -- Up-to-date: /home/arms/ros2_ws/install/yolov8_msgs/lib/libyolov8_msgs__rosidl_typesupport_introspection_cpp.so
[3.093s] -- Up-to-date: /home/arms/ros2_ws/install/yolov8_msgs/lib/libyolov8_msgs__rosidl_typesupport_cpp.so
[3.093s] -- Up-to-date: /home/arms/ros2_ws/install/yolov8_msgs/share/yolov8_msgs/environment/pythonpath.sh
[3.093s] -- Up-to-date: /home/arms/ros2_ws/install/yolov8_msgs/share/yolov8_msgs/environment/pythonpath.dsv
[3.093s] -- Up-to-date: /home/arms/ros2_ws/install/yolov8_msgs/local/lib/python3.10/dist-packages/yolov8_msgs-0.0.0-py3.10.egg-info
[3.093s] -- Installing: /home/arms/ros2_ws/install/yolov8_msgs/local/lib/python3.10/dist-packages/yolov8_msgs-0.0.0-py3.10.egg-info/SOURCES.txt
[3.094s] -- Installing: /home/arms/ros2_ws/install/yolov8_msgs/local/lib/python3.10/dist-packages/yolov8_msgs-0.0.0-py3.10.egg-info/dependency_links.txt
[3.094s] -- Installing: /home/arms/ros2_ws/install/yolov8_msgs/local/lib/python3.10/dist-packages/yolov8_msgs-0.0.0-py3.10.egg-info/PKG-INFO
[3.094s] -- Installing: /home/arms/ros2_ws/install/yolov8_msgs/local/lib/python3.10/dist-packages/yolov8_msgs-0.0.0-py3.10.egg-info/top_level.txt
[3.094s] -- Up-to-date: /home/arms/ros2_ws/install/yolov8_msgs/local/lib/python3.10/dist-packages/yolov8_msgs
[3.094s] -- Up-to-date: /home/arms/ros2_ws/install/yolov8_msgs/local/lib/python3.10/dist-packages/yolov8_msgs/yolov8_msgs_s__rosidl_typesupport_fastrtps_c.cpython-310-x86_64-linux-gnu.so
[3.094s] -- Up-to-date: /home/arms/ros2_ws/install/yolov8_msgs/local/lib/python3.10/dist-packages/yolov8_msgs/_yolov8_msgs_s.ep.rosidl_typesupport_introspection_c.c
[3.094s] -- Up-to-date: /home/arms/ros2_ws/install/yolov8_msgs/local/lib/python3.10/dist-packages/yolov8_msgs/__init__.py
[3.094s] -- Up-to-date: /home/arms/ros2_ws/install/yolov8_msgs/local/lib/python3.10/dist-packages/yolov8_msgs/yolov8_msgs_s__rosidl_typesupport_c.cpython-310-x86_64-linux-gnu.so
[3.094s] -- Up-to-date: /home/arms/ros2_ws/install/yolov8_msgs/local/lib/python3.10/dist-packages/yolov8_msgs/yolov8_msgs_s__rosidl_typesupport_introspection_c.cpython-310-x86_64-linux-gnu.so
[3.095s] -- Up-to-date: /home/arms/ros2_ws/install/yolov8_msgs/local/lib/python3.10/dist-packages/yolov8_msgs/_yolov8_msgs_s.ep.rosidl_typesupport_c.c
[3.095s] -- Up-to-date: /home/arms/ros2_ws/install/yolov8_msgs/local/lib/python3.10/dist-packages/yolov8_msgs/_yolov8_msgs_s.ep.rosidl_typesupport_fastrtps_c.c
[3.095s] -- Up-to-date: /home/arms/ros2_ws/install/yolov8_msgs/local/lib/python3.10/dist-packages/yolov8_msgs/libyolov8_msgs__rosidl_generator_py.so
[3.095s] -- Up-to-date: /home/arms/ros2_ws/install/yolov8_msgs/local/lib/python3.10/dist-packages/yolov8_msgs/msg
[3.095s] -- Up-to-date: /home/arms/ros2_ws/install/yolov8_msgs/local/lib/python3.10/dist-packages/yolov8_msgs/msg/_yolov8_inference_s.c
[3.095s] -- Up-to-date: /home/arms/ros2_ws/install/yolov8_msgs/local/lib/python3.10/dist-packages/yolov8_msgs/msg/__init__.py
[3.095s] -- Up-to-date: /home/arms/ros2_ws/install/yolov8_msgs/local/lib/python3.10/dist-packages/yolov8_msgs/msg/_inference_result_s.c
[3.095s] -- Up-to-date: /home/arms/ros2_ws/install/yolov8_msgs/local/lib/python3.10/dist-packages/yolov8_msgs/msg/_yolov8_inference.py
[3.096s] -- Up-to-date: /home/arms/ros2_ws/install/yolov8_msgs/local/lib/python3.10/dist-packages/yolov8_msgs/msg/_inference_result.py
[3.163s] Listing '/home/arms/ros2_ws/install/yolov8_msgs/local/lib/python3.10/dist-packages/yolov8_msgs'...
[3.163s] Listing '/home/arms/ros2_ws/install/yolov8_msgs/local/lib/python3.10/dist-packages/yolov8_msgs/msg'...
[3.174s] -- Up-to-date: /home/arms/ros2_ws/install/yolov8_msgs/local/lib/python3.10/dist-packages/yolov8_msgs/yolov8_msgs_s__rosidl_typesupport_fastrtps_c.cpython-310-x86_64-linux-gnu.so
[3.174s] -- Up-to-date: /home/arms/ros2_ws/install/yolov8_msgs/local/lib/python3.10/dist-packages/yolov8_msgs/yolov8_msgs_s__rosidl_typesupport_introspection_c.cpython-310-x86_64-linux-gnu.so
[3.174s] -- Up-to-date: /home/arms/ros2_ws/install/yolov8_msgs/local/lib/python3.10/dist-packages/yolov8_msgs/yolov8_msgs_s__rosidl_typesupport_c.cpython-310-x86_64-linux-gnu.so
[3.176s] -- Up-to-date: /home/arms/ros2_ws/install/yolov8_msgs/lib/libyolov8_msgs__rosidl_generator_py.so
[3.176s] -- Up-to-date: /home/arms/ros2_ws/install/yolov8_msgs/share/yolov8_msgs/msg/InferenceResult.idl
[3.177s] -- Up-to-date: /home/arms/ros2_ws/install/yolov8_msgs/share/yolov8_msgs/msg/Yolov8Inference.idl
[3.177s] -- Up-to-date: /home/arms/ros2_ws/install/yolov8_msgs/share/yolov8_msgs/msg/InferenceResult.msg
[3.177s] -- Up-to-date: /home/arms/ros2_ws/install/yolov8_msgs/share/yolov8_msgs/msg/Yolov8Inference.msg
[3.177s] -- Up-to-date: /home/arms/ros2_ws/install/yolov8_msgs/share/ament_index/resource_index/package_run_dependencies/yolov8_msgs
[3.177s] -- Up-to-date: /home/arms/ros2_ws/install/yolov8_msgs/share/ament_index/resource_index/parent_prefix_path/yolov8_msgs
[3.177s] -- Up-to-date: /home/arms/ros2_ws/install/yolov8_msgs/share/yolov8_msgs/environment/ament_prefix_path.sh
[3.177s] -- Up-to-date: /home/arms/ros2_ws/install/yolov8_msgs/share/yolov8_msgs/environment/ament_prefix_path.dsv
[3.177s] -- Up-to-date: /home/arms/ros2_ws/install/yolov8_msgs/share/yolov8_msgs/environment/path.sh
[3.179s] -- Up-to-date: /home/arms/ros2_ws/install/yolov8_msgs/share/yolov8_msgs/environment/path.dsv
[3.180s] -- Up-to-date: /home/arms/ros2_ws/install/yolov8_msgs/share/yolov8_msgs/local_setup.bash
[3.182s] -- Up-to-date: /home/arms/ros2_ws/install/yolov8_msgs/share/yolov8_msgs/local_setup.sh
[3.184s] -- Up-to-date: /home/arms/ros2_ws/install/yolov8_msgs/share/yolov8_msgs/local_setup.zsh
[3.186s] -- Up-to-date: /home/arms/ros2_ws/install/yolov8_msgs/share/yolov8_msgs/local_setup.dsv
[3.187s] -- Installing: /home/arms/ros2_ws/install/yolov8_msgs/share/yolov8_msgs/package.dsv
[3.187s] -- Up-to-date: /home/arms/ros2_ws/install/yolov8_msgs/share/ament_index/resource_index/packages/yolov8_msgs
[3.187s] -- Up-to-date: /home/arms/ros2_ws/install/yolov8_msgs/share/yolov8_msgs/cmake/export_yolov8_msgs__rosidl_generator_cExport.cmake
[3.188s] -- Up-to-date: /home/arms/ros2_ws/install/yolov8_msgs/share/yolov8_msgs/cmake/export_yolov8_msgs__rosidl_generator_cExport-noconfig.cmake
[3.189s] -- Up-to-date: /home/arms/ros2_ws/install/yolov8_msgs/share/yolov8_msgs/cmake/export_yolov8_msgs__rosidl_typesupport_fastrtps_cExport.cmake
[3.190s] -- Up-to-date: /home/arms/ros2_ws/install/yolov8_msgs/share/yolov8_msgs/cmake/export_yolov8_msgs__rosidl_typesupport_fastrtps_cExport-noconfig.cmake
[3.190s] -- Up-to-date: /home/arms/ros2_ws/install/yolov8_msgs/share/yolov8_msgs/cmake/export_yolov8_msgs__rosidl_generator_cppExport.cmake
[3.191s] -- Up-to-date: /home/arms/ros2_ws/install/yolov8_msgs/share/yolov8_msgs/cmake/export_yolov8_msgs__rosidl_typesupport_fastrtps_cppExport.cmake
[3.192s] -- Up-to-date: /home/arms/ros2_ws/install/yolov8_msgs/share/yolov8_msgs/cmake/export_yolov8_msgs__rosidl_typesupport_fastrtps_cppExport-noconfig.cmake
[3.196s] -- Up-to-date: /home/arms/ros2_ws/install/yolov8_msgs/share/yolov8_msgs/cmake/yolov8_msgs__rosidl_typesupport_introspection_cExport.cmake
[3.197s] -- Up-to-date: /home/arms/ros2_ws/install/yolov8_msgs/share/yolov8_msgs/cmake/yolov8_msgs__rosidl_typesupport_introspection_cExport-noconfig.cmake
[3.197s] -- Up-to-date: /home/arms/ros2_ws/install/yolov8_msgs/share/yolov8_msgs/cmake/yolov8_msgs__rosidl_typesupport_cExport.cmake
[3.198s] -- Up-to-date: /home/arms/ros2_ws/install/yolov8_msgs/share/yolov8_msgs/cmake/yolov8_msgs__rosidl_typesupport_cExport-noconfig.cmake
[3.198s] -- Up-to-date: /home/arms/ros2_ws/install/yolov8_msgs/share/yolov8_msgs/cmake/yolov8_msgs__rosidl_typesupport_introspection_cppExport.cmake
[3.199s] -- Up-to-date: /home/arms/ros2_ws/install/yolov8_msgs/share/yolov8_msgs/cmake/yolov8_msgs__rosidl_typesupport_introspection_cppExport-noconfig.cmake
[3.200s] -- Up-to-date: /home/arms/ros2_ws/install/yolov8_msgs/share/yolov8_msgs/cmake/yolov8_msgs__rosidl_typesupport_cppExport.cmake
[3.200s] -- Up-to-date: /home/arms/ros2_ws/install/yolov8_msgs/share/yolov8_msgs/cmake/yolov8_msgs__rosidl_typesupport_cppExport-noconfig.cmake
[3.201s] -- Up-to-date: /home/arms/ros2_ws/install/yolov8_msgs/share/yolov8_msgs/cmake/export_yolov8_msgs__rosidl_generator_pyExport.cmake
[3.201s] -- Up-to-date: /home/arms/ros2_ws/install/yolov8_msgs/share/yolov8_msgs/cmake/export_yolov8_msgs__rosidl_generator_pyExport-noconfig.cmake
[3.203s] -- Up-to-date: /home/arms/ros2_ws/install/yolov8_msgs/share/yolov8_msgs/cmake/rosidl_cmake-extras.cmake
[3.203s] -- Up-to-date: /home/arms/ros2_ws/install/yolov8_msgs/share/yolov8_msgs/cmake/ament_cmake_export_dependencies-extras.cmake
[3.203s] -- Up-to-date: /home/arms/ros2_ws/install/yolov8_msgs/share/yolov8_msgs/cmake/ament_cmake_export_include_directories-extras.cmake
[3.204s] -- Up-to-date: /home/arms/ros2_ws/install/yolov8_msgs/share/yolov8_msgs/cmake/ament_cmake_export_libraries-extras.cmake
[3.204s] -- Up-to-date: /home/arms/ros2_ws/install/yolov8_msgs/share/yolov8_msgs/cmake/ament_cmake_export_targets-extras.cmake
[3.205s] -- Up-to-date: /home/arms/ros2_ws/install/yolov8_msgs/share/yolov8_msgs/cmake/rosidl_cmake_export_typesupport_targets-extras.cmake
[3.205s] -- Up-to-date: /home/arms/ros2_ws/install/yolov8_msgs/share/yolov8_msgs/cmake/rosidl_cmake_export_typesupport_libraries-extras.cmake
[3.207s] -- Up-to-date: /home/arms/ros2_ws/install/yolov8_msgs/share/yolov8_msgs/cmake/yolov8_msgsConfig.cmake
[3.207s] -- Up-to-date: /home/arms/ros2_ws/install/yolov8_msgs/share/yolov8_msgs/cmake/yolov8_msgsConfig-version.cmake
[3.207s] -- Up-to-date: /home/arms/ros2_ws/install/yolov8_msgs/share/yolov8_msgs/package.xml
[3.294s] Invoked command in '/home/arms/ros2_ws/build/yolov8_msgs' returned '0': CMAKE_PREFIX_PATH=${CMAKE_PREFIX_PATH}:/home/arms/ros2_ws/install/learning_tf2_py:/home/arms/ros2_ws/install/my_package:/home/arms/install/my_package:/opt/ros/humble /usr/bin/cmake --install /home/arms/ros2_ws/build/yolov8_msgs
