[0.326s] Invoking command in '/home/arms/ros2_ws/build/my_interfaces': CMAKE_PREFIX_PATH=${CMAKE_PREFIX_PATH}:/home/arms/ros2_ws/install/learning_tf2_py:/home/arms/ros2_ws/install/my_package:/home/arms/install/my_package:/opt/ros/humble /usr/bin/cmake --build /home/arms/ros2_ws/build/my_interfaces -- -j20 -l20
[0.614s] [  1%] Built target my_interfaces__cpp
[0.614s] [ 12%] Built target my_interfaces__rosidl_generator_c
[0.614s] [ 12%] Built target ament_cmake_python_copy_my_interfaces
[0.614s] [ 23%] Built target my_interfaces__rosidl_typesupport_introspection_cpp
[0.614s] [ 36%] Built target my_interfaces__rosidl_typesupport_fastrtps_cpp
[0.614s] [ 45%] Built target my_interfaces__rosidl_typesupport_cpp
[0.614s] [ 56%] Built target my_interfaces__rosidl_typesupport_c
[0.614s] [ 67%] Built target my_interfaces__rosidl_typesupport_introspection_c
[0.614s] [ 78%] Built target my_interfaces__rosidl_typesupport_fastrtps_c
[0.615s] [ 78%] Built target my_interfaces
[0.615s] [ 80%] Built target my_interfaces__py
[0.615s] [ 89%] Built target my_interfaces__rosidl_generator_py
[0.615s] [ 92%] Built target my_interfaces__rosidl_typesupport_fastrtps_c__pyext
[0.615s] [100%] Built target my_interfaces__rosidl_typesupport_c__pyext
[0.615s] [100%] Built target my_interfaces__rosidl_typesupport_introspection_c__pyext
[0.615s] running egg_info
[0.615s] writing my_interfaces.egg-info/PKG-INFO
[0.615s] writing dependency_links to my_interfaces.egg-info/dependency_links.txt
[0.616s] writing top-level names to my_interfaces.egg-info/top_level.txt
[0.616s] reading manifest file 'my_interfaces.egg-info/SOURCES.txt'
[0.616s] writing manifest file 'my_interfaces.egg-info/SOURCES.txt'
[0.616s] [100%] Built target ament_cmake_python_build_my_interfaces_egg
[0.627s] Invoked command in '/home/arms/ros2_ws/build/my_interfaces' returned '0': CMAKE_PREFIX_PATH=${CMAKE_PREFIX_PATH}:/home/arms/ros2_ws/install/learning_tf2_py:/home/arms/ros2_ws/install/my_package:/home/arms/install/my_package:/opt/ros/humble /usr/bin/cmake --build /home/arms/ros2_ws/build/my_interfaces -- -j20 -l20
[0.724s] Invoking command in '/home/arms/ros2_ws/build/my_interfaces': CMAKE_PREFIX_PATH=${CMAKE_PREFIX_PATH}:/home/arms/ros2_ws/install/learning_tf2_py:/home/arms/ros2_ws/install/my_package:/home/arms/install/my_package:/opt/ros/humble /usr/bin/cmake --install /home/arms/ros2_ws/build/my_interfaces
[0.776s] -- Install configuration: ""
[0.777s] -- Up-to-date: /home/arms/ros2_ws/install/my_interfaces/share/ament_index/resource_index/rosidl_interfaces/my_interfaces
[0.778s] -- Up-to-date: /home/arms/ros2_ws/install/my_interfaces/include/my_interfaces/my_interfaces
[0.778s] -- Up-to-date: /home/arms/ros2_ws/install/my_interfaces/include/my_interfaces/my_interfaces/srv
[0.778s] -- Up-to-date: /home/arms/ros2_ws/install/my_interfaces/include/my_interfaces/my_interfaces/srv/time_req.h
[0.779s] -- Up-to-date: /home/arms/ros2_ws/install/my_interfaces/include/my_interfaces/my_interfaces/srv/detail
[0.779s] -- Up-to-date: /home/arms/ros2_ws/install/my_interfaces/include/my_interfaces/my_interfaces/srv/detail/time_req__functions.h
[0.779s] -- Up-to-date: /home/arms/ros2_ws/install/my_interfaces/include/my_interfaces/my_interfaces/srv/detail/time_req__type_support.h
[0.779s] -- Up-to-date: /home/arms/ros2_ws/install/my_interfaces/include/my_interfaces/my_interfaces/srv/detail/add_three_ints__type_support.h
[0.779s] -- Up-to-date: /home/arms/ros2_ws/install/my_interfaces/include/my_interfaces/my_interfaces/srv/detail/add_three_ints__struct.h
[0.779s] -- Up-to-date: /home/arms/ros2_ws/install/my_interfaces/include/my_interfaces/my_interfaces/srv/detail/add_three_ints__functions.c
[0.779s] -- Up-to-date: /home/arms/ros2_ws/install/my_interfaces/include/my_interfaces/my_interfaces/srv/detail/time_req__struct.h
[0.779s] -- Up-to-date: /home/arms/ros2_ws/install/my_interfaces/include/my_interfaces/my_interfaces/srv/detail/time_req__functions.c
[0.779s] -- Up-to-date: /home/arms/ros2_ws/install/my_interfaces/include/my_interfaces/my_interfaces/srv/detail/add_three_ints__functions.h
[0.779s] -- Up-to-date: /home/arms/ros2_ws/install/my_interfaces/include/my_interfaces/my_interfaces/srv/add_three_ints.h
[0.780s] -- Up-to-date: /home/arms/ros2_ws/install/my_interfaces/include/my_interfaces/my_interfaces/msg
[0.780s] -- Up-to-date: /home/arms/ros2_ws/install/my_interfaces/include/my_interfaces/my_interfaces/msg/sphere.h
[0.780s] -- Up-to-date: /home/arms/ros2_ws/install/my_interfaces/include/my_interfaces/my_interfaces/msg/num.h
[0.780s] -- Up-to-date: /home/arms/ros2_ws/install/my_interfaces/include/my_interfaces/my_interfaces/msg/detail
[0.780s] -- Up-to-date: /home/arms/ros2_ws/install/my_interfaces/include/my_interfaces/my_interfaces/msg/detail/num__functions.c
[0.780s] -- Up-to-date: /home/arms/ros2_ws/install/my_interfaces/include/my_interfaces/my_interfaces/msg/detail/sphere__functions.h
[0.780s] -- Up-to-date: /home/arms/ros2_ws/install/my_interfaces/include/my_interfaces/my_interfaces/msg/detail/num__struct.h
[0.780s] -- Up-to-date: /home/arms/ros2_ws/install/my_interfaces/include/my_interfaces/my_interfaces/msg/detail/sphere__type_support.h
[0.780s] -- Up-to-date: /home/arms/ros2_ws/install/my_interfaces/include/my_interfaces/my_interfaces/msg/detail/num__functions.h
[0.780s] -- Up-to-date: /home/arms/ros2_ws/install/my_interfaces/include/my_interfaces/my_interfaces/msg/detail/sphere__functions.c
[0.781s] -- Up-to-date: /home/arms/ros2_ws/install/my_interfaces/include/my_interfaces/my_interfaces/msg/detail/sphere__struct.h
[0.781s] -- Up-to-date: /home/arms/ros2_ws/install/my_interfaces/include/my_interfaces/my_interfaces/msg/detail/num__type_support.h
[0.781s] -- Up-to-date: /home/arms/ros2_ws/install/my_interfaces/include/my_interfaces/my_interfaces/msg/rosidl_generator_c__visibility_control.h
[0.781s] -- Up-to-date: /home/arms/ros2_ws/install/my_interfaces/share/my_interfaces/environment/library_path.sh
[0.781s] -- Up-to-date: /home/arms/ros2_ws/install/my_interfaces/share/my_interfaces/environment/library_path.dsv
[0.781s] -- Up-to-date: /home/arms/ros2_ws/install/my_interfaces/lib/libmy_interfaces__rosidl_generator_c.so
[0.781s] -- Up-to-date: /home/arms/ros2_ws/install/my_interfaces/include/my_interfaces/my_interfaces
[0.781s] -- Up-to-date: /home/arms/ros2_ws/install/my_interfaces/include/my_interfaces/my_interfaces/srv
[0.781s] -- Up-to-date: /home/arms/ros2_ws/install/my_interfaces/include/my_interfaces/my_interfaces/srv/detail
[0.781s] -- Up-to-date: /home/arms/ros2_ws/install/my_interfaces/include/my_interfaces/my_interfaces/srv/detail/add_three_ints__rosidl_typesupport_fastrtps_c.h
[0.783s] -- Up-to-date: /home/arms/ros2_ws/install/my_interfaces/include/my_interfaces/my_interfaces/srv/detail/time_req__rosidl_typesupport_fastrtps_c.h
[0.783s] -- Up-to-date: /home/arms/ros2_ws/install/my_interfaces/include/my_interfaces/my_interfaces/msg
[0.783s] -- Up-to-date: /home/arms/ros2_ws/install/my_interfaces/include/my_interfaces/my_interfaces/msg/rosidl_typesupport_fastrtps_c__visibility_control.h
[0.783s] -- Up-to-date: /home/arms/ros2_ws/install/my_interfaces/include/my_interfaces/my_interfaces/msg/detail
[0.783s] -- Up-to-date: /home/arms/ros2_ws/install/my_interfaces/include/my_interfaces/my_interfaces/msg/detail/sphere__rosidl_typesupport_fastrtps_c.h
[0.783s] -- Up-to-date: /home/arms/ros2_ws/install/my_interfaces/include/my_interfaces/my_interfaces/msg/detail/num__rosidl_typesupport_fastrtps_c.h
[0.783s] -- Up-to-date: /home/arms/ros2_ws/install/my_interfaces/lib/libmy_interfaces__rosidl_typesupport_fastrtps_c.so
[0.783s] -- Up-to-date: /home/arms/ros2_ws/install/my_interfaces/include/my_interfaces/my_interfaces
[0.783s] -- Up-to-date: /home/arms/ros2_ws/install/my_interfaces/include/my_interfaces/my_interfaces/srv
[0.783s] -- Up-to-date: /home/arms/ros2_ws/install/my_interfaces/include/my_interfaces/my_interfaces/srv/add_three_ints.hpp
[0.783s] -- Up-to-date: /home/arms/ros2_ws/install/my_interfaces/include/my_interfaces/my_interfaces/srv/time_req.hpp
[0.783s] -- Up-to-date: /home/arms/ros2_ws/install/my_interfaces/include/my_interfaces/my_interfaces/srv/detail
[0.783s] -- Up-to-date: /home/arms/ros2_ws/install/my_interfaces/include/my_interfaces/my_interfaces/srv/detail/time_req__traits.hpp
[0.783s] -- Up-to-date: /home/arms/ros2_ws/install/my_interfaces/include/my_interfaces/my_interfaces/srv/detail/add_three_ints__struct.hpp
[0.783s] -- Up-to-date: /home/arms/ros2_ws/install/my_interfaces/include/my_interfaces/my_interfaces/srv/detail/add_three_ints__builder.hpp
[0.784s] -- Up-to-date: /home/arms/ros2_ws/install/my_interfaces/include/my_interfaces/my_interfaces/srv/detail/time_req__builder.hpp
[0.784s] -- Up-to-date: /home/arms/ros2_ws/install/my_interfaces/include/my_interfaces/my_interfaces/srv/detail/add_three_ints__traits.hpp
[0.784s] -- Up-to-date: /home/arms/ros2_ws/install/my_interfaces/include/my_interfaces/my_interfaces/srv/detail/time_req__struct.hpp
[0.784s] -- Up-to-date: /home/arms/ros2_ws/install/my_interfaces/include/my_interfaces/my_interfaces/msg
[0.784s] -- Up-to-date: /home/arms/ros2_ws/install/my_interfaces/include/my_interfaces/my_interfaces/msg/num.hpp
[0.784s] -- Up-to-date: /home/arms/ros2_ws/install/my_interfaces/include/my_interfaces/my_interfaces/msg/sphere.hpp
[0.784s] -- Up-to-date: /home/arms/ros2_ws/install/my_interfaces/include/my_interfaces/my_interfaces/msg/detail
[0.784s] -- Up-to-date: /home/arms/ros2_ws/install/my_interfaces/include/my_interfaces/my_interfaces/msg/detail/sphere__builder.hpp
[0.784s] -- Up-to-date: /home/arms/ros2_ws/install/my_interfaces/include/my_interfaces/my_interfaces/msg/detail/sphere__struct.hpp
[0.784s] -- Up-to-date: /home/arms/ros2_ws/install/my_interfaces/include/my_interfaces/my_interfaces/msg/detail/num__traits.hpp
[0.784s] -- Up-to-date: /home/arms/ros2_ws/install/my_interfaces/include/my_interfaces/my_interfaces/msg/detail/sphere__traits.hpp
[0.784s] -- Up-to-date: /home/arms/ros2_ws/install/my_interfaces/include/my_interfaces/my_interfaces/msg/detail/num__builder.hpp
[0.784s] -- Up-to-date: /home/arms/ros2_ws/install/my_interfaces/include/my_interfaces/my_interfaces/msg/detail/num__struct.hpp
[0.784s] -- Up-to-date: /home/arms/ros2_ws/install/my_interfaces/include/my_interfaces/my_interfaces
[0.784s] -- Up-to-date: /home/arms/ros2_ws/install/my_interfaces/include/my_interfaces/my_interfaces/srv
[0.784s] -- Up-to-date: /home/arms/ros2_ws/install/my_interfaces/include/my_interfaces/my_interfaces/srv/detail
[0.784s] -- Up-to-date: /home/arms/ros2_ws/install/my_interfaces/include/my_interfaces/my_interfaces/srv/detail/time_req__rosidl_typesupport_fastrtps_cpp.hpp
[0.784s] -- Up-to-date: /home/arms/ros2_ws/install/my_interfaces/include/my_interfaces/my_interfaces/srv/detail/dds_fastrtps
[0.784s] -- Up-to-date: /home/arms/ros2_ws/install/my_interfaces/include/my_interfaces/my_interfaces/srv/detail/add_three_ints__rosidl_typesupport_fastrtps_cpp.hpp
[0.784s] -- Up-to-date: /home/arms/ros2_ws/install/my_interfaces/include/my_interfaces/my_interfaces/msg
[0.785s] -- Up-to-date: /home/arms/ros2_ws/install/my_interfaces/include/my_interfaces/my_interfaces/msg/rosidl_typesupport_fastrtps_cpp__visibility_control.h
[0.785s] -- Up-to-date: /home/arms/ros2_ws/install/my_interfaces/include/my_interfaces/my_interfaces/msg/detail
[0.785s] -- Up-to-date: /home/arms/ros2_ws/install/my_interfaces/include/my_interfaces/my_interfaces/msg/detail/num__rosidl_typesupport_fastrtps_cpp.hpp
[0.785s] -- Up-to-date: /home/arms/ros2_ws/install/my_interfaces/include/my_interfaces/my_interfaces/msg/detail/dds_fastrtps
[0.785s] -- Up-to-date: /home/arms/ros2_ws/install/my_interfaces/include/my_interfaces/my_interfaces/msg/detail/sphere__rosidl_typesupport_fastrtps_cpp.hpp
[0.786s] -- Up-to-date: /home/arms/ros2_ws/install/my_interfaces/lib/libmy_interfaces__rosidl_typesupport_fastrtps_cpp.so
[0.786s] -- Up-to-date: /home/arms/ros2_ws/install/my_interfaces/include/my_interfaces/my_interfaces
[0.786s] -- Up-to-date: /home/arms/ros2_ws/install/my_interfaces/include/my_interfaces/my_interfaces/srv
[0.786s] -- Up-to-date: /home/arms/ros2_ws/install/my_interfaces/include/my_interfaces/my_interfaces/srv/detail
[0.786s] -- Up-to-date: /home/arms/ros2_ws/install/my_interfaces/include/my_interfaces/my_interfaces/srv/detail/add_three_ints__type_support.c
[0.786s] -- Up-to-date: /home/arms/ros2_ws/install/my_interfaces/include/my_interfaces/my_interfaces/srv/detail/time_req__rosidl_typesupport_introspection_c.h
[0.786s] -- Up-to-date: /home/arms/ros2_ws/install/my_interfaces/include/my_interfaces/my_interfaces/srv/detail/add_three_ints__rosidl_typesupport_introspection_c.h
[0.786s] -- Up-to-date: /home/arms/ros2_ws/install/my_interfaces/include/my_interfaces/my_interfaces/srv/detail/time_req__type_support.c
[0.786s] -- Up-to-date: /home/arms/ros2_ws/install/my_interfaces/include/my_interfaces/my_interfaces/msg
[0.786s] -- Up-to-date: /home/arms/ros2_ws/install/my_interfaces/include/my_interfaces/my_interfaces/msg/rosidl_typesupport_introspection_c__visibility_control.h
[0.786s] -- Up-to-date: /home/arms/ros2_ws/install/my_interfaces/include/my_interfaces/my_interfaces/msg/detail
[0.786s] -- Up-to-date: /home/arms/ros2_ws/install/my_interfaces/include/my_interfaces/my_interfaces/msg/detail/sphere__type_support.c
[0.786s] -- Up-to-date: /home/arms/ros2_ws/install/my_interfaces/include/my_interfaces/my_interfaces/msg/detail/num__type_support.c
[0.786s] -- Up-to-date: /home/arms/ros2_ws/install/my_interfaces/include/my_interfaces/my_interfaces/msg/detail/num__rosidl_typesupport_introspection_c.h
[0.786s] -- Up-to-date: /home/arms/ros2_ws/install/my_interfaces/include/my_interfaces/my_interfaces/msg/detail/sphere__rosidl_typesupport_introspection_c.h
[0.786s] -- Up-to-date: /home/arms/ros2_ws/install/my_interfaces/lib/libmy_interfaces__rosidl_typesupport_introspection_c.so
[0.786s] -- Up-to-date: /home/arms/ros2_ws/install/my_interfaces/lib/libmy_interfaces__rosidl_typesupport_c.so
[0.786s] -- Up-to-date: /home/arms/ros2_ws/install/my_interfaces/include/my_interfaces/my_interfaces
[0.786s] -- Up-to-date: /home/arms/ros2_ws/install/my_interfaces/include/my_interfaces/my_interfaces/srv
[0.787s] -- Up-to-date: /home/arms/ros2_ws/install/my_interfaces/include/my_interfaces/my_interfaces/srv/detail
[0.787s] -- Up-to-date: /home/arms/ros2_ws/install/my_interfaces/include/my_interfaces/my_interfaces/srv/detail/add_three_ints__rosidl_typesupport_introspection_cpp.hpp
[0.787s] -- Up-to-date: /home/arms/ros2_ws/install/my_interfaces/include/my_interfaces/my_interfaces/srv/detail/add_three_ints__type_support.cpp
[0.787s] -- Up-to-date: /home/arms/ros2_ws/install/my_interfaces/include/my_interfaces/my_interfaces/srv/detail/time_req__rosidl_typesupport_introspection_cpp.hpp
[0.787s] -- Up-to-date: /home/arms/ros2_ws/install/my_interfaces/include/my_interfaces/my_interfaces/srv/detail/time_req__type_support.cpp
[0.787s] -- Up-to-date: /home/arms/ros2_ws/install/my_interfaces/include/my_interfaces/my_interfaces/msg
[0.787s] -- Up-to-date: /home/arms/ros2_ws/install/my_interfaces/include/my_interfaces/my_interfaces/msg/detail
[0.787s] -- Up-to-date: /home/arms/ros2_ws/install/my_interfaces/include/my_interfaces/my_interfaces/msg/detail/sphere__type_support.cpp
[0.787s] -- Up-to-date: /home/arms/ros2_ws/install/my_interfaces/include/my_interfaces/my_interfaces/msg/detail/sphere__rosidl_typesupport_introspection_cpp.hpp
[0.790s] -- Up-to-date: /home/arms/ros2_ws/install/my_interfaces/include/my_interfaces/my_interfaces/msg/detail/num__rosidl_typesupport_introspection_cpp.hpp
[0.790s] -- Up-to-date: /home/arms/ros2_ws/install/my_interfaces/include/my_interfaces/my_interfaces/msg/detail/num__type_support.cpp
[0.790s] -- Up-to-date: /home/arms/ros2_ws/install/my_interfaces/lib/libmy_interfaces__rosidl_typesupport_introspection_cpp.so
[0.790s] -- Up-to-date: /home/arms/ros2_ws/install/my_interfaces/lib/libmy_interfaces__rosidl_typesupport_cpp.so
[0.790s] -- Up-to-date: /home/arms/ros2_ws/install/my_interfaces/share/my_interfaces/environment/pythonpath.sh
[0.790s] -- Up-to-date: /home/arms/ros2_ws/install/my_interfaces/share/my_interfaces/environment/pythonpath.dsv
[0.790s] -- Up-to-date: /home/arms/ros2_ws/install/my_interfaces/local/lib/python3.10/dist-packages/my_interfaces-0.0.0-py3.10.egg-info
[0.790s] -- Installing: /home/arms/ros2_ws/install/my_interfaces/local/lib/python3.10/dist-packages/my_interfaces-0.0.0-py3.10.egg-info/SOURCES.txt
[0.790s] -- Installing: /home/arms/ros2_ws/install/my_interfaces/local/lib/python3.10/dist-packages/my_interfaces-0.0.0-py3.10.egg-info/dependency_links.txt
[0.790s] -- Installing: /home/arms/ros2_ws/install/my_interfaces/local/lib/python3.10/dist-packages/my_interfaces-0.0.0-py3.10.egg-info/PKG-INFO
[0.790s] -- Installing: /home/arms/ros2_ws/install/my_interfaces/local/lib/python3.10/dist-packages/my_interfaces-0.0.0-py3.10.egg-info/top_level.txt
[0.790s] -- Up-to-date: /home/arms/ros2_ws/install/my_interfaces/local/lib/python3.10/dist-packages/my_interfaces
[0.790s] -- Up-to-date: /home/arms/ros2_ws/install/my_interfaces/local/lib/python3.10/dist-packages/my_interfaces/my_interfaces_s__rosidl_typesupport_introspection_c.cpython-310-x86_64-linux-gnu.so
[0.790s] -- Up-to-date: /home/arms/ros2_ws/install/my_interfaces/local/lib/python3.10/dist-packages/my_interfaces/my_interfaces_s__rosidl_typesupport_fastrtps_c.cpython-310-x86_64-linux-gnu.so
[0.790s] -- Up-to-date: /home/arms/ros2_ws/install/my_interfaces/local/lib/python3.10/dist-packages/my_interfaces/_my_interfaces_s.ep.rosidl_typesupport_introspection_c.c
[0.790s] -- Up-to-date: /home/arms/ros2_ws/install/my_interfaces/local/lib/python3.10/dist-packages/my_interfaces/my_interfaces_s__rosidl_typesupport_c.cpython-310-x86_64-linux-gnu.so
[0.790s] -- Up-to-date: /home/arms/ros2_ws/install/my_interfaces/local/lib/python3.10/dist-packages/my_interfaces/__init__.py
[0.790s] -- Up-to-date: /home/arms/ros2_ws/install/my_interfaces/local/lib/python3.10/dist-packages/my_interfaces/srv
[0.790s] -- Up-to-date: /home/arms/ros2_ws/install/my_interfaces/local/lib/python3.10/dist-packages/my_interfaces/srv/_add_three_ints_s.c
[0.790s] -- Up-to-date: /home/arms/ros2_ws/install/my_interfaces/local/lib/python3.10/dist-packages/my_interfaces/srv/__init__.py
[0.790s] -- Up-to-date: /home/arms/ros2_ws/install/my_interfaces/local/lib/python3.10/dist-packages/my_interfaces/srv/_time_req.py
[0.790s] -- Up-to-date: /home/arms/ros2_ws/install/my_interfaces/local/lib/python3.10/dist-packages/my_interfaces/srv/_time_req_s.c
[0.790s] -- Up-to-date: /home/arms/ros2_ws/install/my_interfaces/local/lib/python3.10/dist-packages/my_interfaces/srv/_add_three_ints.py
[0.791s] -- Up-to-date: /home/arms/ros2_ws/install/my_interfaces/local/lib/python3.10/dist-packages/my_interfaces/_my_interfaces_s.ep.rosidl_typesupport_fastrtps_c.c
[0.791s] -- Up-to-date: /home/arms/ros2_ws/install/my_interfaces/local/lib/python3.10/dist-packages/my_interfaces/libmy_interfaces__rosidl_generator_py.so
[0.791s] -- Up-to-date: /home/arms/ros2_ws/install/my_interfaces/local/lib/python3.10/dist-packages/my_interfaces/_my_interfaces_s.ep.rosidl_typesupport_c.c
[0.791s] -- Up-to-date: /home/arms/ros2_ws/install/my_interfaces/local/lib/python3.10/dist-packages/my_interfaces/msg
[0.791s] -- Up-to-date: /home/arms/ros2_ws/install/my_interfaces/local/lib/python3.10/dist-packages/my_interfaces/msg/_sphere_s.c
[0.791s] -- Up-to-date: /home/arms/ros2_ws/install/my_interfaces/local/lib/python3.10/dist-packages/my_interfaces/msg/_num.py
[0.791s] -- Up-to-date: /home/arms/ros2_ws/install/my_interfaces/local/lib/python3.10/dist-packages/my_interfaces/msg/__init__.py
[0.791s] -- Up-to-date: /home/arms/ros2_ws/install/my_interfaces/local/lib/python3.10/dist-packages/my_interfaces/msg/_sphere.py
[0.791s] -- Up-to-date: /home/arms/ros2_ws/install/my_interfaces/local/lib/python3.10/dist-packages/my_interfaces/msg/_num_s.c
[0.791s] Listing '/home/arms/ros2_ws/install/my_interfaces/local/lib/python3.10/dist-packages/my_interfaces'...
[0.791s] Listing '/home/arms/ros2_ws/install/my_interfaces/local/lib/python3.10/dist-packages/my_interfaces/msg'...
[0.791s] Listing '/home/arms/ros2_ws/install/my_interfaces/local/lib/python3.10/dist-packages/my_interfaces/srv'...
[0.791s] -- Up-to-date: /home/arms/ros2_ws/install/my_interfaces/local/lib/python3.10/dist-packages/my_interfaces/my_interfaces_s__rosidl_typesupport_fastrtps_c.cpython-310-x86_64-linux-gnu.so
[0.791s] -- Up-to-date: /home/arms/ros2_ws/install/my_interfaces/local/lib/python3.10/dist-packages/my_interfaces/my_interfaces_s__rosidl_typesupport_introspection_c.cpython-310-x86_64-linux-gnu.so
[0.791s] -- Up-to-date: /home/arms/ros2_ws/install/my_interfaces/local/lib/python3.10/dist-packages/my_interfaces/my_interfaces_s__rosidl_typesupport_c.cpython-310-x86_64-linux-gnu.so
[0.791s] -- Up-to-date: /home/arms/ros2_ws/install/my_interfaces/lib/libmy_interfaces__rosidl_generator_py.so
[0.791s] -- Up-to-date: /home/arms/ros2_ws/install/my_interfaces/share/my_interfaces/msg/Num.idl
[0.791s] -- Up-to-date: /home/arms/ros2_ws/install/my_interfaces/share/my_interfaces/msg/Sphere.idl
[0.791s] -- Up-to-date: /home/arms/ros2_ws/install/my_interfaces/share/my_interfaces/srv/AddThreeInts.idl
[0.791s] -- Up-to-date: /home/arms/ros2_ws/install/my_interfaces/share/my_interfaces/srv/TimeReq.idl
[0.791s] -- Up-to-date: /home/arms/ros2_ws/install/my_interfaces/share/my_interfaces/msg/Num.msg
[0.792s] -- Up-to-date: /home/arms/ros2_ws/install/my_interfaces/share/my_interfaces/msg/Sphere.msg
[0.792s] -- Up-to-date: /home/arms/ros2_ws/install/my_interfaces/share/my_interfaces/srv/AddThreeInts.srv
[0.792s] -- Up-to-date: /home/arms/ros2_ws/install/my_interfaces/share/my_interfaces/srv/AddThreeInts_Request.msg
[0.792s] -- Up-to-date: /home/arms/ros2_ws/install/my_interfaces/share/my_interfaces/srv/AddThreeInts_Response.msg
[0.792s] -- Up-to-date: /home/arms/ros2_ws/install/my_interfaces/share/my_interfaces/srv/TimeReq.srv
[0.792s] -- Up-to-date: /home/arms/ros2_ws/install/my_interfaces/share/my_interfaces/srv/TimeReq_Request.msg
[0.792s] -- Up-to-date: /home/arms/ros2_ws/install/my_interfaces/share/my_interfaces/srv/TimeReq_Response.msg
[0.792s] -- Up-to-date: /home/arms/ros2_ws/install/my_interfaces/share/ament_index/resource_index/package_run_dependencies/my_interfaces
[0.792s] -- Up-to-date: /home/arms/ros2_ws/install/my_interfaces/share/ament_index/resource_index/parent_prefix_path/my_interfaces
[0.792s] -- Up-to-date: /home/arms/ros2_ws/install/my_interfaces/share/my_interfaces/environment/ament_prefix_path.sh
[0.792s] -- Up-to-date: /home/arms/ros2_ws/install/my_interfaces/share/my_interfaces/environment/ament_prefix_path.dsv
[0.792s] -- Up-to-date: /home/arms/ros2_ws/install/my_interfaces/share/my_interfaces/environment/path.sh
[0.792s] -- Up-to-date: /home/arms/ros2_ws/install/my_interfaces/share/my_interfaces/environment/path.dsv
[0.792s] -- Up-to-date: /home/arms/ros2_ws/install/my_interfaces/share/my_interfaces/local_setup.bash
[0.792s] -- Up-to-date: /home/arms/ros2_ws/install/my_interfaces/share/my_interfaces/local_setup.sh
[0.792s] -- Up-to-date: /home/arms/ros2_ws/install/my_interfaces/share/my_interfaces/local_setup.zsh
[0.792s] -- Up-to-date: /home/arms/ros2_ws/install/my_interfaces/share/my_interfaces/local_setup.dsv
[0.792s] -- Installing: /home/arms/ros2_ws/install/my_interfaces/share/my_interfaces/package.dsv
[0.792s] -- Up-to-date: /home/arms/ros2_ws/install/my_interfaces/share/ament_index/resource_index/packages/my_interfaces
[0.792s] -- Up-to-date: /home/arms/ros2_ws/install/my_interfaces/share/my_interfaces/cmake/export_my_interfaces__rosidl_generator_cExport.cmake
[0.792s] -- Up-to-date: /home/arms/ros2_ws/install/my_interfaces/share/my_interfaces/cmake/export_my_interfaces__rosidl_generator_cExport-noconfig.cmake
[0.792s] -- Up-to-date: /home/arms/ros2_ws/install/my_interfaces/share/my_interfaces/cmake/export_my_interfaces__rosidl_typesupport_fastrtps_cExport.cmake
[0.792s] -- Up-to-date: /home/arms/ros2_ws/install/my_interfaces/share/my_interfaces/cmake/export_my_interfaces__rosidl_typesupport_fastrtps_cExport-noconfig.cmake
[0.792s] -- Up-to-date: /home/arms/ros2_ws/install/my_interfaces/share/my_interfaces/cmake/export_my_interfaces__rosidl_generator_cppExport.cmake
[0.792s] -- Up-to-date: /home/arms/ros2_ws/install/my_interfaces/share/my_interfaces/cmake/export_my_interfaces__rosidl_typesupport_fastrtps_cppExport.cmake
[0.792s] -- Up-to-date: /home/arms/ros2_ws/install/my_interfaces/share/my_interfaces/cmake/export_my_interfaces__rosidl_typesupport_fastrtps_cppExport-noconfig.cmake
[0.793s] -- Up-to-date: /home/arms/ros2_ws/install/my_interfaces/share/my_interfaces/cmake/my_interfaces__rosidl_typesupport_introspection_cExport.cmake
[0.793s] -- Up-to-date: /home/arms/ros2_ws/install/my_interfaces/share/my_interfaces/cmake/my_interfaces__rosidl_typesupport_introspection_cExport-noconfig.cmake
[0.793s] -- Up-to-date: /home/arms/ros2_ws/install/my_interfaces/share/my_interfaces/cmake/my_interfaces__rosidl_typesupport_cExport.cmake
[0.793s] -- Up-to-date: /home/arms/ros2_ws/install/my_interfaces/share/my_interfaces/cmake/my_interfaces__rosidl_typesupport_cExport-noconfig.cmake
[0.793s] -- Up-to-date: /home/arms/ros2_ws/install/my_interfaces/share/my_interfaces/cmake/my_interfaces__rosidl_typesupport_introspection_cppExport.cmake
[0.793s] -- Up-to-date: /home/arms/ros2_ws/install/my_interfaces/share/my_interfaces/cmake/my_interfaces__rosidl_typesupport_introspection_cppExport-noconfig.cmake
[0.793s] -- Up-to-date: /home/arms/ros2_ws/install/my_interfaces/share/my_interfaces/cmake/my_interfaces__rosidl_typesupport_cppExport.cmake
[0.793s] -- Up-to-date: /home/arms/ros2_ws/install/my_interfaces/share/my_interfaces/cmake/my_interfaces__rosidl_typesupport_cppExport-noconfig.cmake
[0.793s] -- Up-to-date: /home/arms/ros2_ws/install/my_interfaces/share/my_interfaces/cmake/export_my_interfaces__rosidl_generator_pyExport.cmake
[0.793s] -- Up-to-date: /home/arms/ros2_ws/install/my_interfaces/share/my_interfaces/cmake/export_my_interfaces__rosidl_generator_pyExport-noconfig.cmake
[0.793s] -- Up-to-date: /home/arms/ros2_ws/install/my_interfaces/share/my_interfaces/cmake/rosidl_cmake-extras.cmake
[0.793s] -- Up-to-date: /home/arms/ros2_ws/install/my_interfaces/share/my_interfaces/cmake/ament_cmake_export_dependencies-extras.cmake
[0.793s] -- Up-to-date: /home/arms/ros2_ws/install/my_interfaces/share/my_interfaces/cmake/ament_cmake_export_include_directories-extras.cmake
[0.793s] -- Up-to-date: /home/arms/ros2_ws/install/my_interfaces/share/my_interfaces/cmake/ament_cmake_export_libraries-extras.cmake
[0.793s] -- Up-to-date: /home/arms/ros2_ws/install/my_interfaces/share/my_interfaces/cmake/ament_cmake_export_targets-extras.cmake
[0.793s] -- Up-to-date: /home/arms/ros2_ws/install/my_interfaces/share/my_interfaces/cmake/rosidl_cmake_export_typesupport_targets-extras.cmake
[0.793s] -- Up-to-date: /home/arms/ros2_ws/install/my_interfaces/share/my_interfaces/cmake/rosidl_cmake_export_typesupport_libraries-extras.cmake
[0.793s] -- Up-to-date: /home/arms/ros2_ws/install/my_interfaces/share/my_interfaces/cmake/my_interfacesConfig.cmake
[0.793s] -- Up-to-date: /home/arms/ros2_ws/install/my_interfaces/share/my_interfaces/cmake/my_interfacesConfig-version.cmake
[0.793s] -- Up-to-date: /home/arms/ros2_ws/install/my_interfaces/share/my_interfaces/package.xml
[0.926s] Invoked command in '/home/arms/ros2_ws/build/my_interfaces' returned '0': CMAKE_PREFIX_PATH=${CMAKE_PREFIX_PATH}:/home/arms/ros2_ws/install/learning_tf2_py:/home/arms/ros2_ws/install/my_package:/home/arms/install/my_package:/opt/ros/humble /usr/bin/cmake --install /home/arms/ros2_ws/build/my_interfaces
