[1.303s] Invoking command in '/home/arms/ros2_ws/build/yolobot_gazebo': CMAKE_PREFIX_PATH=${CMAKE_PREFIX_PATH}:/home/arms/ros2_ws/install/learning_tf2_py:/home/arms/ros2_ws/install/my_package:/home/arms/install/my_package:/opt/ros/humble /usr/bin/cmake --build /home/arms/ros2_ws/build/yolobot_gazebo -- -j20 -l20
[1.402s] Invoked command in '/home/arms/ros2_ws/build/yolobot_gazebo' returned '0': CMAKE_PREFIX_PATH=${CMAKE_PREFIX_PATH}:/home/arms/ros2_ws/install/learning_tf2_py:/home/arms/ros2_ws/install/my_package:/home/arms/install/my_package:/opt/ros/humble /usr/bin/cmake --build /home/arms/ros2_ws/build/yolobot_gazebo -- -j20 -l20
[1.490s] Invoking command in '/home/arms/ros2_ws/build/yolobot_gazebo': CMAKE_PREFIX_PATH=${CMAKE_PREFIX_PATH}:/home/arms/ros2_ws/install/learning_tf2_py:/home/arms/ros2_ws/install/my_package:/home/arms/install/my_package:/opt/ros/humble /usr/bin/cmake --install /home/arms/ros2_ws/build/yolobot_gazebo
[1.566s] -- Install configuration: ""
[1.566s] -- Up-to-date: /home/arms/ros2_ws/install/yolobot_gazebo/share/yolobot_gazebo//launch
[1.566s] -- Up-to-date: /home/arms/ros2_ws/install/yolobot_gazebo/share/yolobot_gazebo//launch/yolobot_launch.py
[1.566s] -- Up-to-date: /home/arms/ros2_ws/install/yolobot_gazebo/share/yolobot_gazebo//launch/start_world_launch.py
[1.566s] -- Up-to-date: /home/arms/ros2_ws/install/yolobot_gazebo/share/yolobot_gazebo//worlds
[1.566s] -- Up-to-date: /home/arms/ros2_ws/install/yolobot_gazebo/share/yolobot_gazebo//worlds/yolo_test.world
[1.567s] -- Up-to-date: /home/arms/ros2_ws/install/yolobot_gazebo/share/ament_index/resource_index/package_run_dependencies/yolobot_gazebo
[1.567s] -- Up-to-date: /home/arms/ros2_ws/install/yolobot_gazebo/share/ament_index/resource_index/parent_prefix_path/yolobot_gazebo
[1.567s] -- Up-to-date: /home/arms/ros2_ws/install/yolobot_gazebo/share/yolobot_gazebo/environment/ament_prefix_path.sh
[1.567s] -- Up-to-date: /home/arms/ros2_ws/install/yolobot_gazebo/share/yolobot_gazebo/environment/ament_prefix_path.dsv
[1.567s] -- Up-to-date: /home/arms/ros2_ws/install/yolobot_gazebo/share/yolobot_gazebo/environment/path.sh
[1.567s] -- Up-to-date: /home/arms/ros2_ws/install/yolobot_gazebo/share/yolobot_gazebo/environment/path.dsv
[1.567s] -- Up-to-date: /home/arms/ros2_ws/install/yolobot_gazebo/share/yolobot_gazebo/local_setup.bash
[1.567s] -- Up-to-date: /home/arms/ros2_ws/install/yolobot_gazebo/share/yolobot_gazebo/local_setup.sh
[1.567s] -- Up-to-date: /home/arms/ros2_ws/install/yolobot_gazebo/share/yolobot_gazebo/local_setup.zsh
[1.569s] -- Up-to-date: /home/arms/ros2_ws/install/yolobot_gazebo/share/yolobot_gazebo/local_setup.dsv
[1.570s] -- Installing: /home/arms/ros2_ws/install/yolobot_gazebo/share/yolobot_gazebo/package.dsv
[1.571s] -- Up-to-date: /home/arms/ros2_ws/install/yolobot_gazebo/share/ament_index/resource_index/packages/yolobot_gazebo
[1.571s] -- Up-to-date: /home/arms/ros2_ws/install/yolobot_gazebo/share/yolobot_gazebo/cmake/yolobot_gazeboConfig.cmake
[1.572s] -- Up-to-date: /home/arms/ros2_ws/install/yolobot_gazebo/share/yolobot_gazebo/cmake/yolobot_gazeboConfig-version.cmake
[1.573s] -- Up-to-date: /home/arms/ros2_ws/install/yolobot_gazebo/share/yolobot_gazebo/package.xml
[2.044s] Invoked command in '/home/arms/ros2_ws/build/yolobot_gazebo' returned '0': CMAKE_PREFIX_PATH=${CMAKE_PREFIX_PATH}:/home/arms/ros2_ws/install/learning_tf2_py:/home/arms/ros2_ws/install/my_package:/home/arms/install/my_package:/opt/ros/humble /usr/bin/cmake --install /home/arms/ros2_ws/build/yolobot_gazebo
