[0.626s] Invoking command in '/home/arms/ros2_ws/build/yolobot_gazebo': CMAKE_PREFIX_PATH=${CMAKE_PREFIX_PATH}:/home/arms/ros2_ws/install/learning_tf2_py:/home/arms/ros2_ws/install/my_package:/home/arms/install/my_package:/opt/ros/humble /usr/bin/cmake --build /home/arms/ros2_ws/build/yolobot_gazebo -- -j20 -l20
[0.793s] Invoked command in '/home/arms/ros2_ws/build/yolobot_gazebo' returned '0': CMAKE_PREFIX_PATH=${CMAKE_PREFIX_PATH}:/home/arms/ros2_ws/install/learning_tf2_py:/home/arms/ros2_ws/install/my_package:/home/arms/install/my_package:/opt/ros/humble /usr/bin/cmake --build /home/arms/ros2_ws/build/yolobot_gazebo -- -j20 -l20
[1.030s] Invoking command in '/home/arms/ros2_ws/build/yolobot_gazebo': CMAKE_PREFIX_PATH=${CMAKE_PREFIX_PATH}:/home/arms/ros2_ws/install/learning_tf2_py:/home/arms/ros2_ws/install/my_package:/home/arms/install/my_package:/opt/ros/humble /usr/bin/cmake --install /home/arms/ros2_ws/build/yolobot_gazebo
[1.168s] -- Install configuration: ""
[1.168s] -- Up-to-date: /home/arms/ros2_ws/install/yolobot_gazebo/share/yolobot_gazebo//launch
[1.169s] -- Up-to-date: /home/arms/ros2_ws/install/yolobot_gazebo/share/yolobot_gazebo//launch/yolobot_launch.py
[1.170s] -- Up-to-date: /home/arms/ros2_ws/install/yolobot_gazebo/share/yolobot_gazebo//launch/start_world_launch.py
[1.170s] -- Up-to-date: /home/arms/ros2_ws/install/yolobot_gazebo/share/yolobot_gazebo//worlds
[1.170s] -- Up-to-date: /home/arms/ros2_ws/install/yolobot_gazebo/share/yolobot_gazebo//worlds/yolo_test.world
[1.170s] -- Up-to-date: /home/arms/ros2_ws/install/yolobot_gazebo/share/ament_index/resource_index/package_run_dependencies/yolobot_gazebo
[1.171s] -- Up-to-date: /home/arms/ros2_ws/install/yolobot_gazebo/share/ament_index/resource_index/parent_prefix_path/yolobot_gazebo
[1.171s] -- Up-to-date: /home/arms/ros2_ws/install/yolobot_gazebo/share/yolobot_gazebo/environment/ament_prefix_path.sh
[1.171s] -- Up-to-date: /home/arms/ros2_ws/install/yolobot_gazebo/share/yolobot_gazebo/environment/ament_prefix_path.dsv
[1.171s] -- Up-to-date: /home/arms/ros2_ws/install/yolobot_gazebo/share/yolobot_gazebo/environment/path.sh
[1.172s] -- Up-to-date: /home/arms/ros2_ws/install/yolobot_gazebo/share/yolobot_gazebo/environment/path.dsv
[1.172s] -- Up-to-date: /home/arms/ros2_ws/install/yolobot_gazebo/share/yolobot_gazebo/local_setup.bash
[1.172s] -- Up-to-date: /home/arms/ros2_ws/install/yolobot_gazebo/share/yolobot_gazebo/local_setup.sh
[1.172s] -- Up-to-date: /home/arms/ros2_ws/install/yolobot_gazebo/share/yolobot_gazebo/local_setup.zsh
[1.173s] -- Up-to-date: /home/arms/ros2_ws/install/yolobot_gazebo/share/yolobot_gazebo/local_setup.dsv
[1.173s] -- Installing: /home/arms/ros2_ws/install/yolobot_gazebo/share/yolobot_gazebo/package.dsv
[1.173s] -- Up-to-date: /home/arms/ros2_ws/install/yolobot_gazebo/share/ament_index/resource_index/packages/yolobot_gazebo
[1.174s] -- Up-to-date: /home/arms/ros2_ws/install/yolobot_gazebo/share/yolobot_gazebo/cmake/yolobot_gazeboConfig.cmake
[1.174s] -- Up-to-date: /home/arms/ros2_ws/install/yolobot_gazebo/share/yolobot_gazebo/cmake/yolobot_gazeboConfig-version.cmake
[1.174s] -- Up-to-date: /home/arms/ros2_ws/install/yolobot_gazebo/share/yolobot_gazebo/package.xml
[1.218s] Invoked command in '/home/arms/ros2_ws/build/yolobot_gazebo' returned '0': CMAKE_PREFIX_PATH=${CMAKE_PREFIX_PATH}:/home/arms/ros2_ws/install/learning_tf2_py:/home/arms/ros2_ws/install/my_package:/home/arms/install/my_package:/opt/ros/humble /usr/bin/cmake --install /home/arms/ros2_ws/build/yolobot_gazebo
