[0.566s] Invoking command in '/home/arms/ros2_ws/build/yolobot_control': CMAKE_PREFIX_PATH=${CMAKE_PREFIX_PATH}:/home/arms/ros2_ws/install/learning_tf2_py:/home/arms/ros2_ws/install/my_package:/home/arms/install/my_package:/opt/ros/humble /usr/bin/cmake --build /home/arms/ros2_ws/build/yolobot_control -- -j20 -l20
[0.595s] Invoked command in '/home/arms/ros2_ws/build/yolobot_control' returned '0': CMAKE_PREFIX_PATH=${CMAKE_PREFIX_PATH}:/home/arms/ros2_ws/install/learning_tf2_py:/home/arms/ros2_ws/install/my_package:/home/arms/install/my_package:/opt/ros/humble /usr/bin/cmake --build /home/arms/ros2_ws/build/yolobot_control -- -j20 -l20
[0.629s] Invoking command in '/home/arms/ros2_ws/build/yolobot_control': CMAKE_PREFIX_PATH=${CMAKE_PREFIX_PATH}:/home/arms/ros2_ws/install/learning_tf2_py:/home/arms/ros2_ws/install/my_package:/home/arms/install/my_package:/opt/ros/humble /usr/bin/cmake --install /home/arms/ros2_ws/build/yolobot_control
[0.639s] -- Install configuration: ""
[0.639s] -- Up-to-date: /home/arms/ros2_ws/install/yolobot_control/share/yolobot_control//scripts
[0.639s] -- Up-to-date: /home/arms/ros2_ws/install/yolobot_control/share/yolobot_control//scripts/robot_control.py
[0.639s] -- Installing: /home/arms/ros2_ws/install/yolobot_control/share/yolobot_control//scripts/follow_me.py
[0.639s] -- Up-to-date: /home/arms/ros2_ws/install/yolobot_control/share/yolobot_control//launch
[0.639s] -- Up-to-date: /home/arms/ros2_ws/install/yolobot_control/share/yolobot_control//launch/yolobot_control.launch.py
[0.639s] -- Up-to-date: /home/arms/ros2_ws/install/yolobot_control/lib/yolobot_control/robot_control.py
[0.639s] -- Installing: /home/arms/ros2_ws/install/yolobot_control/lib/yolobot_control/follow_me.py
[0.639s] -- Up-to-date: /home/arms/ros2_ws/install/yolobot_control/lib/yolobot_control/yolobot_control.launch.py
[0.640s] -- Up-to-date: /home/arms/ros2_ws/install/yolobot_control/share/ament_index/resource_index/package_run_dependencies/yolobot_control
[0.640s] -- Up-to-date: /home/arms/ros2_ws/install/yolobot_control/share/ament_index/resource_index/parent_prefix_path/yolobot_control
[0.640s] -- Up-to-date: /home/arms/ros2_ws/install/yolobot_control/share/yolobot_control/environment/ament_prefix_path.sh
[0.640s] -- Up-to-date: /home/arms/ros2_ws/install/yolobot_control/share/yolobot_control/environment/ament_prefix_path.dsv
[0.640s] -- Up-to-date: /home/arms/ros2_ws/install/yolobot_control/share/yolobot_control/environment/path.sh
[0.640s] -- Up-to-date: /home/arms/ros2_ws/install/yolobot_control/share/yolobot_control/environment/path.dsv
[0.640s] -- Up-to-date: /home/arms/ros2_ws/install/yolobot_control/share/yolobot_control/local_setup.bash
[0.640s] -- Up-to-date: /home/arms/ros2_ws/install/yolobot_control/share/yolobot_control/local_setup.sh
[0.640s] -- Up-to-date: /home/arms/ros2_ws/install/yolobot_control/share/yolobot_control/local_setup.zsh
[0.640s] -- Up-to-date: /home/arms/ros2_ws/install/yolobot_control/share/yolobot_control/local_setup.dsv
[0.640s] -- Installing: /home/arms/ros2_ws/install/yolobot_control/share/yolobot_control/package.dsv
[0.640s] -- Up-to-date: /home/arms/ros2_ws/install/yolobot_control/share/ament_index/resource_index/packages/yolobot_control
[0.640s] -- Up-to-date: /home/arms/ros2_ws/install/yolobot_control/share/yolobot_control/cmake/yolobot_controlConfig.cmake
[0.641s] -- Up-to-date: /home/arms/ros2_ws/install/yolobot_control/share/yolobot_control/cmake/yolobot_controlConfig-version.cmake
[0.641s] -- Up-to-date: /home/arms/ros2_ws/install/yolobot_control/share/yolobot_control/package.xml
[0.642s] Invoked command in '/home/arms/ros2_ws/build/yolobot_control' returned '0': CMAKE_PREFIX_PATH=${CMAKE_PREFIX_PATH}:/home/arms/ros2_ws/install/learning_tf2_py:/home/arms/ros2_ws/install/my_package:/home/arms/install/my_package:/opt/ros/humble /usr/bin/cmake --install /home/arms/ros2_ws/build/yolobot_control
