[0.348s] Invoking command in '/home/arms/ros2_ws/build/my_interfaces': CMAKE_PREFIX_PATH=${CMAKE_PREFIX_PATH}:/home/arms/ros2_ws/install/learning_tf2_py:/home/arms/ros2_ws/install/my_package:/home/arms/install/my_package:/opt/ros/humble /usr/bin/cmake --build /home/arms/ros2_ws/build/my_interfaces -- -j20 -l20
[0.810s] [  1%] Built target my_interfaces__cpp
[0.815s] [ 12%] Built target my_interfaces__rosidl_generator_c
[0.815s] [ 12%] Built target ament_cmake_python_copy_my_interfaces
[0.815s] [ 23%] Built target my_interfaces__rosidl_typesupport_cpp
[0.815s] [ 34%] Built target my_interfaces__rosidl_typesupport_introspection_c
[0.815s] [ 45%] Built target my_interfaces__rosidl_typesupport_c
[0.815s] [ 56%] Built target my_interfaces__rosidl_typesupport_introspection_cpp
[0.815s] [ 67%] Built target my_interfaces__rosidl_typesupport_fastrtps_cpp
[0.815s] [ 78%] Built target my_interfaces__rosidl_typesupport_fastrtps_c
[0.815s] [ 78%] Built target my_interfaces
[0.817s] [ 80%] Built target my_interfaces__py
[0.818s] [ 89%] Built target my_interfaces__rosidl_generator_py
[0.818s] [ 92%] Built target my_interfaces__rosidl_typesupport_c__pyext
[0.818s] [ 96%] Built target my_interfaces__rosidl_typesupport_fastrtps_c__pyext
[0.818s] [100%] Built target my_interfaces__rosidl_typesupport_introspection_c__pyext
[0.818s] running egg_info
[0.819s] writing my_interfaces.egg-info/PKG-INFO
[0.819s] writing dependency_links to my_interfaces.egg-info/dependency_links.txt
[0.819s] writing top-level names to my_interfaces.egg-info/top_level.txt
[0.819s] reading manifest file 'my_interfaces.egg-info/SOURCES.txt'
[0.819s] writing manifest file 'my_interfaces.egg-info/SOURCES.txt'
[0.824s] [100%] Built target ament_cmake_python_build_my_interfaces_egg
[0.859s] Invoked command in '/home/arms/ros2_ws/build/my_interfaces' returned '0': CMAKE_PREFIX_PATH=${CMAKE_PREFIX_PATH}:/home/arms/ros2_ws/install/learning_tf2_py:/home/arms/ros2_ws/install/my_package:/home/arms/install/my_package:/opt/ros/humble /usr/bin/cmake --build /home/arms/ros2_ws/build/my_interfaces -- -j20 -l20
[1.231s] Invoking command in '/home/arms/ros2_ws/build/my_interfaces': CMAKE_PREFIX_PATH=${CMAKE_PREFIX_PATH}:/home/arms/ros2_ws/install/learning_tf2_py:/home/arms/ros2_ws/install/my_package:/home/arms/install/my_package:/opt/ros/humble /usr/bin/cmake --install /home/arms/ros2_ws/build/my_interfaces
[1.348s] -- Install configuration: ""
[1.349s] -- Up-to-date: /home/arms/ros2_ws/install/my_interfaces/share/ament_index/resource_index/rosidl_interfaces/my_interfaces
[1.349s] -- Up-to-date: /home/arms/ros2_ws/install/my_interfaces/include/my_interfaces/my_interfaces
[1.349s] -- Up-to-date: /home/arms/ros2_ws/install/my_interfaces/include/my_interfaces/my_interfaces/srv
[1.349s] -- Up-to-date: /home/arms/ros2_ws/install/my_interfaces/include/my_interfaces/my_interfaces/srv/time_req.h
[1.350s] -- Up-to-date: /home/arms/ros2_ws/install/my_interfaces/include/my_interfaces/my_interfaces/srv/detail
[1.350s] -- Up-to-date: /home/arms/ros2_ws/install/my_interfaces/include/my_interfaces/my_interfaces/srv/detail/time_req__functions.h
[1.350s] -- Up-to-date: /home/arms/ros2_ws/install/my_interfaces/include/my_interfaces/my_interfaces/srv/detail/time_req__type_support.h
[1.350s] -- Up-to-date: /home/arms/ros2_ws/install/my_interfaces/include/my_interfaces/my_interfaces/srv/detail/add_three_ints__type_support.h
[1.350s] -- Up-to-date: /home/arms/ros2_ws/install/my_interfaces/include/my_interfaces/my_interfaces/srv/detail/add_three_ints__struct.h
[1.351s] -- Up-to-date: /home/arms/ros2_ws/install/my_interfaces/include/my_interfaces/my_interfaces/srv/detail/add_three_ints__functions.c
[1.351s] -- Up-to-date: /home/arms/ros2_ws/install/my_interfaces/include/my_interfaces/my_interfaces/srv/detail/time_req__struct.h
[1.351s] -- Up-to-date: /home/arms/ros2_ws/install/my_interfaces/include/my_interfaces/my_interfaces/srv/detail/time_req__functions.c
[1.351s] -- Up-to-date: /home/arms/ros2_ws/install/my_interfaces/include/my_interfaces/my_interfaces/srv/detail/add_three_ints__functions.h
[1.351s] -- Up-to-date: /home/arms/ros2_ws/install/my_interfaces/include/my_interfaces/my_interfaces/srv/add_three_ints.h
[1.352s] -- Up-to-date: /home/arms/ros2_ws/install/my_interfaces/include/my_interfaces/my_interfaces/msg
[1.352s] -- Up-to-date: /home/arms/ros2_ws/install/my_interfaces/include/my_interfaces/my_interfaces/msg/sphere.h
[1.352s] -- Up-to-date: /home/arms/ros2_ws/install/my_interfaces/include/my_interfaces/my_interfaces/msg/num.h
[1.352s] -- Up-to-date: /home/arms/ros2_ws/install/my_interfaces/include/my_interfaces/my_interfaces/msg/detail
[1.353s] -- Up-to-date: /home/arms/ros2_ws/install/my_interfaces/include/my_interfaces/my_interfaces/msg/detail/num__functions.c
[1.353s] -- Up-to-date: /home/arms/ros2_ws/install/my_interfaces/include/my_interfaces/my_interfaces/msg/detail/sphere__functions.h
[1.353s] -- Up-to-date: /home/arms/ros2_ws/install/my_interfaces/include/my_interfaces/my_interfaces/msg/detail/num__struct.h
[1.353s] -- Up-to-date: /home/arms/ros2_ws/install/my_interfaces/include/my_interfaces/my_interfaces/msg/detail/sphere__type_support.h
[1.353s] -- Up-to-date: /home/arms/ros2_ws/install/my_interfaces/include/my_interfaces/my_interfaces/msg/detail/num__functions.h
[1.354s] -- Up-to-date: /home/arms/ros2_ws/install/my_interfaces/include/my_interfaces/my_interfaces/msg/detail/sphere__functions.c
[1.354s] -- Up-to-date: /home/arms/ros2_ws/install/my_interfaces/include/my_interfaces/my_interfaces/msg/detail/sphere__struct.h
[1.354s] -- Up-to-date: /home/arms/ros2_ws/install/my_interfaces/include/my_interfaces/my_interfaces/msg/detail/num__type_support.h
[1.355s] -- Up-to-date: /home/arms/ros2_ws/install/my_interfaces/include/my_interfaces/my_interfaces/msg/rosidl_generator_c__visibility_control.h
[1.355s] -- Up-to-date: /home/arms/ros2_ws/install/my_interfaces/share/my_interfaces/environment/library_path.sh
[1.355s] -- Up-to-date: /home/arms/ros2_ws/install/my_interfaces/share/my_interfaces/environment/library_path.dsv
[1.356s] -- Up-to-date: /home/arms/ros2_ws/install/my_interfaces/lib/libmy_interfaces__rosidl_generator_c.so
[1.356s] -- Up-to-date: /home/arms/ros2_ws/install/my_interfaces/include/my_interfaces/my_interfaces
[1.356s] -- Up-to-date: /home/arms/ros2_ws/install/my_interfaces/include/my_interfaces/my_interfaces/srv
[1.357s] -- Up-to-date: /home/arms/ros2_ws/install/my_interfaces/include/my_interfaces/my_interfaces/srv/detail
[1.357s] -- Up-to-date: /home/arms/ros2_ws/install/my_interfaces/include/my_interfaces/my_interfaces/srv/detail/add_three_ints__rosidl_typesupport_fastrtps_c.h
[1.357s] -- Up-to-date: /home/arms/ros2_ws/install/my_interfaces/include/my_interfaces/my_interfaces/srv/detail/time_req__rosidl_typesupport_fastrtps_c.h
[1.357s] -- Up-to-date: /home/arms/ros2_ws/install/my_interfaces/include/my_interfaces/my_interfaces/msg
[1.357s] -- Up-to-date: /home/arms/ros2_ws/install/my_interfaces/include/my_interfaces/my_interfaces/msg/rosidl_typesupport_fastrtps_c__visibility_control.h
[1.358s] -- Up-to-date: /home/arms/ros2_ws/install/my_interfaces/include/my_interfaces/my_interfaces/msg/detail
[1.358s] -- Up-to-date: /home/arms/ros2_ws/install/my_interfaces/include/my_interfaces/my_interfaces/msg/detail/sphere__rosidl_typesupport_fastrtps_c.h
[1.358s] -- Up-to-date: /home/arms/ros2_ws/install/my_interfaces/include/my_interfaces/my_interfaces/msg/detail/num__rosidl_typesupport_fastrtps_c.h
[1.358s] -- Up-to-date: /home/arms/ros2_ws/install/my_interfaces/lib/libmy_interfaces__rosidl_typesupport_fastrtps_c.so
[1.358s] -- Up-to-date: /home/arms/ros2_ws/install/my_interfaces/include/my_interfaces/my_interfaces
[1.359s] -- Up-to-date: /home/arms/ros2_ws/install/my_interfaces/include/my_interfaces/my_interfaces/srv
[1.359s] -- Up-to-date: /home/arms/ros2_ws/install/my_interfaces/include/my_interfaces/my_interfaces/srv/add_three_ints.hpp
[1.360s] -- Up-to-date: /home/arms/ros2_ws/install/my_interfaces/include/my_interfaces/my_interfaces/srv/time_req.hpp
[1.360s] -- Up-to-date: /home/arms/ros2_ws/install/my_interfaces/include/my_interfaces/my_interfaces/srv/detail
[1.360s] -- Up-to-date: /home/arms/ros2_ws/install/my_interfaces/include/my_interfaces/my_interfaces/srv/detail/time_req__traits.hpp
[1.361s] -- Up-to-date: /home/arms/ros2_ws/install/my_interfaces/include/my_interfaces/my_interfaces/srv/detail/add_three_ints__struct.hpp
[1.361s] -- Up-to-date: /home/arms/ros2_ws/install/my_interfaces/include/my_interfaces/my_interfaces/srv/detail/add_three_ints__builder.hpp
[1.362s] -- Up-to-date: /home/arms/ros2_ws/install/my_interfaces/include/my_interfaces/my_interfaces/srv/detail/time_req__builder.hpp
[1.362s] -- Up-to-date: /home/arms/ros2_ws/install/my_interfaces/include/my_interfaces/my_interfaces/srv/detail/add_three_ints__traits.hpp
[1.363s] -- Up-to-date: /home/arms/ros2_ws/install/my_interfaces/include/my_interfaces/my_interfaces/srv/detail/time_req__struct.hpp
[1.363s] -- Up-to-date: /home/arms/ros2_ws/install/my_interfaces/include/my_interfaces/my_interfaces/msg
[1.363s] -- Up-to-date: /home/arms/ros2_ws/install/my_interfaces/include/my_interfaces/my_interfaces/msg/num.hpp
[1.363s] -- Up-to-date: /home/arms/ros2_ws/install/my_interfaces/include/my_interfaces/my_interfaces/msg/sphere.hpp
[1.363s] -- Up-to-date: /home/arms/ros2_ws/install/my_interfaces/include/my_interfaces/my_interfaces/msg/detail
[1.363s] -- Up-to-date: /home/arms/ros2_ws/install/my_interfaces/include/my_interfaces/my_interfaces/msg/detail/sphere__builder.hpp
[1.363s] -- Up-to-date: /home/arms/ros2_ws/install/my_interfaces/include/my_interfaces/my_interfaces/msg/detail/sphere__struct.hpp
[1.364s] -- Up-to-date: /home/arms/ros2_ws/install/my_interfaces/include/my_interfaces/my_interfaces/msg/detail/num__traits.hpp
[1.365s] -- Up-to-date: /home/arms/ros2_ws/install/my_interfaces/include/my_interfaces/my_interfaces/msg/detail/sphere__traits.hpp
[1.365s] -- Up-to-date: /home/arms/ros2_ws/install/my_interfaces/include/my_interfaces/my_interfaces/msg/detail/num__builder.hpp
[1.365s] -- Up-to-date: /home/arms/ros2_ws/install/my_interfaces/include/my_interfaces/my_interfaces/msg/detail/num__struct.hpp
[1.365s] -- Up-to-date: /home/arms/ros2_ws/install/my_interfaces/include/my_interfaces/my_interfaces
[1.365s] -- Up-to-date: /home/arms/ros2_ws/install/my_interfaces/include/my_interfaces/my_interfaces/srv
[1.366s] -- Up-to-date: /home/arms/ros2_ws/install/my_interfaces/include/my_interfaces/my_interfaces/srv/detail
[1.366s] -- Up-to-date: /home/arms/ros2_ws/install/my_interfaces/include/my_interfaces/my_interfaces/srv/detail/time_req__rosidl_typesupport_fastrtps_cpp.hpp
[1.366s] -- Up-to-date: /home/arms/ros2_ws/install/my_interfaces/include/my_interfaces/my_interfaces/srv/detail/dds_fastrtps
[1.366s] -- Up-to-date: /home/arms/ros2_ws/install/my_interfaces/include/my_interfaces/my_interfaces/srv/detail/add_three_ints__rosidl_typesupport_fastrtps_cpp.hpp
[1.367s] -- Up-to-date: /home/arms/ros2_ws/install/my_interfaces/include/my_interfaces/my_interfaces/msg
[1.367s] -- Up-to-date: /home/arms/ros2_ws/install/my_interfaces/include/my_interfaces/my_interfaces/msg/rosidl_typesupport_fastrtps_cpp__visibility_control.h
[1.367s] -- Up-to-date: /home/arms/ros2_ws/install/my_interfaces/include/my_interfaces/my_interfaces/msg/detail
[1.367s] -- Up-to-date: /home/arms/ros2_ws/install/my_interfaces/include/my_interfaces/my_interfaces/msg/detail/num__rosidl_typesupport_fastrtps_cpp.hpp
[1.368s] -- Up-to-date: /home/arms/ros2_ws/install/my_interfaces/include/my_interfaces/my_interfaces/msg/detail/dds_fastrtps
[1.368s] -- Up-to-date: /home/arms/ros2_ws/install/my_interfaces/include/my_interfaces/my_interfaces/msg/detail/sphere__rosidl_typesupport_fastrtps_cpp.hpp
[1.368s] -- Up-to-date: /home/arms/ros2_ws/install/my_interfaces/lib/libmy_interfaces__rosidl_typesupport_fastrtps_cpp.so
[1.368s] -- Up-to-date: /home/arms/ros2_ws/install/my_interfaces/include/my_interfaces/my_interfaces
[1.368s] -- Up-to-date: /home/arms/ros2_ws/install/my_interfaces/include/my_interfaces/my_interfaces/srv
[1.368s] -- Up-to-date: /home/arms/ros2_ws/install/my_interfaces/include/my_interfaces/my_interfaces/srv/detail
[1.368s] -- Up-to-date: /home/arms/ros2_ws/install/my_interfaces/include/my_interfaces/my_interfaces/srv/detail/add_three_ints__type_support.c
[1.368s] -- Up-to-date: /home/arms/ros2_ws/install/my_interfaces/include/my_interfaces/my_interfaces/srv/detail/time_req__rosidl_typesupport_introspection_c.h
[1.368s] -- Up-to-date: /home/arms/ros2_ws/install/my_interfaces/include/my_interfaces/my_interfaces/srv/detail/add_three_ints__rosidl_typesupport_introspection_c.h
[1.369s] -- Up-to-date: /home/arms/ros2_ws/install/my_interfaces/include/my_interfaces/my_interfaces/srv/detail/time_req__type_support.c
[1.369s] -- Up-to-date: /home/arms/ros2_ws/install/my_interfaces/include/my_interfaces/my_interfaces/msg
[1.369s] -- Up-to-date: /home/arms/ros2_ws/install/my_interfaces/include/my_interfaces/my_interfaces/msg/rosidl_typesupport_introspection_c__visibility_control.h
[1.369s] -- Up-to-date: /home/arms/ros2_ws/install/my_interfaces/include/my_interfaces/my_interfaces/msg/detail
[1.369s] -- Up-to-date: /home/arms/ros2_ws/install/my_interfaces/include/my_interfaces/my_interfaces/msg/detail/sphere__type_support.c
[1.369s] -- Up-to-date: /home/arms/ros2_ws/install/my_interfaces/include/my_interfaces/my_interfaces/msg/detail/num__type_support.c
[1.370s] -- Up-to-date: /home/arms/ros2_ws/install/my_interfaces/include/my_interfaces/my_interfaces/msg/detail/num__rosidl_typesupport_introspection_c.h
[1.370s] -- Up-to-date: /home/arms/ros2_ws/install/my_interfaces/include/my_interfaces/my_interfaces/msg/detail/sphere__rosidl_typesupport_introspection_c.h
[1.370s] -- Up-to-date: /home/arms/ros2_ws/install/my_interfaces/lib/libmy_interfaces__rosidl_typesupport_introspection_c.so
[1.370s] -- Up-to-date: /home/arms/ros2_ws/install/my_interfaces/lib/libmy_interfaces__rosidl_typesupport_c.so
[1.370s] -- Up-to-date: /home/arms/ros2_ws/install/my_interfaces/include/my_interfaces/my_interfaces
[1.370s] -- Up-to-date: /home/arms/ros2_ws/install/my_interfaces/include/my_interfaces/my_interfaces/srv
[1.371s] -- Up-to-date: /home/arms/ros2_ws/install/my_interfaces/include/my_interfaces/my_interfaces/srv/detail
[1.371s] -- Up-to-date: /home/arms/ros2_ws/install/my_interfaces/include/my_interfaces/my_interfaces/srv/detail/add_three_ints__rosidl_typesupport_introspection_cpp.hpp
[1.371s] -- Up-to-date: /home/arms/ros2_ws/install/my_interfaces/include/my_interfaces/my_interfaces/srv/detail/add_three_ints__type_support.cpp
[1.371s] -- Up-to-date: /home/arms/ros2_ws/install/my_interfaces/include/my_interfaces/my_interfaces/srv/detail/time_req__rosidl_typesupport_introspection_cpp.hpp
[1.371s] -- Up-to-date: /home/arms/ros2_ws/install/my_interfaces/include/my_interfaces/my_interfaces/srv/detail/time_req__type_support.cpp
[1.371s] -- Up-to-date: /home/arms/ros2_ws/install/my_interfaces/include/my_interfaces/my_interfaces/msg
[1.372s] -- Up-to-date: /home/arms/ros2_ws/install/my_interfaces/include/my_interfaces/my_interfaces/msg/detail
[1.372s] -- Up-to-date: /home/arms/ros2_ws/install/my_interfaces/include/my_interfaces/my_interfaces/msg/detail/sphere__type_support.cpp
[1.372s] -- Up-to-date: /home/arms/ros2_ws/install/my_interfaces/include/my_interfaces/my_interfaces/msg/detail/sphere__rosidl_typesupport_introspection_cpp.hpp
[1.372s] -- Up-to-date: /home/arms/ros2_ws/install/my_interfaces/include/my_interfaces/my_interfaces/msg/detail/num__rosidl_typesupport_introspection_cpp.hpp
[1.373s] -- Up-to-date: /home/arms/ros2_ws/install/my_interfaces/include/my_interfaces/my_interfaces/msg/detail/num__type_support.cpp
[1.373s] -- Up-to-date: /home/arms/ros2_ws/install/my_interfaces/lib/libmy_interfaces__rosidl_typesupport_introspection_cpp.so
[1.373s] -- Up-to-date: /home/arms/ros2_ws/install/my_interfaces/lib/libmy_interfaces__rosidl_typesupport_cpp.so
[1.374s] -- Up-to-date: /home/arms/ros2_ws/install/my_interfaces/share/my_interfaces/environment/pythonpath.sh
[1.374s] -- Up-to-date: /home/arms/ros2_ws/install/my_interfaces/share/my_interfaces/environment/pythonpath.dsv
[1.374s] -- Up-to-date: /home/arms/ros2_ws/install/my_interfaces/local/lib/python3.10/dist-packages/my_interfaces-0.0.0-py3.10.egg-info
[1.374s] -- Installing: /home/arms/ros2_ws/install/my_interfaces/local/lib/python3.10/dist-packages/my_interfaces-0.0.0-py3.10.egg-info/SOURCES.txt
[1.375s] -- Installing: /home/arms/ros2_ws/install/my_interfaces/local/lib/python3.10/dist-packages/my_interfaces-0.0.0-py3.10.egg-info/dependency_links.txt
[1.375s] -- Installing: /home/arms/ros2_ws/install/my_interfaces/local/lib/python3.10/dist-packages/my_interfaces-0.0.0-py3.10.egg-info/PKG-INFO
[1.375s] -- Installing: /home/arms/ros2_ws/install/my_interfaces/local/lib/python3.10/dist-packages/my_interfaces-0.0.0-py3.10.egg-info/top_level.txt
[1.375s] -- Up-to-date: /home/arms/ros2_ws/install/my_interfaces/local/lib/python3.10/dist-packages/my_interfaces
[1.375s] -- Up-to-date: /home/arms/ros2_ws/install/my_interfaces/local/lib/python3.10/dist-packages/my_interfaces/my_interfaces_s__rosidl_typesupport_introspection_c.cpython-310-x86_64-linux-gnu.so
[1.376s] -- Up-to-date: /home/arms/ros2_ws/install/my_interfaces/local/lib/python3.10/dist-packages/my_interfaces/my_interfaces_s__rosidl_typesupport_fastrtps_c.cpython-310-x86_64-linux-gnu.so
[1.376s] -- Up-to-date: /home/arms/ros2_ws/install/my_interfaces/local/lib/python3.10/dist-packages/my_interfaces/_my_interfaces_s.ep.rosidl_typesupport_introspection_c.c
[1.376s] -- Up-to-date: /home/arms/ros2_ws/install/my_interfaces/local/lib/python3.10/dist-packages/my_interfaces/my_interfaces_s__rosidl_typesupport_c.cpython-310-x86_64-linux-gnu.so
[1.376s] -- Up-to-date: /home/arms/ros2_ws/install/my_interfaces/local/lib/python3.10/dist-packages/my_interfaces/__init__.py
[1.376s] -- Up-to-date: /home/arms/ros2_ws/install/my_interfaces/local/lib/python3.10/dist-packages/my_interfaces/srv
[1.377s] -- Up-to-date: /home/arms/ros2_ws/install/my_interfaces/local/lib/python3.10/dist-packages/my_interfaces/srv/_add_three_ints_s.c
[1.377s] -- Up-to-date: /home/arms/ros2_ws/install/my_interfaces/local/lib/python3.10/dist-packages/my_interfaces/srv/__init__.py
[1.377s] -- Up-to-date: /home/arms/ros2_ws/install/my_interfaces/local/lib/python3.10/dist-packages/my_interfaces/srv/_time_req.py
[1.378s] -- Up-to-date: /home/arms/ros2_ws/install/my_interfaces/local/lib/python3.10/dist-packages/my_interfaces/srv/_time_req_s.c
[1.378s] -- Up-to-date: /home/arms/ros2_ws/install/my_interfaces/local/lib/python3.10/dist-packages/my_interfaces/srv/_add_three_ints.py
[1.378s] -- Up-to-date: /home/arms/ros2_ws/install/my_interfaces/local/lib/python3.10/dist-packages/my_interfaces/_my_interfaces_s.ep.rosidl_typesupport_fastrtps_c.c
[1.378s] -- Up-to-date: /home/arms/ros2_ws/install/my_interfaces/local/lib/python3.10/dist-packages/my_interfaces/libmy_interfaces__rosidl_generator_py.so
[1.378s] -- Up-to-date: /home/arms/ros2_ws/install/my_interfaces/local/lib/python3.10/dist-packages/my_interfaces/_my_interfaces_s.ep.rosidl_typesupport_c.c
[1.379s] -- Up-to-date: /home/arms/ros2_ws/install/my_interfaces/local/lib/python3.10/dist-packages/my_interfaces/msg
[1.379s] -- Up-to-date: /home/arms/ros2_ws/install/my_interfaces/local/lib/python3.10/dist-packages/my_interfaces/msg/_sphere_s.c
[1.379s] -- Up-to-date: /home/arms/ros2_ws/install/my_interfaces/local/lib/python3.10/dist-packages/my_interfaces/msg/_num.py
[1.379s] -- Up-to-date: /home/arms/ros2_ws/install/my_interfaces/local/lib/python3.10/dist-packages/my_interfaces/msg/__init__.py
[1.380s] -- Up-to-date: /home/arms/ros2_ws/install/my_interfaces/local/lib/python3.10/dist-packages/my_interfaces/msg/_sphere.py
[1.380s] -- Up-to-date: /home/arms/ros2_ws/install/my_interfaces/local/lib/python3.10/dist-packages/my_interfaces/msg/_num_s.c
[1.381s] Listing '/home/arms/ros2_ws/install/my_interfaces/local/lib/python3.10/dist-packages/my_interfaces'...
[1.381s] Listing '/home/arms/ros2_ws/install/my_interfaces/local/lib/python3.10/dist-packages/my_interfaces/msg'...
[1.381s] Listing '/home/arms/ros2_ws/install/my_interfaces/local/lib/python3.10/dist-packages/my_interfaces/srv'...
[1.382s] -- Up-to-date: /home/arms/ros2_ws/install/my_interfaces/local/lib/python3.10/dist-packages/my_interfaces/my_interfaces_s__rosidl_typesupport_fastrtps_c.cpython-310-x86_64-linux-gnu.so
[1.382s] -- Up-to-date: /home/arms/ros2_ws/install/my_interfaces/local/lib/python3.10/dist-packages/my_interfaces/my_interfaces_s__rosidl_typesupport_introspection_c.cpython-310-x86_64-linux-gnu.so
[1.382s] -- Up-to-date: /home/arms/ros2_ws/install/my_interfaces/local/lib/python3.10/dist-packages/my_interfaces/my_interfaces_s__rosidl_typesupport_c.cpython-310-x86_64-linux-gnu.so
[1.382s] -- Up-to-date: /home/arms/ros2_ws/install/my_interfaces/lib/libmy_interfaces__rosidl_generator_py.so
[1.383s] -- Up-to-date: /home/arms/ros2_ws/install/my_interfaces/share/my_interfaces/msg/Num.idl
[1.383s] -- Up-to-date: /home/arms/ros2_ws/install/my_interfaces/share/my_interfaces/msg/Sphere.idl
[1.383s] -- Up-to-date: /home/arms/ros2_ws/install/my_interfaces/share/my_interfaces/srv/AddThreeInts.idl
[1.384s] -- Up-to-date: /home/arms/ros2_ws/install/my_interfaces/share/my_interfaces/srv/TimeReq.idl
[1.384s] -- Up-to-date: /home/arms/ros2_ws/install/my_interfaces/share/my_interfaces/msg/Num.msg
[1.384s] -- Up-to-date: /home/arms/ros2_ws/install/my_interfaces/share/my_interfaces/msg/Sphere.msg
[1.385s] -- Up-to-date: /home/arms/ros2_ws/install/my_interfaces/share/my_interfaces/srv/AddThreeInts.srv
[1.386s] -- Up-to-date: /home/arms/ros2_ws/install/my_interfaces/share/my_interfaces/srv/AddThreeInts_Request.msg
[1.386s] -- Up-to-date: /home/arms/ros2_ws/install/my_interfaces/share/my_interfaces/srv/AddThreeInts_Response.msg
[1.386s] -- Up-to-date: /home/arms/ros2_ws/install/my_interfaces/share/my_interfaces/srv/TimeReq.srv
[1.386s] -- Up-to-date: /home/arms/ros2_ws/install/my_interfaces/share/my_interfaces/srv/TimeReq_Request.msg
[1.386s] -- Up-to-date: /home/arms/ros2_ws/install/my_interfaces/share/my_interfaces/srv/TimeReq_Response.msg
[1.386s] -- Up-to-date: /home/arms/ros2_ws/install/my_interfaces/share/ament_index/resource_index/package_run_dependencies/my_interfaces
[1.386s] -- Up-to-date: /home/arms/ros2_ws/install/my_interfaces/share/ament_index/resource_index/parent_prefix_path/my_interfaces
[1.387s] -- Up-to-date: /home/arms/ros2_ws/install/my_interfaces/share/my_interfaces/environment/ament_prefix_path.sh
[1.387s] -- Up-to-date: /home/arms/ros2_ws/install/my_interfaces/share/my_interfaces/environment/ament_prefix_path.dsv
[1.387s] -- Up-to-date: /home/arms/ros2_ws/install/my_interfaces/share/my_interfaces/environment/path.sh
[1.387s] -- Up-to-date: /home/arms/ros2_ws/install/my_interfaces/share/my_interfaces/environment/path.dsv
[1.387s] -- Up-to-date: /home/arms/ros2_ws/install/my_interfaces/share/my_interfaces/local_setup.bash
[1.387s] -- Up-to-date: /home/arms/ros2_ws/install/my_interfaces/share/my_interfaces/local_setup.sh
[1.387s] -- Up-to-date: /home/arms/ros2_ws/install/my_interfaces/share/my_interfaces/local_setup.zsh
[1.387s] -- Up-to-date: /home/arms/ros2_ws/install/my_interfaces/share/my_interfaces/local_setup.dsv
[1.387s] -- Installing: /home/arms/ros2_ws/install/my_interfaces/share/my_interfaces/package.dsv
[1.387s] -- Up-to-date: /home/arms/ros2_ws/install/my_interfaces/share/ament_index/resource_index/packages/my_interfaces
[1.387s] -- Up-to-date: /home/arms/ros2_ws/install/my_interfaces/share/my_interfaces/cmake/export_my_interfaces__rosidl_generator_cExport.cmake
[1.387s] -- Up-to-date: /home/arms/ros2_ws/install/my_interfaces/share/my_interfaces/cmake/export_my_interfaces__rosidl_generator_cExport-noconfig.cmake
[1.387s] -- Up-to-date: /home/arms/ros2_ws/install/my_interfaces/share/my_interfaces/cmake/export_my_interfaces__rosidl_typesupport_fastrtps_cExport.cmake
[1.387s] -- Up-to-date: /home/arms/ros2_ws/install/my_interfaces/share/my_interfaces/cmake/export_my_interfaces__rosidl_typesupport_fastrtps_cExport-noconfig.cmake
[1.387s] -- Up-to-date: /home/arms/ros2_ws/install/my_interfaces/share/my_interfaces/cmake/export_my_interfaces__rosidl_generator_cppExport.cmake
[1.387s] -- Up-to-date: /home/arms/ros2_ws/install/my_interfaces/share/my_interfaces/cmake/export_my_interfaces__rosidl_typesupport_fastrtps_cppExport.cmake
[1.387s] -- Up-to-date: /home/arms/ros2_ws/install/my_interfaces/share/my_interfaces/cmake/export_my_interfaces__rosidl_typesupport_fastrtps_cppExport-noconfig.cmake
[1.387s] -- Up-to-date: /home/arms/ros2_ws/install/my_interfaces/share/my_interfaces/cmake/my_interfaces__rosidl_typesupport_introspection_cExport.cmake
[1.387s] -- Up-to-date: /home/arms/ros2_ws/install/my_interfaces/share/my_interfaces/cmake/my_interfaces__rosidl_typesupport_introspection_cExport-noconfig.cmake
[1.387s] -- Up-to-date: /home/arms/ros2_ws/install/my_interfaces/share/my_interfaces/cmake/my_interfaces__rosidl_typesupport_cExport.cmake
[1.387s] -- Up-to-date: /home/arms/ros2_ws/install/my_interfaces/share/my_interfaces/cmake/my_interfaces__rosidl_typesupport_cExport-noconfig.cmake
[1.387s] -- Up-to-date: /home/arms/ros2_ws/install/my_interfaces/share/my_interfaces/cmake/my_interfaces__rosidl_typesupport_introspection_cppExport.cmake
[1.387s] -- Up-to-date: /home/arms/ros2_ws/install/my_interfaces/share/my_interfaces/cmake/my_interfaces__rosidl_typesupport_introspection_cppExport-noconfig.cmake
[1.387s] -- Up-to-date: /home/arms/ros2_ws/install/my_interfaces/share/my_interfaces/cmake/my_interfaces__rosidl_typesupport_cppExport.cmake
[1.387s] -- Up-to-date: /home/arms/ros2_ws/install/my_interfaces/share/my_interfaces/cmake/my_interfaces__rosidl_typesupport_cppExport-noconfig.cmake
[1.387s] -- Up-to-date: /home/arms/ros2_ws/install/my_interfaces/share/my_interfaces/cmake/export_my_interfaces__rosidl_generator_pyExport.cmake
[1.387s] -- Up-to-date: /home/arms/ros2_ws/install/my_interfaces/share/my_interfaces/cmake/export_my_interfaces__rosidl_generator_pyExport-noconfig.cmake
[1.387s] -- Up-to-date: /home/arms/ros2_ws/install/my_interfaces/share/my_interfaces/cmake/rosidl_cmake-extras.cmake
[1.388s] -- Up-to-date: /home/arms/ros2_ws/install/my_interfaces/share/my_interfaces/cmake/ament_cmake_export_dependencies-extras.cmake
[1.388s] -- Up-to-date: /home/arms/ros2_ws/install/my_interfaces/share/my_interfaces/cmake/ament_cmake_export_include_directories-extras.cmake
[1.388s] -- Up-to-date: /home/arms/ros2_ws/install/my_interfaces/share/my_interfaces/cmake/ament_cmake_export_libraries-extras.cmake
[1.388s] -- Up-to-date: /home/arms/ros2_ws/install/my_interfaces/share/my_interfaces/cmake/ament_cmake_export_targets-extras.cmake
[1.388s] -- Up-to-date: /home/arms/ros2_ws/install/my_interfaces/share/my_interfaces/cmake/rosidl_cmake_export_typesupport_targets-extras.cmake
[1.388s] -- Up-to-date: /home/arms/ros2_ws/install/my_interfaces/share/my_interfaces/cmake/rosidl_cmake_export_typesupport_libraries-extras.cmake
[1.388s] -- Up-to-date: /home/arms/ros2_ws/install/my_interfaces/share/my_interfaces/cmake/my_interfacesConfig.cmake
[1.388s] -- Up-to-date: /home/arms/ros2_ws/install/my_interfaces/share/my_interfaces/cmake/my_interfacesConfig-version.cmake
[1.388s] -- Up-to-date: /home/arms/ros2_ws/install/my_interfaces/share/my_interfaces/package.xml
[1.553s] Invoked command in '/home/arms/ros2_ws/build/my_interfaces' returned '0': CMAKE_PREFIX_PATH=${CMAKE_PREFIX_PATH}:/home/arms/ros2_ws/install/learning_tf2_py:/home/arms/ros2_ws/install/my_package:/home/arms/install/my_package:/opt/ros/humble /usr/bin/cmake --install /home/arms/ros2_ws/build/my_interfaces
