[3.521s] Invoking command in '/home/arms/ros2_ws/src/my_package': PYTHONPATH=/home/arms/ros2_ws/build/my_package/prefix_override:/home/arms/ros2_ws/install/my_package/lib/python3.10/site-packages:${PYTHONPATH} /usr/bin/python3 setup.py egg_info --egg-base ../../build/my_package build --build-base /home/arms/ros2_ws/build/my_package/build install --record /home/arms/ros2_ws/build/my_package/install.log --single-version-externally-managed
[4.068s] running egg_info
[4.068s] writing ../../build/my_package/my_package.egg-info/PKG-INFO
[4.069s] writing dependency_links to ../../build/my_package/my_package.egg-info/dependency_links.txt
[4.071s] writing entry points to ../../build/my_package/my_package.egg-info/entry_points.txt
[4.073s] writing requirements to ../../build/my_package/my_package.egg-info/requires.txt
[4.075s] writing top-level names to ../../build/my_package/my_package.egg-info/top_level.txt
[4.075s] reading manifest file '../../build/my_package/my_package.egg-info/SOURCES.txt'
[4.077s] writing manifest file '../../build/my_package/my_package.egg-info/SOURCES.txt'
[4.078s] running build
[4.078s] running build_py
[4.078s] running install
[4.079s] running install_lib
[4.082s] running install_data
[4.084s] running install_egg_info
[4.087s] removing '/home/arms/ros2_ws/install/my_package/lib/python3.10/site-packages/my_package-0.0.0-py3.10.egg-info' (and everything under it)
[4.089s] Copying ../../build/my_package/my_package.egg-info to /home/arms/ros2_ws/install/my_package/lib/python3.10/site-packages/my_package-0.0.0-py3.10.egg-info
[4.089s] running install_scripts
[4.138s] Installing client script to /home/arms/ros2_ws/install/my_package/lib/my_package
[4.139s] Installing client2 script to /home/arms/ros2_ws/install/my_package/lib/my_package
[4.140s] Installing listener script to /home/arms/ros2_ws/install/my_package/lib/my_package
[4.140s] Installing listener2 script to /home/arms/ros2_ws/install/my_package/lib/my_package
[4.141s] Installing my_node script to /home/arms/ros2_ws/install/my_package/lib/my_package
[4.142s] Installing server script to /home/arms/ros2_ws/install/my_package/lib/my_package
[4.143s] Installing server2 script to /home/arms/ros2_ws/install/my_package/lib/my_package
[4.143s] Installing talker script to /home/arms/ros2_ws/install/my_package/lib/my_package
[4.143s] Installing talker2 script to /home/arms/ros2_ws/install/my_package/lib/my_package
[4.144s] writing list of installed files to '/home/arms/ros2_ws/build/my_package/install.log'
[4.226s] Invoked command in '/home/arms/ros2_ws/src/my_package' returned '0': PYTHONPATH=/home/arms/ros2_ws/build/my_package/prefix_override:/home/arms/ros2_ws/install/my_package/lib/python3.10/site-packages:${PYTHONPATH} /usr/bin/python3 setup.py egg_info --egg-base ../../build/my_package build --build-base /home/arms/ros2_ws/build/my_package/build install --record /home/arms/ros2_ws/build/my_package/install.log --single-version-externally-managed
