[0.418s] Invoking command in '/home/arms/ros2_ws/build/yolobot_recognition': CMAKE_PREFIX_PATH=${CMAKE_PREFIX_PATH}:/home/arms/ros2_ws/install/learning_tf2_py:/home/arms/ros2_ws/install/my_package:/home/arms/install/my_package:/opt/ros/humble /usr/bin/cmake --build /home/arms/ros2_ws/build/yolobot_recognition -- -j20 -l20
[0.440s] -- Found ament_cmake: 1.3.5 (/opt/ros/humble/share/ament_cmake/cmake)
[0.629s] -- Found ament_lint_auto: 0.12.8 (/opt/ros/humble/share/ament_lint_auto/cmake)
[0.709s] -- Added test 'copyright' to check source files copyright and LICENSE
[0.711s] -- Added test 'flake8' to check Python code syntax and style conventions
[0.711s] -- Added test 'lint_cmake' to check CMake code style
[0.711s] -- Added test 'pep257' to check Python code against some of the docstring style conventions in PEP 257
[0.712s] -- Added test 'xmllint' to check XML markup files
[0.714s] -- Configuring done
[0.716s] -- Generating done
[0.717s] -- Build files have been written to: /home/arms/ros2_ws/build/yolobot_recognition
[0.828s] Invoked command in '/home/arms/ros2_ws/build/yolobot_recognition' returned '0': CMAKE_PREFIX_PATH=${CMAKE_PREFIX_PATH}:/home/arms/ros2_ws/install/learning_tf2_py:/home/arms/ros2_ws/install/my_package:/home/arms/install/my_package:/opt/ros/humble /usr/bin/cmake --build /home/arms/ros2_ws/build/yolobot_recognition -- -j20 -l20
[0.928s] Invoking command in '/home/arms/ros2_ws/build/yolobot_recognition': CMAKE_PREFIX_PATH=${CMAKE_PREFIX_PATH}:/home/arms/ros2_ws/install/learning_tf2_py:/home/arms/ros2_ws/install/my_package:/home/arms/install/my_package:/opt/ros/humble /usr/bin/cmake --install /home/arms/ros2_ws/build/yolobot_recognition
[0.932s] -- Install configuration: ""
[0.933s] -- Up-to-date: /home/arms/ros2_ws/install/yolobot_recognition/share/yolobot_recognition//scripts
[0.933s] -- Up-to-date: /home/arms/ros2_ws/install/yolobot_recognition/share/yolobot_recognition//scripts/yolov8_ros2_control.py
[0.933s] -- Up-to-date: /home/arms/ros2_ws/install/yolobot_recognition/share/yolobot_recognition//scripts/.gitignore
[0.933s] -- Up-to-date: /home/arms/ros2_ws/install/yolobot_recognition/share/yolobot_recognition//scripts/yolov8n.pt
[0.933s] -- Up-to-date: /home/arms/ros2_ws/install/yolobot_recognition/share/yolobot_recognition//scripts/yolov8_ros2_subscriber.py
[0.933s] -- Installing: /home/arms/ros2_ws/install/yolobot_recognition/share/yolobot_recognition//scripts/~
[0.933s] -- Installing: /home/arms/ros2_ws/install/yolobot_recognition/share/yolobot_recognition//scripts/~/yolobot
[0.933s] -- Installing: /home/arms/ros2_ws/install/yolobot_recognition/share/yolobot_recognition//scripts/~/yolobot/src
[0.933s] -- Installing: /home/arms/ros2_ws/install/yolobot_recognition/share/yolobot_recognition//scripts/~/yolobot/src/yolobot_recognition
[0.933s] -- Installing: /home/arms/ros2_ws/install/yolobot_recognition/share/yolobot_recognition//scripts/~/yolobot/src/yolobot_recognition/scripts
[0.933s] -- Installing: /home/arms/ros2_ws/install/yolobot_recognition/share/yolobot_recognition//scripts/~/yolobot/src/yolobot_recognition/scripts/yolov8n.pt
[0.936s] -- Up-to-date: /home/arms/ros2_ws/install/yolobot_recognition/share/yolobot_recognition//scripts/yolov8_ros2_pt.py
[0.937s] -- Up-to-date: /home/arms/ros2_ws/install/yolobot_recognition/share/yolobot_recognition//scripts/.dockerignore
[0.937s] -- Up-to-date: /home/arms/ros2_ws/install/yolobot_recognition/share/yolobot_recognition//scripts/.gitattributes
[0.938s] -- Up-to-date: /home/arms/ros2_ws/install/yolobot_recognition/share/yolobot_recognition//launch
[0.938s] -- Installing: /home/arms/ros2_ws/install/yolobot_recognition/share/yolobot_recognition//launch/test.launch.py
[0.938s] -- Up-to-date: /home/arms/ros2_ws/install/yolobot_recognition/share/yolobot_recognition//launch/launch_yolov8.launch.py
[0.938s] -- Up-to-date: /home/arms/ros2_ws/install/yolobot_recognition/share/yolobot_recognition//launch/control_launch_yolov8.launch.py
[0.939s] -- Up-to-date: /home/arms/ros2_ws/install/yolobot_recognition/lib/yolobot_recognition/yolov8_ros2_pt.py
[0.939s] -- Up-to-date: /home/arms/ros2_ws/install/yolobot_recognition/lib/yolobot_recognition/yolov8_ros2_subscriber.py
[0.939s] -- Up-to-date: /home/arms/ros2_ws/install/yolobot_recognition/lib/yolobot_recognition/yolov8_ros2_control.py
[0.940s] -- Up-to-date: /home/arms/ros2_ws/install/yolobot_recognition/lib/yolobot_recognition/launch_yolov8.launch.py
[0.940s] -- Up-to-date: /home/arms/ros2_ws/install/yolobot_recognition/lib/yolobot_recognition/control_launch_yolov8.launch.py
[0.940s] -- Installing: /home/arms/ros2_ws/install/yolobot_recognition/lib/yolobot_recognition/test.launch.py
[0.941s] -- Up-to-date: /home/arms/ros2_ws/install/yolobot_recognition/share/ament_index/resource_index/package_run_dependencies/yolobot_recognition
[0.941s] -- Up-to-date: /home/arms/ros2_ws/install/yolobot_recognition/share/ament_index/resource_index/parent_prefix_path/yolobot_recognition
[0.941s] -- Up-to-date: /home/arms/ros2_ws/install/yolobot_recognition/share/yolobot_recognition/environment/ament_prefix_path.sh
[0.941s] -- Installing: /home/arms/ros2_ws/install/yolobot_recognition/share/yolobot_recognition/environment/ament_prefix_path.dsv
[0.943s] -- Up-to-date: /home/arms/ros2_ws/install/yolobot_recognition/share/yolobot_recognition/environment/path.sh
[0.943s] -- Installing: /home/arms/ros2_ws/install/yolobot_recognition/share/yolobot_recognition/environment/path.dsv
[0.943s] -- Up-to-date: /home/arms/ros2_ws/install/yolobot_recognition/share/yolobot_recognition/local_setup.bash
[0.943s] -- Up-to-date: /home/arms/ros2_ws/install/yolobot_recognition/share/yolobot_recognition/local_setup.sh
[0.943s] -- Up-to-date: /home/arms/ros2_ws/install/yolobot_recognition/share/yolobot_recognition/local_setup.zsh
[0.944s] -- Installing: /home/arms/ros2_ws/install/yolobot_recognition/share/yolobot_recognition/local_setup.dsv
[0.944s] -- Installing: /home/arms/ros2_ws/install/yolobot_recognition/share/yolobot_recognition/package.dsv
[0.944s] -- Up-to-date: /home/arms/ros2_ws/install/yolobot_recognition/share/ament_index/resource_index/packages/yolobot_recognition
[0.944s] -- Up-to-date: /home/arms/ros2_ws/install/yolobot_recognition/share/yolobot_recognition/cmake/yolobot_recognitionConfig.cmake
[0.944s] -- Up-to-date: /home/arms/ros2_ws/install/yolobot_recognition/share/yolobot_recognition/cmake/yolobot_recognitionConfig-version.cmake
[0.944s] -- Up-to-date: /home/arms/ros2_ws/install/yolobot_recognition/share/yolobot_recognition/package.xml
[1.033s] Invoked command in '/home/arms/ros2_ws/build/yolobot_recognition' returned '0': CMAKE_PREFIX_PATH=${CMAKE_PREFIX_PATH}:/home/arms/ros2_ws/install/learning_tf2_py:/home/arms/ros2_ws/install/my_package:/home/arms/install/my_package:/opt/ros/humble /usr/bin/cmake --install /home/arms/ros2_ws/build/yolobot_recognition
