[1.051s] Invoking command in '/home/arms/ros2_ws/build/yolov8_msgs': CMAKE_PREFIX_PATH=${CMAKE_PREFIX_PATH}:/home/arms/ros2_ws/install/learning_tf2_py:/home/arms/ros2_ws/install/my_package:/home/arms/install/my_package:/opt/ros/humble /usr/bin/cmake --build /home/arms/ros2_ws/build/yolov8_msgs -- -j20 -l20
[1.165s] [  2%] Built target yolov8_msgs__cpp
[1.171s] [ 12%] Built target yolov8_msgs__rosidl_generator_c
[1.182s] [ 12%] Built target ament_cmake_python_copy_yolov8_msgs
[1.241s] [ 23%] Built target yolov8_msgs__rosidl_typesupport_cpp
[1.241s] [ 33%] Built target yolov8_msgs__rosidl_typesupport_c
[1.242s] [ 43%] Built target yolov8_msgs__rosidl_typesupport_introspection_cpp
[1.242s] [ 53%] Built target yolov8_msgs__rosidl_typesupport_fastrtps_c
[1.242s] [ 64%] Built target yolov8_msgs__rosidl_typesupport_introspection_c
[1.242s] [ 74%] Built target yolov8_msgs__rosidl_typesupport_fastrtps_cpp
[1.286s] [ 74%] Built target yolov8_msgs
[1.329s] [ 76%] Built target yolov8_msgs__py
[1.372s] [ 84%] Built target yolov8_msgs__rosidl_generator_py
[1.425s] [ 89%] Built target yolov8_msgs__rosidl_typesupport_fastrtps_c__pyext
[1.426s] [ 94%] Built target yolov8_msgs__rosidl_typesupport_introspection_c__pyext
[1.432s] [100%] Built target yolov8_msgs__rosidl_typesupport_c__pyext
[1.760s] running egg_info
[1.760s] writing yolov8_msgs.egg-info/PKG-INFO
[1.760s] writing dependency_links to yolov8_msgs.egg-info/dependency_links.txt
[1.761s] writing top-level names to yolov8_msgs.egg-info/top_level.txt
[1.761s] reading manifest file 'yolov8_msgs.egg-info/SOURCES.txt'
[1.761s] writing manifest file 'yolov8_msgs.egg-info/SOURCES.txt'
[1.820s] [100%] Built target ament_cmake_python_build_yolov8_msgs_egg
[2.159s] Invoked command in '/home/arms/ros2_ws/build/yolov8_msgs' returned '0': CMAKE_PREFIX_PATH=${CMAKE_PREFIX_PATH}:/home/arms/ros2_ws/install/learning_tf2_py:/home/arms/ros2_ws/install/my_package:/home/arms/install/my_package:/opt/ros/humble /usr/bin/cmake --build /home/arms/ros2_ws/build/yolov8_msgs -- -j20 -l20
[2.645s] Invoking command in '/home/arms/ros2_ws/build/yolov8_msgs': CMAKE_PREFIX_PATH=${CMAKE_PREFIX_PATH}:/home/arms/ros2_ws/install/learning_tf2_py:/home/arms/ros2_ws/install/my_package:/home/arms/install/my_package:/opt/ros/humble /usr/bin/cmake --install /home/arms/ros2_ws/build/yolov8_msgs
[2.944s] -- Install configuration: ""
[2.945s] -- Up-to-date: /home/arms/ros2_ws/install/yolov8_msgs/share/ament_index/resource_index/rosidl_interfaces/yolov8_msgs
[2.945s] -- Up-to-date: /home/arms/ros2_ws/install/yolov8_msgs/include/yolov8_msgs/yolov8_msgs
[2.945s] -- Up-to-date: /home/arms/ros2_ws/install/yolov8_msgs/include/yolov8_msgs/yolov8_msgs/msg
[2.946s] -- Up-to-date: /home/arms/ros2_ws/install/yolov8_msgs/include/yolov8_msgs/yolov8_msgs/msg/yolov8_inference.h
[2.947s] -- Up-to-date: /home/arms/ros2_ws/install/yolov8_msgs/include/yolov8_msgs/yolov8_msgs/msg/detail
[2.947s] -- Up-to-date: /home/arms/ros2_ws/install/yolov8_msgs/include/yolov8_msgs/yolov8_msgs/msg/detail/inference_result__functions.h
[2.948s] -- Up-to-date: /home/arms/ros2_ws/install/yolov8_msgs/include/yolov8_msgs/yolov8_msgs/msg/detail/yolov8_inference__functions.c
[2.948s] -- Up-to-date: /home/arms/ros2_ws/install/yolov8_msgs/include/yolov8_msgs/yolov8_msgs/msg/detail/yolov8_inference__struct.h
[2.948s] -- Up-to-date: /home/arms/ros2_ws/install/yolov8_msgs/include/yolov8_msgs/yolov8_msgs/msg/detail/yolov8_inference__type_support.h
[2.948s] -- Up-to-date: /home/arms/ros2_ws/install/yolov8_msgs/include/yolov8_msgs/yolov8_msgs/msg/detail/inference_result__type_support.h
[2.948s] -- Up-to-date: /home/arms/ros2_ws/install/yolov8_msgs/include/yolov8_msgs/yolov8_msgs/msg/detail/inference_result__struct.h
[2.948s] -- Up-to-date: /home/arms/ros2_ws/install/yolov8_msgs/include/yolov8_msgs/yolov8_msgs/msg/detail/inference_result__functions.c
[2.949s] -- Up-to-date: /home/arms/ros2_ws/install/yolov8_msgs/include/yolov8_msgs/yolov8_msgs/msg/detail/yolov8_inference__functions.h
[2.949s] -- Up-to-date: /home/arms/ros2_ws/install/yolov8_msgs/include/yolov8_msgs/yolov8_msgs/msg/inference_result.h
[2.950s] -- Up-to-date: /home/arms/ros2_ws/install/yolov8_msgs/include/yolov8_msgs/yolov8_msgs/msg/rosidl_generator_c__visibility_control.h
[2.950s] -- Up-to-date: /home/arms/ros2_ws/install/yolov8_msgs/share/yolov8_msgs/environment/library_path.sh
[2.950s] -- Up-to-date: /home/arms/ros2_ws/install/yolov8_msgs/share/yolov8_msgs/environment/library_path.dsv
[2.950s] -- Up-to-date: /home/arms/ros2_ws/install/yolov8_msgs/lib/libyolov8_msgs__rosidl_generator_c.so
[2.950s] -- Up-to-date: /home/arms/ros2_ws/install/yolov8_msgs/include/yolov8_msgs/yolov8_msgs
[2.950s] -- Up-to-date: /home/arms/ros2_ws/install/yolov8_msgs/include/yolov8_msgs/yolov8_msgs/msg
[2.950s] -- Up-to-date: /home/arms/ros2_ws/install/yolov8_msgs/include/yolov8_msgs/yolov8_msgs/msg/rosidl_typesupport_fastrtps_c__visibility_control.h
[2.951s] -- Up-to-date: /home/arms/ros2_ws/install/yolov8_msgs/include/yolov8_msgs/yolov8_msgs/msg/detail
[2.951s] -- Up-to-date: /home/arms/ros2_ws/install/yolov8_msgs/include/yolov8_msgs/yolov8_msgs/msg/detail/yolov8_inference__rosidl_typesupport_fastrtps_c.h
[2.951s] -- Up-to-date: /home/arms/ros2_ws/install/yolov8_msgs/include/yolov8_msgs/yolov8_msgs/msg/detail/inference_result__rosidl_typesupport_fastrtps_c.h
[2.951s] -- Up-to-date: /home/arms/ros2_ws/install/yolov8_msgs/lib/libyolov8_msgs__rosidl_typesupport_fastrtps_c.so
[2.951s] -- Up-to-date: /home/arms/ros2_ws/install/yolov8_msgs/include/yolov8_msgs/yolov8_msgs
[2.951s] -- Up-to-date: /home/arms/ros2_ws/install/yolov8_msgs/include/yolov8_msgs/yolov8_msgs/msg
[2.951s] -- Up-to-date: /home/arms/ros2_ws/install/yolov8_msgs/include/yolov8_msgs/yolov8_msgs/msg/inference_result.hpp
[2.951s] -- Up-to-date: /home/arms/ros2_ws/install/yolov8_msgs/include/yolov8_msgs/yolov8_msgs/msg/yolov8_inference.hpp
[2.951s] -- Up-to-date: /home/arms/ros2_ws/install/yolov8_msgs/include/yolov8_msgs/yolov8_msgs/msg/detail
[2.952s] -- Up-to-date: /home/arms/ros2_ws/install/yolov8_msgs/include/yolov8_msgs/yolov8_msgs/msg/detail/yolov8_inference__builder.hpp
[2.952s] -- Up-to-date: /home/arms/ros2_ws/install/yolov8_msgs/include/yolov8_msgs/yolov8_msgs/msg/detail/yolov8_inference__traits.hpp
[2.952s] -- Up-to-date: /home/arms/ros2_ws/install/yolov8_msgs/include/yolov8_msgs/yolov8_msgs/msg/detail/yolov8_inference__struct.hpp
[2.952s] -- Up-to-date: /home/arms/ros2_ws/install/yolov8_msgs/include/yolov8_msgs/yolov8_msgs/msg/detail/inference_result__struct.hpp
[2.952s] -- Up-to-date: /home/arms/ros2_ws/install/yolov8_msgs/include/yolov8_msgs/yolov8_msgs/msg/detail/inference_result__builder.hpp
[2.952s] -- Up-to-date: /home/arms/ros2_ws/install/yolov8_msgs/include/yolov8_msgs/yolov8_msgs/msg/detail/inference_result__traits.hpp
[2.952s] -- Up-to-date: /home/arms/ros2_ws/install/yolov8_msgs/include/yolov8_msgs/yolov8_msgs
[2.952s] -- Up-to-date: /home/arms/ros2_ws/install/yolov8_msgs/include/yolov8_msgs/yolov8_msgs/msg
[2.952s] -- Up-to-date: /home/arms/ros2_ws/install/yolov8_msgs/include/yolov8_msgs/yolov8_msgs/msg/rosidl_typesupport_fastrtps_cpp__visibility_control.h
[2.953s] -- Up-to-date: /home/arms/ros2_ws/install/yolov8_msgs/include/yolov8_msgs/yolov8_msgs/msg/detail
[2.953s] -- Up-to-date: /home/arms/ros2_ws/install/yolov8_msgs/include/yolov8_msgs/yolov8_msgs/msg/detail/yolov8_inference__rosidl_typesupport_fastrtps_cpp.hpp
[2.953s] -- Up-to-date: /home/arms/ros2_ws/install/yolov8_msgs/include/yolov8_msgs/yolov8_msgs/msg/detail/inference_result__rosidl_typesupport_fastrtps_cpp.hpp
[2.953s] -- Up-to-date: /home/arms/ros2_ws/install/yolov8_msgs/include/yolov8_msgs/yolov8_msgs/msg/detail/dds_fastrtps
[2.953s] -- Up-to-date: /home/arms/ros2_ws/install/yolov8_msgs/lib/libyolov8_msgs__rosidl_typesupport_fastrtps_cpp.so
[2.953s] -- Up-to-date: /home/arms/ros2_ws/install/yolov8_msgs/include/yolov8_msgs/yolov8_msgs
[2.953s] -- Up-to-date: /home/arms/ros2_ws/install/yolov8_msgs/include/yolov8_msgs/yolov8_msgs/msg
[2.953s] -- Up-to-date: /home/arms/ros2_ws/install/yolov8_msgs/include/yolov8_msgs/yolov8_msgs/msg/rosidl_typesupport_introspection_c__visibility_control.h
[2.953s] -- Up-to-date: /home/arms/ros2_ws/install/yolov8_msgs/include/yolov8_msgs/yolov8_msgs/msg/detail
[2.954s] -- Up-to-date: /home/arms/ros2_ws/install/yolov8_msgs/include/yolov8_msgs/yolov8_msgs/msg/detail/inference_result__type_support.c
[2.954s] -- Up-to-date: /home/arms/ros2_ws/install/yolov8_msgs/include/yolov8_msgs/yolov8_msgs/msg/detail/inference_result__rosidl_typesupport_introspection_c.h
[2.954s] -- Up-to-date: /home/arms/ros2_ws/install/yolov8_msgs/include/yolov8_msgs/yolov8_msgs/msg/detail/yolov8_inference__rosidl_typesupport_introspection_c.h
[2.954s] -- Up-to-date: /home/arms/ros2_ws/install/yolov8_msgs/include/yolov8_msgs/yolov8_msgs/msg/detail/yolov8_inference__type_support.c
[2.955s] -- Up-to-date: /home/arms/ros2_ws/install/yolov8_msgs/lib/libyolov8_msgs__rosidl_typesupport_introspection_c.so
[2.955s] -- Up-to-date: /home/arms/ros2_ws/install/yolov8_msgs/lib/libyolov8_msgs__rosidl_typesupport_c.so
[2.955s] -- Up-to-date: /home/arms/ros2_ws/install/yolov8_msgs/include/yolov8_msgs/yolov8_msgs
[2.955s] -- Up-to-date: /home/arms/ros2_ws/install/yolov8_msgs/include/yolov8_msgs/yolov8_msgs/msg
[2.955s] -- Up-to-date: /home/arms/ros2_ws/install/yolov8_msgs/include/yolov8_msgs/yolov8_msgs/msg/detail
[2.955s] -- Up-to-date: /home/arms/ros2_ws/install/yolov8_msgs/include/yolov8_msgs/yolov8_msgs/msg/detail/yolov8_inference__rosidl_typesupport_introspection_cpp.hpp
[2.955s] -- Up-to-date: /home/arms/ros2_ws/install/yolov8_msgs/include/yolov8_msgs/yolov8_msgs/msg/detail/inference_result__rosidl_typesupport_introspection_cpp.hpp
[2.955s] -- Up-to-date: /home/arms/ros2_ws/install/yolov8_msgs/include/yolov8_msgs/yolov8_msgs/msg/detail/inference_result__type_support.cpp
[2.956s] -- Up-to-date: /home/arms/ros2_ws/install/yolov8_msgs/include/yolov8_msgs/yolov8_msgs/msg/detail/yolov8_inference__type_support.cpp
[2.956s] -- Up-to-date: /home/arms/ros2_ws/install/yolov8_msgs/lib/libyolov8_msgs__rosidl_typesupport_introspection_cpp.so
[2.956s] -- Up-to-date: /home/arms/ros2_ws/install/yolov8_msgs/lib/libyolov8_msgs__rosidl_typesupport_cpp.so
[2.956s] -- Up-to-date: /home/arms/ros2_ws/install/yolov8_msgs/share/yolov8_msgs/environment/pythonpath.sh
[2.956s] -- Up-to-date: /home/arms/ros2_ws/install/yolov8_msgs/share/yolov8_msgs/environment/pythonpath.dsv
[2.956s] -- Up-to-date: /home/arms/ros2_ws/install/yolov8_msgs/local/lib/python3.10/dist-packages/yolov8_msgs-0.0.0-py3.10.egg-info
[2.956s] -- Installing: /home/arms/ros2_ws/install/yolov8_msgs/local/lib/python3.10/dist-packages/yolov8_msgs-0.0.0-py3.10.egg-info/SOURCES.txt
[2.956s] -- Installing: /home/arms/ros2_ws/install/yolov8_msgs/local/lib/python3.10/dist-packages/yolov8_msgs-0.0.0-py3.10.egg-info/dependency_links.txt
[2.956s] -- Installing: /home/arms/ros2_ws/install/yolov8_msgs/local/lib/python3.10/dist-packages/yolov8_msgs-0.0.0-py3.10.egg-info/PKG-INFO
[2.956s] -- Installing: /home/arms/ros2_ws/install/yolov8_msgs/local/lib/python3.10/dist-packages/yolov8_msgs-0.0.0-py3.10.egg-info/top_level.txt
[2.957s] -- Up-to-date: /home/arms/ros2_ws/install/yolov8_msgs/local/lib/python3.10/dist-packages/yolov8_msgs
[2.957s] -- Up-to-date: /home/arms/ros2_ws/install/yolov8_msgs/local/lib/python3.10/dist-packages/yolov8_msgs/yolov8_msgs_s__rosidl_typesupport_fastrtps_c.cpython-310-x86_64-linux-gnu.so
[2.957s] -- Up-to-date: /home/arms/ros2_ws/install/yolov8_msgs/local/lib/python3.10/dist-packages/yolov8_msgs/_yolov8_msgs_s.ep.rosidl_typesupport_introspection_c.c
[2.957s] -- Up-to-date: /home/arms/ros2_ws/install/yolov8_msgs/local/lib/python3.10/dist-packages/yolov8_msgs/__init__.py
[2.957s] -- Up-to-date: /home/arms/ros2_ws/install/yolov8_msgs/local/lib/python3.10/dist-packages/yolov8_msgs/yolov8_msgs_s__rosidl_typesupport_c.cpython-310-x86_64-linux-gnu.so
[2.957s] -- Up-to-date: /home/arms/ros2_ws/install/yolov8_msgs/local/lib/python3.10/dist-packages/yolov8_msgs/yolov8_msgs_s__rosidl_typesupport_introspection_c.cpython-310-x86_64-linux-gnu.so
[2.957s] -- Up-to-date: /home/arms/ros2_ws/install/yolov8_msgs/local/lib/python3.10/dist-packages/yolov8_msgs/_yolov8_msgs_s.ep.rosidl_typesupport_c.c
[2.957s] -- Up-to-date: /home/arms/ros2_ws/install/yolov8_msgs/local/lib/python3.10/dist-packages/yolov8_msgs/_yolov8_msgs_s.ep.rosidl_typesupport_fastrtps_c.c
[2.958s] -- Up-to-date: /home/arms/ros2_ws/install/yolov8_msgs/local/lib/python3.10/dist-packages/yolov8_msgs/libyolov8_msgs__rosidl_generator_py.so
[2.958s] -- Up-to-date: /home/arms/ros2_ws/install/yolov8_msgs/local/lib/python3.10/dist-packages/yolov8_msgs/msg
[2.958s] -- Up-to-date: /home/arms/ros2_ws/install/yolov8_msgs/local/lib/python3.10/dist-packages/yolov8_msgs/msg/_yolov8_inference_s.c
[2.958s] -- Up-to-date: /home/arms/ros2_ws/install/yolov8_msgs/local/lib/python3.10/dist-packages/yolov8_msgs/msg/__init__.py
[2.958s] -- Up-to-date: /home/arms/ros2_ws/install/yolov8_msgs/local/lib/python3.10/dist-packages/yolov8_msgs/msg/_inference_result_s.c
[2.958s] -- Up-to-date: /home/arms/ros2_ws/install/yolov8_msgs/local/lib/python3.10/dist-packages/yolov8_msgs/msg/_yolov8_inference.py
[2.958s] -- Up-to-date: /home/arms/ros2_ws/install/yolov8_msgs/local/lib/python3.10/dist-packages/yolov8_msgs/msg/_inference_result.py
[2.958s] Listing '/home/arms/ros2_ws/install/yolov8_msgs/local/lib/python3.10/dist-packages/yolov8_msgs'...
[2.958s] Listing '/home/arms/ros2_ws/install/yolov8_msgs/local/lib/python3.10/dist-packages/yolov8_msgs/msg'...
[2.958s] -- Up-to-date: /home/arms/ros2_ws/install/yolov8_msgs/local/lib/python3.10/dist-packages/yolov8_msgs/yolov8_msgs_s__rosidl_typesupport_fastrtps_c.cpython-310-x86_64-linux-gnu.so
[2.959s] -- Up-to-date: /home/arms/ros2_ws/install/yolov8_msgs/local/lib/python3.10/dist-packages/yolov8_msgs/yolov8_msgs_s__rosidl_typesupport_introspection_c.cpython-310-x86_64-linux-gnu.so
[2.959s] -- Up-to-date: /home/arms/ros2_ws/install/yolov8_msgs/local/lib/python3.10/dist-packages/yolov8_msgs/yolov8_msgs_s__rosidl_typesupport_c.cpython-310-x86_64-linux-gnu.so
[2.959s] -- Up-to-date: /home/arms/ros2_ws/install/yolov8_msgs/lib/libyolov8_msgs__rosidl_generator_py.so
[2.959s] -- Up-to-date: /home/arms/ros2_ws/install/yolov8_msgs/share/yolov8_msgs/msg/InferenceResult.idl
[2.959s] -- Up-to-date: /home/arms/ros2_ws/install/yolov8_msgs/share/yolov8_msgs/msg/Yolov8Inference.idl
[2.959s] -- Up-to-date: /home/arms/ros2_ws/install/yolov8_msgs/share/yolov8_msgs/msg/InferenceResult.msg
[2.959s] -- Up-to-date: /home/arms/ros2_ws/install/yolov8_msgs/share/yolov8_msgs/msg/Yolov8Inference.msg
[2.959s] -- Up-to-date: /home/arms/ros2_ws/install/yolov8_msgs/share/ament_index/resource_index/package_run_dependencies/yolov8_msgs
[2.959s] -- Up-to-date: /home/arms/ros2_ws/install/yolov8_msgs/share/ament_index/resource_index/parent_prefix_path/yolov8_msgs
[2.959s] -- Up-to-date: /home/arms/ros2_ws/install/yolov8_msgs/share/yolov8_msgs/environment/ament_prefix_path.sh
[2.959s] -- Up-to-date: /home/arms/ros2_ws/install/yolov8_msgs/share/yolov8_msgs/environment/ament_prefix_path.dsv
[2.960s] -- Up-to-date: /home/arms/ros2_ws/install/yolov8_msgs/share/yolov8_msgs/environment/path.sh
[2.960s] -- Up-to-date: /home/arms/ros2_ws/install/yolov8_msgs/share/yolov8_msgs/environment/path.dsv
[2.960s] -- Up-to-date: /home/arms/ros2_ws/install/yolov8_msgs/share/yolov8_msgs/local_setup.bash
[2.960s] -- Up-to-date: /home/arms/ros2_ws/install/yolov8_msgs/share/yolov8_msgs/local_setup.sh
[2.960s] -- Up-to-date: /home/arms/ros2_ws/install/yolov8_msgs/share/yolov8_msgs/local_setup.zsh
[2.960s] -- Up-to-date: /home/arms/ros2_ws/install/yolov8_msgs/share/yolov8_msgs/local_setup.dsv
[2.960s] -- Installing: /home/arms/ros2_ws/install/yolov8_msgs/share/yolov8_msgs/package.dsv
[2.960s] -- Up-to-date: /home/arms/ros2_ws/install/yolov8_msgs/share/ament_index/resource_index/packages/yolov8_msgs
[2.960s] -- Up-to-date: /home/arms/ros2_ws/install/yolov8_msgs/share/yolov8_msgs/cmake/export_yolov8_msgs__rosidl_generator_cExport.cmake
[2.960s] -- Up-to-date: /home/arms/ros2_ws/install/yolov8_msgs/share/yolov8_msgs/cmake/export_yolov8_msgs__rosidl_generator_cExport-noconfig.cmake
[2.961s] -- Up-to-date: /home/arms/ros2_ws/install/yolov8_msgs/share/yolov8_msgs/cmake/export_yolov8_msgs__rosidl_typesupport_fastrtps_cExport.cmake
[2.961s] -- Up-to-date: /home/arms/ros2_ws/install/yolov8_msgs/share/yolov8_msgs/cmake/export_yolov8_msgs__rosidl_typesupport_fastrtps_cExport-noconfig.cmake
[2.961s] -- Up-to-date: /home/arms/ros2_ws/install/yolov8_msgs/share/yolov8_msgs/cmake/export_yolov8_msgs__rosidl_generator_cppExport.cmake
[2.961s] -- Up-to-date: /home/arms/ros2_ws/install/yolov8_msgs/share/yolov8_msgs/cmake/export_yolov8_msgs__rosidl_typesupport_fastrtps_cppExport.cmake
[2.961s] -- Up-to-date: /home/arms/ros2_ws/install/yolov8_msgs/share/yolov8_msgs/cmake/export_yolov8_msgs__rosidl_typesupport_fastrtps_cppExport-noconfig.cmake
[2.961s] -- Up-to-date: /home/arms/ros2_ws/install/yolov8_msgs/share/yolov8_msgs/cmake/yolov8_msgs__rosidl_typesupport_introspection_cExport.cmake
[2.961s] -- Up-to-date: /home/arms/ros2_ws/install/yolov8_msgs/share/yolov8_msgs/cmake/yolov8_msgs__rosidl_typesupport_introspection_cExport-noconfig.cmake
[2.961s] -- Up-to-date: /home/arms/ros2_ws/install/yolov8_msgs/share/yolov8_msgs/cmake/yolov8_msgs__rosidl_typesupport_cExport.cmake
[2.961s] -- Up-to-date: /home/arms/ros2_ws/install/yolov8_msgs/share/yolov8_msgs/cmake/yolov8_msgs__rosidl_typesupport_cExport-noconfig.cmake
[2.961s] -- Up-to-date: /home/arms/ros2_ws/install/yolov8_msgs/share/yolov8_msgs/cmake/yolov8_msgs__rosidl_typesupport_introspection_cppExport.cmake
[2.962s] -- Up-to-date: /home/arms/ros2_ws/install/yolov8_msgs/share/yolov8_msgs/cmake/yolov8_msgs__rosidl_typesupport_introspection_cppExport-noconfig.cmake
[2.962s] -- Up-to-date: /home/arms/ros2_ws/install/yolov8_msgs/share/yolov8_msgs/cmake/yolov8_msgs__rosidl_typesupport_cppExport.cmake
[2.962s] -- Up-to-date: /home/arms/ros2_ws/install/yolov8_msgs/share/yolov8_msgs/cmake/yolov8_msgs__rosidl_typesupport_cppExport-noconfig.cmake
[2.962s] -- Up-to-date: /home/arms/ros2_ws/install/yolov8_msgs/share/yolov8_msgs/cmake/export_yolov8_msgs__rosidl_generator_pyExport.cmake
[2.962s] -- Up-to-date: /home/arms/ros2_ws/install/yolov8_msgs/share/yolov8_msgs/cmake/export_yolov8_msgs__rosidl_generator_pyExport-noconfig.cmake
[2.962s] -- Up-to-date: /home/arms/ros2_ws/install/yolov8_msgs/share/yolov8_msgs/cmake/rosidl_cmake-extras.cmake
[2.962s] -- Up-to-date: /home/arms/ros2_ws/install/yolov8_msgs/share/yolov8_msgs/cmake/ament_cmake_export_dependencies-extras.cmake
[2.963s] -- Up-to-date: /home/arms/ros2_ws/install/yolov8_msgs/share/yolov8_msgs/cmake/ament_cmake_export_include_directories-extras.cmake
[2.963s] -- Up-to-date: /home/arms/ros2_ws/install/yolov8_msgs/share/yolov8_msgs/cmake/ament_cmake_export_libraries-extras.cmake
[2.963s] -- Up-to-date: /home/arms/ros2_ws/install/yolov8_msgs/share/yolov8_msgs/cmake/ament_cmake_export_targets-extras.cmake
[2.963s] -- Up-to-date: /home/arms/ros2_ws/install/yolov8_msgs/share/yolov8_msgs/cmake/rosidl_cmake_export_typesupport_targets-extras.cmake
[2.963s] -- Up-to-date: /home/arms/ros2_ws/install/yolov8_msgs/share/yolov8_msgs/cmake/rosidl_cmake_export_typesupport_libraries-extras.cmake
[2.963s] -- Up-to-date: /home/arms/ros2_ws/install/yolov8_msgs/share/yolov8_msgs/cmake/yolov8_msgsConfig.cmake
[2.963s] -- Up-to-date: /home/arms/ros2_ws/install/yolov8_msgs/share/yolov8_msgs/cmake/yolov8_msgsConfig-version.cmake
[2.963s] -- Up-to-date: /home/arms/ros2_ws/install/yolov8_msgs/share/yolov8_msgs/package.xml
[2.963s] Invoked command in '/home/arms/ros2_ws/build/yolov8_msgs' returned '0': CMAKE_PREFIX_PATH=${CMAKE_PREFIX_PATH}:/home/arms/ros2_ws/install/learning_tf2_py:/home/arms/ros2_ws/install/my_package:/home/arms/install/my_package:/opt/ros/humble /usr/bin/cmake --install /home/arms/ros2_ws/build/yolov8_msgs
