[0.355s] Invoking command in '/home/arms/ros2_ws/build/yolobot_gazebo': CMAKE_PREFIX_PATH=${CMAKE_PREFIX_PATH}:/home/arms/ros2_ws/install/learning_tf2_py:/home/arms/ros2_ws/install/my_package:/home/arms/install/my_package:/opt/ros/humble /usr/bin/cmake /home/arms/ros2_ws/src/yolobot/src/yolobot_gazebo -DCMAKE_INSTALL_PREFIX=/home/arms/ros2_ws/install/yolobot_gazebo
[0.387s] -- The C compiler identification is GNU 11.4.0
[0.427s] -- The CXX compiler identification is GNU 11.4.0
[0.432s] -- Detecting C compiler ABI info
[0.475s] -- Detecting C compiler ABI info - done
[0.480s] -- Check for working C compiler: /usr/bin/cc - skipped
[0.480s] -- Detecting C compile features
[0.480s] -- Detecting C compile features - done
[0.482s] -- Detecting CXX compiler ABI info
[0.531s] -- Detecting CXX compiler ABI info - done
[0.537s] -- Check for working CXX compiler: /usr/bin/c++ - skipped
[0.537s] -- Detecting CXX compile features
[0.537s] -- Detecting CXX compile features - done
[0.539s] -- Found ament_cmake: 1.3.5 (/opt/ros/humble/share/ament_cmake/cmake)
[0.654s] -- Found Python3: /usr/bin/python3.10 (found version "3.10.12") found components: Interpreter 
[0.722s] -- Found rclpy: 3.3.10 (/opt/ros/humble/share/rclpy/cmake)
[0.723s] -- Found ament_lint_auto: 0.12.8 (/opt/ros/humble/share/ament_lint_auto/cmake)
[0.778s] -- Added test 'copyright' to check source files copyright and LICENSE
[0.780s] -- Added test 'flake8' to check Python code syntax and style conventions
[0.780s] -- Added test 'lint_cmake' to check CMake code style
[0.781s] -- Added test 'pep257' to check Python code against some of the docstring style conventions in PEP 257
[0.782s] -- Added test 'xmllint' to check XML markup files
[0.783s] -- Configuring done
[0.786s] -- Generating done
[0.786s] -- Build files have been written to: /home/arms/ros2_ws/build/yolobot_gazebo
[0.791s] Invoked command in '/home/arms/ros2_ws/build/yolobot_gazebo' returned '0': CMAKE_PREFIX_PATH=${CMAKE_PREFIX_PATH}:/home/arms/ros2_ws/install/learning_tf2_py:/home/arms/ros2_ws/install/my_package:/home/arms/install/my_package:/opt/ros/humble /usr/bin/cmake /home/arms/ros2_ws/src/yolobot/src/yolobot_gazebo -DCMAKE_INSTALL_PREFIX=/home/arms/ros2_ws/install/yolobot_gazebo
[0.793s] Invoking command in '/home/arms/ros2_ws/build/yolobot_gazebo': CMAKE_PREFIX_PATH=${CMAKE_PREFIX_PATH}:/home/arms/ros2_ws/install/learning_tf2_py:/home/arms/ros2_ws/install/my_package:/home/arms/install/my_package:/opt/ros/humble /usr/bin/cmake --build /home/arms/ros2_ws/build/yolobot_gazebo -- -j20 -l20
[0.841s] Invoked command in '/home/arms/ros2_ws/build/yolobot_gazebo' returned '0': CMAKE_PREFIX_PATH=${CMAKE_PREFIX_PATH}:/home/arms/ros2_ws/install/learning_tf2_py:/home/arms/ros2_ws/install/my_package:/home/arms/install/my_package:/opt/ros/humble /usr/bin/cmake --build /home/arms/ros2_ws/build/yolobot_gazebo -- -j20 -l20
[0.860s] Invoking command in '/home/arms/ros2_ws/build/yolobot_gazebo': CMAKE_PREFIX_PATH=${CMAKE_PREFIX_PATH}:/home/arms/ros2_ws/install/learning_tf2_py:/home/arms/ros2_ws/install/my_package:/home/arms/install/my_package:/opt/ros/humble /usr/bin/cmake --install /home/arms/ros2_ws/build/yolobot_gazebo
[0.864s] -- Install configuration: ""
[0.865s] -- Installing: /home/arms/ros2_ws/install/yolobot_gazebo/share/yolobot_gazebo//launch
[0.865s] -- Installing: /home/arms/ros2_ws/install/yolobot_gazebo/share/yolobot_gazebo//launch/yolobot_launch.py
[0.866s] -- Installing: /home/arms/ros2_ws/install/yolobot_gazebo/share/yolobot_gazebo//launch/start_world_launch.py
[0.866s] -- Installing: /home/arms/ros2_ws/install/yolobot_gazebo/share/yolobot_gazebo//worlds
[0.866s] -- Installing: /home/arms/ros2_ws/install/yolobot_gazebo/share/yolobot_gazebo//worlds/yolo_test.world
[0.866s] -- Installing: /home/arms/ros2_ws/install/yolobot_gazebo/share/ament_index/resource_index/package_run_dependencies/yolobot_gazebo
[0.866s] -- Installing: /home/arms/ros2_ws/install/yolobot_gazebo/share/ament_index/resource_index/parent_prefix_path/yolobot_gazebo
[0.866s] -- Installing: /home/arms/ros2_ws/install/yolobot_gazebo/share/yolobot_gazebo/environment/ament_prefix_path.sh
[0.866s] -- Installing: /home/arms/ros2_ws/install/yolobot_gazebo/share/yolobot_gazebo/environment/ament_prefix_path.dsv
[0.866s] -- Installing: /home/arms/ros2_ws/install/yolobot_gazebo/share/yolobot_gazebo/environment/path.sh
[0.866s] -- Installing: /home/arms/ros2_ws/install/yolobot_gazebo/share/yolobot_gazebo/environment/path.dsv
[0.866s] -- Installing: /home/arms/ros2_ws/install/yolobot_gazebo/share/yolobot_gazebo/local_setup.bash
[0.866s] -- Installing: /home/arms/ros2_ws/install/yolobot_gazebo/share/yolobot_gazebo/local_setup.sh
[0.866s] -- Installing: /home/arms/ros2_ws/install/yolobot_gazebo/share/yolobot_gazebo/local_setup.zsh
[0.866s] -- Installing: /home/arms/ros2_ws/install/yolobot_gazebo/share/yolobot_gazebo/local_setup.dsv
[0.866s] -- Installing: /home/arms/ros2_ws/install/yolobot_gazebo/share/yolobot_gazebo/package.dsv
[0.867s] -- Installing: /home/arms/ros2_ws/install/yolobot_gazebo/share/ament_index/resource_index/packages/yolobot_gazebo
[0.867s] -- Installing: /home/arms/ros2_ws/install/yolobot_gazebo/share/yolobot_gazebo/cmake/yolobot_gazeboConfig.cmake
[0.867s] -- Installing: /home/arms/ros2_ws/install/yolobot_gazebo/share/yolobot_gazebo/cmake/yolobot_gazeboConfig-version.cmake
[0.867s] -- Installing: /home/arms/ros2_ws/install/yolobot_gazebo/share/yolobot_gazebo/package.xml
[0.905s] Invoked command in '/home/arms/ros2_ws/build/yolobot_gazebo' returned '0': CMAKE_PREFIX_PATH=${CMAKE_PREFIX_PATH}:/home/arms/ros2_ws/install/learning_tf2_py:/home/arms/ros2_ws/install/my_package:/home/arms/install/my_package:/opt/ros/humble /usr/bin/cmake --install /home/arms/ros2_ws/build/yolobot_gazebo
