[0.371s] Invoking command in '/home/arms/ros2_ws/build/action_tutorials_interfaces': CMAKE_PREFIX_PATH=${CMAKE_PREFIX_PATH}:/home/arms/ros2_ws/install/learning_tf2_py:/home/arms/ros2_ws/install/my_package:/home/arms/install/my_package:/opt/ros/humble /usr/bin/cmake --build /home/arms/ros2_ws/build/action_tutorials_interfaces -- -j20 -l20
[0.624s] [  9%] Built target action_tutorials_interfaces__rosidl_generator_c
[0.624s] [ 12%] Built target action_tutorials_interfaces__cpp
[0.624s] [ 12%] Built target ament_cmake_python_copy_action_tutorials_interfaces
[0.624s] [ 22%] Built target action_tutorials_interfaces__rosidl_typesupport_c
[0.624s] [ 32%] Built target action_tutorials_interfaces__rosidl_typesupport_fastrtps_c
[0.624s] [ 41%] Built target action_tutorials_interfaces__rosidl_typesupport_introspection_cpp
[0.624s] [ 51%] Built target action_tutorials_interfaces__rosidl_typesupport_introspection_c
[0.624s] [ 61%] Built target action_tutorials_interfaces__rosidl_typesupport_cpp
[0.624s] [ 70%] Built target action_tutorials_interfaces__rosidl_typesupport_fastrtps_cpp
[0.624s] [ 70%] Built target action_tutorials_interfaces
[0.624s] [ 74%] Built target action_tutorials_interfaces__py
[0.624s] [ 80%] Built target action_tutorials_interfaces__rosidl_generator_py
[0.624s] [ 87%] Built target action_tutorials_interfaces__rosidl_typesupport_c__pyext
[0.624s] [ 93%] Built target action_tutorials_interfaces__rosidl_typesupport_fastrtps_c__pyext
[0.624s] [100%] Built target action_tutorials_interfaces__rosidl_typesupport_introspection_c__pyext
[0.624s] running egg_info
[0.624s] writing action_tutorials_interfaces.egg-info/PKG-INFO
[0.624s] writing dependency_links to action_tutorials_interfaces.egg-info/dependency_links.txt
[0.624s] writing top-level names to action_tutorials_interfaces.egg-info/top_level.txt
[0.624s] reading manifest file 'action_tutorials_interfaces.egg-info/SOURCES.txt'
[0.625s] writing manifest file 'action_tutorials_interfaces.egg-info/SOURCES.txt'
[0.625s] [100%] Built target ament_cmake_python_build_action_tutorials_interfaces_egg
[0.628s] Invoked command in '/home/arms/ros2_ws/build/action_tutorials_interfaces' returned '0': CMAKE_PREFIX_PATH=${CMAKE_PREFIX_PATH}:/home/arms/ros2_ws/install/learning_tf2_py:/home/arms/ros2_ws/install/my_package:/home/arms/install/my_package:/opt/ros/humble /usr/bin/cmake --build /home/arms/ros2_ws/build/action_tutorials_interfaces -- -j20 -l20
