[0.372s] Invoking command in '/home/arms/ros2_ws/build/yolobot_gazebo': CMAKE_PREFIX_PATH=${CMAKE_PREFIX_PATH}:/home/arms/ros2_ws/install/learning_tf2_py:/home/arms/ros2_ws/install/my_package:/home/arms/install/my_package:/opt/ros/humble /usr/bin/cmake --build /home/arms/ros2_ws/build/yolobot_gazebo -- -j20 -l20
[0.393s] Invoked command in '/home/arms/ros2_ws/build/yolobot_gazebo' returned '0': CMAKE_PREFIX_PATH=${CMAKE_PREFIX_PATH}:/home/arms/ros2_ws/install/learning_tf2_py:/home/arms/ros2_ws/install/my_package:/home/arms/install/my_package:/opt/ros/humble /usr/bin/cmake --build /home/arms/ros2_ws/build/yolobot_gazebo -- -j20 -l20
[0.418s] Invoking command in '/home/arms/ros2_ws/build/yolobot_gazebo': CMAKE_PREFIX_PATH=${CMAKE_PREFIX_PATH}:/home/arms/ros2_ws/install/learning_tf2_py:/home/arms/ros2_ws/install/my_package:/home/arms/install/my_package:/opt/ros/humble /usr/bin/cmake --install /home/arms/ros2_ws/build/yolobot_gazebo
[0.425s] -- Install configuration: ""
[0.425s] -- Up-to-date: /home/arms/ros2_ws/install/yolobot_gazebo/share/yolobot_gazebo//launch
[0.425s] -- Up-to-date: /home/arms/ros2_ws/install/yolobot_gazebo/share/yolobot_gazebo//launch/yolobot_launch.py
[0.425s] -- Up-to-date: /home/arms/ros2_ws/install/yolobot_gazebo/share/yolobot_gazebo//launch/start_world_launch.py
[0.426s] -- Up-to-date: /home/arms/ros2_ws/install/yolobot_gazebo/share/yolobot_gazebo//worlds
[0.426s] -- Up-to-date: /home/arms/ros2_ws/install/yolobot_gazebo/share/yolobot_gazebo//worlds/yolo_test.world
[0.426s] -- Up-to-date: /home/arms/ros2_ws/install/yolobot_gazebo/share/ament_index/resource_index/package_run_dependencies/yolobot_gazebo
[0.426s] -- Up-to-date: /home/arms/ros2_ws/install/yolobot_gazebo/share/ament_index/resource_index/parent_prefix_path/yolobot_gazebo
[0.426s] -- Up-to-date: /home/arms/ros2_ws/install/yolobot_gazebo/share/yolobot_gazebo/environment/ament_prefix_path.sh
[0.426s] -- Up-to-date: /home/arms/ros2_ws/install/yolobot_gazebo/share/yolobot_gazebo/environment/ament_prefix_path.dsv
[0.426s] -- Up-to-date: /home/arms/ros2_ws/install/yolobot_gazebo/share/yolobot_gazebo/environment/path.sh
[0.426s] -- Up-to-date: /home/arms/ros2_ws/install/yolobot_gazebo/share/yolobot_gazebo/environment/path.dsv
[0.426s] -- Up-to-date: /home/arms/ros2_ws/install/yolobot_gazebo/share/yolobot_gazebo/local_setup.bash
[0.426s] -- Up-to-date: /home/arms/ros2_ws/install/yolobot_gazebo/share/yolobot_gazebo/local_setup.sh
[0.427s] -- Up-to-date: /home/arms/ros2_ws/install/yolobot_gazebo/share/yolobot_gazebo/local_setup.zsh
[0.427s] -- Up-to-date: /home/arms/ros2_ws/install/yolobot_gazebo/share/yolobot_gazebo/local_setup.dsv
[0.427s] -- Installing: /home/arms/ros2_ws/install/yolobot_gazebo/share/yolobot_gazebo/package.dsv
[0.427s] -- Up-to-date: /home/arms/ros2_ws/install/yolobot_gazebo/share/ament_index/resource_index/packages/yolobot_gazebo
[0.428s] -- Up-to-date: /home/arms/ros2_ws/install/yolobot_gazebo/share/yolobot_gazebo/cmake/yolobot_gazeboConfig.cmake
[0.428s] -- Up-to-date: /home/arms/ros2_ws/install/yolobot_gazebo/share/yolobot_gazebo/cmake/yolobot_gazeboConfig-version.cmake
[0.428s] -- Up-to-date: /home/arms/ros2_ws/install/yolobot_gazebo/share/yolobot_gazebo/package.xml
[0.524s] Invoked command in '/home/arms/ros2_ws/build/yolobot_gazebo' returned '0': CMAKE_PREFIX_PATH=${CMAKE_PREFIX_PATH}:/home/arms/ros2_ws/install/learning_tf2_py:/home/arms/ros2_ws/install/my_package:/home/arms/install/my_package:/opt/ros/humble /usr/bin/cmake --install /home/arms/ros2_ws/build/yolobot_gazebo
