[1.179s] Invoking command in '/home/arms/ros2_ws/build/yolobot_recognition': CMAKE_PREFIX_PATH=${CMAKE_PREFIX_PATH}:/home/arms/ros2_ws/install/learning_tf2_py:/home/arms/ros2_ws/install/my_package:/home/arms/install/my_package:/opt/ros/humble /usr/bin/cmake --build /home/arms/ros2_ws/build/yolobot_recognition -- -j20 -l20
[1.262s] Invoked command in '/home/arms/ros2_ws/build/yolobot_recognition' returned '0': CMAKE_PREFIX_PATH=${CMAKE_PREFIX_PATH}:/home/arms/ros2_ws/install/learning_tf2_py:/home/arms/ros2_ws/install/my_package:/home/arms/install/my_package:/opt/ros/humble /usr/bin/cmake --build /home/arms/ros2_ws/build/yolobot_recognition -- -j20 -l20
[1.342s] Invoking command in '/home/arms/ros2_ws/build/yolobot_recognition': CMAKE_PREFIX_PATH=${CMAKE_PREFIX_PATH}:/home/arms/ros2_ws/install/learning_tf2_py:/home/arms/ros2_ws/install/my_package:/home/arms/install/my_package:/opt/ros/humble /usr/bin/cmake --install /home/arms/ros2_ws/build/yolobot_recognition
[1.391s] -- Install configuration: ""
[1.393s] -- Up-to-date: /home/arms/ros2_ws/install/yolobot_recognition/share/yolobot_recognition//scripts
[1.394s] -- Up-to-date: /home/arms/ros2_ws/install/yolobot_recognition/share/yolobot_recognition//scripts/yolov8_ros2_control.py
[1.395s] -- Up-to-date: /home/arms/ros2_ws/install/yolobot_recognition/share/yolobot_recognition//scripts/.gitignore
[1.395s] -- Up-to-date: /home/arms/ros2_ws/install/yolobot_recognition/share/yolobot_recognition//scripts/yolov8n.pt
[1.395s] -- Up-to-date: /home/arms/ros2_ws/install/yolobot_recognition/share/yolobot_recognition//scripts/yolov8_ros2_subscriber.py
[1.395s] -- Up-to-date: /home/arms/ros2_ws/install/yolobot_recognition/share/yolobot_recognition//scripts/~
[1.396s] -- Up-to-date: /home/arms/ros2_ws/install/yolobot_recognition/share/yolobot_recognition//scripts/~/yolobot
[1.396s] -- Up-to-date: /home/arms/ros2_ws/install/yolobot_recognition/share/yolobot_recognition//scripts/~/yolobot/src
[1.396s] -- Up-to-date: /home/arms/ros2_ws/install/yolobot_recognition/share/yolobot_recognition//scripts/~/yolobot/src/yolobot_recognition
[1.396s] -- Up-to-date: /home/arms/ros2_ws/install/yolobot_recognition/share/yolobot_recognition//scripts/~/yolobot/src/yolobot_recognition/scripts
[1.397s] -- Up-to-date: /home/arms/ros2_ws/install/yolobot_recognition/share/yolobot_recognition//scripts/~/yolobot/src/yolobot_recognition/scripts/yolov8n.pt
[1.399s] -- Up-to-date: /home/arms/ros2_ws/install/yolobot_recognition/share/yolobot_recognition//scripts/yolov8_ros2_pt.py
[1.399s] -- Up-to-date: /home/arms/ros2_ws/install/yolobot_recognition/share/yolobot_recognition//scripts/.dockerignore
[1.399s] -- Up-to-date: /home/arms/ros2_ws/install/yolobot_recognition/share/yolobot_recognition//scripts/.gitattributes
[1.400s] -- Up-to-date: /home/arms/ros2_ws/install/yolobot_recognition/share/yolobot_recognition//launch
[1.400s] -- Up-to-date: /home/arms/ros2_ws/install/yolobot_recognition/share/yolobot_recognition//launch/launch_yolov8.launch.py
[1.401s] -- Up-to-date: /home/arms/ros2_ws/install/yolobot_recognition/share/yolobot_recognition//launch/control_launch_yolov8.launch.py
[1.402s] -- Up-to-date: /home/arms/ros2_ws/install/yolobot_recognition/lib/yolobot_recognition/yolov8_ros2_pt.py
[1.404s] -- Up-to-date: /home/arms/ros2_ws/install/yolobot_recognition/lib/yolobot_recognition/yolov8_ros2_subscriber.py
[1.406s] -- Up-to-date: /home/arms/ros2_ws/install/yolobot_recognition/lib/yolobot_recognition/yolov8_ros2_control.py
[1.407s] -- Up-to-date: /home/arms/ros2_ws/install/yolobot_recognition/lib/yolobot_recognition/launch_yolov8.launch.py
[1.408s] -- Up-to-date: /home/arms/ros2_ws/install/yolobot_recognition/lib/yolobot_recognition/control_launch_yolov8.launch.py
[1.409s] -- Up-to-date: /home/arms/ros2_ws/install/yolobot_recognition/share/ament_index/resource_index/package_run_dependencies/yolobot_recognition
[1.409s] -- Up-to-date: /home/arms/ros2_ws/install/yolobot_recognition/share/ament_index/resource_index/parent_prefix_path/yolobot_recognition
[1.410s] -- Up-to-date: /home/arms/ros2_ws/install/yolobot_recognition/share/yolobot_recognition/environment/ament_prefix_path.sh
[1.411s] -- Up-to-date: /home/arms/ros2_ws/install/yolobot_recognition/share/yolobot_recognition/environment/ament_prefix_path.dsv
[1.413s] -- Up-to-date: /home/arms/ros2_ws/install/yolobot_recognition/share/yolobot_recognition/environment/path.sh
[1.414s] -- Up-to-date: /home/arms/ros2_ws/install/yolobot_recognition/share/yolobot_recognition/environment/path.dsv
[1.415s] -- Up-to-date: /home/arms/ros2_ws/install/yolobot_recognition/share/yolobot_recognition/local_setup.bash
[1.417s] -- Up-to-date: /home/arms/ros2_ws/install/yolobot_recognition/share/yolobot_recognition/local_setup.sh
[1.418s] -- Up-to-date: /home/arms/ros2_ws/install/yolobot_recognition/share/yolobot_recognition/local_setup.zsh
[1.418s] -- Up-to-date: /home/arms/ros2_ws/install/yolobot_recognition/share/yolobot_recognition/local_setup.dsv
[1.418s] -- Installing: /home/arms/ros2_ws/install/yolobot_recognition/share/yolobot_recognition/package.dsv
[1.419s] -- Up-to-date: /home/arms/ros2_ws/install/yolobot_recognition/share/ament_index/resource_index/packages/yolobot_recognition
[1.420s] -- Up-to-date: /home/arms/ros2_ws/install/yolobot_recognition/share/yolobot_recognition/cmake/yolobot_recognitionConfig.cmake
[1.421s] -- Up-to-date: /home/arms/ros2_ws/install/yolobot_recognition/share/yolobot_recognition/cmake/yolobot_recognitionConfig-version.cmake
[1.422s] -- Up-to-date: /home/arms/ros2_ws/install/yolobot_recognition/share/yolobot_recognition/package.xml
[1.582s] Invoked command in '/home/arms/ros2_ws/build/yolobot_recognition' returned '0': CMAKE_PREFIX_PATH=${CMAKE_PREFIX_PATH}:/home/arms/ros2_ws/install/learning_tf2_py:/home/arms/ros2_ws/install/my_package:/home/arms/install/my_package:/opt/ros/humble /usr/bin/cmake --install /home/arms/ros2_ws/build/yolobot_recognition
