[3.233s] Invoking command in '/home/arms/ros2_ws/src/my_package': PYTHONPATH=/home/arms/ros2_ws/build/my_package/prefix_override:/home/arms/ros2_ws/install/my_package/lib/python3.10/site-packages:${PYTHONPATH} /usr/bin/python3 setup.py egg_info --egg-base ../../build/my_package build --build-base /home/arms/ros2_ws/build/my_package/build install --record /home/arms/ros2_ws/build/my_package/install.log --single-version-externally-managed
[3.731s] running egg_info
[3.732s] writing ../../build/my_package/my_package.egg-info/PKG-INFO
[3.732s] writing dependency_links to ../../build/my_package/my_package.egg-info/dependency_links.txt
[3.732s] writing entry points to ../../build/my_package/my_package.egg-info/entry_points.txt
[3.733s] writing requirements to ../../build/my_package/my_package.egg-info/requires.txt
[3.733s] writing top-level names to ../../build/my_package/my_package.egg-info/top_level.txt
[3.735s] reading manifest file '../../build/my_package/my_package.egg-info/SOURCES.txt'
[3.739s] writing manifest file '../../build/my_package/my_package.egg-info/SOURCES.txt'
[3.739s] running build
[3.739s] running build_py
[3.739s] running install
[3.739s] running install_lib
[3.742s] running install_data
[3.743s] running install_egg_info
[3.746s] removing '/home/arms/ros2_ws/install/my_package/lib/python3.10/site-packages/my_package-0.0.0-py3.10.egg-info' (and everything under it)
[3.747s] Copying ../../build/my_package/my_package.egg-info to /home/arms/ros2_ws/install/my_package/lib/python3.10/site-packages/my_package-0.0.0-py3.10.egg-info
[3.747s] running install_scripts
[3.788s] Installing client script to /home/arms/ros2_ws/install/my_package/lib/my_package
[3.789s] Installing client2 script to /home/arms/ros2_ws/install/my_package/lib/my_package
[3.789s] Installing listener script to /home/arms/ros2_ws/install/my_package/lib/my_package
[3.789s] Installing listener2 script to /home/arms/ros2_ws/install/my_package/lib/my_package
[3.789s] Installing my_node script to /home/arms/ros2_ws/install/my_package/lib/my_package
[3.789s] Installing server script to /home/arms/ros2_ws/install/my_package/lib/my_package
[3.789s] Installing server2 script to /home/arms/ros2_ws/install/my_package/lib/my_package
[3.789s] Installing talker script to /home/arms/ros2_ws/install/my_package/lib/my_package
[3.789s] Installing talker2 script to /home/arms/ros2_ws/install/my_package/lib/my_package
[3.790s] writing list of installed files to '/home/arms/ros2_ws/build/my_package/install.log'
[4.210s] Invoked command in '/home/arms/ros2_ws/src/my_package' returned '0': PYTHONPATH=/home/arms/ros2_ws/build/my_package/prefix_override:/home/arms/ros2_ws/install/my_package/lib/python3.10/site-packages:${PYTHONPATH} /usr/bin/python3 setup.py egg_info --egg-base ../../build/my_package build --build-base /home/arms/ros2_ws/build/my_package/build install --record /home/arms/ros2_ws/build/my_package/install.log --single-version-externally-managed
