[0.278s] Invoking command in '/home/arms/ros2_ws/build/yolov8_msgs': CMAKE_PREFIX_PATH=${CMAKE_PREFIX_PATH}:/home/arms/ros2_ws/install/learning_tf2_py:/home/arms/ros2_ws/install/my_package:/home/arms/install/my_package:/opt/ros/humble /usr/bin/cmake /home/arms/ros2_ws/src/yolobot/src/yolov8_msgs -DCMAKE_INSTALL_PREFIX=/home/arms/ros2_ws/install/yolov8_msgs
[0.309s] -- The C compiler identification is GNU 11.4.0
[0.345s] -- The CXX compiler identification is GNU 11.4.0
[0.350s] -- Detecting C compiler ABI info
[0.390s] -- Detecting C compiler ABI info - done
[0.397s] -- Check for working C compiler: /usr/bin/cc - skipped
[0.397s] -- Detecting C compile features
[0.397s] -- Detecting C compile features - done
[0.400s] -- Detecting CXX compiler ABI info
[0.458s] -- Detecting CXX compiler ABI info - done
[0.464s] -- Check for working CXX compiler: /usr/bin/c++ - skipped
[0.464s] -- Detecting CXX compile features
[0.465s] -- Detecting CXX compile features - done
[0.468s] -- Found ament_cmake: 1.3.5 (/opt/ros/humble/share/ament_cmake/cmake)
[0.583s] -- Found Python3: /usr/bin/python3.10 (found version "3.10.12") found components: Interpreter 
[0.643s] -- Found std_msgs: 4.2.3 (/opt/ros/humble/share/std_msgs/cmake)
[0.666s] -- Found rosidl_generator_c: 3.1.5 (/opt/ros/humble/share/rosidl_generator_c/cmake)
[0.670s] -- Found rosidl_adapter: 3.1.5 (/opt/ros/humble/share/rosidl_adapter/cmake)
[0.676s] -- Found rosidl_generator_cpp: 3.1.5 (/opt/ros/humble/share/rosidl_generator_cpp/cmake)
[0.685s] -- Using all available rosidl_typesupport_c: rosidl_typesupport_fastrtps_c;rosidl_typesupport_introspection_c
[0.697s] -- Using all available rosidl_typesupport_cpp: rosidl_typesupport_fastrtps_cpp;rosidl_typesupport_introspection_cpp
[0.735s] -- Found rosidl_default_generators: 1.2.0 (/opt/ros/humble/share/rosidl_default_generators/cmake)
[0.912s] -- Found ament_cmake_ros: 0.10.0 (/opt/ros/humble/share/ament_cmake_ros/cmake)
[1.138s] -- Using all available rosidl_typesupport_c: rosidl_typesupport_fastrtps_c;rosidl_typesupport_introspection_c
[1.227s] -- Using all available rosidl_typesupport_cpp: rosidl_typesupport_fastrtps_cpp;rosidl_typesupport_introspection_cpp
[1.241s] -- Found PythonInterp: /usr/bin/python3 (found suitable version "3.10.12", minimum required is "3.6") 
[1.243s] -- Found python_cmake_module: 0.10.0 (/opt/ros/humble/share/python_cmake_module/cmake)
[1.260s] -- Found PythonLibs: /usr/lib/x86_64-linux-gnu/libpython3.10.so (found suitable version "3.10.12", minimum required is "3.5") 
[1.260s] -- Using PYTHON_EXECUTABLE: /usr/bin/python3
[1.260s] -- Using PYTHON_INCLUDE_DIRS: /usr/include/python3.10
[1.260s] -- Using PYTHON_LIBRARIES: /usr/lib/x86_64-linux-gnu/libpython3.10.so
[1.273s] -- Found PythonExtra: .so  
[1.306s] -- Found ament_lint_auto: 0.12.8 (/opt/ros/humble/share/ament_lint_auto/cmake)
[1.322s] -- Added test 'copyright' to check source files copyright and LICENSE
[1.323s] -- Added test 'lint_cmake' to check CMake code style
[1.323s] -- Added test 'xmllint' to check XML markup files
[1.325s] -- Configuring done
[1.342s] -- Generating done
[1.343s] -- Build files have been written to: /home/arms/ros2_ws/build/yolov8_msgs
[1.348s] Invoked command in '/home/arms/ros2_ws/build/yolov8_msgs' returned '0': CMAKE_PREFIX_PATH=${CMAKE_PREFIX_PATH}:/home/arms/ros2_ws/install/learning_tf2_py:/home/arms/ros2_ws/install/my_package:/home/arms/install/my_package:/opt/ros/humble /usr/bin/cmake /home/arms/ros2_ws/src/yolobot/src/yolov8_msgs -DCMAKE_INSTALL_PREFIX=/home/arms/ros2_ws/install/yolov8_msgs
[1.349s] Invoking command in '/home/arms/ros2_ws/build/yolov8_msgs': CMAKE_PREFIX_PATH=${CMAKE_PREFIX_PATH}:/home/arms/ros2_ws/install/learning_tf2_py:/home/arms/ros2_ws/install/my_package:/home/arms/install/my_package:/opt/ros/humble /usr/bin/cmake --build /home/arms/ros2_ws/build/yolov8_msgs -- -j20 -l20
[1.370s] [  2%] [34m[1mGenerating C code for ROS interfaces[0m
[1.376s] [  5%] [34m[1mGenerating C++ code for ROS interfaces[0m
[1.380s] [  5%] Built target ament_cmake_python_copy_yolov8_msgs
[1.534s] running egg_info
[1.535s] creating yolov8_msgs.egg-info
[1.535s] writing yolov8_msgs.egg-info/PKG-INFO
[1.535s] writing dependency_links to yolov8_msgs.egg-info/dependency_links.txt
[1.535s] writing top-level names to yolov8_msgs.egg-info/top_level.txt
[1.535s] writing manifest file 'yolov8_msgs.egg-info/SOURCES.txt'
[1.536s] reading manifest file 'yolov8_msgs.egg-info/SOURCES.txt'
[1.536s] writing manifest file 'yolov8_msgs.egg-info/SOURCES.txt'
[1.547s] [  5%] Built target yolov8_msgs__cpp
[1.550s] [ 10%] [32mBuilding C object CMakeFiles/yolov8_msgs__rosidl_generator_c.dir/rosidl_generator_c/yolov8_msgs/msg/detail/inference_result__functions.c.o[0m
[1.550s] [ 10%] [32mBuilding C object CMakeFiles/yolov8_msgs__rosidl_generator_c.dir/rosidl_generator_c/yolov8_msgs/msg/detail/yolov8_inference__functions.c.o[0m
[1.553s] [ 10%] Built target ament_cmake_python_build_yolov8_msgs_egg
[1.555s] [ 17%] [34m[1mGenerating C++ type support for eProsima Fast-RTPS[0m
[1.555s] [ 17%] [34m[1mGenerating C++ introspection for ROS interfaces[0m
[1.555s] [ 17%] [34m[1mGenerating C++ type support dispatch for ROS interfaces[0m
[1.597s] [ 20%] [32m[1mLinking C shared library libyolov8_msgs__rosidl_generator_c.so[0m
[1.628s] [ 20%] Built target yolov8_msgs__rosidl_generator_c
[1.636s] [ 23%] [34m[1mGenerating C type support dispatch for ROS interfaces[0m
[1.636s] [ 28%] [34m[1mGenerating C introspection for ROS interfaces[0m
[1.636s] [ 28%] [34m[1mGenerating C type support for eProsima Fast-RTPS[0m
[1.735s] [ 30%] [32mBuilding CXX object CMakeFiles/yolov8_msgs__rosidl_typesupport_introspection_cpp.dir/rosidl_typesupport_introspection_cpp/yolov8_msgs/msg/detail/inference_result__type_support.cpp.o[0m
[1.740s] [ 33%] [32mBuilding CXX object CMakeFiles/yolov8_msgs__rosidl_typesupport_introspection_cpp.dir/rosidl_typesupport_introspection_cpp/yolov8_msgs/msg/detail/yolov8_inference__type_support.cpp.o[0m
[1.810s] [ 35%] [32mBuilding CXX object CMakeFiles/yolov8_msgs__rosidl_typesupport_cpp.dir/rosidl_typesupport_cpp/yolov8_msgs/msg/inference_result__type_support.cpp.o[0m
[1.813s] [ 38%] [32mBuilding CXX object CMakeFiles/yolov8_msgs__rosidl_typesupport_cpp.dir/rosidl_typesupport_cpp/yolov8_msgs/msg/yolov8_inference__type_support.cpp.o[0m
[1.814s] [ 41%] [32mBuilding CXX object CMakeFiles/yolov8_msgs__rosidl_typesupport_fastrtps_cpp.dir/rosidl_typesupport_fastrtps_cpp/yolov8_msgs/msg/detail/dds_fastrtps/inference_result__type_support.cpp.o[0m
[1.822s] [ 43%] [32mBuilding CXX object CMakeFiles/yolov8_msgs__rosidl_typesupport_fastrtps_cpp.dir/rosidl_typesupport_fastrtps_cpp/yolov8_msgs/msg/detail/dds_fastrtps/yolov8_inference__type_support.cpp.o[0m
[1.842s] [ 46%] [32mBuilding CXX object CMakeFiles/yolov8_msgs__rosidl_typesupport_c.dir/rosidl_typesupport_c/yolov8_msgs/msg/yolov8_inference__type_support.cpp.o[0m
[1.842s] [ 48%] [32mBuilding CXX object CMakeFiles/yolov8_msgs__rosidl_typesupport_c.dir/rosidl_typesupport_c/yolov8_msgs/msg/inference_result__type_support.cpp.o[0m
[1.864s] [ 51%] [32mBuilding CXX object CMakeFiles/yolov8_msgs__rosidl_typesupport_fastrtps_c.dir/rosidl_typesupport_fastrtps_c/yolov8_msgs/msg/detail/inference_result__type_support_c.cpp.o[0m
[1.867s] [ 53%] [32mBuilding CXX object CMakeFiles/yolov8_msgs__rosidl_typesupport_fastrtps_c.dir/rosidl_typesupport_fastrtps_c/yolov8_msgs/msg/detail/yolov8_inference__type_support_c.cpp.o[0m
[1.904s] [ 56%] [32m[1mLinking CXX shared library libyolov8_msgs__rosidl_typesupport_c.so[0m
[2.008s] [ 58%] [32mBuilding C object CMakeFiles/yolov8_msgs__rosidl_typesupport_introspection_c.dir/rosidl_typesupport_introspection_c/yolov8_msgs/msg/detail/inference_result__type_support.c.o[0m
[2.011s] [ 58%] Built target yolov8_msgs__rosidl_typesupport_c
[2.052s] [ 61%] [32mBuilding C object CMakeFiles/yolov8_msgs__rosidl_typesupport_introspection_c.dir/rosidl_typesupport_introspection_c/yolov8_msgs/msg/detail/yolov8_inference__type_support.c.o[0m
[2.110s] [ 64%] [32m[1mLinking C shared library libyolov8_msgs__rosidl_typesupport_introspection_c.so[0m
[2.117s] [ 66%] [32m[1mLinking CXX shared library libyolov8_msgs__rosidl_typesupport_cpp.so[0m
[2.189s] [ 66%] Built target yolov8_msgs__rosidl_typesupport_introspection_c
[2.237s] [ 69%] [32m[1mLinking CXX shared library libyolov8_msgs__rosidl_typesupport_introspection_cpp.so[0m
[2.239s] [ 69%] Built target yolov8_msgs__rosidl_typesupport_cpp
[2.272s] [ 71%] [32m[1mLinking CXX shared library libyolov8_msgs__rosidl_typesupport_fastrtps_cpp.so[0m
[2.348s] [ 74%] [32m[1mLinking CXX shared library libyolov8_msgs__rosidl_typesupport_fastrtps_c.so[0m
[2.399s] [ 74%] Built target yolov8_msgs__rosidl_typesupport_introspection_cpp
[2.418s] [ 74%] Built target yolov8_msgs__rosidl_typesupport_fastrtps_cpp
[2.461s] [ 74%] Built target yolov8_msgs__rosidl_typesupport_fastrtps_c
[2.479s] [ 74%] Built target yolov8_msgs
[2.500s] [ 76%] [34m[1mGenerating Python code for ROS interfaces[0m
[2.792s] [ 76%] Built target yolov8_msgs__py
[2.807s] [ 79%] [32mBuilding C object CMakeFiles/yolov8_msgs__rosidl_generator_py.dir/rosidl_generator_py/yolov8_msgs/msg/_inference_result_s.c.o[0m
[2.808s] [ 82%] [32mBuilding C object CMakeFiles/yolov8_msgs__rosidl_generator_py.dir/rosidl_generator_py/yolov8_msgs/msg/_yolov8_inference_s.c.o[0m
[2.904s] [ 84%] [32m[1mLinking C shared library rosidl_generator_py/yolov8_msgs/libyolov8_msgs__rosidl_generator_py.so[0m
[2.938s] [ 84%] Built target yolov8_msgs__rosidl_generator_py
[2.955s] [ 87%] [32mBuilding C object CMakeFiles/yolov8_msgs__rosidl_typesupport_introspection_c__pyext.dir/rosidl_generator_py/yolov8_msgs/_yolov8_msgs_s.ep.rosidl_typesupport_introspection_c.c.o[0m
[2.955s] [ 92%] [32mBuilding C object CMakeFiles/yolov8_msgs__rosidl_typesupport_c__pyext.dir/rosidl_generator_py/yolov8_msgs/_yolov8_msgs_s.ep.rosidl_typesupport_c.c.o[0m
[2.956s] [ 92%] [32mBuilding C object CMakeFiles/yolov8_msgs__rosidl_typesupport_fastrtps_c__pyext.dir/rosidl_generator_py/yolov8_msgs/_yolov8_msgs_s.ep.rosidl_typesupport_fastrtps_c.c.o[0m
[3.037s] [ 94%] [32m[1mLinking C shared library rosidl_generator_py/yolov8_msgs/yolov8_msgs_s__rosidl_typesupport_fastrtps_c.cpython-310-x86_64-linux-gnu.so[0m
[3.045s] [ 97%] [32m[1mLinking C shared library rosidl_generator_py/yolov8_msgs/yolov8_msgs_s__rosidl_typesupport_introspection_c.cpython-310-x86_64-linux-gnu.so[0m
[3.045s] [100%] [32m[1mLinking C shared library rosidl_generator_py/yolov8_msgs/yolov8_msgs_s__rosidl_typesupport_c.cpython-310-x86_64-linux-gnu.so[0m
[3.079s] [100%] Built target yolov8_msgs__rosidl_typesupport_introspection_c__pyext
[3.079s] [100%] Built target yolov8_msgs__rosidl_typesupport_c__pyext
[3.080s] [100%] Built target yolov8_msgs__rosidl_typesupport_fastrtps_c__pyext
[3.090s] Invoked command in '/home/arms/ros2_ws/build/yolov8_msgs' returned '0': CMAKE_PREFIX_PATH=${CMAKE_PREFIX_PATH}:/home/arms/ros2_ws/install/learning_tf2_py:/home/arms/ros2_ws/install/my_package:/home/arms/install/my_package:/opt/ros/humble /usr/bin/cmake --build /home/arms/ros2_ws/build/yolov8_msgs -- -j20 -l20
[3.290s] Invoking command in '/home/arms/ros2_ws/build/yolov8_msgs': CMAKE_PREFIX_PATH=${CMAKE_PREFIX_PATH}:/home/arms/ros2_ws/install/learning_tf2_py:/home/arms/ros2_ws/install/my_package:/home/arms/install/my_package:/opt/ros/humble /usr/bin/cmake --install /home/arms/ros2_ws/build/yolov8_msgs
[3.298s] -- Install configuration: ""
[3.298s] -- Installing: /home/arms/ros2_ws/install/yolov8_msgs/share/ament_index/resource_index/rosidl_interfaces/yolov8_msgs
[3.299s] -- Installing: /home/arms/ros2_ws/install/yolov8_msgs/include/yolov8_msgs/yolov8_msgs
[3.299s] -- Installing: /home/arms/ros2_ws/install/yolov8_msgs/include/yolov8_msgs/yolov8_msgs/msg
[3.299s] -- Installing: /home/arms/ros2_ws/install/yolov8_msgs/include/yolov8_msgs/yolov8_msgs/msg/yolov8_inference.h
[3.299s] -- Installing: /home/arms/ros2_ws/install/yolov8_msgs/include/yolov8_msgs/yolov8_msgs/msg/detail
[3.299s] -- Installing: /home/arms/ros2_ws/install/yolov8_msgs/include/yolov8_msgs/yolov8_msgs/msg/detail/inference_result__functions.h
[3.299s] -- Installing: /home/arms/ros2_ws/install/yolov8_msgs/include/yolov8_msgs/yolov8_msgs/msg/detail/yolov8_inference__functions.c
[3.299s] -- Installing: /home/arms/ros2_ws/install/yolov8_msgs/include/yolov8_msgs/yolov8_msgs/msg/detail/yolov8_inference__struct.h
[3.299s] -- Installing: /home/arms/ros2_ws/install/yolov8_msgs/include/yolov8_msgs/yolov8_msgs/msg/detail/yolov8_inference__type_support.h
[3.299s] -- Installing: /home/arms/ros2_ws/install/yolov8_msgs/include/yolov8_msgs/yolov8_msgs/msg/detail/inference_result__type_support.h
[3.299s] -- Installing: /home/arms/ros2_ws/install/yolov8_msgs/include/yolov8_msgs/yolov8_msgs/msg/detail/inference_result__struct.h
[3.299s] -- Installing: /home/arms/ros2_ws/install/yolov8_msgs/include/yolov8_msgs/yolov8_msgs/msg/detail/inference_result__functions.c
[3.299s] -- Installing: /home/arms/ros2_ws/install/yolov8_msgs/include/yolov8_msgs/yolov8_msgs/msg/detail/yolov8_inference__functions.h
[3.300s] -- Installing: /home/arms/ros2_ws/install/yolov8_msgs/include/yolov8_msgs/yolov8_msgs/msg/inference_result.h
[3.300s] -- Installing: /home/arms/ros2_ws/install/yolov8_msgs/include/yolov8_msgs/yolov8_msgs/msg/rosidl_generator_c__visibility_control.h
[3.300s] -- Installing: /home/arms/ros2_ws/install/yolov8_msgs/share/yolov8_msgs/environment/library_path.sh
[3.300s] -- Installing: /home/arms/ros2_ws/install/yolov8_msgs/share/yolov8_msgs/environment/library_path.dsv
[3.300s] -- Installing: /home/arms/ros2_ws/install/yolov8_msgs/lib/libyolov8_msgs__rosidl_generator_c.so
[3.300s] -- Set runtime path of "/home/arms/ros2_ws/install/yolov8_msgs/lib/libyolov8_msgs__rosidl_generator_c.so" to ""
[3.300s] -- Up-to-date: /home/arms/ros2_ws/install/yolov8_msgs/include/yolov8_msgs/yolov8_msgs
[3.300s] -- Up-to-date: /home/arms/ros2_ws/install/yolov8_msgs/include/yolov8_msgs/yolov8_msgs/msg
[3.300s] -- Installing: /home/arms/ros2_ws/install/yolov8_msgs/include/yolov8_msgs/yolov8_msgs/msg/rosidl_typesupport_fastrtps_c__visibility_control.h
[3.301s] -- Up-to-date: /home/arms/ros2_ws/install/yolov8_msgs/include/yolov8_msgs/yolov8_msgs/msg/detail
[3.301s] -- Installing: /home/arms/ros2_ws/install/yolov8_msgs/include/yolov8_msgs/yolov8_msgs/msg/detail/yolov8_inference__rosidl_typesupport_fastrtps_c.h
[3.301s] -- Installing: /home/arms/ros2_ws/install/yolov8_msgs/include/yolov8_msgs/yolov8_msgs/msg/detail/inference_result__rosidl_typesupport_fastrtps_c.h
[3.301s] -- Installing: /home/arms/ros2_ws/install/yolov8_msgs/lib/libyolov8_msgs__rosidl_typesupport_fastrtps_c.so
[3.301s] -- Set runtime path of "/home/arms/ros2_ws/install/yolov8_msgs/lib/libyolov8_msgs__rosidl_typesupport_fastrtps_c.so" to ""
[3.302s] -- Up-to-date: /home/arms/ros2_ws/install/yolov8_msgs/include/yolov8_msgs/yolov8_msgs
[3.302s] -- Up-to-date: /home/arms/ros2_ws/install/yolov8_msgs/include/yolov8_msgs/yolov8_msgs/msg
[3.302s] -- Installing: /home/arms/ros2_ws/install/yolov8_msgs/include/yolov8_msgs/yolov8_msgs/msg/inference_result.hpp
[3.302s] -- Installing: /home/arms/ros2_ws/install/yolov8_msgs/include/yolov8_msgs/yolov8_msgs/msg/yolov8_inference.hpp
[3.302s] -- Up-to-date: /home/arms/ros2_ws/install/yolov8_msgs/include/yolov8_msgs/yolov8_msgs/msg/detail
[3.302s] -- Installing: /home/arms/ros2_ws/install/yolov8_msgs/include/yolov8_msgs/yolov8_msgs/msg/detail/yolov8_inference__builder.hpp
[3.302s] -- Installing: /home/arms/ros2_ws/install/yolov8_msgs/include/yolov8_msgs/yolov8_msgs/msg/detail/yolov8_inference__traits.hpp
[3.302s] -- Installing: /home/arms/ros2_ws/install/yolov8_msgs/include/yolov8_msgs/yolov8_msgs/msg/detail/yolov8_inference__struct.hpp
[3.302s] -- Installing: /home/arms/ros2_ws/install/yolov8_msgs/include/yolov8_msgs/yolov8_msgs/msg/detail/inference_result__struct.hpp
[3.302s] -- Installing: /home/arms/ros2_ws/install/yolov8_msgs/include/yolov8_msgs/yolov8_msgs/msg/detail/inference_result__builder.hpp
[3.303s] -- Installing: /home/arms/ros2_ws/install/yolov8_msgs/include/yolov8_msgs/yolov8_msgs/msg/detail/inference_result__traits.hpp
[3.303s] -- Up-to-date: /home/arms/ros2_ws/install/yolov8_msgs/include/yolov8_msgs/yolov8_msgs
[3.303s] -- Up-to-date: /home/arms/ros2_ws/install/yolov8_msgs/include/yolov8_msgs/yolov8_msgs/msg
[3.303s] -- Installing: /home/arms/ros2_ws/install/yolov8_msgs/include/yolov8_msgs/yolov8_msgs/msg/rosidl_typesupport_fastrtps_cpp__visibility_control.h
[3.303s] -- Up-to-date: /home/arms/ros2_ws/install/yolov8_msgs/include/yolov8_msgs/yolov8_msgs/msg/detail
[3.303s] -- Installing: /home/arms/ros2_ws/install/yolov8_msgs/include/yolov8_msgs/yolov8_msgs/msg/detail/yolov8_inference__rosidl_typesupport_fastrtps_cpp.hpp
[3.303s] -- Installing: /home/arms/ros2_ws/install/yolov8_msgs/include/yolov8_msgs/yolov8_msgs/msg/detail/inference_result__rosidl_typesupport_fastrtps_cpp.hpp
[3.303s] -- Installing: /home/arms/ros2_ws/install/yolov8_msgs/include/yolov8_msgs/yolov8_msgs/msg/detail/dds_fastrtps
[3.303s] -- Installing: /home/arms/ros2_ws/install/yolov8_msgs/lib/libyolov8_msgs__rosidl_typesupport_fastrtps_cpp.so
[3.303s] -- Set runtime path of "/home/arms/ros2_ws/install/yolov8_msgs/lib/libyolov8_msgs__rosidl_typesupport_fastrtps_cpp.so" to ""
[3.303s] -- Up-to-date: /home/arms/ros2_ws/install/yolov8_msgs/include/yolov8_msgs/yolov8_msgs
[3.303s] -- Up-to-date: /home/arms/ros2_ws/install/yolov8_msgs/include/yolov8_msgs/yolov8_msgs/msg
[3.304s] -- Installing: /home/arms/ros2_ws/install/yolov8_msgs/include/yolov8_msgs/yolov8_msgs/msg/rosidl_typesupport_introspection_c__visibility_control.h
[3.304s] -- Up-to-date: /home/arms/ros2_ws/install/yolov8_msgs/include/yolov8_msgs/yolov8_msgs/msg/detail
[3.304s] -- Installing: /home/arms/ros2_ws/install/yolov8_msgs/include/yolov8_msgs/yolov8_msgs/msg/detail/inference_result__type_support.c
[3.304s] -- Installing: /home/arms/ros2_ws/install/yolov8_msgs/include/yolov8_msgs/yolov8_msgs/msg/detail/inference_result__rosidl_typesupport_introspection_c.h
[3.304s] -- Installing: /home/arms/ros2_ws/install/yolov8_msgs/include/yolov8_msgs/yolov8_msgs/msg/detail/yolov8_inference__rosidl_typesupport_introspection_c.h
[3.304s] -- Installing: /home/arms/ros2_ws/install/yolov8_msgs/include/yolov8_msgs/yolov8_msgs/msg/detail/yolov8_inference__type_support.c
[3.304s] -- Installing: /home/arms/ros2_ws/install/yolov8_msgs/lib/libyolov8_msgs__rosidl_typesupport_introspection_c.so
[3.304s] -- Set runtime path of "/home/arms/ros2_ws/install/yolov8_msgs/lib/libyolov8_msgs__rosidl_typesupport_introspection_c.so" to ""
[3.304s] -- Installing: /home/arms/ros2_ws/install/yolov8_msgs/lib/libyolov8_msgs__rosidl_typesupport_c.so
[3.304s] -- Set runtime path of "/home/arms/ros2_ws/install/yolov8_msgs/lib/libyolov8_msgs__rosidl_typesupport_c.so" to ""
[3.304s] -- Up-to-date: /home/arms/ros2_ws/install/yolov8_msgs/include/yolov8_msgs/yolov8_msgs
[3.305s] -- Up-to-date: /home/arms/ros2_ws/install/yolov8_msgs/include/yolov8_msgs/yolov8_msgs/msg
[3.305s] -- Up-to-date: /home/arms/ros2_ws/install/yolov8_msgs/include/yolov8_msgs/yolov8_msgs/msg/detail
[3.305s] -- Installing: /home/arms/ros2_ws/install/yolov8_msgs/include/yolov8_msgs/yolov8_msgs/msg/detail/yolov8_inference__rosidl_typesupport_introspection_cpp.hpp
[3.305s] -- Installing: /home/arms/ros2_ws/install/yolov8_msgs/include/yolov8_msgs/yolov8_msgs/msg/detail/inference_result__rosidl_typesupport_introspection_cpp.hpp
[3.305s] -- Installing: /home/arms/ros2_ws/install/yolov8_msgs/include/yolov8_msgs/yolov8_msgs/msg/detail/inference_result__type_support.cpp
[3.305s] -- Installing: /home/arms/ros2_ws/install/yolov8_msgs/include/yolov8_msgs/yolov8_msgs/msg/detail/yolov8_inference__type_support.cpp
[3.305s] -- Installing: /home/arms/ros2_ws/install/yolov8_msgs/lib/libyolov8_msgs__rosidl_typesupport_introspection_cpp.so
[3.306s] -- Set runtime path of "/home/arms/ros2_ws/install/yolov8_msgs/lib/libyolov8_msgs__rosidl_typesupport_introspection_cpp.so" to ""
[3.306s] -- Installing: /home/arms/ros2_ws/install/yolov8_msgs/lib/libyolov8_msgs__rosidl_typesupport_cpp.so
[3.306s] -- Set runtime path of "/home/arms/ros2_ws/install/yolov8_msgs/lib/libyolov8_msgs__rosidl_typesupport_cpp.so" to ""
[3.306s] -- Installing: /home/arms/ros2_ws/install/yolov8_msgs/share/yolov8_msgs/environment/pythonpath.sh
[3.307s] -- Installing: /home/arms/ros2_ws/install/yolov8_msgs/share/yolov8_msgs/environment/pythonpath.dsv
[3.307s] -- Installing: /home/arms/ros2_ws/install/yolov8_msgs/local/lib/python3.10/dist-packages/yolov8_msgs-0.0.0-py3.10.egg-info
[3.307s] -- Installing: /home/arms/ros2_ws/install/yolov8_msgs/local/lib/python3.10/dist-packages/yolov8_msgs-0.0.0-py3.10.egg-info/SOURCES.txt
[3.308s] -- Installing: /home/arms/ros2_ws/install/yolov8_msgs/local/lib/python3.10/dist-packages/yolov8_msgs-0.0.0-py3.10.egg-info/dependency_links.txt
[3.308s] -- Installing: /home/arms/ros2_ws/install/yolov8_msgs/local/lib/python3.10/dist-packages/yolov8_msgs-0.0.0-py3.10.egg-info/PKG-INFO
[3.308s] -- Installing: /home/arms/ros2_ws/install/yolov8_msgs/local/lib/python3.10/dist-packages/yolov8_msgs-0.0.0-py3.10.egg-info/top_level.txt
[3.308s] -- Installing: /home/arms/ros2_ws/install/yolov8_msgs/local/lib/python3.10/dist-packages/yolov8_msgs
[3.308s] -- Installing: /home/arms/ros2_ws/install/yolov8_msgs/local/lib/python3.10/dist-packages/yolov8_msgs/yolov8_msgs_s__rosidl_typesupport_fastrtps_c.cpython-310-x86_64-linux-gnu.so
[3.309s] -- Installing: /home/arms/ros2_ws/install/yolov8_msgs/local/lib/python3.10/dist-packages/yolov8_msgs/_yolov8_msgs_s.ep.rosidl_typesupport_introspection_c.c
[3.309s] -- Installing: /home/arms/ros2_ws/install/yolov8_msgs/local/lib/python3.10/dist-packages/yolov8_msgs/__init__.py
[3.309s] -- Installing: /home/arms/ros2_ws/install/yolov8_msgs/local/lib/python3.10/dist-packages/yolov8_msgs/yolov8_msgs_s__rosidl_typesupport_c.cpython-310-x86_64-linux-gnu.so
[3.309s] -- Installing: /home/arms/ros2_ws/install/yolov8_msgs/local/lib/python3.10/dist-packages/yolov8_msgs/yolov8_msgs_s__rosidl_typesupport_introspection_c.cpython-310-x86_64-linux-gnu.so
[3.310s] -- Installing: /home/arms/ros2_ws/install/yolov8_msgs/local/lib/python3.10/dist-packages/yolov8_msgs/_yolov8_msgs_s.ep.rosidl_typesupport_c.c
[3.310s] -- Installing: /home/arms/ros2_ws/install/yolov8_msgs/local/lib/python3.10/dist-packages/yolov8_msgs/_yolov8_msgs_s.ep.rosidl_typesupport_fastrtps_c.c
[3.310s] -- Installing: /home/arms/ros2_ws/install/yolov8_msgs/local/lib/python3.10/dist-packages/yolov8_msgs/libyolov8_msgs__rosidl_generator_py.so
[3.310s] -- Installing: /home/arms/ros2_ws/install/yolov8_msgs/local/lib/python3.10/dist-packages/yolov8_msgs/msg
[3.311s] -- Installing: /home/arms/ros2_ws/install/yolov8_msgs/local/lib/python3.10/dist-packages/yolov8_msgs/msg/_yolov8_inference_s.c
[3.311s] -- Installing: /home/arms/ros2_ws/install/yolov8_msgs/local/lib/python3.10/dist-packages/yolov8_msgs/msg/__init__.py
[3.311s] -- Installing: /home/arms/ros2_ws/install/yolov8_msgs/local/lib/python3.10/dist-packages/yolov8_msgs/msg/_inference_result_s.c
[3.311s] -- Installing: /home/arms/ros2_ws/install/yolov8_msgs/local/lib/python3.10/dist-packages/yolov8_msgs/msg/_yolov8_inference.py
[3.312s] -- Installing: /home/arms/ros2_ws/install/yolov8_msgs/local/lib/python3.10/dist-packages/yolov8_msgs/msg/_inference_result.py
[3.351s] Listing '/home/arms/ros2_ws/install/yolov8_msgs/local/lib/python3.10/dist-packages/yolov8_msgs'...
[3.351s] Compiling '/home/arms/ros2_ws/install/yolov8_msgs/local/lib/python3.10/dist-packages/yolov8_msgs/__init__.py'...
[3.351s] Listing '/home/arms/ros2_ws/install/yolov8_msgs/local/lib/python3.10/dist-packages/yolov8_msgs/msg'...
[3.351s] Compiling '/home/arms/ros2_ws/install/yolov8_msgs/local/lib/python3.10/dist-packages/yolov8_msgs/msg/__init__.py'...
[3.351s] Compiling '/home/arms/ros2_ws/install/yolov8_msgs/local/lib/python3.10/dist-packages/yolov8_msgs/msg/_inference_result.py'...
[3.351s] Compiling '/home/arms/ros2_ws/install/yolov8_msgs/local/lib/python3.10/dist-packages/yolov8_msgs/msg/_yolov8_inference.py'...
[3.356s] -- Installing: /home/arms/ros2_ws/install/yolov8_msgs/local/lib/python3.10/dist-packages/yolov8_msgs/yolov8_msgs_s__rosidl_typesupport_fastrtps_c.cpython-310-x86_64-linux-gnu.so
[3.357s] -- Set runtime path of "/home/arms/ros2_ws/install/yolov8_msgs/local/lib/python3.10/dist-packages/yolov8_msgs/yolov8_msgs_s__rosidl_typesupport_fastrtps_c.cpython-310-x86_64-linux-gnu.so" to ""
[3.357s] -- Installing: /home/arms/ros2_ws/install/yolov8_msgs/local/lib/python3.10/dist-packages/yolov8_msgs/yolov8_msgs_s__rosidl_typesupport_introspection_c.cpython-310-x86_64-linux-gnu.so
[3.357s] -- Set runtime path of "/home/arms/ros2_ws/install/yolov8_msgs/local/lib/python3.10/dist-packages/yolov8_msgs/yolov8_msgs_s__rosidl_typesupport_introspection_c.cpython-310-x86_64-linux-gnu.so" to ""
[3.357s] -- Installing: /home/arms/ros2_ws/install/yolov8_msgs/local/lib/python3.10/dist-packages/yolov8_msgs/yolov8_msgs_s__rosidl_typesupport_c.cpython-310-x86_64-linux-gnu.so
[3.358s] -- Set runtime path of "/home/arms/ros2_ws/install/yolov8_msgs/local/lib/python3.10/dist-packages/yolov8_msgs/yolov8_msgs_s__rosidl_typesupport_c.cpython-310-x86_64-linux-gnu.so" to ""
[3.358s] -- Installing: /home/arms/ros2_ws/install/yolov8_msgs/lib/libyolov8_msgs__rosidl_generator_py.so
[3.359s] -- Set runtime path of "/home/arms/ros2_ws/install/yolov8_msgs/lib/libyolov8_msgs__rosidl_generator_py.so" to ""
[3.359s] -- Installing: /home/arms/ros2_ws/install/yolov8_msgs/share/yolov8_msgs/msg/InferenceResult.idl
[3.359s] -- Installing: /home/arms/ros2_ws/install/yolov8_msgs/share/yolov8_msgs/msg/Yolov8Inference.idl
[3.359s] -- Installing: /home/arms/ros2_ws/install/yolov8_msgs/share/yolov8_msgs/msg/InferenceResult.msg
[3.360s] -- Installing: /home/arms/ros2_ws/install/yolov8_msgs/share/yolov8_msgs/msg/Yolov8Inference.msg
[3.360s] -- Installing: /home/arms/ros2_ws/install/yolov8_msgs/share/ament_index/resource_index/package_run_dependencies/yolov8_msgs
[3.360s] -- Installing: /home/arms/ros2_ws/install/yolov8_msgs/share/ament_index/resource_index/parent_prefix_path/yolov8_msgs
[3.361s] -- Installing: /home/arms/ros2_ws/install/yolov8_msgs/share/yolov8_msgs/environment/ament_prefix_path.sh
[3.361s] -- Installing: /home/arms/ros2_ws/install/yolov8_msgs/share/yolov8_msgs/environment/ament_prefix_path.dsv
[3.361s] -- Installing: /home/arms/ros2_ws/install/yolov8_msgs/share/yolov8_msgs/environment/path.sh
[3.362s] -- Installing: /home/arms/ros2_ws/install/yolov8_msgs/share/yolov8_msgs/environment/path.dsv
[3.362s] -- Installing: /home/arms/ros2_ws/install/yolov8_msgs/share/yolov8_msgs/local_setup.bash
[3.362s] -- Installing: /home/arms/ros2_ws/install/yolov8_msgs/share/yolov8_msgs/local_setup.sh
[3.362s] -- Installing: /home/arms/ros2_ws/install/yolov8_msgs/share/yolov8_msgs/local_setup.zsh
[3.363s] -- Installing: /home/arms/ros2_ws/install/yolov8_msgs/share/yolov8_msgs/local_setup.dsv
[3.363s] -- Installing: /home/arms/ros2_ws/install/yolov8_msgs/share/yolov8_msgs/package.dsv
[3.363s] -- Installing: /home/arms/ros2_ws/install/yolov8_msgs/share/ament_index/resource_index/packages/yolov8_msgs
[3.364s] -- Installing: /home/arms/ros2_ws/install/yolov8_msgs/share/yolov8_msgs/cmake/export_yolov8_msgs__rosidl_generator_cExport.cmake
[3.364s] -- Installing: /home/arms/ros2_ws/install/yolov8_msgs/share/yolov8_msgs/cmake/export_yolov8_msgs__rosidl_generator_cExport-noconfig.cmake
[3.364s] -- Installing: /home/arms/ros2_ws/install/yolov8_msgs/share/yolov8_msgs/cmake/export_yolov8_msgs__rosidl_typesupport_fastrtps_cExport.cmake
[3.365s] -- Installing: /home/arms/ros2_ws/install/yolov8_msgs/share/yolov8_msgs/cmake/export_yolov8_msgs__rosidl_typesupport_fastrtps_cExport-noconfig.cmake
[3.365s] -- Installing: /home/arms/ros2_ws/install/yolov8_msgs/share/yolov8_msgs/cmake/export_yolov8_msgs__rosidl_generator_cppExport.cmake
[3.365s] -- Installing: /home/arms/ros2_ws/install/yolov8_msgs/share/yolov8_msgs/cmake/export_yolov8_msgs__rosidl_typesupport_fastrtps_cppExport.cmake
[3.365s] -- Installing: /home/arms/ros2_ws/install/yolov8_msgs/share/yolov8_msgs/cmake/export_yolov8_msgs__rosidl_typesupport_fastrtps_cppExport-noconfig.cmake
[3.366s] -- Installing: /home/arms/ros2_ws/install/yolov8_msgs/share/yolov8_msgs/cmake/yolov8_msgs__rosidl_typesupport_introspection_cExport.cmake
[3.366s] -- Installing: /home/arms/ros2_ws/install/yolov8_msgs/share/yolov8_msgs/cmake/yolov8_msgs__rosidl_typesupport_introspection_cExport-noconfig.cmake
[3.366s] -- Installing: /home/arms/ros2_ws/install/yolov8_msgs/share/yolov8_msgs/cmake/yolov8_msgs__rosidl_typesupport_cExport.cmake
[3.367s] -- Installing: /home/arms/ros2_ws/install/yolov8_msgs/share/yolov8_msgs/cmake/yolov8_msgs__rosidl_typesupport_cExport-noconfig.cmake
[3.367s] -- Installing: /home/arms/ros2_ws/install/yolov8_msgs/share/yolov8_msgs/cmake/yolov8_msgs__rosidl_typesupport_introspection_cppExport.cmake
[3.367s] -- Installing: /home/arms/ros2_ws/install/yolov8_msgs/share/yolov8_msgs/cmake/yolov8_msgs__rosidl_typesupport_introspection_cppExport-noconfig.cmake
[3.367s] -- Installing: /home/arms/ros2_ws/install/yolov8_msgs/share/yolov8_msgs/cmake/yolov8_msgs__rosidl_typesupport_cppExport.cmake
[3.368s] -- Installing: /home/arms/ros2_ws/install/yolov8_msgs/share/yolov8_msgs/cmake/yolov8_msgs__rosidl_typesupport_cppExport-noconfig.cmake
[3.368s] -- Installing: /home/arms/ros2_ws/install/yolov8_msgs/share/yolov8_msgs/cmake/export_yolov8_msgs__rosidl_generator_pyExport.cmake
[3.368s] -- Installing: /home/arms/ros2_ws/install/yolov8_msgs/share/yolov8_msgs/cmake/export_yolov8_msgs__rosidl_generator_pyExport-noconfig.cmake
[3.368s] -- Installing: /home/arms/ros2_ws/install/yolov8_msgs/share/yolov8_msgs/cmake/rosidl_cmake-extras.cmake
[3.368s] -- Installing: /home/arms/ros2_ws/install/yolov8_msgs/share/yolov8_msgs/cmake/ament_cmake_export_dependencies-extras.cmake
[3.369s] -- Installing: /home/arms/ros2_ws/install/yolov8_msgs/share/yolov8_msgs/cmake/ament_cmake_export_include_directories-extras.cmake
[3.369s] -- Installing: /home/arms/ros2_ws/install/yolov8_msgs/share/yolov8_msgs/cmake/ament_cmake_export_libraries-extras.cmake
[3.369s] -- Installing: /home/arms/ros2_ws/install/yolov8_msgs/share/yolov8_msgs/cmake/ament_cmake_export_targets-extras.cmake
[3.369s] -- Installing: /home/arms/ros2_ws/install/yolov8_msgs/share/yolov8_msgs/cmake/rosidl_cmake_export_typesupport_targets-extras.cmake
[3.369s] -- Installing: /home/arms/ros2_ws/install/yolov8_msgs/share/yolov8_msgs/cmake/rosidl_cmake_export_typesupport_libraries-extras.cmake
[3.369s] -- Installing: /home/arms/ros2_ws/install/yolov8_msgs/share/yolov8_msgs/cmake/yolov8_msgsConfig.cmake
[3.370s] -- Installing: /home/arms/ros2_ws/install/yolov8_msgs/share/yolov8_msgs/cmake/yolov8_msgsConfig-version.cmake
[3.370s] -- Installing: /home/arms/ros2_ws/install/yolov8_msgs/share/yolov8_msgs/package.xml
[3.372s] Invoked command in '/home/arms/ros2_ws/build/yolov8_msgs' returned '0': CMAKE_PREFIX_PATH=${CMAKE_PREFIX_PATH}:/home/arms/ros2_ws/install/learning_tf2_py:/home/arms/ros2_ws/install/my_package:/home/arms/install/my_package:/opt/ros/humble /usr/bin/cmake --install /home/arms/ros2_ws/build/yolov8_msgs
