[1.171s] Invoking command in '/home/arms/ros2_ws/src/my_package': PYTHONPATH=/home/arms/ros2_ws/build/my_package/prefix_override:/home/arms/ros2_ws/install/my_package/lib/python3.10/site-packages:${PYTHONPATH} /usr/bin/python3 setup.py egg_info --egg-base ../../build/my_package build --build-base /home/arms/ros2_ws/build/my_package/build install --record /home/arms/ros2_ws/build/my_package/install.log --single-version-externally-managed
[1.338s] running egg_info
[1.338s] writing ../../build/my_package/my_package.egg-info/PKG-INFO
[1.338s] writing dependency_links to ../../build/my_package/my_package.egg-info/dependency_links.txt
[1.338s] writing entry points to ../../build/my_package/my_package.egg-info/entry_points.txt
[1.338s] writing requirements to ../../build/my_package/my_package.egg-info/requires.txt
[1.339s] writing top-level names to ../../build/my_package/my_package.egg-info/top_level.txt
[1.340s] reading manifest file '../../build/my_package/my_package.egg-info/SOURCES.txt'
[1.340s] writing manifest file '../../build/my_package/my_package.egg-info/SOURCES.txt'
[1.341s] running build
[1.341s] running build_py
[1.341s] running install
[1.341s] running install_lib
[1.342s] running install_data
[1.342s] running install_egg_info
[1.344s] removing '/home/arms/ros2_ws/install/my_package/lib/python3.10/site-packages/my_package-0.0.0-py3.10.egg-info' (and everything under it)
[1.344s] Copying ../../build/my_package/my_package.egg-info to /home/arms/ros2_ws/install/my_package/lib/python3.10/site-packages/my_package-0.0.0-py3.10.egg-info
[1.344s] running install_scripts
[1.360s] Installing client script to /home/arms/ros2_ws/install/my_package/lib/my_package
[1.360s] Installing client2 script to /home/arms/ros2_ws/install/my_package/lib/my_package
[1.360s] Installing listener script to /home/arms/ros2_ws/install/my_package/lib/my_package
[1.360s] Installing listener2 script to /home/arms/ros2_ws/install/my_package/lib/my_package
[1.360s] Installing my_node script to /home/arms/ros2_ws/install/my_package/lib/my_package
[1.361s] Installing server script to /home/arms/ros2_ws/install/my_package/lib/my_package
[1.361s] Installing server2 script to /home/arms/ros2_ws/install/my_package/lib/my_package
[1.361s] Installing talker script to /home/arms/ros2_ws/install/my_package/lib/my_package
[1.361s] Installing talker2 script to /home/arms/ros2_ws/install/my_package/lib/my_package
[1.361s] writing list of installed files to '/home/arms/ros2_ws/build/my_package/install.log'
[1.388s] Invoked command in '/home/arms/ros2_ws/src/my_package' returned '0': PYTHONPATH=/home/arms/ros2_ws/build/my_package/prefix_override:/home/arms/ros2_ws/install/my_package/lib/python3.10/site-packages:${PYTHONPATH} /usr/bin/python3 setup.py egg_info --egg-base ../../build/my_package build --build-base /home/arms/ros2_ws/build/my_package/build install --record /home/arms/ros2_ws/build/my_package/install.log --single-version-externally-managed
