[3.390s] Invoking command in '/home/arms/ros2_ws/src/my_package': PYTHONPATH=/home/arms/ros2_ws/build/my_package/prefix_override:/home/arms/ros2_ws/install/my_package/lib/python3.10/site-packages:${PYTHONPATH} /usr/bin/python3 setup.py egg_info --egg-base ../../build/my_package build --build-base /home/arms/ros2_ws/build/my_package/build install --record /home/arms/ros2_ws/build/my_package/install.log --single-version-externally-managed
[3.953s] running egg_info
[3.954s] writing ../../build/my_package/my_package.egg-info/PKG-INFO
[3.954s] writing dependency_links to ../../build/my_package/my_package.egg-info/dependency_links.txt
[3.955s] writing entry points to ../../build/my_package/my_package.egg-info/entry_points.txt
[3.955s] writing requirements to ../../build/my_package/my_package.egg-info/requires.txt
[3.955s] writing top-level names to ../../build/my_package/my_package.egg-info/top_level.txt
[3.959s] reading manifest file '../../build/my_package/my_package.egg-info/SOURCES.txt'
[3.960s] writing manifest file '../../build/my_package/my_package.egg-info/SOURCES.txt'
[3.961s] running build
[3.961s] running build_py
[3.962s] running install
[3.962s] running install_lib
[3.965s] running install_data
[3.966s] running install_egg_info
[3.970s] removing '/home/arms/ros2_ws/install/my_package/lib/python3.10/site-packages/my_package-0.0.0-py3.10.egg-info' (and everything under it)
[3.970s] Copying ../../build/my_package/my_package.egg-info to /home/arms/ros2_ws/install/my_package/lib/python3.10/site-packages/my_package-0.0.0-py3.10.egg-info
[3.971s] running install_scripts
[4.018s] Installing client script to /home/arms/ros2_ws/install/my_package/lib/my_package
[4.019s] Installing client2 script to /home/arms/ros2_ws/install/my_package/lib/my_package
[4.019s] Installing listener script to /home/arms/ros2_ws/install/my_package/lib/my_package
[4.020s] Installing listener2 script to /home/arms/ros2_ws/install/my_package/lib/my_package
[4.020s] Installing my_node script to /home/arms/ros2_ws/install/my_package/lib/my_package
[4.021s] Installing server script to /home/arms/ros2_ws/install/my_package/lib/my_package
[4.021s] Installing server2 script to /home/arms/ros2_ws/install/my_package/lib/my_package
[4.021s] Installing talker script to /home/arms/ros2_ws/install/my_package/lib/my_package
[4.022s] Installing talker2 script to /home/arms/ros2_ws/install/my_package/lib/my_package
[4.022s] writing list of installed files to '/home/arms/ros2_ws/build/my_package/install.log'
[4.358s] Invoked command in '/home/arms/ros2_ws/src/my_package' returned '0': PYTHONPATH=/home/arms/ros2_ws/build/my_package/prefix_override:/home/arms/ros2_ws/install/my_package/lib/python3.10/site-packages:${PYTHONPATH} /usr/bin/python3 setup.py egg_info --egg-base ../../build/my_package build --build-base /home/arms/ros2_ws/build/my_package/build install --record /home/arms/ros2_ws/build/my_package/install.log --single-version-externally-managed
