[0.444s] Invoking command in '/home/arms/ros2_ws/build/yolobot_control': CMAKE_PREFIX_PATH=${CMAKE_PREFIX_PATH}:/home/arms/ros2_ws/install/learning_tf2_py:/home/arms/ros2_ws/install/my_package:/home/arms/install/my_package:/opt/ros/humble /usr/bin/cmake /home/arms/ros2_ws/src/yolobot/src/yolobot_control -DCMAKE_INSTALL_PREFIX=/home/arms/ros2_ws/install/yolobot_control
[0.474s] -- The C compiler identification is GNU 11.4.0
[0.507s] -- The CXX compiler identification is GNU 11.4.0
[0.513s] -- Detecting C compiler ABI info
[0.559s] -- Detecting C compiler ABI info - done
[0.565s] -- Check for working C compiler: /usr/bin/cc - skipped
[0.565s] -- Detecting C compile features
[0.566s] -- Detecting C compile features - done
[0.568s] -- Detecting CXX compiler ABI info
[0.613s] -- Detecting CXX compiler ABI info - done
[0.621s] -- Check for working CXX compiler: /usr/bin/c++ - skipped
[0.621s] -- Detecting CXX compile features
[0.622s] -- Detecting CXX compile features - done
[0.624s] -- Found ament_cmake: 1.3.5 (/opt/ros/humble/share/ament_cmake/cmake)
[0.741s] -- Found Python3: /usr/bin/python3.10 (found version "3.10.12") found components: Interpreter 
[0.810s] -- Found ament_lint_auto: 0.12.8 (/opt/ros/humble/share/ament_lint_auto/cmake)
[0.871s] -- Added test 'copyright' to check source files copyright and LICENSE
[0.872s] -- Added test 'flake8' to check Python code syntax and style conventions
[0.872s] -- Added test 'lint_cmake' to check CMake code style
[0.873s] -- Added test 'pep257' to check Python code against some of the docstring style conventions in PEP 257
[0.874s] -- Added test 'xmllint' to check XML markup files
[0.875s] -- Configuring done
[0.876s] -- Generating done
[0.877s] -- Build files have been written to: /home/arms/ros2_ws/build/yolobot_control
[0.880s] Invoked command in '/home/arms/ros2_ws/build/yolobot_control' returned '0': CMAKE_PREFIX_PATH=${CMAKE_PREFIX_PATH}:/home/arms/ros2_ws/install/learning_tf2_py:/home/arms/ros2_ws/install/my_package:/home/arms/install/my_package:/opt/ros/humble /usr/bin/cmake /home/arms/ros2_ws/src/yolobot/src/yolobot_control -DCMAKE_INSTALL_PREFIX=/home/arms/ros2_ws/install/yolobot_control
[0.882s] Invoking command in '/home/arms/ros2_ws/build/yolobot_control': CMAKE_PREFIX_PATH=${CMAKE_PREFIX_PATH}:/home/arms/ros2_ws/install/learning_tf2_py:/home/arms/ros2_ws/install/my_package:/home/arms/install/my_package:/opt/ros/humble /usr/bin/cmake --build /home/arms/ros2_ws/build/yolobot_control -- -j20 -l20
[0.932s] Invoked command in '/home/arms/ros2_ws/build/yolobot_control' returned '0': CMAKE_PREFIX_PATH=${CMAKE_PREFIX_PATH}:/home/arms/ros2_ws/install/learning_tf2_py:/home/arms/ros2_ws/install/my_package:/home/arms/install/my_package:/opt/ros/humble /usr/bin/cmake --build /home/arms/ros2_ws/build/yolobot_control -- -j20 -l20
[0.950s] Invoking command in '/home/arms/ros2_ws/build/yolobot_control': CMAKE_PREFIX_PATH=${CMAKE_PREFIX_PATH}:/home/arms/ros2_ws/install/learning_tf2_py:/home/arms/ros2_ws/install/my_package:/home/arms/install/my_package:/opt/ros/humble /usr/bin/cmake --install /home/arms/ros2_ws/build/yolobot_control
[0.954s] -- Install configuration: ""
[0.954s] -- Installing: /home/arms/ros2_ws/install/yolobot_control/share/yolobot_control//scripts
[0.954s] -- Installing: /home/arms/ros2_ws/install/yolobot_control/share/yolobot_control//scripts/robot_control.py
[0.954s] -- Installing: /home/arms/ros2_ws/install/yolobot_control/share/yolobot_control//launch
[0.954s] -- Installing: /home/arms/ros2_ws/install/yolobot_control/share/yolobot_control//launch/yolobot_control.launch.py
[0.954s] -- Installing: /home/arms/ros2_ws/install/yolobot_control/lib/yolobot_control/robot_control.py
[0.954s] -- Installing: /home/arms/ros2_ws/install/yolobot_control/lib/yolobot_control/yolobot_control.launch.py
[0.954s] -- Installing: /home/arms/ros2_ws/install/yolobot_control/share/ament_index/resource_index/package_run_dependencies/yolobot_control
[0.955s] -- Installing: /home/arms/ros2_ws/install/yolobot_control/share/ament_index/resource_index/parent_prefix_path/yolobot_control
[0.955s] -- Installing: /home/arms/ros2_ws/install/yolobot_control/share/yolobot_control/environment/ament_prefix_path.sh
[0.955s] -- Installing: /home/arms/ros2_ws/install/yolobot_control/share/yolobot_control/environment/ament_prefix_path.dsv
[0.955s] -- Installing: /home/arms/ros2_ws/install/yolobot_control/share/yolobot_control/environment/path.sh
[0.956s] -- Installing: /home/arms/ros2_ws/install/yolobot_control/share/yolobot_control/environment/path.dsv
[0.956s] -- Installing: /home/arms/ros2_ws/install/yolobot_control/share/yolobot_control/local_setup.bash
[0.956s] -- Installing: /home/arms/ros2_ws/install/yolobot_control/share/yolobot_control/local_setup.sh
[0.956s] -- Installing: /home/arms/ros2_ws/install/yolobot_control/share/yolobot_control/local_setup.zsh
[0.957s] -- Installing: /home/arms/ros2_ws/install/yolobot_control/share/yolobot_control/local_setup.dsv
[0.957s] -- Installing: /home/arms/ros2_ws/install/yolobot_control/share/yolobot_control/package.dsv
[0.957s] -- Installing: /home/arms/ros2_ws/install/yolobot_control/share/ament_index/resource_index/packages/yolobot_control
[0.957s] -- Installing: /home/arms/ros2_ws/install/yolobot_control/share/yolobot_control/cmake/yolobot_controlConfig.cmake
[0.957s] -- Installing: /home/arms/ros2_ws/install/yolobot_control/share/yolobot_control/cmake/yolobot_controlConfig-version.cmake
[0.957s] -- Installing: /home/arms/ros2_ws/install/yolobot_control/share/yolobot_control/package.xml
[0.960s] Invoked command in '/home/arms/ros2_ws/build/yolobot_control' returned '0': CMAKE_PREFIX_PATH=${CMAKE_PREFIX_PATH}:/home/arms/ros2_ws/install/learning_tf2_py:/home/arms/ros2_ws/install/my_package:/home/arms/install/my_package:/opt/ros/humble /usr/bin/cmake --install /home/arms/ros2_ws/build/yolobot_control
