[0.503s] Invoking command in '/home/arms/ros2_ws/build/image_transport': /usr/bin/cmake /home/arms/ros2_ws/src/image_common/image_transport -DCATKIN_INSTALL_INTO_PREFIX_ROOT=0 -DCMAKE_INSTALL_PREFIX=/home/arms/ros2_ws/install/image_transport
[0.752s] -- The C compiler identification is GNU 11.4.0
[0.752s] -- The CXX compiler identification is GNU 11.4.0
[0.752s] -- Detecting C compiler ABI info
[0.752s] -- Detecting C compiler ABI info - done
[0.753s] -- Check for working C compiler: /usr/bin/cc - skipped
[0.753s] -- Detecting C compile features
[0.753s] -- Detecting C compile features - done
[0.753s] -- Detecting CXX compiler ABI info
[0.753s] -- Detecting CXX compiler ABI info - done
[0.753s] -- Check for working CXX compiler: /usr/bin/c++ - skipped
[0.753s] -- Detecting CXX compile features
[0.753s] -- Detecting CXX compile features - done
[0.753s] -- Configuring incomplete, errors occurred!
[0.753s] See also "/home/arms/ros2_ws/build/image_transport/CMakeFiles/CMakeOutput.log".
[0.753s] [31mCMake Error at CMakeLists.txt:4 (find_package):
[0.754s]   By not providing "Findcatkin.cmake" in CMAKE_MODULE_PATH this project has
[0.755s]   asked CMake to find a package configuration file provided by "catkin", but
[0.755s]   CMake did not find one.
[0.755s] 
[0.755s]   Could not find a package configuration file provided by "catkin" with any
[0.755s]   of the following names:
[0.755s] 
[0.755s]     catkinConfig.cmake
[0.755s]     catkin-config.cmake
[0.756s] 
[0.756s]   Add the installation prefix of "catkin" to CMAKE_PREFIX_PATH or set
[0.756s]   "catkin_DIR" to a directory containing one of the above files.  If "catkin"
[0.756s]   provides a separate development package or SDK, be sure it has been
[0.756s]   installed.
[0.756s] 
[0.756s] [0m
[0.763s] Invoked command in '/home/arms/ros2_ws/build/image_transport' returned '1': /usr/bin/cmake /home/arms/ros2_ws/src/image_common/image_transport -DCATKIN_INSTALL_INTO_PREFIX_ROOT=0 -DCMAKE_INSTALL_PREFIX=/home/arms/ros2_ws/install/image_transport
