/home/arms/ros2_ws/install/my_package/lib/python3.10/site-packages/my_package/assignment_pub.py
/home/arms/ros2_ws/install/my_package/lib/python3.10/site-packages/my_package/assignment_sub.py
/home/arms/ros2_ws/install/my_package/lib/python3.10/site-packages/my_package/subscriber_member_function.py
/home/arms/ros2_ws/install/my_package/lib/python3.10/site-packages/my_package/__init__.py
/home/arms/ros2_ws/install/my_package/lib/python3.10/site-packages/my_package/add_three_ints_client.py
/home/arms/ros2_ws/install/my_package/lib/python3.10/site-packages/my_package/my_node.py
/home/arms/ros2_ws/install/my_package/lib/python3.10/site-packages/my_package/publisher_member_function.py
/home/arms/ros2_ws/install/my_package/lib/python3.10/site-packages/my_package/time_request_server.py
/home/arms/ros2_ws/install/my_package/lib/python3.10/site-packages/my_package/add_three_ints_server.py
/home/arms/ros2_ws/install/my_package/lib/python3.10/site-packages/my_package/time_request_client.py
/home/arms/ros2_ws/install/my_package/lib/python3.10/site-packages/my_package/__pycache__/assignment_pub.cpython-310.pyc
/home/arms/ros2_ws/install/my_package/lib/python3.10/site-packages/my_package/__pycache__/assignment_sub.cpython-310.pyc
/home/arms/ros2_ws/install/my_package/lib/python3.10/site-packages/my_package/__pycache__/subscriber_member_function.cpython-310.pyc
/home/arms/ros2_ws/install/my_package/lib/python3.10/site-packages/my_package/__pycache__/__init__.cpython-310.pyc
/home/arms/ros2_ws/install/my_package/lib/python3.10/site-packages/my_package/__pycache__/add_three_ints_client.cpython-310.pyc
/home/arms/ros2_ws/install/my_package/lib/python3.10/site-packages/my_package/__pycache__/my_node.cpython-310.pyc
/home/arms/ros2_ws/install/my_package/lib/python3.10/site-packages/my_package/__pycache__/publisher_member_function.cpython-310.pyc
/home/arms/ros2_ws/install/my_package/lib/python3.10/site-packages/my_package/__pycache__/time_request_server.cpython-310.pyc
/home/arms/ros2_ws/install/my_package/lib/python3.10/site-packages/my_package/__pycache__/add_three_ints_server.cpython-310.pyc
/home/arms/ros2_ws/install/my_package/lib/python3.10/site-packages/my_package/__pycache__/time_request_client.cpython-310.pyc
/home/arms/ros2_ws/install/my_package/share/ament_index/resource_index/packages/my_package
/home/arms/ros2_ws/install/my_package/share/my_package/package.xml
/home/arms/ros2_ws/install/my_package/lib/python3.10/site-packages/my_package-0.0.0-py3.10.egg-info/SOURCES.txt
/home/arms/ros2_ws/install/my_package/lib/python3.10/site-packages/my_package-0.0.0-py3.10.egg-info/dependency_links.txt
/home/arms/ros2_ws/install/my_package/lib/python3.10/site-packages/my_package-0.0.0-py3.10.egg-info/entry_points.txt
/home/arms/ros2_ws/install/my_package/lib/python3.10/site-packages/my_package-0.0.0-py3.10.egg-info/PKG-INFO
/home/arms/ros2_ws/install/my_package/lib/python3.10/site-packages/my_package-0.0.0-py3.10.egg-info/top_level.txt
/home/arms/ros2_ws/install/my_package/lib/python3.10/site-packages/my_package-0.0.0-py3.10.egg-info/requires.txt
/home/arms/ros2_ws/install/my_package/lib/python3.10/site-packages/my_package-0.0.0-py3.10.egg-info/zip-safe
/home/arms/ros2_ws/install/my_package/lib/my_package/client
/home/arms/ros2_ws/install/my_package/lib/my_package/client2
/home/arms/ros2_ws/install/my_package/lib/my_package/listener
/home/arms/ros2_ws/install/my_package/lib/my_package/listener2
/home/arms/ros2_ws/install/my_package/lib/my_package/my_node
/home/arms/ros2_ws/install/my_package/lib/my_package/server
/home/arms/ros2_ws/install/my_package/lib/my_package/server2
/home/arms/ros2_ws/install/my_package/lib/my_package/talker
/home/arms/ros2_ws/install/my_package/lib/my_package/talker2
