[1.360s] Invoking command in '/home/arms/ros2_ws/src/cv_test/src/cv_basics': PYTHONPATH=/home/arms/ros2_ws/build/cv_basics/prefix_override:/home/arms/ros2_ws/install/cv_basics/lib/python3.10/site-packages:${PYTHONPATH} /usr/bin/python3 setup.py egg_info --egg-base ../../../../build/cv_basics build --build-base /home/arms/ros2_ws/build/cv_basics/build install --record /home/arms/ros2_ws/build/cv_basics/install.log --single-version-externally-managed
[1.606s] running egg_info
[1.607s] writing ../../../../build/cv_basics/cv_basics.egg-info/PKG-INFO
[1.607s] writing dependency_links to ../../../../build/cv_basics/cv_basics.egg-info/dependency_links.txt
[1.607s] writing entry points to ../../../../build/cv_basics/cv_basics.egg-info/entry_points.txt
[1.607s] writing requirements to ../../../../build/cv_basics/cv_basics.egg-info/requires.txt
[1.608s] writing top-level names to ../../../../build/cv_basics/cv_basics.egg-info/top_level.txt
[1.608s] reading manifest file '../../../../build/cv_basics/cv_basics.egg-info/SOURCES.txt'
[1.608s] writing manifest file '../../../../build/cv_basics/cv_basics.egg-info/SOURCES.txt'
[1.609s] running build
[1.609s] running build_py
[1.609s] copying cv_basics/webcam_sub.py -> /home/arms/ros2_ws/build/cv_basics/build/lib/cv_basics
[1.609s] running install
[1.610s] running install_lib
[1.610s] copying /home/arms/ros2_ws/build/cv_basics/build/lib/cv_basics/webcam_sub.py -> /home/arms/ros2_ws/install/cv_basics/lib/python3.10/site-packages/cv_basics
[1.611s] byte-compiling /home/arms/ros2_ws/install/cv_basics/lib/python3.10/site-packages/cv_basics/webcam_sub.py to webcam_sub.cpython-310.pyc
[1.611s] running install_data
[1.611s] running install_egg_info
[1.612s] removing '/home/arms/ros2_ws/install/cv_basics/lib/python3.10/site-packages/cv_basics-0.0.0-py3.10.egg-info' (and everything under it)
[1.613s] Copying ../../../../build/cv_basics/cv_basics.egg-info to /home/arms/ros2_ws/install/cv_basics/lib/python3.10/site-packages/cv_basics-0.0.0-py3.10.egg-info
[1.613s] running install_scripts
[1.628s] Installing img_publisher script to /home/arms/ros2_ws/install/cv_basics/lib/cv_basics
[1.629s] Installing img_subscriber script to /home/arms/ros2_ws/install/cv_basics/lib/cv_basics
[1.629s] writing list of installed files to '/home/arms/ros2_ws/build/cv_basics/install.log'
[1.814s] Invoked command in '/home/arms/ros2_ws/src/cv_test/src/cv_basics' returned '0': PYTHONPATH=/home/arms/ros2_ws/build/cv_basics/prefix_override:/home/arms/ros2_ws/install/cv_basics/lib/python3.10/site-packages:${PYTHONPATH} /usr/bin/python3 setup.py egg_info --egg-base ../../../../build/cv_basics build --build-base /home/arms/ros2_ws/build/cv_basics/build install --record /home/arms/ros2_ws/build/cv_basics/install.log --single-version-externally-managed
