[1.354s] Invoking command in '/home/arms/ros2_ws/src/cv_test/src/cv_basics': PYTHONPATH=/home/arms/ros2_ws/build/cv_basics/prefix_override:/home/arms/ros2_ws/install/cv_basics/lib/python3.10/site-packages:${PYTHONPATH} /usr/bin/python3 setup.py egg_info --egg-base ../../../../build/cv_basics build --build-base /home/arms/ros2_ws/build/cv_basics/build install --record /home/arms/ros2_ws/build/cv_basics/install.log --single-version-externally-managed
[1.527s] running egg_info
[1.527s] writing ../../../../build/cv_basics/cv_basics.egg-info/PKG-INFO
[1.527s] writing dependency_links to ../../../../build/cv_basics/cv_basics.egg-info/dependency_links.txt
[1.527s] writing entry points to ../../../../build/cv_basics/cv_basics.egg-info/entry_points.txt
[1.528s] writing requirements to ../../../../build/cv_basics/cv_basics.egg-info/requires.txt
[1.528s] writing top-level names to ../../../../build/cv_basics/cv_basics.egg-info/top_level.txt
[1.530s] reading manifest file '../../../../build/cv_basics/cv_basics.egg-info/SOURCES.txt'
[1.530s] writing manifest file '../../../../build/cv_basics/cv_basics.egg-info/SOURCES.txt'
[1.530s] running build
[1.530s] running build_py
[1.530s] running install
[1.530s] running install_lib
[1.530s] running install_data
[1.530s] running install_egg_info
[1.530s] removing '/home/arms/ros2_ws/install/cv_basics/lib/python3.10/site-packages/cv_basics-0.0.0-py3.10.egg-info' (and everything under it)
[1.530s] Copying ../../../../build/cv_basics/cv_basics.egg-info to /home/arms/ros2_ws/install/cv_basics/lib/python3.10/site-packages/cv_basics-0.0.0-py3.10.egg-info
[1.531s] running install_scripts
[1.545s] Installing img_publisher script to /home/arms/ros2_ws/install/cv_basics/lib/cv_basics
[1.545s] Installing img_subscriber script to /home/arms/ros2_ws/install/cv_basics/lib/cv_basics
[1.545s] writing list of installed files to '/home/arms/ros2_ws/build/cv_basics/install.log'
[1.632s] Invoked command in '/home/arms/ros2_ws/src/cv_test/src/cv_basics' returned '0': PYTHONPATH=/home/arms/ros2_ws/build/cv_basics/prefix_override:/home/arms/ros2_ws/install/cv_basics/lib/python3.10/site-packages:${PYTHONPATH} /usr/bin/python3 setup.py egg_info --egg-base ../../../../build/cv_basics build --build-base /home/arms/ros2_ws/build/cv_basics/build install --record /home/arms/ros2_ws/build/cv_basics/install.log --single-version-externally-managed
