-- Install configuration: ""
-- Up-to-date: /home/arms/ros2_ws/install/yolobot_recognition/share/yolobot_recognition//scripts
-- Up-to-date: /home/arms/ros2_ws/install/yolobot_recognition/share/yolobot_recognition//scripts/yolov8_ros2_control.py
-- Up-to-date: /home/arms/ros2_ws/install/yolobot_recognition/share/yolobot_recognition//scripts/.gitignore
-- Up-to-date: /home/arms/ros2_ws/install/yolobot_recognition/share/yolobot_recognition//scripts/yolov8n.pt
-- Up-to-date: /home/arms/ros2_ws/install/yolobot_recognition/share/yolobot_recognition//scripts/yolov8_ros2_subscriber.py
-- Up-to-date: /home/arms/ros2_ws/install/yolobot_recognition/share/yolobot_recognition//scripts/~
-- Up-to-date: /home/arms/ros2_ws/install/yolobot_recognition/share/yolobot_recognition//scripts/~/yolobot
-- Up-to-date: /home/arms/ros2_ws/install/yolobot_recognition/share/yolobot_recognition//scripts/~/yolobot/src
-- Up-to-date: /home/arms/ros2_ws/install/yolobot_recognition/share/yolobot_recognition//scripts/~/yolobot/src/yolobot_recognition
-- Up-to-date: /home/arms/ros2_ws/install/yolobot_recognition/share/yolobot_recognition//scripts/~/yolobot/src/yolobot_recognition/scripts
-- Up-to-date: /home/arms/ros2_ws/install/yolobot_recognition/share/yolobot_recognition//scripts/~/yolobot/src/yolobot_recognition/scripts/yolov8n.pt
-- Up-to-date: /home/arms/ros2_ws/install/yolobot_recognition/share/yolobot_recognition//scripts/yolov8_ros2_pt.py
-- Up-to-date: /home/arms/ros2_ws/install/yolobot_recognition/share/yolobot_recognition//scripts/.dockerignore
-- Up-to-date: /home/arms/ros2_ws/install/yolobot_recognition/share/yolobot_recognition//scripts/.gitattributes
-- Up-to-date: /home/arms/ros2_ws/install/yolobot_recognition/share/yolobot_recognition//launch
-- Up-to-date: /home/arms/ros2_ws/install/yolobot_recognition/share/yolobot_recognition//launch/launch_yolov8.launch.py
-- Up-to-date: /home/arms/ros2_ws/install/yolobot_recognition/share/yolobot_recognition//launch/control_launch_yolov8.launch.py
-- Up-to-date: /home/arms/ros2_ws/install/yolobot_recognition/lib/yolobot_recognition/yolov8_ros2_pt.py
-- Up-to-date: /home/arms/ros2_ws/install/yolobot_recognition/lib/yolobot_recognition/yolov8_ros2_subscriber.py
-- Up-to-date: /home/arms/ros2_ws/install/yolobot_recognition/lib/yolobot_recognition/yolov8_ros2_control.py
-- Up-to-date: /home/arms/ros2_ws/install/yolobot_recognition/lib/yolobot_recognition/launch_yolov8.launch.py
-- Up-to-date: /home/arms/ros2_ws/install/yolobot_recognition/lib/yolobot_recognition/control_launch_yolov8.launch.py
