[0.568s] Invoking command in '/home/arms/ros2_ws/build/yolobot_recognition': CMAKE_PREFIX_PATH=${CMAKE_PREFIX_PATH}:/home/arms/ros2_ws/install/learning_tf2_py:/home/arms/ros2_ws/install/my_package:/home/arms/ros2_ws/install/cv_basics:/home/arms/install/my_package:/opt/ros/humble /usr/bin/cmake --build /home/arms/ros2_ws/build/yolobot_recognition -- -j20 -l20
[0.595s] Invoked command in '/home/arms/ros2_ws/build/yolobot_recognition' returned '0': CMAKE_PREFIX_PATH=${CMAKE_PREFIX_PATH}:/home/arms/ros2_ws/install/learning_tf2_py:/home/arms/ros2_ws/install/my_package:/home/arms/ros2_ws/install/cv_basics:/home/arms/install/my_package:/opt/ros/humble /usr/bin/cmake --build /home/arms/ros2_ws/build/yolobot_recognition -- -j20 -l20
[0.617s] Invoking command in '/home/arms/ros2_ws/build/yolobot_recognition': CMAKE_PREFIX_PATH=${CMAKE_PREFIX_PATH}:/home/arms/ros2_ws/install/learning_tf2_py:/home/arms/ros2_ws/install/my_package:/home/arms/ros2_ws/install/cv_basics:/home/arms/install/my_package:/opt/ros/humble /usr/bin/cmake --install /home/arms/ros2_ws/build/yolobot_recognition
[0.630s] -- Install configuration: ""
[0.630s] -- Up-to-date: /home/arms/ros2_ws/install/yolobot_recognition/share/yolobot_recognition//scripts
[0.631s] -- Up-to-date: /home/arms/ros2_ws/install/yolobot_recognition/share/yolobot_recognition//scripts/yolov8_ros2_control.py
[0.631s] -- Up-to-date: /home/arms/ros2_ws/install/yolobot_recognition/share/yolobot_recognition//scripts/.gitignore
[0.632s] -- Up-to-date: /home/arms/ros2_ws/install/yolobot_recognition/share/yolobot_recognition//scripts/yolov8n.pt
[0.632s] -- Up-to-date: /home/arms/ros2_ws/install/yolobot_recognition/share/yolobot_recognition//scripts/yolov8_ros2_subscriber.py
[0.632s] -- Up-to-date: /home/arms/ros2_ws/install/yolobot_recognition/share/yolobot_recognition//scripts/~
[0.632s] -- Up-to-date: /home/arms/ros2_ws/install/yolobot_recognition/share/yolobot_recognition//scripts/~/yolobot
[0.632s] -- Up-to-date: /home/arms/ros2_ws/install/yolobot_recognition/share/yolobot_recognition//scripts/~/yolobot/src
[0.632s] -- Up-to-date: /home/arms/ros2_ws/install/yolobot_recognition/share/yolobot_recognition//scripts/~/yolobot/src/yolobot_recognition
[0.632s] -- Up-to-date: /home/arms/ros2_ws/install/yolobot_recognition/share/yolobot_recognition//scripts/~/yolobot/src/yolobot_recognition/scripts
[0.633s] -- Up-to-date: /home/arms/ros2_ws/install/yolobot_recognition/share/yolobot_recognition//scripts/~/yolobot/src/yolobot_recognition/scripts/yolov8n.pt
[0.633s] -- Up-to-date: /home/arms/ros2_ws/install/yolobot_recognition/share/yolobot_recognition//scripts/yolov8_ros2_pt.py
[0.633s] -- Up-to-date: /home/arms/ros2_ws/install/yolobot_recognition/share/yolobot_recognition//scripts/.dockerignore
[0.633s] -- Up-to-date: /home/arms/ros2_ws/install/yolobot_recognition/share/yolobot_recognition//scripts/.gitattributes
[0.633s] -- Up-to-date: /home/arms/ros2_ws/install/yolobot_recognition/share/yolobot_recognition//launch
[0.633s] -- Up-to-date: /home/arms/ros2_ws/install/yolobot_recognition/share/yolobot_recognition//launch/launch_yolov8.launch.py
[0.633s] -- Up-to-date: /home/arms/ros2_ws/install/yolobot_recognition/share/yolobot_recognition//launch/control_launch_yolov8.launch.py
[0.633s] -- Up-to-date: /home/arms/ros2_ws/install/yolobot_recognition/lib/yolobot_recognition/yolov8_ros2_pt.py
[0.633s] -- Up-to-date: /home/arms/ros2_ws/install/yolobot_recognition/lib/yolobot_recognition/yolov8_ros2_subscriber.py
[0.633s] -- Up-to-date: /home/arms/ros2_ws/install/yolobot_recognition/lib/yolobot_recognition/yolov8_ros2_control.py
[0.633s] -- Up-to-date: /home/arms/ros2_ws/install/yolobot_recognition/lib/yolobot_recognition/launch_yolov8.launch.py
[0.633s] -- Up-to-date: /home/arms/ros2_ws/install/yolobot_recognition/lib/yolobot_recognition/control_launch_yolov8.launch.py
[0.634s] -- Up-to-date: /home/arms/ros2_ws/install/yolobot_recognition/share/ament_index/resource_index/package_run_dependencies/yolobot_recognition
[0.634s] -- Up-to-date: /home/arms/ros2_ws/install/yolobot_recognition/share/ament_index/resource_index/parent_prefix_path/yolobot_recognition
[0.634s] -- Up-to-date: /home/arms/ros2_ws/install/yolobot_recognition/share/yolobot_recognition/environment/ament_prefix_path.sh
[0.640s] -- Up-to-date: /home/arms/ros2_ws/install/yolobot_recognition/share/yolobot_recognition/environment/ament_prefix_path.dsv
[0.641s] -- Up-to-date: /home/arms/ros2_ws/install/yolobot_recognition/share/yolobot_recognition/environment/path.sh
[0.641s] -- Up-to-date: /home/arms/ros2_ws/install/yolobot_recognition/share/yolobot_recognition/environment/path.dsv
[0.641s] -- Up-to-date: /home/arms/ros2_ws/install/yolobot_recognition/share/yolobot_recognition/local_setup.bash
[0.641s] -- Up-to-date: /home/arms/ros2_ws/install/yolobot_recognition/share/yolobot_recognition/local_setup.sh
[0.641s] -- Up-to-date: /home/arms/ros2_ws/install/yolobot_recognition/share/yolobot_recognition/local_setup.zsh
[0.642s] -- Up-to-date: /home/arms/ros2_ws/install/yolobot_recognition/share/yolobot_recognition/local_setup.dsv
[0.642s] -- Installing: /home/arms/ros2_ws/install/yolobot_recognition/share/yolobot_recognition/package.dsv
[0.643s] -- Up-to-date: /home/arms/ros2_ws/install/yolobot_recognition/share/ament_index/resource_index/packages/yolobot_recognition
[0.643s] -- Up-to-date: /home/arms/ros2_ws/install/yolobot_recognition/share/yolobot_recognition/cmake/yolobot_recognitionConfig.cmake
[0.643s] -- Up-to-date: /home/arms/ros2_ws/install/yolobot_recognition/share/yolobot_recognition/cmake/yolobot_recognitionConfig-version.cmake
[0.644s] -- Up-to-date: /home/arms/ros2_ws/install/yolobot_recognition/share/yolobot_recognition/package.xml
[0.752s] Invoked command in '/home/arms/ros2_ws/build/yolobot_recognition' returned '0': CMAKE_PREFIX_PATH=${CMAKE_PREFIX_PATH}:/home/arms/ros2_ws/install/learning_tf2_py:/home/arms/ros2_ws/install/my_package:/home/arms/ros2_ws/install/cv_basics:/home/arms/install/my_package:/opt/ros/humble /usr/bin/cmake --install /home/arms/ros2_ws/build/yolobot_recognition
