[0.383s] Invoking command in '/home/arms/ros2_ws/build/yolov8_msgs': CMAKE_PREFIX_PATH=${CMAKE_PREFIX_PATH}:/home/arms/ros2_ws/install/learning_tf2_py:/home/arms/ros2_ws/install/my_package:/home/arms/install/my_package:/opt/ros/humble /usr/bin/cmake --build /home/arms/ros2_ws/build/yolov8_msgs -- -j20 -l20
[0.435s] [ 10%] Built target yolov8_msgs__rosidl_generator_c
[0.437s] [ 12%] Built target yolov8_msgs__cpp
[0.449s] [ 12%] Built target ament_cmake_python_copy_yolov8_msgs
[0.449s] [ 23%] Built target yolov8_msgs__rosidl_typesupport_introspection_c
[0.449s] [ 33%] Built target yolov8_msgs__rosidl_typesupport_cpp
[0.450s] [ 46%] Built target yolov8_msgs__rosidl_typesupport_c
[0.450s] [ 53%] Built target yolov8_msgs__rosidl_typesupport_fastrtps_c
[0.450s] [ 64%] Built target yolov8_msgs__rosidl_typesupport_introspection_cpp
[0.458s] [ 74%] Built target yolov8_msgs__rosidl_typesupport_fastrtps_cpp
[0.478s] [ 74%] Built target yolov8_msgs
[0.494s] [ 76%] Built target yolov8_msgs__py
[0.511s] [ 84%] Built target yolov8_msgs__rosidl_generator_py
[0.528s] [ 89%] Built target yolov8_msgs__rosidl_typesupport_fastrtps_c__pyext
[0.532s] [ 94%] Built target yolov8_msgs__rosidl_typesupport_c__pyext
[0.532s] [100%] Built target yolov8_msgs__rosidl_typesupport_introspection_c__pyext
[0.661s] running egg_info
[0.662s] writing yolov8_msgs.egg-info/PKG-INFO
[0.662s] writing dependency_links to yolov8_msgs.egg-info/dependency_links.txt
[0.662s] writing top-level names to yolov8_msgs.egg-info/top_level.txt
[0.662s] reading manifest file 'yolov8_msgs.egg-info/SOURCES.txt'
[0.663s] writing manifest file 'yolov8_msgs.egg-info/SOURCES.txt'
[0.682s] [100%] Built target ament_cmake_python_build_yolov8_msgs_egg
