[0.377s] Invoking command in '/home/arms/ros2_ws/build/yolov8_msgs': CMAKE_PREFIX_PATH=${CMAKE_PREFIX_PATH}:/home/arms/ros2_ws/install/learning_tf2_py:/home/arms/ros2_ws/install/my_package:/home/arms/install/my_package:/opt/ros/humble /usr/bin/cmake --build /home/arms/ros2_ws/build/yolov8_msgs -- -j20 -l20
[0.402s] -- Found ament_cmake: 1.3.5 (/opt/ros/humble/share/ament_cmake/cmake)
[0.541s] -- Found std_msgs: 4.2.3 (/opt/ros/humble/share/std_msgs/cmake)
[0.568s] -- Found rosidl_generator_c: 3.1.5 (/opt/ros/humble/share/rosidl_generator_c/cmake)
[0.570s] -- Found rosidl_adapter: 3.1.5 (/opt/ros/humble/share/rosidl_adapter/cmake)
[0.576s] -- Found rosidl_generator_cpp: 3.1.5 (/opt/ros/humble/share/rosidl_generator_cpp/cmake)
[0.587s] -- Using all available rosidl_typesupport_c: rosidl_typesupport_fastrtps_c;rosidl_typesupport_introspection_c
[0.601s] -- Using all available rosidl_typesupport_cpp: rosidl_typesupport_fastrtps_cpp;rosidl_typesupport_introspection_cpp
[0.644s] -- Found rosidl_default_generators: 1.2.0 (/opt/ros/humble/share/rosidl_default_generators/cmake)
[0.767s] [31mCMake Error at /opt/ros/humble/share/rosidl_adapter/cmake/rosidl_adapt_interfaces.cmake:59 (message):
[0.767s]   execute_process(/usr/bin/python3.10 -m rosidl_adapter --package-name
[0.767s]   yolov8_msgs --arguments-file
[0.767s]   /home/arms/ros2_ws/build/yolov8_msgs/rosidl_adapter__arguments__yolov8_msgs.json
[0.767s]   --output-dir
[0.767s]   /home/arms/ros2_ws/build/yolov8_msgs/rosidl_adapter/yolov8_msgs
[0.768s]   --output-file
[0.768s]   /home/arms/ros2_ws/build/yolov8_msgs/rosidl_adapter/yolov8_msgs.idls)
[0.768s]   returned error code 1:
[0.768s] 
[0.768s]   Error processing 'float conf' of 'yolov8_msgs/InferenceResult': ''float' is
[0.768s]   an invalid message name.  It should have the pattern '^[A-Z][A-Za-z0-9]*$''
[0.768s] 
[0.768s]   Traceback (most recent call last):
[0.768s] 
[0.768s]     File "/usr/lib/python3.10/runpy.py", line 196, in _run_module_as_main
[0.768s]       return _run_code(code, main_globals, None,
[0.768s]     File "/usr/lib/python3.10/runpy.py", line 86, in _run_code
[0.768s]       exec(code, run_globals)
[0.768s]     File "/opt/ros/humble/local/lib/python3.10/dist-packages/rosidl_adapter/__main__.py", line 19, in <module>
[0.768s]       sys.exit(main())
[0.768s]     File "/opt/ros/humble/local/lib/python3.10/dist-packages/rosidl_adapter/main.py", line 53, in main
[0.768s]       abs_idl_file = convert_to_idl(
[0.768s]     File "/opt/ros/humble/local/lib/python3.10/dist-packages/rosidl_adapter/__init__.py", line 19, in convert_to_idl
[0.768s]       return convert_msg_to_idl(
[0.768s]     File "/opt/ros/humble/local/lib/python3.10/dist-packages/rosidl_adapter/msg/__init__.py", line 28, in convert_msg_to_idl
[0.768s]       msg = parse_message_string(package_name, input_file.stem, content)
[0.768s]     File "/opt/ros/humble/local/lib/python3.10/dist-packages/rosidl_adapter/parser.py", line 520, in parse_message_string
[0.768s]       Type(type_string, context_package_name=pkg_name),
[0.768s]     File "/opt/ros/humble/local/lib/python3.10/dist-packages/rosidl_adapter/parser.py", line 277, in __init__
[0.768s]       super(Type, self).__init__(
[0.768s]     File "/opt/ros/humble/local/lib/python3.10/dist-packages/rosidl_adapter/parser.py", line 205, in __init__
[0.768s]       raise InvalidResourceName(
[0.768s] 
[0.769s]   rosidl_adapter.parser.InvalidResourceName: 'float' is an invalid message
[0.769s]   name.  It should have the pattern '^[A-Z][A-Za-z0-9]*$'
[0.769s] 
[0.769s] Call Stack (most recent call first):
[0.769s]   /opt/ros/humble/share/rosidl_cmake/cmake/rosidl_generate_interfaces.cmake:130 (rosidl_adapt_interfaces)
[0.769s]   CMakeLists.txt:22 (rosidl_generate_interfaces)
[0.769s] 
[0.769s] [0m
[0.769s] -- Configuring incomplete, errors occurred!
[0.769s] See also "/home/arms/ros2_ws/build/yolov8_msgs/CMakeFiles/CMakeOutput.log".
[0.771s] gmake: *** [Makefile:963: cmake_check_build_system] Error 1
[0.915s] Invoked command in '/home/arms/ros2_ws/build/yolov8_msgs' returned '2': CMAKE_PREFIX_PATH=${CMAKE_PREFIX_PATH}:/home/arms/ros2_ws/install/learning_tf2_py:/home/arms/ros2_ws/install/my_package:/home/arms/install/my_package:/opt/ros/humble /usr/bin/cmake --build /home/arms/ros2_ws/build/yolov8_msgs -- -j20 -l20
